#
# There is insufficient memory for the Java Runtime Environment to continue.
# Native memory allocation (malloc) failed to allocate 1208016 bytes for Chunk::new
# Possible reasons:
#   The system is out of physical RAM or swap space
#   The process is running with CompressedOops enabled, and the Java Heap may be blocking the growth of the native heap
# Possible solutions:
#   Reduce memory load on the system
#   Increase physical memory or swap space
#   Check if swap backing store is full
#   Decrease Java heap size (-Xmx/-Xms)
#   Decrease number of Java threads
#   Decrease Java thread stack sizes (-Xss)
#   Set larger code cache with -XX:ReservedCodeCacheSize=
#   JVM is running with Unscaled Compressed Oops mode in which the Java heap is
#     placed in the first 4GB address space. The Java Heap base address is the
#     maximum limit for the native heap growth. Please use -XX:HeapBaseMinAddress
#     to set the Java Heap base and to place the Java Heap above 4GB virtual address.
# This output file may be truncated or incomplete.
#
#  Out of Memory Error (arena.cpp:189), pid=5572, tid=8496
#
# JRE version: OpenJDK Runtime Environment Temurin-17.0.2+8 (17.0.2+8) (build 17.0.2+8)
# Java VM: OpenJDK 64-Bit Server VM Temurin-17.0.2+8 (17.0.2+8, mixed mode, tiered, compressed oops, compressed class ptrs, g1 gc, windows-amd64)
# No core dump will be written. Minidumps are not enabled by default on client versions of Windows
#

---------------  S U M M A R Y ------------

Command Line: -Dfile.encoding=UTF-8 -XX:+ShowCodeDetailsInExceptionMessages com.rahma.AvEchelon.AvEchelonApplication

Host: Intel(R) Core(TM) i5 CPU       M 430  @ 2.27GHz, 4 cores, 5G,  Windows 10 , 64 bit Build 19041 (10.0.19041.3636)
Time: Sat Jun 29 19:29:49 2024 Romance Daylight Time elapsed time: 4319.428755 seconds (0d 1h 11m 59s)

---------------  T H R E A D  ---------------

Current thread (0x000002b054b5af10):  JavaThread "C2 CompilerThread0" daemon [_thread_in_native, id=8496, stack(0x000000dfbfd00000,0x000000dfbfe00000)]


Current CompileTask:
C2:4319429 14634       4       java.lang.invoke.MethodType::makeImpl (109 bytes)

Stack: [0x000000dfbfd00000,0x000000dfbfe00000]
Native frames: (J=compiled Java code, j=interpreted, Vv=VM code, C=native code)
V  [jvm.dll+0x67564a]
V  [jvm.dll+0x82fc04]
V  [jvm.dll+0x8313ae]
V  [jvm.dll+0x831a13]
V  [jvm.dll+0x245235]
V  [jvm.dll+0xabd7b]
V  [jvm.dll+0xac30c]
V  [jvm.dll+0x3631a2]
V  [jvm.dll+0x32d891]
V  [jvm.dll+0x32cd3a]
V  [jvm.dll+0x2180d1]
V  [jvm.dll+0x2174f1]
V  [jvm.dll+0x1a3a8d]
V  [jvm.dll+0x226ef8]
V  [jvm.dll+0x22503c]
V  [jvm.dll+0x7e596b]
V  [jvm.dll+0x7dff2a]
V  [jvm.dll+0x6744d5]
C  [ucrtbase.dll+0x21bb2]
C  [KERNEL32.DLL+0x17344]
C  [ntdll.dll+0x4cc91]


---------------  P R O C E S S  ---------------

Threads class SMR info:
_java_thread_list=0x000002b0570a6760, length=31, elements={
0x000002b054b04cb0, 0x000002b054b1f400, 0x000002b054b456b0, 0x000002b054b565b0,
0x000002b054b59070, 0x000002b054b59a20, 0x000002b054b5af10, 0x000002b054b64d10,
0x000002b054b8e710, 0x000002b05565c4b0, 0x000002b055678050, 0x000002b05742cfc0,
0x000002b05742caf0, 0x000002b05742d490, 0x000002b05742d960, 0x000002b05742de30,
0x000002b05742e300, 0x000002b05742a940, 0x000002b056f1d1f0, 0x000002b056f1e060,
0x000002b056f1d6c0, 0x000002b056f1db90, 0x000002b056f1b510, 0x000002b056f1b9e0,
0x000002b056f1cd20, 0x000002b056f1e530, 0x000002b059d6b550, 0x000002b059d6c3c0,
0x000002b059d693a0, 0x000002b059d6c890, 0x000002b059d6f3e0
}

Java Threads: ( => current thread )
  0x000002b054b04cb0 JavaThread "Reference Handler" daemon [_thread_blocked, id=4868, stack(0x000000dfbf700000,0x000000dfbf800000)]
  0x000002b054b1f400 JavaThread "Finalizer" daemon [_thread_blocked, id=6076, stack(0x000000dfbf800000,0x000000dfbf900000)]
  0x000002b054b456b0 JavaThread "Signal Dispatcher" daemon [_thread_blocked, id=4848, stack(0x000000dfbf900000,0x000000dfbfa00000)]
  0x000002b054b565b0 JavaThread "Attach Listener" daemon [_thread_blocked, id=10524, stack(0x000000dfbfa00000,0x000000dfbfb00000)]
  0x000002b054b59070 JavaThread "Service Thread" daemon [_thread_blocked, id=10564, stack(0x000000dfbfb00000,0x000000dfbfc00000)]
  0x000002b054b59a20 JavaThread "Monitor Deflation Thread" daemon [_thread_blocked, id=8500, stack(0x000000dfbfc00000,0x000000dfbfd00000)]
=>0x000002b054b5af10 JavaThread "C2 CompilerThread0" daemon [_thread_in_native, id=8496, stack(0x000000dfbfd00000,0x000000dfbfe00000)]
  0x000002b054b64d10 JavaThread "C1 CompilerThread0" daemon [_thread_blocked, id=11152, stack(0x000000dfbfe00000,0x000000dfbff00000)]
  0x000002b054b8e710 JavaThread "Sweeper thread" daemon [_thread_blocked, id=10536, stack(0x000000dfbff00000,0x000000dfc0000000)]
  0x000002b05565c4b0 JavaThread "Notification Thread" daemon [_thread_blocked, id=10520, stack(0x000000dfc0000000,0x000000dfc0100000)]
  0x000002b055678050 JavaThread "Common-Cleaner" daemon [_thread_blocked, id=10896, stack(0x000000dfc0200000,0x000000dfc0300000)]
  0x000002b05742cfc0 JavaThread "Catalina-utility-1" [_thread_blocked, id=7076, stack(0x000000dfc0900000,0x000000dfc0a00000)]
  0x000002b05742caf0 JavaThread "Catalina-utility-2" [_thread_blocked, id=9848, stack(0x000000dfc0a00000,0x000000dfc0b00000)]
  0x000002b05742d490 JavaThread "http-nio-8281-exec-1" daemon [_thread_in_native, id=540, stack(0x000000dfc0b00000,0x000000dfc0c00000)]
  0x000002b05742d960 JavaThread "http-nio-8281-exec-2" daemon [_thread_in_native, id=832, stack(0x000000dfc0c00000,0x000000dfc0d00000)]
  0x000002b05742de30 JavaThread "http-nio-8281-exec-3" daemon [_thread_blocked, id=1096, stack(0x000000dfc0d00000,0x000000dfc0e00000)]
  0x000002b05742e300 JavaThread "http-nio-8281-exec-4" daemon [_thread_in_Java, id=10976, stack(0x000000dfc0e00000,0x000000dfc0f00000)]
  0x000002b05742a940 JavaThread "http-nio-8281-exec-5" daemon [_thread_in_native, id=10964, stack(0x000000dfc0f00000,0x000000dfc1000000)]
  0x000002b056f1d1f0 JavaThread "http-nio-8281-exec-6" daemon [_thread_blocked, id=10592, stack(0x000000dfc1000000,0x000000dfc1100000)]
  0x000002b056f1e060 JavaThread "http-nio-8281-exec-7" daemon [_thread_blocked, id=5876, stack(0x000000dfc1100000,0x000000dfc1200000)]
  0x000002b056f1d6c0 JavaThread "http-nio-8281-exec-8" daemon [_thread_blocked, id=944, stack(0x000000dfc1200000,0x000000dfc1300000)]
  0x000002b056f1db90 JavaThread "http-nio-8281-exec-9" daemon [_thread_blocked, id=1124, stack(0x000000dfc1300000,0x000000dfc1400000)]
  0x000002b056f1b510 JavaThread "http-nio-8281-exec-10" daemon [_thread_in_native, id=10532, stack(0x000000dfc1400000,0x000000dfc1500000)]
  0x000002b056f1b9e0 JavaThread "container-0" [_thread_blocked, id=1136, stack(0x000000dfc1500000,0x000000dfc1600000)]
  0x000002b056f1cd20 JavaThread "mysql-cj-abandoned-connection-cleanup" daemon [_thread_blocked, id=5980, stack(0x000000dfc1600000,0x000000dfc1700000)]
  0x000002b056f1e530 JavaThread "HikariPool-1 housekeeper" daemon [_thread_blocked, id=3676, stack(0x000000dfc1700000,0x000000dfc1800000)]
  0x000002b059d6b550 JavaThread "File Watcher" daemon [_thread_blocked, id=11140, stack(0x000000dfc1900000,0x000000dfc1a00000)]
  0x000002b059d6c3c0 JavaThread "Live Reload Server" daemon [_thread_in_native, id=2300, stack(0x000000dfc1b00000,0x000000dfc1c00000)]
  0x000002b059d693a0 JavaThread "http-nio-8281-Poller" daemon [_thread_in_native, id=2384, stack(0x000000dfc1a00000,0x000000dfc1b00000)]
  0x000002b059d6c890 JavaThread "http-nio-8281-Acceptor" daemon [_thread_in_native, id=10244, stack(0x000000dfc1c00000,0x000000dfc1d00000)]
  0x000002b059d6f3e0 JavaThread "DestroyJavaVM" [_thread_blocked, id=7860, stack(0x000000dfbf000000,0x000000dfbf100000)]

Other Threads:
  0x000002b054afaea0 VMThread "VM Thread" [stack: 0x000000dfbf600000,0x000000dfbf700000] [id=4460]
  0x000002b0556635c0 WatcherThread [stack: 0x000000dfc0100000,0x000000dfc0200000] [id=4272]
  0x000002b03c897b70 GCTaskThread "GC Thread#0" [stack: 0x000000dfbf100000,0x000000dfbf200000] [id=1504]
  0x000002b056d0d020 GCTaskThread "GC Thread#1" [stack: 0x000000dfc0400000,0x000000dfc0500000] [id=11164]
  0x000002b0560bba70 GCTaskThread "GC Thread#2" [stack: 0x000000dfc0500000,0x000000dfc0600000] [id=5528]
  0x000002b056ce0ef0 GCTaskThread "GC Thread#3" [stack: 0x000000dfc0600000,0x000000dfc0700000] [id=10548]
  0x000002b03c8a4310 ConcurrentGCThread "G1 Main Marker" [stack: 0x000000dfbf200000,0x000000dfbf300000] [id=10884]
  0x000002b03c8a54a0 ConcurrentGCThread "G1 Conc#0" [stack: 0x000000dfbf300000,0x000000dfbf400000] [id=6064]
  0x000002b03c9065f0 ConcurrentGCThread "G1 Refine#0" [stack: 0x000000dfbf400000,0x000000dfbf500000] [id=2508]
  0x000002b03c906eb0 ConcurrentGCThread "G1 Service" [stack: 0x000000dfbf500000,0x000000dfbf600000] [id=10036]

Threads with active compile tasks:
C2 CompilerThread0  4319500 14634       4       java.lang.invoke.MethodType::makeImpl (109 bytes)

VM state: not at safepoint (normal execution)

VM Mutex/Monitor currently owned by a thread: None

Heap address: 0x00000000a3200000, size: 1486 MB, Compressed Oops mode: 32-bit

CDS archive(s) not mapped
Compressed class space mapped at: 0x0000000100000000-0x0000000140000000, reserved size: 1073741824
Narrow klass base: 0x0000000000000000, Narrow klass shift: 3, Narrow klass range: 0x140000000

GC Precious Log:
 CPUs: 4 total, 4 available
 Memory: 5941M
 Large Page Support: Disabled
 NUMA Support: Disabled
 Compressed Oops: Enabled (32-bit)
 Heap Region Size: 1M
 Heap Min Capacity: 8M
 Heap Initial Capacity: 94M
 Heap Max Capacity: 1486M
 Pre-touch: Disabled
 Parallel Workers: 4
 Concurrent Workers: 1
 Concurrent Refinement Workers: 4
 Periodic GC: Disabled

Heap:
 garbage-first heap   total 235520K, used 135781K [0x00000000a3200000, 0x0000000100000000)
  region size 1024K, 96 young (98304K), 2 survivors (2048K)
 Metaspace       used 85888K, committed 86464K, reserved 1130496K
  class space    used 10969K, committed 11264K, reserved 1048576K

Heap Regions: E=young(eden), S=young(survivor), O=old, HS=humongous(starts), HC=humongous(continues), CS=collection set, F=free, OA=open archive, CA=closed archive, TAMS=top-at-mark-start (previous, next)
|   0|0x00000000a3200000, 0x00000000a3300000, 0x00000000a3300000|100%|HS|  |TAMS 0x00000000a3300000, 0x00000000a3200000| Complete 
|   1|0x00000000a3300000, 0x00000000a3400000, 0x00000000a3400000|100%| O|  |TAMS 0x00000000a3400000, 0x00000000a3300000| Untracked 
|   2|0x00000000a3400000, 0x00000000a3500000, 0x00000000a3500000|100%| O|  |TAMS 0x00000000a3500000, 0x00000000a3400000| Untracked 
|   3|0x00000000a3500000, 0x00000000a3600000, 0x00000000a3600000|100%| O|  |TAMS 0x00000000a3600000, 0x00000000a3500000| Untracked 
|   4|0x00000000a3600000, 0x00000000a3700000, 0x00000000a3700000|100%| O|  |TAMS 0x00000000a3700000, 0x00000000a3600000| Untracked 
|   5|0x00000000a3700000, 0x00000000a37ffc00, 0x00000000a3800000| 99%| O|  |TAMS 0x00000000a37ffc00, 0x00000000a3700000| Untracked 
|   6|0x00000000a3800000, 0x00000000a3900000, 0x00000000a3900000|100%| O|  |TAMS 0x00000000a3900000, 0x00000000a3800000| Untracked 
|   7|0x00000000a3900000, 0x00000000a3a00000, 0x00000000a3a00000|100%| O|  |TAMS 0x00000000a3a00000, 0x00000000a3900000| Untracked 
|   8|0x00000000a3a00000, 0x00000000a3a01a00, 0x00000000a3b00000|  0%| O|  |TAMS 0x00000000a3a00000, 0x00000000a3a00000| Untracked 
|   9|0x00000000a3b00000, 0x00000000a3c00000, 0x00000000a3c00000|100%| O|  |TAMS 0x00000000a3c00000, 0x00000000a3b00000| Untracked 
|  10|0x00000000a3c00000, 0x00000000a3d00000, 0x00000000a3d00000|100%| O|  |TAMS 0x00000000a3d00000, 0x00000000a3c00000| Untracked 
|  11|0x00000000a3d00000, 0x00000000a3e00000, 0x00000000a3e00000|100%| O|  |TAMS 0x00000000a3e00000, 0x00000000a3d00000| Untracked 
|  12|0x00000000a3e00000, 0x00000000a3f00000, 0x00000000a3f00000|100%| O|  |TAMS 0x00000000a3f00000, 0x00000000a3e00000| Untracked 
|  13|0x00000000a3f00000, 0x00000000a4000000, 0x00000000a4000000|100%| O|  |TAMS 0x00000000a4000000, 0x00000000a3f00000| Untracked 
|  14|0x00000000a4000000, 0x00000000a4100000, 0x00000000a4100000|100%| O|  |TAMS 0x00000000a4100000, 0x00000000a4000000| Untracked 
|  15|0x00000000a4100000, 0x00000000a4200000, 0x00000000a4200000|100%| O|  |TAMS 0x00000000a4200000, 0x00000000a4100000| Untracked 
|  16|0x00000000a4200000, 0x00000000a4300000, 0x00000000a4300000|100%| O|  |TAMS 0x00000000a4300000, 0x00000000a4200000| Untracked 
|  17|0x00000000a4300000, 0x00000000a4400000, 0x00000000a4400000|100%| O|  |TAMS 0x00000000a4400000, 0x00000000a4300000| Untracked 
|  18|0x00000000a4400000, 0x00000000a4500000, 0x00000000a4500000|100%| O|  |TAMS 0x00000000a4500000, 0x00000000a4400000| Untracked 
|  19|0x00000000a4500000, 0x00000000a4600000, 0x00000000a4600000|100%| O|  |TAMS 0x00000000a4600000, 0x00000000a4500000| Untracked 
|  20|0x00000000a4600000, 0x00000000a4700000, 0x00000000a4700000|100%| O|  |TAMS 0x00000000a4700000, 0x00000000a4600000| Untracked 
|  21|0x00000000a4700000, 0x00000000a4800000, 0x00000000a4800000|100%| O|  |TAMS 0x00000000a4800000, 0x00000000a4700000| Untracked 
|  22|0x00000000a4800000, 0x00000000a4800000, 0x00000000a4900000|  0%| F|  |TAMS 0x00000000a4800000, 0x00000000a4800000| Untracked 
|  23|0x00000000a4900000, 0x00000000a4a00000, 0x00000000a4a00000|100%| O|  |TAMS 0x00000000a4a00000, 0x00000000a4900000| Untracked 
|  24|0x00000000a4a00000, 0x00000000a4b00000, 0x00000000a4b00000|100%| O|  |TAMS 0x00000000a4b00000, 0x00000000a4a00000| Untracked 
|  25|0x00000000a4b00000, 0x00000000a4c00000, 0x00000000a4c00000|100%| O|  |TAMS 0x00000000a4c00000, 0x00000000a4b00000| Untracked 
|  26|0x00000000a4c00000, 0x00000000a4d00000, 0x00000000a4d00000|100%| O|  |TAMS 0x00000000a4d00000, 0x00000000a4c00000| Untracked 
|  27|0x00000000a4d00000, 0x00000000a4e00000, 0x00000000a4e00000|100%| O|  |TAMS 0x00000000a4e00000, 0x00000000a4d00000| Untracked 
|  28|0x00000000a4e00000, 0x00000000a4f00000, 0x00000000a4f00000|100%| O|  |TAMS 0x00000000a4f00000, 0x00000000a4e00000| Untracked 
|  29|0x00000000a4f00000, 0x00000000a5000000, 0x00000000a5000000|100%| O|  |TAMS 0x00000000a5000000, 0x00000000a4f00000| Untracked 
|  30|0x00000000a5000000, 0x00000000a5100000, 0x00000000a5100000|100%| O|  |TAMS 0x00000000a5100000, 0x00000000a5000000| Untracked 
|  31|0x00000000a5100000, 0x00000000a5200000, 0x00000000a5200000|100%| O|  |TAMS 0x00000000a5200000, 0x00000000a5100000| Untracked 
|  32|0x00000000a5200000, 0x00000000a5300000, 0x00000000a5300000|100%| O|  |TAMS 0x00000000a5300000, 0x00000000a5200000| Untracked 
|  33|0x00000000a5300000, 0x00000000a5400000, 0x00000000a5400000|100%| O|  |TAMS 0x00000000a5400000, 0x00000000a5300000| Untracked 
|  34|0x00000000a5400000, 0x00000000a5500000, 0x00000000a5500000|100%| O|  |TAMS 0x00000000a5500000, 0x00000000a5400000| Untracked 
|  35|0x00000000a5500000, 0x00000000a5600000, 0x00000000a5600000|100%| O|  |TAMS 0x00000000a5600000, 0x00000000a5500000| Untracked 
|  36|0x00000000a5600000, 0x00000000a5700000, 0x00000000a5700000|100%| O|  |TAMS 0x00000000a5700000, 0x00000000a5600000| Untracked 
|  37|0x00000000a5700000, 0x00000000a5800000, 0x00000000a5800000|100%| O|  |TAMS 0x00000000a5743200, 0x00000000a5700000| Untracked 
|  38|0x00000000a5800000, 0x00000000a5900000, 0x00000000a5900000|100%| O|  |TAMS 0x00000000a5900000, 0x00000000a5800000| Untracked 
|  39|0x00000000a5900000, 0x00000000a5a00000, 0x00000000a5a00000|100%| O|  |TAMS 0x00000000a5a00000, 0x00000000a5900000| Untracked 
|  40|0x00000000a5a00000, 0x00000000a5a00000, 0x00000000a5b00000|  0%| F|  |TAMS 0x00000000a5a00000, 0x00000000a5a00000| Untracked 
|  41|0x00000000a5b00000, 0x00000000a5b00000, 0x00000000a5c00000|  0%| F|  |TAMS 0x00000000a5b00000, 0x00000000a5b00000| Untracked 
|  42|0x00000000a5c00000, 0x00000000a5c00000, 0x00000000a5d00000|  0%| F|  |TAMS 0x00000000a5c00000, 0x00000000a5c00000| Untracked 
|  43|0x00000000a5d00000, 0x00000000a5d00000, 0x00000000a5e00000|  0%| F|  |TAMS 0x00000000a5d00000, 0x00000000a5d00000| Untracked 
|  44|0x00000000a5e00000, 0x00000000a5e00000, 0x00000000a5f00000|  0%| F|  |TAMS 0x00000000a5e00000, 0x00000000a5e00000| Untracked 
|  45|0x00000000a5f00000, 0x00000000a5f00000, 0x00000000a6000000|  0%| F|  |TAMS 0x00000000a5f00000, 0x00000000a5f00000| Untracked 
|  46|0x00000000a6000000, 0x00000000a6000000, 0x00000000a6100000|  0%| F|  |TAMS 0x00000000a6000000, 0x00000000a6000000| Untracked 
|  47|0x00000000a6100000, 0x00000000a6100000, 0x00000000a6200000|  0%| F|  |TAMS 0x00000000a6100000, 0x00000000a6100000| Untracked 
|  48|0x00000000a6200000, 0x00000000a6200000, 0x00000000a6300000|  0%| F|  |TAMS 0x00000000a6200000, 0x00000000a6200000| Untracked 
|  49|0x00000000a6300000, 0x00000000a6300000, 0x00000000a6400000|  0%| F|  |TAMS 0x00000000a6300000, 0x00000000a6300000| Untracked 
|  50|0x00000000a6400000, 0x00000000a6400000, 0x00000000a6500000|  0%| F|  |TAMS 0x00000000a6400000, 0x00000000a6400000| Untracked 
|  51|0x00000000a6500000, 0x00000000a6500000, 0x00000000a6600000|  0%| F|  |TAMS 0x00000000a6500000, 0x00000000a6500000| Untracked 
|  52|0x00000000a6600000, 0x00000000a6600000, 0x00000000a6700000|  0%| F|  |TAMS 0x00000000a6600000, 0x00000000a6600000| Untracked 
|  53|0x00000000a6700000, 0x00000000a6700000, 0x00000000a6800000|  0%| F|  |TAMS 0x00000000a6700000, 0x00000000a6700000| Untracked 
|  54|0x00000000a6800000, 0x00000000a6800000, 0x00000000a6900000|  0%| F|  |TAMS 0x00000000a6800000, 0x00000000a6800000| Untracked 
|  55|0x00000000a6900000, 0x00000000a6900000, 0x00000000a6a00000|  0%| F|  |TAMS 0x00000000a6900000, 0x00000000a6900000| Untracked 
|  56|0x00000000a6a00000, 0x00000000a6a00000, 0x00000000a6b00000|  0%| F|  |TAMS 0x00000000a6a00000, 0x00000000a6a00000| Untracked 
|  57|0x00000000a6b00000, 0x00000000a6b00000, 0x00000000a6c00000|  0%| F|  |TAMS 0x00000000a6b00000, 0x00000000a6b00000| Untracked 
|  58|0x00000000a6c00000, 0x00000000a6c00000, 0x00000000a6d00000|  0%| F|  |TAMS 0x00000000a6c00000, 0x00000000a6c00000| Untracked 
|  59|0x00000000a6d00000, 0x00000000a6d00000, 0x00000000a6e00000|  0%| F|  |TAMS 0x00000000a6d00000, 0x00000000a6d00000| Untracked 
|  60|0x00000000a6e00000, 0x00000000a6e00000, 0x00000000a6f00000|  0%| F|  |TAMS 0x00000000a6e00000, 0x00000000a6e00000| Untracked 
|  61|0x00000000a6f00000, 0x00000000a6f00000, 0x00000000a7000000|  0%| F|  |TAMS 0x00000000a6f00000, 0x00000000a6f00000| Untracked 
|  62|0x00000000a7000000, 0x00000000a7000000, 0x00000000a7100000|  0%| F|  |TAMS 0x00000000a7000000, 0x00000000a7000000| Untracked 
|  63|0x00000000a7100000, 0x00000000a7100000, 0x00000000a7200000|  0%| F|  |TAMS 0x00000000a7100000, 0x00000000a7100000| Untracked 
|  64|0x00000000a7200000, 0x00000000a7200000, 0x00000000a7300000|  0%| F|  |TAMS 0x00000000a7200000, 0x00000000a7200000| Untracked 
|  65|0x00000000a7300000, 0x00000000a7300000, 0x00000000a7400000|  0%| F|  |TAMS 0x00000000a7300000, 0x00000000a7300000| Untracked 
|  66|0x00000000a7400000, 0x00000000a7400000, 0x00000000a7500000|  0%| F|  |TAMS 0x00000000a7400000, 0x00000000a7400000| Untracked 
|  67|0x00000000a7500000, 0x00000000a7500000, 0x00000000a7600000|  0%| F|  |TAMS 0x00000000a7500000, 0x00000000a7500000| Untracked 
|  68|0x00000000a7600000, 0x00000000a7600000, 0x00000000a7700000|  0%| F|  |TAMS 0x00000000a7600000, 0x00000000a7600000| Untracked 
|  69|0x00000000a7700000, 0x00000000a7700000, 0x00000000a7800000|  0%| F|  |TAMS 0x00000000a7700000, 0x00000000a7700000| Untracked 
|  70|0x00000000a7800000, 0x00000000a7800000, 0x00000000a7900000|  0%| F|  |TAMS 0x00000000a7800000, 0x00000000a7800000| Untracked 
|  71|0x00000000a7900000, 0x00000000a7900000, 0x00000000a7a00000|  0%| F|  |TAMS 0x00000000a7900000, 0x00000000a7900000| Untracked 
|  72|0x00000000a7a00000, 0x00000000a7a00000, 0x00000000a7b00000|  0%| F|  |TAMS 0x00000000a7a00000, 0x00000000a7a00000| Untracked 
|  73|0x00000000a7b00000, 0x00000000a7b00000, 0x00000000a7c00000|  0%| F|  |TAMS 0x00000000a7b00000, 0x00000000a7b00000| Untracked 
|  74|0x00000000a7c00000, 0x00000000a7c00000, 0x00000000a7d00000|  0%| F|  |TAMS 0x00000000a7c00000, 0x00000000a7c00000| Untracked 
|  75|0x00000000a7d00000, 0x00000000a7d00000, 0x00000000a7e00000|  0%| F|  |TAMS 0x00000000a7d00000, 0x00000000a7d00000| Untracked 
|  76|0x00000000a7e00000, 0x00000000a7e00000, 0x00000000a7f00000|  0%| F|  |TAMS 0x00000000a7e00000, 0x00000000a7e00000| Untracked 
|  77|0x00000000a7f00000, 0x00000000a7f00000, 0x00000000a8000000|  0%| F|  |TAMS 0x00000000a7f00000, 0x00000000a7f00000| Untracked 
|  78|0x00000000a8000000, 0x00000000a8000000, 0x00000000a8100000|  0%| F|  |TAMS 0x00000000a8000000, 0x00000000a8000000| Untracked 
|  79|0x00000000a8100000, 0x00000000a8100000, 0x00000000a8200000|  0%| F|  |TAMS 0x00000000a8100000, 0x00000000a8100000| Untracked 
|  80|0x00000000a8200000, 0x00000000a8200000, 0x00000000a8300000|  0%| F|  |TAMS 0x00000000a8200000, 0x00000000a8200000| Untracked 
|  81|0x00000000a8300000, 0x00000000a8300000, 0x00000000a8400000|  0%| F|  |TAMS 0x00000000a8300000, 0x00000000a8300000| Untracked 
|  82|0x00000000a8400000, 0x00000000a8400000, 0x00000000a8500000|  0%| F|  |TAMS 0x00000000a8400000, 0x00000000a8400000| Untracked 
|  83|0x00000000a8500000, 0x00000000a8500000, 0x00000000a8600000|  0%| F|  |TAMS 0x00000000a8500000, 0x00000000a8500000| Untracked 
|  84|0x00000000a8600000, 0x00000000a8600000, 0x00000000a8700000|  0%| F|  |TAMS 0x00000000a8600000, 0x00000000a8600000| Untracked 
|  85|0x00000000a8700000, 0x00000000a8700000, 0x00000000a8800000|  0%| F|  |TAMS 0x00000000a8700000, 0x00000000a8700000| Untracked 
|  86|0x00000000a8800000, 0x00000000a8800000, 0x00000000a8900000|  0%| F|  |TAMS 0x00000000a8800000, 0x00000000a8800000| Untracked 
|  87|0x00000000a8900000, 0x00000000a8900000, 0x00000000a8a00000|  0%| F|  |TAMS 0x00000000a8900000, 0x00000000a8900000| Untracked 
|  88|0x00000000a8a00000, 0x00000000a8a00000, 0x00000000a8b00000|  0%| F|  |TAMS 0x00000000a8a00000, 0x00000000a8a00000| Untracked 
|  89|0x00000000a8b00000, 0x00000000a8b00000, 0x00000000a8c00000|  0%| F|  |TAMS 0x00000000a8b00000, 0x00000000a8b00000| Untracked 
|  90|0x00000000a8c00000, 0x00000000a8c00000, 0x00000000a8d00000|  0%| F|  |TAMS 0x00000000a8c00000, 0x00000000a8c00000| Untracked 
|  91|0x00000000a8d00000, 0x00000000a8d00000, 0x00000000a8e00000|  0%| F|  |TAMS 0x00000000a8d00000, 0x00000000a8d00000| Untracked 
|  92|0x00000000a8e00000, 0x00000000a8e00000, 0x00000000a8f00000|  0%| F|  |TAMS 0x00000000a8e00000, 0x00000000a8e00000| Untracked 
|  93|0x00000000a8f00000, 0x00000000a8f00000, 0x00000000a9000000|  0%| F|  |TAMS 0x00000000a8f00000, 0x00000000a8f00000| Untracked 
|  94|0x00000000a9000000, 0x00000000a9098020, 0x00000000a9100000| 59%| S|CS|TAMS 0x00000000a9000000, 0x00000000a9000000| Complete 
|  95|0x00000000a9100000, 0x00000000a9200000, 0x00000000a9200000|100%| S|CS|TAMS 0x00000000a9100000, 0x00000000a9100000| Complete 
|  96|0x00000000a9200000, 0x00000000a9200000, 0x00000000a9300000|  0%| F|  |TAMS 0x00000000a9200000, 0x00000000a9200000| Untracked 
|  97|0x00000000a9300000, 0x00000000a9300000, 0x00000000a9400000|  0%| F|  |TAMS 0x00000000a9300000, 0x00000000a9300000| Untracked 
|  98|0x00000000a9400000, 0x00000000a9400000, 0x00000000a9500000|  0%| F|  |TAMS 0x00000000a9400000, 0x00000000a9400000| Untracked 
|  99|0x00000000a9500000, 0x00000000a9500000, 0x00000000a9600000|  0%| F|  |TAMS 0x00000000a9500000, 0x00000000a9500000| Untracked 
| 100|0x00000000a9600000, 0x00000000a9600000, 0x00000000a9700000|  0%| F|  |TAMS 0x00000000a9600000, 0x00000000a9600000| Untracked 
| 101|0x00000000a9700000, 0x00000000a9700000, 0x00000000a9800000|  0%| F|  |TAMS 0x00000000a9700000, 0x00000000a9700000| Untracked 
| 102|0x00000000a9800000, 0x00000000a9800000, 0x00000000a9900000|  0%| F|  |TAMS 0x00000000a9800000, 0x00000000a9800000| Untracked 
| 103|0x00000000a9900000, 0x00000000a9900000, 0x00000000a9a00000|  0%| F|  |TAMS 0x00000000a9900000, 0x00000000a9900000| Untracked 
| 104|0x00000000a9a00000, 0x00000000a9a00000, 0x00000000a9b00000|  0%| F|  |TAMS 0x00000000a9a00000, 0x00000000a9a00000| Untracked 
| 105|0x00000000a9b00000, 0x00000000a9b00000, 0x00000000a9c00000|  0%| F|  |TAMS 0x00000000a9b00000, 0x00000000a9b00000| Untracked 
| 106|0x00000000a9c00000, 0x00000000a9c00000, 0x00000000a9d00000|  0%| F|  |TAMS 0x00000000a9c00000, 0x00000000a9c00000| Untracked 
| 107|0x00000000a9d00000, 0x00000000a9d00000, 0x00000000a9e00000|  0%| F|  |TAMS 0x00000000a9d00000, 0x00000000a9d00000| Untracked 
| 108|0x00000000a9e00000, 0x00000000a9e00000, 0x00000000a9f00000|  0%| F|  |TAMS 0x00000000a9e00000, 0x00000000a9e00000| Untracked 
| 109|0x00000000a9f00000, 0x00000000a9f00000, 0x00000000aa000000|  0%| F|  |TAMS 0x00000000a9f00000, 0x00000000a9f00000| Untracked 
| 110|0x00000000aa000000, 0x00000000aa000000, 0x00000000aa100000|  0%| F|  |TAMS 0x00000000aa000000, 0x00000000aa000000| Untracked 
| 111|0x00000000aa100000, 0x00000000aa100000, 0x00000000aa200000|  0%| F|  |TAMS 0x00000000aa100000, 0x00000000aa100000| Untracked 
| 112|0x00000000aa200000, 0x00000000aa200000, 0x00000000aa300000|  0%| F|  |TAMS 0x00000000aa200000, 0x00000000aa200000| Untracked 
| 113|0x00000000aa300000, 0x00000000aa300000, 0x00000000aa400000|  0%| F|  |TAMS 0x00000000aa300000, 0x00000000aa300000| Untracked 
| 114|0x00000000aa400000, 0x00000000aa400000, 0x00000000aa500000|  0%| F|  |TAMS 0x00000000aa400000, 0x00000000aa400000| Untracked 
| 115|0x00000000aa500000, 0x00000000aa500000, 0x00000000aa600000|  0%| F|  |TAMS 0x00000000aa500000, 0x00000000aa500000| Untracked 
| 116|0x00000000aa600000, 0x00000000aa600000, 0x00000000aa700000|  0%| F|  |TAMS 0x00000000aa600000, 0x00000000aa600000| Untracked 
| 117|0x00000000aa700000, 0x00000000aa700000, 0x00000000aa800000|  0%| F|  |TAMS 0x00000000aa700000, 0x00000000aa700000| Untracked 
| 118|0x00000000aa800000, 0x00000000aa800000, 0x00000000aa900000|  0%| F|  |TAMS 0x00000000aa800000, 0x00000000aa800000| Untracked 
| 119|0x00000000aa900000, 0x00000000aa900000, 0x00000000aaa00000|  0%| F|  |TAMS 0x00000000aa900000, 0x00000000aa900000| Untracked 
| 120|0x00000000aaa00000, 0x00000000aaa00000, 0x00000000aab00000|  0%| F|  |TAMS 0x00000000aaa00000, 0x00000000aaa00000| Untracked 
| 121|0x00000000aab00000, 0x00000000aab00000, 0x00000000aac00000|  0%| F|  |TAMS 0x00000000aab00000, 0x00000000aab00000| Untracked 
| 122|0x00000000aac00000, 0x00000000aac00000, 0x00000000aad00000|  0%| F|  |TAMS 0x00000000aac00000, 0x00000000aac00000| Untracked 
| 123|0x00000000aad00000, 0x00000000aad00000, 0x00000000aae00000|  0%| F|  |TAMS 0x00000000aad00000, 0x00000000aad00000| Untracked 
| 124|0x00000000aae00000, 0x00000000aae00000, 0x00000000aaf00000|  0%| F|  |TAMS 0x00000000aae00000, 0x00000000aae00000| Untracked 
| 125|0x00000000aaf00000, 0x00000000aaf00000, 0x00000000ab000000|  0%| F|  |TAMS 0x00000000aaf00000, 0x00000000aaf00000| Untracked 
| 126|0x00000000ab000000, 0x00000000ab000000, 0x00000000ab100000|  0%| F|  |TAMS 0x00000000ab000000, 0x00000000ab000000| Untracked 
| 127|0x00000000ab100000, 0x00000000ab100000, 0x00000000ab200000|  0%| F|  |TAMS 0x00000000ab100000, 0x00000000ab100000| Untracked 
| 128|0x00000000ab200000, 0x00000000ab200000, 0x00000000ab300000|  0%| F|  |TAMS 0x00000000ab200000, 0x00000000ab200000| Untracked 
| 129|0x00000000ab300000, 0x00000000ab300000, 0x00000000ab400000|  0%| F|  |TAMS 0x00000000ab300000, 0x00000000ab300000| Untracked 
| 130|0x00000000ab400000, 0x00000000ab400000, 0x00000000ab500000|  0%| F|  |TAMS 0x00000000ab400000, 0x00000000ab400000| Untracked 
| 131|0x00000000ab500000, 0x00000000ab500000, 0x00000000ab600000|  0%| F|  |TAMS 0x00000000ab500000, 0x00000000ab500000| Untracked 
| 132|0x00000000ab600000, 0x00000000ab600000, 0x00000000ab700000|  0%| F|  |TAMS 0x00000000ab600000, 0x00000000ab600000| Untracked 
| 133|0x00000000ab700000, 0x00000000ab700000, 0x00000000ab800000|  0%| F|  |TAMS 0x00000000ab700000, 0x00000000ab700000| Untracked 
| 134|0x00000000ab800000, 0x00000000ab800000, 0x00000000ab900000|  0%| F|  |TAMS 0x00000000ab800000, 0x00000000ab800000| Untracked 
| 135|0x00000000ab900000, 0x00000000ab900000, 0x00000000aba00000|  0%| F|  |TAMS 0x00000000ab900000, 0x00000000ab900000| Untracked 
| 136|0x00000000aba00000, 0x00000000aba8d720, 0x00000000abb00000| 55%| E|  |TAMS 0x00000000aba00000, 0x00000000aba00000| Complete 
| 137|0x00000000abb00000, 0x00000000abc00000, 0x00000000abc00000|100%| E|CS|TAMS 0x00000000abb00000, 0x00000000abb00000| Complete 
| 138|0x00000000abc00000, 0x00000000abd00000, 0x00000000abd00000|100%| E|CS|TAMS 0x00000000abc00000, 0x00000000abc00000| Complete 
| 139|0x00000000abd00000, 0x00000000abe00000, 0x00000000abe00000|100%| E|CS|TAMS 0x00000000abd00000, 0x00000000abd00000| Complete 
| 140|0x00000000abe00000, 0x00000000abf00000, 0x00000000abf00000|100%| E|CS|TAMS 0x00000000abe00000, 0x00000000abe00000| Complete 
| 141|0x00000000abf00000, 0x00000000ac000000, 0x00000000ac000000|100%| E|CS|TAMS 0x00000000abf00000, 0x00000000abf00000| Complete 
| 142|0x00000000ac000000, 0x00000000ac100000, 0x00000000ac100000|100%| E|CS|TAMS 0x00000000ac000000, 0x00000000ac000000| Complete 
| 143|0x00000000ac100000, 0x00000000ac200000, 0x00000000ac200000|100%| E|CS|TAMS 0x00000000ac100000, 0x00000000ac100000| Complete 
| 144|0x00000000ac200000, 0x00000000ac300000, 0x00000000ac300000|100%| E|CS|TAMS 0x00000000ac200000, 0x00000000ac200000| Complete 
| 145|0x00000000ac300000, 0x00000000ac400000, 0x00000000ac400000|100%| E|CS|TAMS 0x00000000ac300000, 0x00000000ac300000| Complete 
| 146|0x00000000ac400000, 0x00000000ac500000, 0x00000000ac500000|100%| E|CS|TAMS 0x00000000ac400000, 0x00000000ac400000| Complete 
| 147|0x00000000ac500000, 0x00000000ac600000, 0x00000000ac600000|100%| E|CS|TAMS 0x00000000ac500000, 0x00000000ac500000| Complete 
| 148|0x00000000ac600000, 0x00000000ac700000, 0x00000000ac700000|100%| E|CS|TAMS 0x00000000ac600000, 0x00000000ac600000| Complete 
| 149|0x00000000ac700000, 0x00000000ac800000, 0x00000000ac800000|100%| E|CS|TAMS 0x00000000ac700000, 0x00000000ac700000| Complete 
| 150|0x00000000ac800000, 0x00000000ac900000, 0x00000000ac900000|100%| E|CS|TAMS 0x00000000ac800000, 0x00000000ac800000| Complete 
| 151|0x00000000ac900000, 0x00000000aca00000, 0x00000000aca00000|100%| E|CS|TAMS 0x00000000ac900000, 0x00000000ac900000| Complete 
| 152|0x00000000aca00000, 0x00000000acb00000, 0x00000000acb00000|100%| E|CS|TAMS 0x00000000aca00000, 0x00000000aca00000| Complete 
| 153|0x00000000acb00000, 0x00000000acc00000, 0x00000000acc00000|100%| E|CS|TAMS 0x00000000acb00000, 0x00000000acb00000| Complete 
| 154|0x00000000acc00000, 0x00000000acd00000, 0x00000000acd00000|100%| E|CS|TAMS 0x00000000acc00000, 0x00000000acc00000| Complete 
| 155|0x00000000acd00000, 0x00000000ace00000, 0x00000000ace00000|100%| E|CS|TAMS 0x00000000acd00000, 0x00000000acd00000| Complete 
| 156|0x00000000ace00000, 0x00000000acf00000, 0x00000000acf00000|100%| E|CS|TAMS 0x00000000ace00000, 0x00000000ace00000| Complete 
| 157|0x00000000acf00000, 0x00000000ad000000, 0x00000000ad000000|100%| E|CS|TAMS 0x00000000acf00000, 0x00000000acf00000| Complete 
| 158|0x00000000ad000000, 0x00000000ad100000, 0x00000000ad100000|100%| E|CS|TAMS 0x00000000ad000000, 0x00000000ad000000| Complete 
| 159|0x00000000ad100000, 0x00000000ad200000, 0x00000000ad200000|100%| E|CS|TAMS 0x00000000ad100000, 0x00000000ad100000| Complete 
| 160|0x00000000ad200000, 0x00000000ad300000, 0x00000000ad300000|100%| E|CS|TAMS 0x00000000ad200000, 0x00000000ad200000| Complete 
| 161|0x00000000ad300000, 0x00000000ad400000, 0x00000000ad400000|100%| E|CS|TAMS 0x00000000ad300000, 0x00000000ad300000| Complete 
| 162|0x00000000ad400000, 0x00000000ad500000, 0x00000000ad500000|100%| E|CS|TAMS 0x00000000ad400000, 0x00000000ad400000| Complete 
| 163|0x00000000ad500000, 0x00000000ad600000, 0x00000000ad600000|100%| E|CS|TAMS 0x00000000ad500000, 0x00000000ad500000| Complete 
| 164|0x00000000ad600000, 0x00000000ad700000, 0x00000000ad700000|100%| E|CS|TAMS 0x00000000ad600000, 0x00000000ad600000| Complete 
| 165|0x00000000ad700000, 0x00000000ad800000, 0x00000000ad800000|100%| E|CS|TAMS 0x00000000ad700000, 0x00000000ad700000| Complete 
| 166|0x00000000ad800000, 0x00000000ad900000, 0x00000000ad900000|100%| E|CS|TAMS 0x00000000ad800000, 0x00000000ad800000| Complete 
| 167|0x00000000ad900000, 0x00000000ada00000, 0x00000000ada00000|100%| E|CS|TAMS 0x00000000ad900000, 0x00000000ad900000| Complete 
| 168|0x00000000ada00000, 0x00000000adb00000, 0x00000000adb00000|100%| E|CS|TAMS 0x00000000ada00000, 0x00000000ada00000| Complete 
| 169|0x00000000adb00000, 0x00000000adc00000, 0x00000000adc00000|100%| E|CS|TAMS 0x00000000adb00000, 0x00000000adb00000| Complete 
| 170|0x00000000adc00000, 0x00000000add00000, 0x00000000add00000|100%| E|CS|TAMS 0x00000000adc00000, 0x00000000adc00000| Complete 
| 171|0x00000000add00000, 0x00000000ade00000, 0x00000000ade00000|100%| E|CS|TAMS 0x00000000add00000, 0x00000000add00000| Complete 
| 172|0x00000000ade00000, 0x00000000adf00000, 0x00000000adf00000|100%| E|CS|TAMS 0x00000000ade00000, 0x00000000ade00000| Complete 
| 173|0x00000000adf00000, 0x00000000ae000000, 0x00000000ae000000|100%| E|CS|TAMS 0x00000000adf00000, 0x00000000adf00000| Complete 
| 174|0x00000000ae000000, 0x00000000ae100000, 0x00000000ae100000|100%| E|CS|TAMS 0x00000000ae000000, 0x00000000ae000000| Complete 
| 175|0x00000000ae100000, 0x00000000ae200000, 0x00000000ae200000|100%| E|CS|TAMS 0x00000000ae100000, 0x00000000ae100000| Complete 
| 176|0x00000000ae200000, 0x00000000ae300000, 0x00000000ae300000|100%| E|CS|TAMS 0x00000000ae200000, 0x00000000ae200000| Complete 
| 177|0x00000000ae300000, 0x00000000ae400000, 0x00000000ae400000|100%| E|CS|TAMS 0x00000000ae300000, 0x00000000ae300000| Complete 
| 178|0x00000000ae400000, 0x00000000ae500000, 0x00000000ae500000|100%| E|CS|TAMS 0x00000000ae400000, 0x00000000ae400000| Complete 
| 179|0x00000000ae500000, 0x00000000ae600000, 0x00000000ae600000|100%| E|CS|TAMS 0x00000000ae500000, 0x00000000ae500000| Complete 
| 180|0x00000000ae600000, 0x00000000ae700000, 0x00000000ae700000|100%| E|CS|TAMS 0x00000000ae600000, 0x00000000ae600000| Complete 
| 181|0x00000000ae700000, 0x00000000ae800000, 0x00000000ae800000|100%| E|CS|TAMS 0x00000000ae700000, 0x00000000ae700000| Complete 
| 182|0x00000000ae800000, 0x00000000ae900000, 0x00000000ae900000|100%| E|CS|TAMS 0x00000000ae800000, 0x00000000ae800000| Complete 
| 183|0x00000000ae900000, 0x00000000aea00000, 0x00000000aea00000|100%| E|CS|TAMS 0x00000000ae900000, 0x00000000ae900000| Complete 
| 184|0x00000000aea00000, 0x00000000aeb00000, 0x00000000aeb00000|100%| E|CS|TAMS 0x00000000aea00000, 0x00000000aea00000| Complete 
| 185|0x00000000aeb00000, 0x00000000aec00000, 0x00000000aec00000|100%| E|CS|TAMS 0x00000000aeb00000, 0x00000000aeb00000| Complete 
| 186|0x00000000aec00000, 0x00000000aed00000, 0x00000000aed00000|100%| E|CS|TAMS 0x00000000aec00000, 0x00000000aec00000| Complete 
| 187|0x00000000aed00000, 0x00000000aee00000, 0x00000000aee00000|100%| E|CS|TAMS 0x00000000aed00000, 0x00000000aed00000| Complete 
| 188|0x00000000aee00000, 0x00000000aef00000, 0x00000000aef00000|100%| E|CS|TAMS 0x00000000aee00000, 0x00000000aee00000| Complete 
| 189|0x00000000aef00000, 0x00000000af000000, 0x00000000af000000|100%| E|CS|TAMS 0x00000000aef00000, 0x00000000aef00000| Complete 
| 190|0x00000000af000000, 0x00000000af100000, 0x00000000af100000|100%| E|CS|TAMS 0x00000000af000000, 0x00000000af000000| Complete 
| 191|0x00000000af100000, 0x00000000af200000, 0x00000000af200000|100%| E|CS|TAMS 0x00000000af100000, 0x00000000af100000| Complete 
| 192|0x00000000af200000, 0x00000000af300000, 0x00000000af300000|100%| E|CS|TAMS 0x00000000af200000, 0x00000000af200000| Complete 
| 193|0x00000000af300000, 0x00000000af400000, 0x00000000af400000|100%| E|CS|TAMS 0x00000000af300000, 0x00000000af300000| Complete 
| 194|0x00000000af400000, 0x00000000af500000, 0x00000000af500000|100%| E|CS|TAMS 0x00000000af400000, 0x00000000af400000| Complete 
| 195|0x00000000af500000, 0x00000000af600000, 0x00000000af600000|100%| E|CS|TAMS 0x00000000af500000, 0x00000000af500000| Complete 
| 196|0x00000000af600000, 0x00000000af700000, 0x00000000af700000|100%| E|CS|TAMS 0x00000000af600000, 0x00000000af600000| Complete 
| 197|0x00000000af700000, 0x00000000af800000, 0x00000000af800000|100%| E|CS|TAMS 0x00000000af700000, 0x00000000af700000| Complete 
| 198|0x00000000af800000, 0x00000000af900000, 0x00000000af900000|100%| E|CS|TAMS 0x00000000af800000, 0x00000000af800000| Complete 
| 199|0x00000000af900000, 0x00000000afa00000, 0x00000000afa00000|100%| E|CS|TAMS 0x00000000af900000, 0x00000000af900000| Complete 
| 200|0x00000000afa00000, 0x00000000afb00000, 0x00000000afb00000|100%| E|CS|TAMS 0x00000000afa00000, 0x00000000afa00000| Complete 
| 201|0x00000000afb00000, 0x00000000afc00000, 0x00000000afc00000|100%| E|CS|TAMS 0x00000000afb00000, 0x00000000afb00000| Complete 
| 202|0x00000000afc00000, 0x00000000afd00000, 0x00000000afd00000|100%| E|CS|TAMS 0x00000000afc00000, 0x00000000afc00000| Complete 
| 203|0x00000000afd00000, 0x00000000afe00000, 0x00000000afe00000|100%| E|CS|TAMS 0x00000000afd00000, 0x00000000afd00000| Complete 
| 204|0x00000000afe00000, 0x00000000aff00000, 0x00000000aff00000|100%| E|CS|TAMS 0x00000000afe00000, 0x00000000afe00000| Complete 
| 205|0x00000000aff00000, 0x00000000b0000000, 0x00000000b0000000|100%| E|CS|TAMS 0x00000000aff00000, 0x00000000aff00000| Complete 
| 206|0x00000000b0000000, 0x00000000b0100000, 0x00000000b0100000|100%| E|CS|TAMS 0x00000000b0000000, 0x00000000b0000000| Complete 
| 207|0x00000000b0100000, 0x00000000b0200000, 0x00000000b0200000|100%| E|CS|TAMS 0x00000000b0100000, 0x00000000b0100000| Complete 
| 208|0x00000000b0200000, 0x00000000b0300000, 0x00000000b0300000|100%| E|CS|TAMS 0x00000000b0200000, 0x00000000b0200000| Complete 
| 209|0x00000000b0300000, 0x00000000b0400000, 0x00000000b0400000|100%| E|CS|TAMS 0x00000000b0300000, 0x00000000b0300000| Complete 
| 210|0x00000000b0400000, 0x00000000b0500000, 0x00000000b0500000|100%| E|CS|TAMS 0x00000000b0400000, 0x00000000b0400000| Complete 
| 211|0x00000000b0500000, 0x00000000b0600000, 0x00000000b0600000|100%| E|CS|TAMS 0x00000000b0500000, 0x00000000b0500000| Complete 
| 212|0x00000000b0600000, 0x00000000b0700000, 0x00000000b0700000|100%| E|CS|TAMS 0x00000000b0600000, 0x00000000b0600000| Complete 
| 213|0x00000000b0700000, 0x00000000b0800000, 0x00000000b0800000|100%| E|CS|TAMS 0x00000000b0700000, 0x00000000b0700000| Complete 
| 214|0x00000000b0800000, 0x00000000b0900000, 0x00000000b0900000|100%| E|CS|TAMS 0x00000000b0800000, 0x00000000b0800000| Complete 
| 215|0x00000000b0900000, 0x00000000b0a00000, 0x00000000b0a00000|100%| E|CS|TAMS 0x00000000b0900000, 0x00000000b0900000| Complete 
| 216|0x00000000b0a00000, 0x00000000b0b00000, 0x00000000b0b00000|100%| E|CS|TAMS 0x00000000b0a00000, 0x00000000b0a00000| Complete 
| 217|0x00000000b0b00000, 0x00000000b0c00000, 0x00000000b0c00000|100%| E|CS|TAMS 0x00000000b0b00000, 0x00000000b0b00000| Complete 
| 218|0x00000000b0c00000, 0x00000000b0d00000, 0x00000000b0d00000|100%| E|CS|TAMS 0x00000000b0c00000, 0x00000000b0c00000| Complete 
| 219|0x00000000b0d00000, 0x00000000b0e00000, 0x00000000b0e00000|100%| E|CS|TAMS 0x00000000b0d00000, 0x00000000b0d00000| Complete 
| 220|0x00000000b0e00000, 0x00000000b0f00000, 0x00000000b0f00000|100%| E|CS|TAMS 0x00000000b0e00000, 0x00000000b0e00000| Complete 
| 221|0x00000000b0f00000, 0x00000000b1000000, 0x00000000b1000000|100%| E|CS|TAMS 0x00000000b0f00000, 0x00000000b0f00000| Complete 
| 222|0x00000000b1000000, 0x00000000b1100000, 0x00000000b1100000|100%| E|CS|TAMS 0x00000000b1000000, 0x00000000b1000000| Complete 
| 223|0x00000000b1100000, 0x00000000b1200000, 0x00000000b1200000|100%| E|CS|TAMS 0x00000000b1100000, 0x00000000b1100000| Complete 
| 224|0x00000000b1200000, 0x00000000b1300000, 0x00000000b1300000|100%| E|CS|TAMS 0x00000000b1200000, 0x00000000b1200000| Complete 
| 225|0x00000000b1300000, 0x00000000b1400000, 0x00000000b1400000|100%| E|CS|TAMS 0x00000000b1300000, 0x00000000b1300000| Complete 
| 226|0x00000000b1400000, 0x00000000b1500000, 0x00000000b1500000|100%| E|CS|TAMS 0x00000000b1400000, 0x00000000b1400000| Complete 
| 336|0x00000000b8200000, 0x00000000b8300000, 0x00000000b8300000|100%| E|CS|TAMS 0x00000000b8200000, 0x00000000b8200000| Complete 
| 337|0x00000000b8300000, 0x00000000b8400000, 0x00000000b8400000|100%| E|CS|TAMS 0x00000000b8300000, 0x00000000b8300000| Complete 
| 338|0x00000000b8400000, 0x00000000b8500000, 0x00000000b8500000|100%| E|CS|TAMS 0x00000000b8400000, 0x00000000b8400000| Complete 

Card table byte_map: [0x000002b04f200000,0x000002b04f4f0000] _byte_map_base: 0x000002b04ece7000

Marking Bits (Prev, Next): (CMBitMap*) 0x000002b03c898020, (CMBitMap*) 0x000002b03c898060
 Prev Bits: [0x000002b04f7e0000, 0x000002b050f18000)
 Next Bits: [0x000002b050f20000, 0x000002b052658000)

Polling page: 0x000002b03c030000

Metaspace:

Usage:
  Non-class:     73.16 MB used.
      Class:     10.71 MB used.
       Both:     83.88 MB used.

Virtual space:
  Non-class space:       80.00 MB reserved,      73.44 MB ( 92%) committed,  10 nodes.
      Class space:        1.00 GB reserved,      11.00 MB (  1%) committed,  1 nodes.
             Both:        1.08 GB reserved,      84.44 MB (  8%) committed. 

Chunk freelists:
   Non-Class:  2.11 MB
       Class:  934.00 KB
        Both:  3.02 MB

MaxMetaspaceSize: unlimited
CompressedClassSpaceSize: 1.00 GB
Initial GC threshold: 21.00 MB
Current GC threshold: 140.00 MB
CDS: off
MetaspaceReclaimPolicy: balanced
 - commit_granule_bytes: 65536.
 - commit_granule_words: 8192.
 - virtual_space_node_default_size: 1048576.
 - enlarge_chunks_in_place: 1.
 - new_chunks_are_fully_committed: 0.
 - uncommit_free_chunks: 1.
 - use_allocation_guard: 0.
 - handle_deallocations: 1.


Internal statistics:

num_allocs_failed_limit: 6.
num_arena_births: 1102.
num_arena_deaths: 270.
num_vsnodes_births: 11.
num_vsnodes_deaths: 0.
num_space_committed: 1351.
num_space_uncommitted: 0.
num_chunks_returned_to_freelist: 303.
num_chunks_taken_from_freelist: 4117.
num_chunk_merges: 106.
num_chunk_splits: 2817.
num_chunks_enlarged: 2119.
num_purges: 4.
num_inconsistent_stats: 0.

CodeHeap 'non-profiled nmethods': size=120000Kb used=12587Kb max_used=12587Kb free=107412Kb
 bounds [0x000002b0479e0000, 0x000002b048630000, 0x000002b04ef10000]
CodeHeap 'profiled nmethods': size=120000Kb used=19472Kb max_used=24482Kb free=100527Kb
 bounds [0x000002b0404b0000, 0x000002b041ca0000, 0x000002b0479e0000]
CodeHeap 'non-nmethods': size=5760Kb used=1349Kb max_used=1440Kb free=4411Kb
 bounds [0x000002b03ff10000, 0x000002b040180000, 0x000002b0404b0000]
 total_blobs=12334 nmethods=11647 adapters=599
 compilation: enabled
              stopped_count=0, restarted_count=0
 full_count=0

Compilation events (20 events):
Event: 4319.244 Thread 0x000002b054b64d10 14641       3       java.lang.invoke.MethodHandles::foldArgumentsWithCombiner (9 bytes)
Event: 4319.245 Thread 0x000002b054b64d10 nmethod 14641 0x000002b04059b790 code [0x000002b04059b920, 0x000002b04059ba68]
Event: 4319.252 Thread 0x000002b054b64d10 14642       3       java.math.BigDecimal::checkScale (62 bytes)
Event: 4319.252 Thread 0x000002b054b64d10 nmethod 14642 0x000002b040654110 code [0x000002b0406542c0, 0x000002b0406545c8]
Event: 4319.254 Thread 0x000002b054b64d10 14643       3       java.time.temporal.ChronoField::isTimeBased (19 bytes)
Event: 4319.255 Thread 0x000002b054b64d10 nmethod 14643 0x000002b0406fee10 code [0x000002b0406fefa0, 0x000002b0406ff138]
Event: 4319.255 Thread 0x000002b054b64d10 14644       3       java.time.format.DateTimePrintContext::getDecimalStyle (8 bytes)
Event: 4319.255 Thread 0x000002b054b64d10 nmethod 14644 0x000002b0405d2f10 code [0x000002b0405d30a0, 0x000002b0405d31d8]
Event: 4319.255 Thread 0x000002b054b64d10 14645       3       java.time.format.DecimalStyle::convertNumberToI18N (60 bytes)
Event: 4319.256 Thread 0x000002b054b64d10 nmethod 14645 0x000002b0409fc790 code [0x000002b0409fc980, 0x000002b0409fce48]
Event: 4319.260 Thread 0x000002b054b64d10 14646       3       java.util.Properties::getProperty (50 bytes)
Event: 4319.261 Thread 0x000002b054b64d10 nmethod 14646 0x000002b041040e10 code [0x000002b041040fe0, 0x000002b041041538]
Event: 4319.271 Thread 0x000002b054b64d10 14647       3       java.math.BigDecimal::valueOf (57 bytes)
Event: 4319.272 Thread 0x000002b054b64d10 nmethod 14647 0x000002b040851b90 code [0x000002b040851d80, 0x000002b040852338]
Event: 4319.288 Thread 0x000002b054b64d10 14648       3       org.jboss.logging.Slf4jLocationAwareLogger::isEnabled (114 bytes)
Event: 4319.290 Thread 0x000002b054b64d10 nmethod 14648 0x000002b04057af90 code [0x000002b04057b220, 0x000002b04057bab8]
Event: 4319.290 Thread 0x000002b054b64d10 14649       3       org.jboss.logging.Slf4jLocationAwareLogger::doLog (54 bytes)
Event: 4319.291 Thread 0x000002b054b64d10 nmethod 14649 0x000002b040ee2890 code [0x000002b040ee2aa0, 0x000002b040ee3078]
Event: 4319.375 Thread 0x000002b054b64d10 14651       3       org.apache.tomcat.util.http.ConcurrentDateFormat::format (41 bytes)
Event: 4319.376 Thread 0x000002b054b64d10 nmethod 14651 0x000002b040743210 code [0x000002b040743420, 0x000002b040743a98]

GC Heap History (20 events):
Event: 4302.837 GC heap before
{Heap before GC invocations=243 (full 0):
 garbage-first heap   total 235520K, used 179556K [0x00000000a3200000, 0x0000000100000000)
  region size 1024K, 138 young (141312K), 2 survivors (2048K)
 Metaspace       used 85632K, committed 86144K, reserved 1130496K
  class space    used 10930K, committed 11200K, reserved 1048576K
}
Event: 4302.842 GC heap after
{Heap after GC invocations=244 (full 0):
 garbage-first heap   total 235520K, used 41243K [0x00000000a3200000, 0x0000000100000000)
  region size 1024K, 3 young (3072K), 3 survivors (3072K)
 Metaspace       used 85632K, committed 86144K, reserved 1130496K
  class space    used 10930K, committed 11200K, reserved 1048576K
}
Event: 4304.139 GC heap before
{Heap before GC invocations=244 (full 0):
 garbage-first heap   total 235520K, used 179483K [0x00000000a3200000, 0x0000000100000000)
  region size 1024K, 138 young (141312K), 3 survivors (3072K)
 Metaspace       used 85632K, committed 86144K, reserved 1130496K
  class space    used 10930K, committed 11200K, reserved 1048576K
}
Event: 4304.145 GC heap after
{Heap after GC invocations=245 (full 0):
 garbage-first heap   total 235520K, used 40705K [0x00000000a3200000, 0x0000000100000000)
  region size 1024K, 2 young (2048K), 2 survivors (2048K)
 Metaspace       used 85632K, committed 86144K, reserved 1130496K
  class space    used 10930K, committed 11200K, reserved 1048576K
}
Event: 4305.515 GC heap before
{Heap before GC invocations=245 (full 0):
 garbage-first heap   total 235520K, used 179969K [0x00000000a3200000, 0x0000000100000000)
  region size 1024K, 138 young (141312K), 2 survivors (2048K)
 Metaspace       used 85632K, committed 86144K, reserved 1130496K
  class space    used 10930K, committed 11200K, reserved 1048576K
}
Event: 4305.519 GC heap after
{Heap after GC invocations=246 (full 0):
 garbage-first heap   total 235520K, used 40505K [0x00000000a3200000, 0x0000000100000000)
  region size 1024K, 2 young (2048K), 2 survivors (2048K)
 Metaspace       used 85632K, committed 86144K, reserved 1130496K
  class space    used 10930K, committed 11200K, reserved 1048576K
}
Event: 4306.670 GC heap before
{Heap before GC invocations=246 (full 0):
 garbage-first heap   total 235520K, used 179769K [0x00000000a3200000, 0x0000000100000000)
  region size 1024K, 138 young (141312K), 2 survivors (2048K)
 Metaspace       used 85632K, committed 86144K, reserved 1130496K
  class space    used 10930K, committed 11200K, reserved 1048576K
}
Event: 4306.676 GC heap after
{Heap after GC invocations=247 (full 0):
 garbage-first heap   total 235520K, used 41640K [0x00000000a3200000, 0x0000000100000000)
  region size 1024K, 3 young (3072K), 3 survivors (3072K)
 Metaspace       used 85632K, committed 86144K, reserved 1130496K
  class space    used 10930K, committed 11200K, reserved 1048576K
}
Event: 4307.929 GC heap before
{Heap before GC invocations=247 (full 0):
 garbage-first heap   total 235520K, used 179880K [0x00000000a3200000, 0x0000000100000000)
  region size 1024K, 138 young (141312K), 3 survivors (3072K)
 Metaspace       used 85632K, committed 86144K, reserved 1130496K
  class space    used 10930K, committed 11200K, reserved 1048576K
}
Event: 4307.932 GC heap after
{Heap after GC invocations=248 (full 0):
 garbage-first heap   total 235520K, used 40035K [0x00000000a3200000, 0x0000000100000000)
  region size 1024K, 2 young (2048K), 2 survivors (2048K)
 Metaspace       used 85632K, committed 86144K, reserved 1130496K
  class space    used 10930K, committed 11200K, reserved 1048576K
}
Event: 4309.414 GC heap before
{Heap before GC invocations=248 (full 0):
 garbage-first heap   total 235520K, used 179299K [0x00000000a3200000, 0x0000000100000000)
  region size 1024K, 138 young (141312K), 2 survivors (2048K)
 Metaspace       used 85632K, committed 86144K, reserved 1130496K
  class space    used 10930K, committed 11200K, reserved 1048576K
}
Event: 4309.418 GC heap after
{Heap after GC invocations=249 (full 0):
 garbage-first heap   total 235520K, used 39850K [0x00000000a3200000, 0x0000000100000000)
  region size 1024K, 1 young (1024K), 1 survivors (1024K)
 Metaspace       used 85632K, committed 86144K, reserved 1130496K
  class space    used 10930K, committed 11200K, reserved 1048576K
}
Event: 4310.653 GC heap before
{Heap before GC invocations=249 (full 0):
 garbage-first heap   total 235520K, used 180138K [0x00000000a3200000, 0x0000000100000000)
  region size 1024K, 138 young (141312K), 1 survivors (1024K)
 Metaspace       used 85635K, committed 86144K, reserved 1130496K
  class space    used 10931K, committed 11200K, reserved 1048576K
}
Event: 4310.661 GC heap after
{Heap after GC invocations=250 (full 0):
 garbage-first heap   total 235520K, used 42206K [0x00000000a3200000, 0x0000000100000000)
  region size 1024K, 4 young (4096K), 4 survivors (4096K)
 Metaspace       used 85635K, committed 86144K, reserved 1130496K
  class space    used 10931K, committed 11200K, reserved 1048576K
}
Event: 4313.099 GC heap before
{Heap before GC invocations=250 (full 0):
 garbage-first heap   total 235520K, used 179422K [0x00000000a3200000, 0x0000000100000000)
  region size 1024K, 138 young (141312K), 4 survivors (4096K)
 Metaspace       used 85635K, committed 86144K, reserved 1130496K
  class space    used 10931K, committed 11200K, reserved 1048576K
}
Event: 4313.107 GC heap after
{Heap after GC invocations=251 (full 0):
 garbage-first heap   total 235520K, used 41353K [0x00000000a3200000, 0x0000000100000000)
  region size 1024K, 3 young (3072K), 3 survivors (3072K)
 Metaspace       used 85635K, committed 86144K, reserved 1130496K
  class space    used 10931K, committed 11200K, reserved 1048576K
}
Event: 4314.800 GC heap before
{Heap before GC invocations=251 (full 0):
 garbage-first heap   total 235520K, used 179593K [0x00000000a3200000, 0x0000000100000000)
  region size 1024K, 138 young (141312K), 3 survivors (3072K)
 Metaspace       used 85635K, committed 86144K, reserved 1130496K
  class space    used 10931K, committed 11200K, reserved 1048576K
}
Event: 4314.807 GC heap after
{Heap after GC invocations=252 (full 0):
 garbage-first heap   total 235520K, used 42437K [0x00000000a3200000, 0x0000000100000000)
  region size 1024K, 4 young (4096K), 4 survivors (4096K)
 Metaspace       used 85635K, committed 86144K, reserved 1130496K
  class space    used 10931K, committed 11200K, reserved 1048576K
}
Event: 4317.840 GC heap before
{Heap before GC invocations=252 (full 0):
 garbage-first heap   total 235520K, used 179653K [0x00000000a3200000, 0x0000000100000000)
  region size 1024K, 138 young (141312K), 4 survivors (4096K)
 Metaspace       used 85635K, committed 86144K, reserved 1130496K
  class space    used 10931K, committed 11200K, reserved 1048576K
}
Event: 4317.861 GC heap after
{Heap after GC invocations=253 (full 0):
 garbage-first heap   total 235520K, used 40549K [0x00000000a3200000, 0x0000000100000000)
  region size 1024K, 2 young (2048K), 2 survivors (2048K)
 Metaspace       used 85635K, committed 86144K, reserved 1130496K
  class space    used 10931K, committed 11200K, reserved 1048576K
}

Deoptimization events (20 events):
Event: 4319.394 Thread 0x000002b056f1d1f0 Uncommon trap: trap_request=0x00000018 fr.pc=0x000002b04853750c relative=0x00000000000000ec
Event: 4319.394 Thread 0x000002b056f1d1f0 Uncommon trap: reason=unloaded action=reinterpret pc=0x000002b04853750c method=jdk.internal.reflect.GeneratedMethodAccessor132.invoke(Ljava/lang/Object;[Ljava/lang/Object;)Ljava/lang/Object; @ 56 c2
Event: 4319.394 Thread 0x000002b056f1d1f0 DEOPT PACKING pc=0x000002b04853750c sp=0x000000dfc10fe0d0
Event: 4319.394 Thread 0x000002b056f1d1f0 DEOPT UNPACKING pc=0x000002b03ff6239d sp=0x000000dfc10fe058 mode 2
Event: 4319.397 Thread 0x000002b056f1d1f0 Uncommon trap: trap_request=0xffffff45 fr.pc=0x000002b047c2f220 relative=0x0000000000000e80
Event: 4319.397 Thread 0x000002b056f1d1f0 Uncommon trap: reason=unstable_if action=reinterpret pc=0x000002b047c2f220 method=java.util.concurrent.ConcurrentHashMap.computeIfAbsent(Ljava/lang/Object;Ljava/util/function/Function;)Ljava/lang/Object; @ 279 c2
Event: 4319.397 Thread 0x000002b056f1d1f0 DEOPT PACKING pc=0x000002b047c2f220 sp=0x000000dfc10fde40
Event: 4319.397 Thread 0x000002b056f1d1f0 DEOPT UNPACKING pc=0x000002b03ff6239d sp=0x000000dfc10fddb8 mode 2
Event: 4319.401 Thread 0x000002b056f1d1f0 Uncommon trap: trap_request=0xffffff45 fr.pc=0x000002b0484cf9d0 relative=0x0000000000001fd0
Event: 4319.401 Thread 0x000002b056f1d1f0 Uncommon trap: reason=unstable_if action=reinterpret pc=0x000002b0484cf9d0 method=org.hibernate.resource.transaction.backend.jdbc.internal.JdbcResourceLocalTransactionCoordinatorImpl.isJoined()Z @ 4 c2
Event: 4319.401 Thread 0x000002b056f1d1f0 DEOPT PACKING pc=0x000002b0484cf9d0 sp=0x000000dfc10fe020
Event: 4319.401 Thread 0x000002b056f1d1f0 DEOPT UNPACKING pc=0x000002b03ff6239d sp=0x000000dfc10fdeb0 mode 2
Event: 4319.401 Thread 0x000002b056f1d1f0 Uncommon trap: trap_request=0xffffff45 fr.pc=0x000002b0480a3fcc relative=0x000000000000136c
Event: 4319.401 Thread 0x000002b056f1d1f0 Uncommon trap: reason=unstable_if action=reinterpret pc=0x000002b0480a3fcc method=org.hibernate.engine.internal.StatefulPersistenceContext.clear()V @ 4 c2
Event: 4319.401 Thread 0x000002b056f1d1f0 DEOPT PACKING pc=0x000002b0480a3fcc sp=0x000000dfc10fdf10
Event: 4319.401 Thread 0x000002b056f1d1f0 DEOPT UNPACKING pc=0x000002b03ff6239d sp=0x000000dfc10fded8 mode 2
Event: 4319.401 Thread 0x000002b056f1d1f0 Uncommon trap: trap_request=0xffffff45 fr.pc=0x000002b0484d8030 relative=0x0000000000000590
Event: 4319.401 Thread 0x000002b056f1d1f0 Uncommon trap: reason=unstable_if action=reinterpret pc=0x000002b0484d8030 method=org.hibernate.engine.internal.EntityEntryContext.clear()V @ 27 c2
Event: 4319.401 Thread 0x000002b056f1d1f0 DEOPT PACKING pc=0x000002b0484d8030 sp=0x000000dfc10fdeb0
Event: 4319.401 Thread 0x000002b056f1d1f0 DEOPT UNPACKING pc=0x000002b03ff6239d sp=0x000000dfc10fde70 mode 2

Classes unloaded (20 events):
Event: 2068.397 Thread 0x000002b054afaea0 Unloading class 0x00000001000ad400 'java/lang/invoke/LambdaForm$MH+0x00000001000ad400'
Event: 2068.397 Thread 0x000002b054afaea0 Unloading class 0x00000001000ad000 'java/lang/invoke/LambdaForm$MH+0x00000001000ad000'
Event: 2068.397 Thread 0x000002b054afaea0 Unloading class 0x00000001000acc00 'java/lang/invoke/LambdaForm$MH+0x00000001000acc00'
Event: 2068.397 Thread 0x000002b054afaea0 Unloading class 0x00000001000ac800 'java/lang/invoke/LambdaForm$MH+0x00000001000ac800'
Event: 2068.397 Thread 0x000002b054afaea0 Unloading class 0x00000001000ac400 'java/lang/invoke/LambdaForm$MH+0x00000001000ac400'
Event: 2068.397 Thread 0x000002b054afaea0 Unloading class 0x00000001000ac000 'java/lang/invoke/LambdaForm$MH+0x00000001000ac000'
Event: 2068.397 Thread 0x000002b054afaea0 Unloading class 0x0000000100090800 'java/lang/invoke/LambdaForm$MH+0x0000000100090800'
Event: 2068.397 Thread 0x000002b054afaea0 Unloading class 0x0000000100090400 'java/lang/invoke/LambdaForm$MH+0x0000000100090400'
Event: 2068.397 Thread 0x000002b054afaea0 Unloading class 0x000000010008fc00 'java/lang/invoke/LambdaForm$MH+0x000000010008fc00'
Event: 2068.397 Thread 0x000002b054afaea0 Unloading class 0x000000010008f800 'java/lang/invoke/LambdaForm$MH+0x000000010008f800'
Event: 2068.397 Thread 0x000002b054afaea0 Unloading class 0x000000010008e800 'java/lang/invoke/LambdaForm$MH+0x000000010008e800'
Event: 2068.397 Thread 0x000002b054afaea0 Unloading class 0x000000010008e000 'java/lang/invoke/LambdaForm$MH+0x000000010008e000'
Event: 2068.397 Thread 0x000002b054afaea0 Unloading class 0x000000010008dc00 'java/lang/invoke/LambdaForm$MH+0x000000010008dc00'
Event: 2068.397 Thread 0x000002b054afaea0 Unloading class 0x000000010008d800 'java/lang/invoke/LambdaForm$MH+0x000000010008d800'
Event: 2068.397 Thread 0x000002b054afaea0 Unloading class 0x000000010008d400 'java/lang/invoke/LambdaForm$MH+0x000000010008d400'
Event: 2068.397 Thread 0x000002b054afaea0 Unloading class 0x000000010008d000 'java/lang/invoke/LambdaForm$MH+0x000000010008d000'
Event: 2068.397 Thread 0x000002b054afaea0 Unloading class 0x000000010008c800 'java/lang/invoke/LambdaForm$MH+0x000000010008c800'
Event: 2068.397 Thread 0x000002b054afaea0 Unloading class 0x000000010008c000 'java/lang/invoke/LambdaForm$MH+0x000000010008c000'
Event: 3401.151 Thread 0x000002b054afaea0 Unloading class 0x0000000100ad8400 'jdk/internal/reflect/GeneratedConstructorAccessor39'
Event: 3401.152 Thread 0x000002b054afaea0 Unloading class 0x0000000100ad8000 'jdk/internal/reflect/GeneratedConstructorAccessor38'

Classes redefined (0 events):
No events

Internal exceptions (20 events):
Event: 2748.297 Thread 0x000002b056f1e060 Implicit null exception at 0x000002b047c76d38 to 0x000002b047c7d994
Event: 2748.357 Thread 0x000002b056f1e060 Implicit null exception at 0x000002b047b8576f to 0x000002b047b85ad4
Event: 2748.362 Thread 0x000002b056f1e060 Implicit null exception at 0x000002b047b8f8dd to 0x000002b047b905d8
Event: 2748.362 Thread 0x000002b056f1e060 Implicit null exception at 0x000002b047b70038 to 0x000002b047b706a4
Event: 2748.364 Thread 0x000002b056f1e060 Implicit null exception at 0x000002b047bb7496 to 0x000002b047bb79fc
Event: 2748.497 Thread 0x000002b056f1e060 Implicit null exception at 0x000002b047e2c82f to 0x000002b047e2e114
Event: 2748.655 Thread 0x000002b056f1e060 Implicit null exception at 0x000002b047be3511 to 0x000002b047be3a50
Event: 2757.759 Thread 0x000002b05742a940 Exception <a 'java/lang/reflect/InvocationTargetException'{0x00000000a76d81f0}> (0x00000000a76d81f0) 
thrown [e:\jenkins\tmp\workspace\build\src\src\hotspot\share\runtime\reflection.cpp, line 1121]
Event: 2758.126 Thread 0x000002b05742e300 Implicit null exception at 0x000002b047e2b2ef to 0x000002b047e2b78c
Event: 2831.371 Thread 0x000002b056f1b510 Exception <a 'java/lang/reflect/InvocationTargetException'{0x00000000a6c09258}> (0x00000000a6c09258) 
thrown [e:\jenkins\tmp\workspace\build\src\src\hotspot\share\runtime\reflection.cpp, line 1121]
Event: 3126.973 Thread 0x000002b056f1b510 Exception <a 'java/lang/reflect/InvocationTargetException'{0x00000000a65ffa88}> (0x00000000a65ffa88) 
thrown [e:\jenkins\tmp\workspace\build\src\src\hotspot\share\runtime\reflection.cpp, line 1121]
Event: 3543.713 Thread 0x000002b059d6cd60 Implicit null exception at 0x000002b047efa4b0 to 0x000002b047efa4e0
Event: 3973.097 Thread 0x000002b056f1db90 Exception <a 'java/lang/reflect/InvocationTargetException'{0x00000000a6b7ddd0}> (0x00000000a6b7ddd0) 
thrown [e:\jenkins\tmp\workspace\build\src\src\hotspot\share\runtime\reflection.cpp, line 1121]
Event: 4008.689 Thread 0x000002b05742a940 Exception <a 'java/lang/reflect/InvocationTargetException'{0x00000000a75b7c48}> (0x00000000a75b7c48) 
thrown [e:\jenkins\tmp\workspace\build\src\src\hotspot\share\runtime\reflection.cpp, line 1121]
Event: 4262.949 Thread 0x000002b05742d490 Implicit null exception at 0x000002b048555938 to 0x000002b04855a3d0
Event: 4262.974 Thread 0x000002b05742e300 Implicit null exception at 0x000002b048555938 to 0x000002b04855a3d0
Event: 4262.981 Thread 0x000002b056f1e060 Implicit null exception at 0x000002b048555938 to 0x000002b04855a3d0
Event: 4262.982 Thread 0x000002b056f1b510 Implicit null exception at 0x000002b048555938 to 0x000002b04855a3d0
Event: 4319.401 Thread 0x000002b056f1d1f0 Implicit null exception at 0x000002b0480a2c94 to 0x000002b0480a3fc0
Event: 4319.401 Thread 0x000002b056f1d1f0 Implicit null exception at 0x000002b0484d7bab to 0x000002b0484d8020

VM Operations (20 events):
Event: 4302.837 Executing VM operation: G1CollectForAllocation
Event: 4302.842 Executing VM operation: G1CollectForAllocation done
Event: 4304.138 Executing VM operation: G1CollectForAllocation
Event: 4304.145 Executing VM operation: G1CollectForAllocation done
Event: 4305.514 Executing VM operation: G1CollectForAllocation
Event: 4305.519 Executing VM operation: G1CollectForAllocation done
Event: 4306.669 Executing VM operation: G1CollectForAllocation
Event: 4306.676 Executing VM operation: G1CollectForAllocation done
Event: 4307.928 Executing VM operation: G1CollectForAllocation
Event: 4307.932 Executing VM operation: G1CollectForAllocation done
Event: 4309.413 Executing VM operation: G1CollectForAllocation
Event: 4309.418 Executing VM operation: G1CollectForAllocation done
Event: 4310.652 Executing VM operation: G1CollectForAllocation
Event: 4310.661 Executing VM operation: G1CollectForAllocation done
Event: 4313.099 Executing VM operation: G1CollectForAllocation
Event: 4313.107 Executing VM operation: G1CollectForAllocation done
Event: 4314.800 Executing VM operation: G1CollectForAllocation
Event: 4314.808 Executing VM operation: G1CollectForAllocation done
Event: 4317.840 Executing VM operation: G1CollectForAllocation
Event: 4317.861 Executing VM operation: G1CollectForAllocation done

Events (20 events):
Event: 4240.219 Thread 0x000002b054b8e710 flushing nmethod 0x000002b0419b5190
Event: 4240.219 Thread 0x000002b054b8e710 flushing nmethod 0x000002b0419c1f90
Event: 4240.219 Thread 0x000002b054b8e710 flushing nmethod 0x000002b0419c2b10
Event: 4240.219 Thread 0x000002b054b8e710 flushing nmethod 0x000002b0419d6390
Event: 4240.219 Thread 0x000002b054b8e710 flushing nmethod 0x000002b0419d8590
Event: 4240.219 Thread 0x000002b054b8e710 flushing nmethod 0x000002b041a1fd10
Event: 4240.220 Thread 0x000002b054b8e710 flushing nmethod 0x000002b041a60690
Event: 4240.220 Thread 0x000002b054b8e710 flushing nmethod 0x000002b041aa9010
Event: 4240.220 Thread 0x000002b054b8e710 flushing nmethod 0x000002b041abe590
Event: 4240.220 Thread 0x000002b054b8e710 flushing nmethod 0x000002b041ac9210
Event: 4240.222 Thread 0x000002b054b8e710 flushing nmethod 0x000002b041aed090
Event: 4240.223 Thread 0x000002b054b8e710 flushing nmethod 0x000002b041bf6a10
Event: 4240.223 Thread 0x000002b054b8e710 flushing nmethod 0x000002b041bf7590
Event: 4240.223 Thread 0x000002b054b8e710 flushing nmethod 0x000002b041bf8410
Event: 4240.223 Thread 0x000002b054b8e710 flushing nmethod 0x000002b041c4fb90
Event: 4245.770 Thread 0x000002b060d8ef00 Thread added: 0x000002b060d8ef00
Event: 4250.826 Thread 0x000002b060d8ef00 Thread exited: 0x000002b060d8ef00
Event: 4256.603 Thread 0x000002b05742c150 Thread added: 0x000002b05742c150
Event: 4261.814 Thread 0x000002b05742c150 Thread exited: 0x000002b05742c150
Event: 4297.419 Thread 0x000002b054b8e710 flushing nmethod 0x000002b0411beb90


Dynamic libraries:
0x00007ff6aadf0000 - 0x00007ff6aadfe000 	C:\Users\tashtiba\AppData\Local\Temp\Rar$EXa0.061\eclipse\plugins\org.eclipse.justj.openjdk.hotspot.jre.full.win32.x86_64_17.0.2.v20220201-1208\jre\bin\javaw.exe
0x00007ffc4aa70000 - 0x00007ffc4ac68000 	C:\WINDOWS\SYSTEM32\ntdll.dll
0x00007ffc49030000 - 0x00007ffc490ed000 	C:\WINDOWS\System32\KERNEL32.DLL
0x00007ffc48130000 - 0x00007ffc48426000 	C:\WINDOWS\System32\KERNELBASE.dll
0x00007ffc487f0000 - 0x00007ffc488f0000 	C:\WINDOWS\System32\ucrtbase.dll
0x00007ffc35bf0000 - 0x00007ffc35c08000 	C:\Users\tashtiba\AppData\Local\Temp\Rar$EXa0.061\eclipse\plugins\org.eclipse.justj.openjdk.hotspot.jre.full.win32.x86_64_17.0.2.v20220201-1208\jre\bin\jli.dll
0x00007ffc4a420000 - 0x00007ffc4a5bf000 	C:\WINDOWS\System32\USER32.dll
0x00007ffc486a0000 - 0x00007ffc486c2000 	C:\WINDOWS\System32\win32u.dll
0x00007ffc4a5c0000 - 0x00007ffc4a5eb000 	C:\WINDOWS\System32\GDI32.dll
0x00007ffc48990000 - 0x00007ffc48aa7000 	C:\WINDOWS\System32\gdi32full.dll
0x00007ffc488f0000 - 0x00007ffc4898d000 	C:\WINDOWS\System32\msvcp_win.dll
0x00007ffc35650000 - 0x00007ffc35669000 	C:\Users\tashtiba\AppData\Local\Temp\Rar$EXa0.061\eclipse\plugins\org.eclipse.justj.openjdk.hotspot.jre.full.win32.x86_64_17.0.2.v20220201-1208\jre\bin\VCRUNTIME140.dll
0x00007ffc39f30000 - 0x00007ffc3a1ca000 	C:\WINDOWS\WinSxS\amd64_microsoft.windows.common-controls_6595b64144ccf1df_6.0.19041.4355_none_60b8b9eb71f62e16\COMCTL32.dll
0x00007ffc492a0000 - 0x00007ffc4933e000 	C:\WINDOWS\System32\msvcrt.dll
0x00007ffc49a90000 - 0x00007ffc49abf000 	C:\WINDOWS\System32\IMM32.DLL
0x00007ffc35be0000 - 0x00007ffc35bec000 	C:\Users\tashtiba\AppData\Local\Temp\Rar$EXa0.061\eclipse\plugins\org.eclipse.justj.openjdk.hotspot.jre.full.win32.x86_64_17.0.2.v20220201-1208\jre\bin\vcruntime140_1.dll
0x00007ffc298a0000 - 0x00007ffc29931000 	C:\Users\tashtiba\AppData\Local\Temp\Rar$EXa0.061\eclipse\plugins\org.eclipse.justj.openjdk.hotspot.jre.full.win32.x86_64_17.0.2.v20220201-1208\jre\bin\msvcp140.dll
0x00007ffbf86d0000 - 0x00007ffbf9317000 	C:\Users\tashtiba\AppData\Local\Temp\Rar$EXa0.061\eclipse\plugins\org.eclipse.justj.openjdk.hotspot.jre.full.win32.x86_64_17.0.2.v20220201-1208\jre\bin\server\jvm.dll
0x00007ffc4a830000 - 0x00007ffc4a8e0000 	C:\WINDOWS\System32\ADVAPI32.dll
0x00007ffc4a990000 - 0x00007ffc4aa30000 	C:\WINDOWS\System32\sechost.dll
0x00007ffc497c0000 - 0x00007ffc498e3000 	C:\WINDOWS\System32\RPCRT4.dll
0x00007ffc48430000 - 0x00007ffc48457000 	C:\WINDOWS\System32\bcrypt.dll
0x00007ffc49340000 - 0x00007ffc49348000 	C:\WINDOWS\System32\PSAPI.DLL
0x00007ffc41d10000 - 0x00007ffc41d19000 	C:\WINDOWS\SYSTEM32\WSOCK32.dll
0x00007ffc48e90000 - 0x00007ffc48efb000 	C:\WINDOWS\System32\WS2_32.dll
0x00007ffc3c4c0000 - 0x00007ffc3c4e7000 	C:\WINDOWS\SYSTEM32\WINMM.dll
0x00007ffc3c0a0000 - 0x00007ffc3c0aa000 	C:\WINDOWS\SYSTEM32\VERSION.dll
0x00007ffc45fb0000 - 0x00007ffc45fc2000 	C:\WINDOWS\SYSTEM32\kernel.appcore.dll
0x00007ffc36120000 - 0x00007ffc3612a000 	C:\Users\tashtiba\AppData\Local\Temp\Rar$EXa0.061\eclipse\plugins\org.eclipse.justj.openjdk.hotspot.jre.full.win32.x86_64_17.0.2.v20220201-1208\jre\bin\jimage.dll
0x00007ffc35e60000 - 0x00007ffc36044000 	C:\WINDOWS\SYSTEM32\DBGHELP.DLL
0x00007ffc35e20000 - 0x00007ffc35e54000 	C:\WINDOWS\SYSTEM32\dbgcore.DLL
0x00007ffc485c0000 - 0x00007ffc48642000 	C:\WINDOWS\System32\bcryptPrimitives.dll
0x00007ffc355e0000 - 0x00007ffc35605000 	C:\Users\tashtiba\AppData\Local\Temp\Rar$EXa0.061\eclipse\plugins\org.eclipse.justj.openjdk.hotspot.jre.full.win32.x86_64_17.0.2.v20220201-1208\jre\bin\java.dll
0x00007ffc3e230000 - 0x00007ffc3e248000 	C:\Users\tashtiba\AppData\Local\Temp\Rar$EXa0.061\eclipse\plugins\org.eclipse.justj.openjdk.hotspot.jre.full.win32.x86_64_17.0.2.v20220201-1208\jre\bin\zip.dll
0x00007ffc49b80000 - 0x00007ffc4a2ec000 	C:\WINDOWS\System32\SHELL32.dll
0x00007ffc461b0000 - 0x00007ffc4694d000 	C:\WINDOWS\SYSTEM32\windows.storage.dll
0x00007ffc48b30000 - 0x00007ffc48e83000 	C:\WINDOWS\System32\combase.dll
0x00007ffc47b50000 - 0x00007ffc47b7e000 	C:\WINDOWS\SYSTEM32\Wldp.dll
0x00007ffc4a700000 - 0x00007ffc4a7cd000 	C:\WINDOWS\System32\OLEAUT32.dll
0x00007ffc4a5f0000 - 0x00007ffc4a69d000 	C:\WINDOWS\System32\SHCORE.dll
0x00007ffc498f0000 - 0x00007ffc49945000 	C:\WINDOWS\System32\shlwapi.dll
0x00007ffc48060000 - 0x00007ffc48084000 	C:\WINDOWS\SYSTEM32\profapi.dll
0x00007ffc3e210000 - 0x00007ffc3e229000 	C:\Users\tashtiba\AppData\Local\Temp\Rar$EXa0.061\eclipse\plugins\org.eclipse.justj.openjdk.hotspot.jre.full.win32.x86_64_17.0.2.v20220201-1208\jre\bin\net.dll
0x00007ffc401d0000 - 0x00007ffc402da000 	C:\WINDOWS\SYSTEM32\WINHTTP.dll
0x00007ffc478b0000 - 0x00007ffc4791a000 	C:\WINDOWS\system32\mswsock.dll
0x00007ffc3e1f0000 - 0x00007ffc3e205000 	C:\Users\tashtiba\AppData\Local\Temp\Rar$EXa0.061\eclipse\plugins\org.eclipse.justj.openjdk.hotspot.jre.full.win32.x86_64_17.0.2.v20220201-1208\jre\bin\nio.dll
0x00007ffc423b0000 - 0x00007ffc423b9000 	C:\Users\tashtiba\AppData\Local\Temp\Rar$EXa0.061\eclipse\plugins\org.eclipse.justj.openjdk.hotspot.jre.full.win32.x86_64_17.0.2.v20220201-1208\jre\bin\management.dll
0x00007ffc422d0000 - 0x00007ffc422db000 	C:\Users\tashtiba\AppData\Local\Temp\Rar$EXa0.061\eclipse\plugins\org.eclipse.justj.openjdk.hotspot.jre.full.win32.x86_64_17.0.2.v20220201-1208\jre\bin\management_ext.dll
0x00007ffc451f0000 - 0x00007ffc451fe000 	C:\Users\tashtiba\AppData\Local\Temp\Rar$EXa0.061\eclipse\plugins\org.eclipse.justj.openjdk.hotspot.jre.full.win32.x86_64_17.0.2.v20220201-1208\jre\bin\sunmscapi.dll
0x00007ffc48460000 - 0x00007ffc485be000 	C:\WINDOWS\System32\CRYPT32.dll
0x00007ffc47bc0000 - 0x00007ffc47be9000 	C:\WINDOWS\SYSTEM32\ncrypt.dll
0x00007ffc47b80000 - 0x00007ffc47bbb000 	C:\WINDOWS\SYSTEM32\NTASN1.dll
0x00007ffc47ab0000 - 0x00007ffc47ac8000 	C:\WINDOWS\SYSTEM32\CRYPTSP.dll
0x00007ffc47160000 - 0x00007ffc47194000 	C:\WINDOWS\system32\rsaenh.dll
0x00007ffc48010000 - 0x00007ffc4803e000 	C:\WINDOWS\SYSTEM32\USERENV.dll
0x00007ffc47aa0000 - 0x00007ffc47aac000 	C:\WINDOWS\SYSTEM32\CRYPTBASE.dll
0x00007ffc47540000 - 0x00007ffc4757b000 	C:\WINDOWS\SYSTEM32\IPHLPAPI.DLL
0x00007ffc49ac0000 - 0x00007ffc49ac8000 	C:\WINDOWS\System32\NSI.dll
0x00007ffc417c0000 - 0x00007ffc417d7000 	C:\WINDOWS\SYSTEM32\dhcpcsvc6.DLL
0x00007ffc416d0000 - 0x00007ffc416ed000 	C:\WINDOWS\SYSTEM32\dhcpcsvc.DLL
0x00007ffc47590000 - 0x00007ffc4765a000 	C:\WINDOWS\SYSTEM32\DNSAPI.dll
0x00007ffc3e1e0000 - 0x00007ffc3e1f0000 	C:\Users\tashtiba\AppData\Local\Temp\Rar$EXa0.061\eclipse\plugins\org.eclipse.justj.openjdk.hotspot.jre.full.win32.x86_64_17.0.2.v20220201-1208\jre\bin\verify.dll
0x00007ffc40790000 - 0x00007ffc4079a000 	C:\Windows\System32\rasadhlp.dll
0x00007ffc3de40000 - 0x00007ffc3dec0000 	C:\WINDOWS\System32\fwpuclnt.dll
0x00007ffc16dd0000 - 0x00007ffc16dd7000 	C:\WINDOWS\system32\wshunix.dll

dbghelp: loaded successfully - version: 4.0.5 - missing functions: none
symbol engine: initialized successfully - sym options: 0x614 - pdb path: .;C:\Users\tashtiba\AppData\Local\Temp\Rar$EXa0.061\eclipse\plugins\org.eclipse.justj.openjdk.hotspot.jre.full.win32.x86_64_17.0.2.v20220201-1208\jre\bin;C:\WINDOWS\SYSTEM32;C:\WINDOWS\WinSxS\amd64_microsoft.windows.common-controls_6595b64144ccf1df_6.0.19041.4355_none_60b8b9eb71f62e16;C:\Users\tashtiba\AppData\Local\Temp\Rar$EXa0.061\eclipse\plugins\org.eclipse.justj.openjdk.hotspot.jre.full.win32.x86_64_17.0.2.v20220201-1208\jre\bin\server

VM Arguments:
jvm_args: -Dfile.encoding=UTF-8 -XX:+ShowCodeDetailsInExceptionMessages 
java_command: com.rahma.AvEchelon.AvEchelonApplication
java_class_path (initial): C:\Users\tashtiba\Desktop\test\AvEchelon\target\classes;C:\Users\tashtiba\.m2\repository\org\springframework\boot\spring-boot-starter-data-jpa\3.3.0\spring-boot-starter-data-jpa-3.3.0.jar;C:\Users\tashtiba\.m2\repository\org\springframework\boot\spring-boot-starter-aop\3.3.0\spring-boot-starter-aop-3.3.0.jar;C:\Users\tashtiba\.m2\repository\org\springframework\spring-aop\6.1.8\spring-aop-6.1.8.jar;C:\Users\tashtiba\.m2\repository\org\aspectj\aspectjweaver\1.9.22\aspectjweaver-1.9.22.jar;C:\Users\tashtiba\.m2\repository\org\hibernate\orm\hibernate-core\6.5.2.Final\hibernate-core-6.5.2.Final.jar;C:\Users\tashtiba\.m2\repository\jakarta\persistence\jakarta.persistence-api\3.1.0\jakarta.persistence-api-3.1.0.jar;C:\Users\tashtiba\.m2\repository\jakarta\transaction\jakarta.transaction-api\2.0.1\jakarta.transaction-api-2.0.1.jar;C:\Users\tashtiba\.m2\repository\org\jboss\logging\jboss-logging\3.5.3.Final\jboss-logging-3.5.3.Final.jar;C:\Users\tashtiba\.m2\repository\org\hibernate\common\hibernate-commons-annotations\6.0.6.Final\hibernate-commons-annotations-6.0.6.Final.jar;C:\Users\tashtiba\.m2\repository\io\smallrye\jandex\3.1.2\jandex-3.1.2.jar;C:\Users\tashtiba\.m2\repository\com\fasterxml\classmate\1.7.0\classmate-1.7.0.jar;C:\Users\tashtiba\.m2\repository\net\bytebuddy\byte-buddy\1.14.16\byte-buddy-1.14.16.jar;C:\Users\tashtiba\.m2\repository\org\glassfish\jaxb\jaxb-runtime\4.0.5\jaxb-runtime-4.0.5.jar;C:\Users\tashtiba\.m2\repository\org\glassfish\jaxb\jaxb-core\4.0.5\jaxb-core-4.0.5.jar;C:\Users\tashtiba\.m2\repository\org\eclipse\angus\angus-activation\2.0.2\angus-activation-2.0.2.jar;C:\Users\tashtiba\.m2\repository\org\glassfish\jaxb\txw2\4.0.5\txw2-4.0.5.jar;C:\Users\tashtiba\.m2\repository\com\sun\istack\istack-commons-runtime\4.1.2\istack-commons-runtime-4.1.2.jar;C:\Users\tashtiba\.m2\repository\jakarta\inject\jakarta.inject-api\2.0.1\jakarta.inject-api-2.0.1.jar;C:\Users\tashtiba\.m2\repository\org\antlr\antlr4-runtime\4.13.0\an
Launcher Type: SUN_STANDARD

[Global flags]
     intx CICompilerCount                          = 3                                         {product} {ergonomic}
     uint ConcGCThreads                            = 1                                         {product} {ergonomic}
     uint G1ConcRefinementThreads                  = 4                                         {product} {ergonomic}
   size_t G1HeapRegionSize                         = 1048576                                   {product} {ergonomic}
    uintx GCDrainStackTargetSize                   = 64                                        {product} {ergonomic}
   size_t InitialHeapSize                          = 98566144                                  {product} {ergonomic}
   size_t MarkStackSize                            = 4194304                                   {product} {ergonomic}
   size_t MaxHeapSize                              = 1558183936                                {product} {ergonomic}
   size_t MaxNewSize                               = 934281216                                 {product} {ergonomic}
   size_t MinHeapDeltaBytes                        = 1048576                                   {product} {ergonomic}
   size_t MinHeapSize                              = 8388608                                   {product} {ergonomic}
    uintx NonNMethodCodeHeapSize                   = 5832780                                {pd product} {ergonomic}
    uintx NonProfiledCodeHeapSize                  = 122912730                              {pd product} {ergonomic}
    uintx ProfiledCodeHeapSize                     = 122912730                              {pd product} {ergonomic}
    uintx ReservedCodeCacheSize                    = 251658240                              {pd product} {ergonomic}
     bool SegmentedCodeCache                       = true                                      {product} {ergonomic}
     bool ShowCodeDetailsInExceptionMessages       = true                                   {manageable} {command line}
   size_t SoftMaxHeapSize                          = 1558183936                             {manageable} {ergonomic}
     bool UseCompressedClassPointers               = true                           {product lp64_product} {ergonomic}
     bool UseCompressedOops                        = true                           {product lp64_product} {ergonomic}
     bool UseG1GC                                  = true                                      {product} {ergonomic}
     bool UseLargePagesIndividualAllocation        = false                                  {pd product} {ergonomic}

Logging:
Log output configuration:
 #0: stdout all=warning uptime,level,tags
 #1: stderr all=off uptime,level,tags

Environment Variables:
PATH=C:/Users/tashtiba/AppData/Local/Temp/Rar$EXa0.061/eclipse//plugins/org.eclipse.justj.openjdk.hotspot.jre.full.win32.x86_64_17.0.2.v20220201-1208/jre/bin/server;C:/Users/tashtiba/AppData/Local/Temp/Rar$EXa0.061/eclipse//plugins/org.eclipse.justj.openjdk.hotspot.jre.full.win32.x86_64_17.0.2.v20220201-1208/jre/bin;C:\Program Files\Common Files\Oracle\Java\javapath;C:\Python312\Scripts\;C:\Python312\;C:\Program Files (x86)\Common Files\Oracle\Java\javapath;C:\Program Files (x86)\VMware\VMware Workstation\bin\;C:\WINDOWS\system32;C:\WINDOWS;C:\WINDOWS\System32\Wbem;C:\WINDOWS\System32\WindowsPowerShell\v1.0\;C:\WINDOWS\System32\OpenSSH\;C:\Program Files\Microsoft VS Code\bin;C:\Program Files\Java\jdk1.8.0_202;C:\ProgramData\chocolatey\bin;E:\Git\cmd;C:\Program Files\nodejs;C:\Program Files\nodejs\;C:\Users\tashtiba\AppData\Local\Microsoft\WindowsApps;C:\Program Files\nodejs;C:\Users\tashtiba\AppData\Local\Android\Sdk\platform-tools;C:\Users\tashtiba\AppData\Roaming\npm;C:\Program Files\JetBrains\IntelliJ IDEA 2024.1.2\bin;;C:\Users\tashtiba\AppData\Local\Temp\Rar$EXa0.061\eclipse;
USERNAME=tashtiba
OS=Windows_NT
PROCESSOR_IDENTIFIER=Intel64 Family 6 Model 37 Stepping 2, GenuineIntel



---------------  S Y S T E M  ---------------

OS:
 Windows 10 , 64 bit Build 19041 (10.0.19041.3636)
OS uptime: 0 days 1:16 hours

CPU: total 4 (initial active 4) (2 cores per cpu, 2 threads per core) family 6 model 37 stepping 2 microcode 0x11, cx8, cmov, fxsr, ht, mmx, sse, sse2, sse3, ssse3, sse4.1, sse4.2, popcnt, tsc, tscinvbit, clflush

Memory: 4k page, system-wide physical 5941M (454M free)
TotalPageFile size 24373M (AvailPageFile size 3M)
current process WorkingSet (physical memory assigned to process): 389M, peak: 474M
current process commit charge ("private bytes"): 499M, peak: 613M

vm_info: OpenJDK 64-Bit Server VM (17.0.2+8) for windows-amd64 JRE (17.0.2+8), built on Jan 20 2022 04:52:34 by "" with MS VC++ 16.7 (VS2019)

END.
