#
# There is insufficient memory for the Java Runtime Environment to continue.
# Native memory allocation (malloc) failed to allocate 1761296 bytes for Chunk::new
# Possible reasons:
#   The system is out of physical RAM or swap space
#   The process is running with CompressedOops enabled, and the Java Heap may be blocking the growth of the native heap
# Possible solutions:
#   Reduce memory load on the system
#   Increase physical memory or swap space
#   Check if swap backing store is full
#   Decrease Java heap size (-Xmx/-Xms)
#   Decrease number of Java threads
#   Decrease Java thread stack sizes (-Xss)
#   Set larger code cache with -XX:ReservedCodeCacheSize=
#   JVM is running with Unscaled Compressed Oops mode in which the Java heap is
#     placed in the first 4GB address space. The Java Heap base address is the
#     maximum limit for the native heap growth. Please use -XX:HeapBaseMinAddress
#     to set the Java Heap base and to place the Java Heap above 4GB virtual address.
# This output file may be truncated or incomplete.
#
#  Out of Memory Error (arena.cpp:189), pid=8332, tid=6040
#
# JRE version: OpenJDK Runtime Environment Temurin-17.0.2+8 (17.0.2+8) (build 17.0.2+8)
# Java VM: OpenJDK 64-Bit Server VM Temurin-17.0.2+8 (17.0.2+8, mixed mode, tiered, compressed oops, compressed class ptrs, g1 gc, windows-amd64)
# No core dump will be written. Minidumps are not enabled by default on client versions of Windows
#

---------------  S U M M A R Y ------------

Command Line: -Dfile.encoding=UTF-8 -XX:+ShowCodeDetailsInExceptionMessages com.rahma.AvEchelon.AvEchelonApplication

Host: Intel(R) Core(TM) i5 CPU       M 430  @ 2.27GHz, 4 cores, 5G,  Windows 10 , 64 bit Build 19041 (10.0.19041.3636)
Time: Sat Jun 29 18:07:23 2024 Romance Daylight Time elapsed time: 336.862248 seconds (0d 0h 5m 36s)

---------------  T H R E A D  ---------------

Current thread (0x000001b7d7d0e3d0):  JavaThread "C2 CompilerThread0" daemon [_thread_in_native, id=6040, stack(0x0000001733500000,0x0000001733600000)]


Current CompileTask:
C2: 336863 12924   !   4       org.hibernate.sql.results.jdbc.internal.DeferredResultSetAccess::executeQuery (286 bytes)

Stack: [0x0000001733500000,0x0000001733600000]
Native frames: (J=compiled Java code, j=interpreted, Vv=VM code, C=native code)
V  [jvm.dll+0x67564a]
V  [jvm.dll+0x82fc04]
V  [jvm.dll+0x8313ae]
V  [jvm.dll+0x831a13]
V  [jvm.dll+0x245235]
V  [jvm.dll+0xabd7b]
V  [jvm.dll+0xac30c]
V  [jvm.dll+0x3631a2]
V  [jvm.dll+0x32d891]
V  [jvm.dll+0x32cd3a]
V  [jvm.dll+0x2180d1]
V  [jvm.dll+0x2174f1]
V  [jvm.dll+0x1a3a8d]
V  [jvm.dll+0x226ef8]
V  [jvm.dll+0x22503c]
V  [jvm.dll+0x7e596b]
V  [jvm.dll+0x7dff2a]
V  [jvm.dll+0x6744d5]
C  [ucrtbase.dll+0x21bb2]
C  [KERNEL32.DLL+0x17344]
C  [ntdll.dll+0x4cc91]


---------------  P R O C E S S  ---------------

Threads class SMR info:
_java_thread_list=0x000001b7dc9853f0, length=31, elements={
0x000001b7d73652d0, 0x000001b7d7366380, 0x000001b7d7d08190, 0x000001b7d7d09150,
0x000001b7d7d0bb10, 0x000001b7d7d0c4c0, 0x000001b7d7d0e3d0, 0x000001b7d7d171e0,
0x000001b7d73ee870, 0x000001b7d7e53730, 0x000001b7d7e6e010, 0x000001b7dcb17c40,
0x000001b7dd0f4010, 0x000001b7dc942c20, 0x000001b7dc9435c0, 0x000001b7dc943a90,
0x000001b7dc943f60, 0x000001b7dc9430f0, 0x000001b7dc942750, 0x000001b7db654550,
0x000001b7db6523a0, 0x000001b7db656700, 0x000001b7db6501f0, 0x000001b7db650b90,
0x000001b7db652870, 0x000001b7db653bb0, 0x000001b7db651a00, 0x000001b7db651530,
0x000001b7db654a20, 0x000001b7db654ef0, 0x000001b7db6506c0
}

Java Threads: ( => current thread )
  0x000001b7d73652d0 JavaThread "Reference Handler" daemon [_thread_blocked, id=11336, stack(0x0000001732f00000,0x0000001733000000)]
  0x000001b7d7366380 JavaThread "Finalizer" daemon [_thread_blocked, id=8452, stack(0x0000001733000000,0x0000001733100000)]
  0x000001b7d7d08190 JavaThread "Signal Dispatcher" daemon [_thread_blocked, id=7900, stack(0x0000001733100000,0x0000001733200000)]
  0x000001b7d7d09150 JavaThread "Attach Listener" daemon [_thread_blocked, id=13840, stack(0x0000001733200000,0x0000001733300000)]
  0x000001b7d7d0bb10 JavaThread "Service Thread" daemon [_thread_blocked, id=2600, stack(0x0000001733300000,0x0000001733400000)]
  0x000001b7d7d0c4c0 JavaThread "Monitor Deflation Thread" daemon [_thread_blocked, id=9332, stack(0x0000001733400000,0x0000001733500000)]
=>0x000001b7d7d0e3d0 JavaThread "C2 CompilerThread0" daemon [_thread_in_native, id=6040, stack(0x0000001733500000,0x0000001733600000)]
  0x000001b7d7d171e0 JavaThread "C1 CompilerThread0" daemon [_thread_blocked, id=3312, stack(0x0000001733600000,0x0000001733700000)]
  0x000001b7d73ee870 JavaThread "Sweeper thread" daemon [_thread_blocked, id=4460, stack(0x0000001733700000,0x0000001733800000)]
  0x000001b7d7e53730 JavaThread "Notification Thread" daemon [_thread_blocked, id=8880, stack(0x0000001733800000,0x0000001733900000)]
  0x000001b7d7e6e010 JavaThread "Common-Cleaner" daemon [_thread_blocked, id=1556, stack(0x0000001733a00000,0x0000001733b00000)]
  0x000001b7dcb17c40 JavaThread "Catalina-utility-1" [_thread_blocked, id=8088, stack(0x0000001734100000,0x0000001734200000)]
  0x000001b7dd0f4010 JavaThread "http-nio-8281-exec-1" daemon [_thread_in_native, id=9208, stack(0x0000001734200000,0x0000001734300000)]
  0x000001b7dc942c20 JavaThread "http-nio-8281-exec-2" daemon [_thread_blocked, id=14176, stack(0x0000001734300000,0x0000001734400000)]
  0x000001b7dc9435c0 JavaThread "http-nio-8281-exec-3" daemon [_thread_blocked, id=11196, stack(0x0000001734400000,0x0000001734500000)]
  0x000001b7dc943a90 JavaThread "http-nio-8281-exec-4" daemon [_thread_in_native, id=11348, stack(0x0000001734500000,0x0000001734600000)]
  0x000001b7dc943f60 JavaThread "http-nio-8281-exec-5" daemon [_thread_blocked, id=1464, stack(0x0000001734600000,0x0000001734700000)]
  0x000001b7dc9430f0 JavaThread "http-nio-8281-exec-6" daemon [_thread_blocked, id=2448, stack(0x0000001734700000,0x0000001734800000)]
  0x000001b7dc942750 JavaThread "http-nio-8281-exec-7" daemon [_thread_in_native, id=2856, stack(0x0000001734800000,0x0000001734900000)]
  0x000001b7db654550 JavaThread "http-nio-8281-exec-8" daemon [_thread_in_native, id=736, stack(0x0000001734900000,0x0000001734a00000)]
  0x000001b7db6523a0 JavaThread "http-nio-8281-exec-9" daemon [_thread_blocked, id=6244, stack(0x0000001734a00000,0x0000001734b00000)]
  0x000001b7db656700 JavaThread "http-nio-8281-exec-10" daemon [_thread_in_native, id=6704, stack(0x0000001734b00000,0x0000001734c00000)]
  0x000001b7db6501f0 JavaThread "Catalina-utility-2" [_thread_blocked, id=4444, stack(0x0000001734c00000,0x0000001734d00000)]
  0x000001b7db650b90 JavaThread "container-0" [_thread_blocked, id=9316, stack(0x0000001734000000,0x0000001734100000)]
  0x000001b7db652870 JavaThread "mysql-cj-abandoned-connection-cleanup" daemon [_thread_blocked, id=11440, stack(0x0000001734d00000,0x0000001734e00000)]
  0x000001b7db653bb0 JavaThread "HikariPool-1 housekeeper" daemon [_thread_blocked, id=13036, stack(0x0000001734f00000,0x0000001735000000)]
  0x000001b7db651a00 JavaThread "File Watcher" daemon [_thread_blocked, id=13108, stack(0x0000001732600000,0x0000001732700000)]
  0x000001b7db651530 JavaThread "Live Reload Server" daemon [_thread_in_native, id=5612, stack(0x0000001735200000,0x0000001735300000)]
  0x000001b7db654a20 JavaThread "http-nio-8281-Poller" daemon [_thread_in_native, id=6452, stack(0x0000001732700000,0x0000001732800000)]
  0x000001b7db654ef0 JavaThread "http-nio-8281-Acceptor" daemon [_thread_in_native, id=7112, stack(0x0000001735300000,0x0000001735400000)]
  0x000001b7db6506c0 JavaThread "DestroyJavaVM" [_thread_blocked, id=11736, stack(0x0000001732800000,0x0000001732900000)]

Other Threads:
  0x000001b7d7361a60 VMThread "VM Thread" [stack: 0x0000001732e00000,0x0000001732f00000] [id=11644]
  0x000001b7d7e55010 WatcherThread [stack: 0x0000001733900000,0x0000001733a00000] [id=6976]
  0x000001b7bf0f9eb0 GCTaskThread "GC Thread#0" [stack: 0x0000001732900000,0x0000001732a00000] [id=1160]
  0x000001b7d88be420 GCTaskThread "GC Thread#1" [stack: 0x0000001733b00000,0x0000001733c00000] [id=12724]
  0x000001b7d88a94e0 GCTaskThread "GC Thread#2" [stack: 0x0000001733c00000,0x0000001733d00000] [id=13348]
  0x000001b7d874c390 GCTaskThread "GC Thread#3" [stack: 0x0000001733d00000,0x0000001733e00000] [id=6116]
  0x000001b7bf106650 ConcurrentGCThread "G1 Main Marker" [stack: 0x0000001732a00000,0x0000001732b00000] [id=6624]
  0x000001b7bf106f00 ConcurrentGCThread "G1 Conc#0" [stack: 0x0000001732b00000,0x0000001732c00000] [id=3376]
  0x000001b7bf16e760 ConcurrentGCThread "G1 Refine#0" [stack: 0x0000001732c00000,0x0000001732d00000] [id=13120]
  0x000001b7bf16f020 ConcurrentGCThread "G1 Service" [stack: 0x0000001732d00000,0x0000001732e00000] [id=10492]

Threads with active compile tasks:
C2 CompilerThread0   336972 12924   !   4       org.hibernate.sql.results.jdbc.internal.DeferredResultSetAccess::executeQuery (286 bytes)

VM state: not at safepoint (normal execution)

VM Mutex/Monitor currently owned by a thread: None

Heap address: 0x00000000a3200000, size: 1486 MB, Compressed Oops mode: 32-bit

CDS archive(s) not mapped
Compressed class space mapped at: 0x0000000100000000-0x0000000140000000, reserved size: 1073741824
Narrow klass base: 0x0000000000000000, Narrow klass shift: 3, Narrow klass range: 0x140000000

GC Precious Log:
 CPUs: 4 total, 4 available
 Memory: 5941M
 Large Page Support: Disabled
 NUMA Support: Disabled
 Compressed Oops: Enabled (32-bit)
 Heap Region Size: 1M
 Heap Min Capacity: 8M
 Heap Initial Capacity: 94M
 Heap Max Capacity: 1486M
 Pre-touch: Disabled
 Parallel Workers: 4
 Concurrent Workers: 1
 Concurrent Refinement Workers: 4
 Periodic GC: Disabled

Heap:
 garbage-first heap   total 266240K, used 141200K [0x00000000a3200000, 0x0000000100000000)
  region size 1024K, 98 young (100352K), 2 survivors (2048K)
 Metaspace       used 84009K, committed 84544K, reserved 1130496K
  class space    used 10854K, committed 11136K, reserved 1048576K

Heap Regions: E=young(eden), S=young(survivor), O=old, HS=humongous(starts), HC=humongous(continues), CS=collection set, F=free, OA=open archive, CA=closed archive, TAMS=top-at-mark-start (previous, next)
|   0|0x00000000a3200000, 0x00000000a3300000, 0x00000000a3300000|100%|HS|  |TAMS 0x00000000a3300000, 0x00000000a3200000| Complete 
|   1|0x00000000a3300000, 0x00000000a3400000, 0x00000000a3400000|100%| O|  |TAMS 0x00000000a3400000, 0x00000000a3300000| Untracked 
|   2|0x00000000a3400000, 0x00000000a3500000, 0x00000000a3500000|100%| O|  |TAMS 0x00000000a3500000, 0x00000000a3400000| Untracked 
|   3|0x00000000a3500000, 0x00000000a3600000, 0x00000000a3600000|100%| O|  |TAMS 0x00000000a3600000, 0x00000000a3500000| Untracked 
|   4|0x00000000a3600000, 0x00000000a3700000, 0x00000000a3700000|100%| O|  |TAMS 0x00000000a3700000, 0x00000000a3600000| Untracked 
|   5|0x00000000a3700000, 0x00000000a3800000, 0x00000000a3800000|100%| O|  |TAMS 0x00000000a3800000, 0x00000000a3700000| Untracked 
|   6|0x00000000a3800000, 0x00000000a3900000, 0x00000000a3900000|100%| O|  |TAMS 0x00000000a3900000, 0x00000000a3800000| Untracked 
|   7|0x00000000a3900000, 0x00000000a3a00000, 0x00000000a3a00000|100%| O|  |TAMS 0x00000000a3a00000, 0x00000000a3900000| Untracked 
|   8|0x00000000a3a00000, 0x00000000a3b00000, 0x00000000a3b00000|100%| O|  |TAMS 0x00000000a3b00000, 0x00000000a3a00000| Untracked 
|   9|0x00000000a3b00000, 0x00000000a3c00000, 0x00000000a3c00000|100%| O|  |TAMS 0x00000000a3c00000, 0x00000000a3b00000| Untracked 
|  10|0x00000000a3c00000, 0x00000000a3d00000, 0x00000000a3d00000|100%| O|  |TAMS 0x00000000a3d00000, 0x00000000a3c00000| Untracked 
|  11|0x00000000a3d00000, 0x00000000a3e00000, 0x00000000a3e00000|100%| O|  |TAMS 0x00000000a3e00000, 0x00000000a3d00000| Untracked 
|  12|0x00000000a3e00000, 0x00000000a3f00000, 0x00000000a3f00000|100%| O|  |TAMS 0x00000000a3e00000, 0x00000000a3e00000| Untracked 
|  13|0x00000000a3f00000, 0x00000000a4000000, 0x00000000a4000000|100%| O|  |TAMS 0x00000000a4000000, 0x00000000a3f00000| Untracked 
|  14|0x00000000a4000000, 0x00000000a4100000, 0x00000000a4100000|100%| O|  |TAMS 0x00000000a4100000, 0x00000000a4000000| Untracked 
|  15|0x00000000a4100000, 0x00000000a4200000, 0x00000000a4200000|100%| O|  |TAMS 0x00000000a4200000, 0x00000000a4100000| Untracked 
|  16|0x00000000a4200000, 0x00000000a4300000, 0x00000000a4300000|100%| O|  |TAMS 0x00000000a4300000, 0x00000000a4200000| Untracked 
|  17|0x00000000a4300000, 0x00000000a4400000, 0x00000000a4400000|100%| O|  |TAMS 0x00000000a4400000, 0x00000000a4300000| Untracked 
|  18|0x00000000a4400000, 0x00000000a4500000, 0x00000000a4500000|100%| O|  |TAMS 0x00000000a4500000, 0x00000000a4400000| Untracked 
|  19|0x00000000a4500000, 0x00000000a4600000, 0x00000000a4600000|100%| O|  |TAMS 0x00000000a4600000, 0x00000000a4500000| Untracked 
|  20|0x00000000a4600000, 0x00000000a4700000, 0x00000000a4700000|100%| O|  |TAMS 0x00000000a4700000, 0x00000000a4600000| Untracked 
|  21|0x00000000a4700000, 0x00000000a4800000, 0x00000000a4800000|100%| O|  |TAMS 0x00000000a4800000, 0x00000000a4700000| Untracked 
|  22|0x00000000a4800000, 0x00000000a4900000, 0x00000000a4900000|100%| O|  |TAMS 0x00000000a4900000, 0x00000000a4800000| Untracked 
|  23|0x00000000a4900000, 0x00000000a4a00000, 0x00000000a4a00000|100%| O|  |TAMS 0x00000000a4a00000, 0x00000000a4900000| Untracked 
|  24|0x00000000a4a00000, 0x00000000a4b00000, 0x00000000a4b00000|100%| O|  |TAMS 0x00000000a4b00000, 0x00000000a4a00000| Untracked 
|  25|0x00000000a4b00000, 0x00000000a4c00000, 0x00000000a4c00000|100%| O|  |TAMS 0x00000000a4c00000, 0x00000000a4b00000| Untracked 
|  26|0x00000000a4c00000, 0x00000000a4d00000, 0x00000000a4d00000|100%| O|  |TAMS 0x00000000a4d00000, 0x00000000a4c00000| Untracked 
|  27|0x00000000a4d00000, 0x00000000a4e00000, 0x00000000a4e00000|100%| O|  |TAMS 0x00000000a4e00000, 0x00000000a4d00000| Untracked 
|  28|0x00000000a4e00000, 0x00000000a4f00000, 0x00000000a4f00000|100%| O|  |TAMS 0x00000000a4f00000, 0x00000000a4e00000| Untracked 
|  29|0x00000000a4f00000, 0x00000000a5000000, 0x00000000a5000000|100%| O|  |TAMS 0x00000000a4f00000, 0x00000000a4f00000| Untracked 
|  30|0x00000000a5000000, 0x00000000a5100000, 0x00000000a5100000|100%| O|  |TAMS 0x00000000a5100000, 0x00000000a5000000| Untracked 
|  31|0x00000000a5100000, 0x00000000a5200000, 0x00000000a5200000|100%| O|  |TAMS 0x00000000a5200000, 0x00000000a5100000| Untracked 
|  32|0x00000000a5200000, 0x00000000a5300000, 0x00000000a5300000|100%| O|  |TAMS 0x00000000a5300000, 0x00000000a5200000| Untracked 
|  33|0x00000000a5300000, 0x00000000a5400000, 0x00000000a5400000|100%| O|  |TAMS 0x00000000a5400000, 0x00000000a5300000| Untracked 
|  34|0x00000000a5400000, 0x00000000a5500000, 0x00000000a5500000|100%| O|  |TAMS 0x00000000a5500000, 0x00000000a5400000| Untracked 
|  35|0x00000000a5500000, 0x00000000a5600000, 0x00000000a5600000|100%| O|  |TAMS 0x00000000a5600000, 0x00000000a5500000| Untracked 
|  36|0x00000000a5600000, 0x00000000a5700000, 0x00000000a5700000|100%| O|  |TAMS 0x00000000a5700000, 0x00000000a5600000| Untracked 
|  37|0x00000000a5700000, 0x00000000a5800000, 0x00000000a5800000|100%| O|  |TAMS 0x00000000a5700000, 0x00000000a5700000| Untracked 
|  38|0x00000000a5800000, 0x00000000a5900000, 0x00000000a5900000|100%| O|  |TAMS 0x00000000a5891e00, 0x00000000a5800000| Untracked 
|  39|0x00000000a5900000, 0x00000000a5a00000, 0x00000000a5a00000|100%| O|  |TAMS 0x00000000a5900000, 0x00000000a5900000| Untracked 
|  40|0x00000000a5a00000, 0x00000000a5b00000, 0x00000000a5b00000|100%| O|  |TAMS 0x00000000a5a00000, 0x00000000a5a00000| Untracked 
|  41|0x00000000a5b00000, 0x00000000a5b5a400, 0x00000000a5c00000| 35%| O|  |TAMS 0x00000000a5b00000, 0x00000000a5b00000| Untracked 
|  42|0x00000000a5c00000, 0x00000000a5c00000, 0x00000000a5d00000|  0%| F|  |TAMS 0x00000000a5c00000, 0x00000000a5c00000| Untracked 
|  43|0x00000000a5d00000, 0x00000000a5d00000, 0x00000000a5e00000|  0%| F|  |TAMS 0x00000000a5d00000, 0x00000000a5d00000| Untracked 
|  44|0x00000000a5e00000, 0x00000000a5e00000, 0x00000000a5f00000|  0%| F|  |TAMS 0x00000000a5e00000, 0x00000000a5e00000| Untracked 
|  45|0x00000000a5f00000, 0x00000000a5f00000, 0x00000000a6000000|  0%| F|  |TAMS 0x00000000a5f00000, 0x00000000a5f00000| Untracked 
|  46|0x00000000a6000000, 0x00000000a6000000, 0x00000000a6100000|  0%| F|  |TAMS 0x00000000a6000000, 0x00000000a6000000| Untracked 
|  47|0x00000000a6100000, 0x00000000a6100000, 0x00000000a6200000|  0%| F|  |TAMS 0x00000000a6100000, 0x00000000a6100000| Untracked 
|  48|0x00000000a6200000, 0x00000000a6200000, 0x00000000a6300000|  0%| F|  |TAMS 0x00000000a6200000, 0x00000000a6200000| Untracked 
|  49|0x00000000a6300000, 0x00000000a6300000, 0x00000000a6400000|  0%| F|  |TAMS 0x00000000a6300000, 0x00000000a6300000| Untracked 
|  50|0x00000000a6400000, 0x00000000a6400000, 0x00000000a6500000|  0%| F|  |TAMS 0x00000000a6400000, 0x00000000a6400000| Untracked 
|  51|0x00000000a6500000, 0x00000000a6500000, 0x00000000a6600000|  0%| F|  |TAMS 0x00000000a6500000, 0x00000000a6500000| Untracked 
|  52|0x00000000a6600000, 0x00000000a6600000, 0x00000000a6700000|  0%| F|  |TAMS 0x00000000a6600000, 0x00000000a6600000| Untracked 
|  53|0x00000000a6700000, 0x00000000a6700000, 0x00000000a6800000|  0%| F|  |TAMS 0x00000000a6700000, 0x00000000a6700000| Untracked 
|  54|0x00000000a6800000, 0x00000000a6800000, 0x00000000a6900000|  0%| F|  |TAMS 0x00000000a6800000, 0x00000000a6800000| Untracked 
|  55|0x00000000a6900000, 0x00000000a6900000, 0x00000000a6a00000|  0%| F|  |TAMS 0x00000000a6900000, 0x00000000a6900000| Untracked 
|  56|0x00000000a6a00000, 0x00000000a6a00000, 0x00000000a6b00000|  0%| F|  |TAMS 0x00000000a6a00000, 0x00000000a6a00000| Untracked 
|  57|0x00000000a6b00000, 0x00000000a6b00000, 0x00000000a6c00000|  0%| F|  |TAMS 0x00000000a6b00000, 0x00000000a6b00000| Untracked 
|  58|0x00000000a6c00000, 0x00000000a6c00000, 0x00000000a6d00000|  0%| F|  |TAMS 0x00000000a6c00000, 0x00000000a6c00000| Untracked 
|  59|0x00000000a6d00000, 0x00000000a6d00000, 0x00000000a6e00000|  0%| F|  |TAMS 0x00000000a6d00000, 0x00000000a6d00000| Untracked 
|  60|0x00000000a6e00000, 0x00000000a6e00000, 0x00000000a6f00000|  0%| F|  |TAMS 0x00000000a6e00000, 0x00000000a6e00000| Untracked 
|  61|0x00000000a6f00000, 0x00000000a6f00000, 0x00000000a7000000|  0%| F|  |TAMS 0x00000000a6f00000, 0x00000000a6f00000| Untracked 
|  62|0x00000000a7000000, 0x00000000a7000000, 0x00000000a7100000|  0%| F|  |TAMS 0x00000000a7000000, 0x00000000a7000000| Untracked 
|  63|0x00000000a7100000, 0x00000000a7100000, 0x00000000a7200000|  0%| F|  |TAMS 0x00000000a7100000, 0x00000000a7100000| Untracked 
|  64|0x00000000a7200000, 0x00000000a7200000, 0x00000000a7300000|  0%| F|  |TAMS 0x00000000a7200000, 0x00000000a7200000| Untracked 
|  65|0x00000000a7300000, 0x00000000a7300000, 0x00000000a7400000|  0%| F|  |TAMS 0x00000000a7300000, 0x00000000a7300000| Untracked 
|  66|0x00000000a7400000, 0x00000000a7400000, 0x00000000a7500000|  0%| F|  |TAMS 0x00000000a7400000, 0x00000000a7400000| Untracked 
|  67|0x00000000a7500000, 0x00000000a7500000, 0x00000000a7600000|  0%| F|  |TAMS 0x00000000a7500000, 0x00000000a7500000| Untracked 
|  68|0x00000000a7600000, 0x00000000a7600000, 0x00000000a7700000|  0%| F|  |TAMS 0x00000000a7600000, 0x00000000a7600000| Untracked 
|  69|0x00000000a7700000, 0x00000000a7700000, 0x00000000a7800000|  0%| F|  |TAMS 0x00000000a7700000, 0x00000000a7700000| Untracked 
|  70|0x00000000a7800000, 0x00000000a7800000, 0x00000000a7900000|  0%| F|  |TAMS 0x00000000a7800000, 0x00000000a7800000| Untracked 
|  71|0x00000000a7900000, 0x00000000a7900000, 0x00000000a7a00000|  0%| F|  |TAMS 0x00000000a7900000, 0x00000000a7900000| Untracked 
|  72|0x00000000a7a00000, 0x00000000a7a00000, 0x00000000a7b00000|  0%| F|  |TAMS 0x00000000a7a00000, 0x00000000a7a00000| Untracked 
|  73|0x00000000a7b00000, 0x00000000a7b00000, 0x00000000a7c00000|  0%| F|  |TAMS 0x00000000a7b00000, 0x00000000a7b00000| Untracked 
|  74|0x00000000a7c00000, 0x00000000a7c00000, 0x00000000a7d00000|  0%| F|  |TAMS 0x00000000a7c00000, 0x00000000a7c00000| Untracked 
|  75|0x00000000a7d00000, 0x00000000a7d00000, 0x00000000a7e00000|  0%| F|  |TAMS 0x00000000a7d00000, 0x00000000a7d00000| Untracked 
|  76|0x00000000a7e00000, 0x00000000a7e00000, 0x00000000a7f00000|  0%| F|  |TAMS 0x00000000a7e00000, 0x00000000a7e00000| Untracked 
|  77|0x00000000a7f00000, 0x00000000a7f00000, 0x00000000a8000000|  0%| F|  |TAMS 0x00000000a7f00000, 0x00000000a7f00000| Untracked 
|  78|0x00000000a8000000, 0x00000000a8000000, 0x00000000a8100000|  0%| F|  |TAMS 0x00000000a8000000, 0x00000000a8000000| Untracked 
|  79|0x00000000a8100000, 0x00000000a8100000, 0x00000000a8200000|  0%| F|  |TAMS 0x00000000a8100000, 0x00000000a8100000| Untracked 
|  80|0x00000000a8200000, 0x00000000a8200000, 0x00000000a8300000|  0%| F|  |TAMS 0x00000000a8200000, 0x00000000a8200000| Untracked 
|  81|0x00000000a8300000, 0x00000000a8300000, 0x00000000a8400000|  0%| F|  |TAMS 0x00000000a8300000, 0x00000000a8300000| Untracked 
|  82|0x00000000a8400000, 0x00000000a8400000, 0x00000000a8500000|  0%| F|  |TAMS 0x00000000a8400000, 0x00000000a8400000| Untracked 
|  83|0x00000000a8500000, 0x00000000a8500000, 0x00000000a8600000|  0%| F|  |TAMS 0x00000000a8500000, 0x00000000a8500000| Untracked 
|  84|0x00000000a8600000, 0x00000000a8600000, 0x00000000a8700000|  0%| F|  |TAMS 0x00000000a8600000, 0x00000000a8600000| Untracked 
|  85|0x00000000a8700000, 0x00000000a8700000, 0x00000000a8800000|  0%| F|  |TAMS 0x00000000a8700000, 0x00000000a8700000| Untracked 
|  86|0x00000000a8800000, 0x00000000a8800000, 0x00000000a8900000|  0%| F|  |TAMS 0x00000000a8800000, 0x00000000a8800000| Untracked 
|  87|0x00000000a8900000, 0x00000000a8900000, 0x00000000a8a00000|  0%| F|  |TAMS 0x00000000a8900000, 0x00000000a8900000| Untracked 
|  88|0x00000000a8a00000, 0x00000000a8a00000, 0x00000000a8b00000|  0%| F|  |TAMS 0x00000000a8a00000, 0x00000000a8a00000| Untracked 
|  89|0x00000000a8b00000, 0x00000000a8b00000, 0x00000000a8c00000|  0%| F|  |TAMS 0x00000000a8b00000, 0x00000000a8b00000| Untracked 
|  90|0x00000000a8c00000, 0x00000000a8c00000, 0x00000000a8d00000|  0%| F|  |TAMS 0x00000000a8c00000, 0x00000000a8c00000| Untracked 
|  91|0x00000000a8d00000, 0x00000000a8d00000, 0x00000000a8e00000|  0%| F|  |TAMS 0x00000000a8d00000, 0x00000000a8d00000| Untracked 
|  92|0x00000000a8e00000, 0x00000000a8e00000, 0x00000000a8f00000|  0%| F|  |TAMS 0x00000000a8e00000, 0x00000000a8e00000| Untracked 
|  93|0x00000000a8f00000, 0x00000000a8f00000, 0x00000000a9000000|  0%| F|  |TAMS 0x00000000a8f00000, 0x00000000a8f00000| Untracked 
|  94|0x00000000a9000000, 0x00000000a9000000, 0x00000000a9100000|  0%| F|  |TAMS 0x00000000a9000000, 0x00000000a9000000| Untracked 
|  95|0x00000000a9100000, 0x00000000a9100000, 0x00000000a9200000|  0%| F|  |TAMS 0x00000000a9100000, 0x00000000a9100000| Untracked 
|  96|0x00000000a9200000, 0x00000000a9200000, 0x00000000a9300000|  0%| F|  |TAMS 0x00000000a9200000, 0x00000000a9200000| Untracked 
|  97|0x00000000a9300000, 0x00000000a9300000, 0x00000000a9400000|  0%| F|  |TAMS 0x00000000a9300000, 0x00000000a9300000| Untracked 
|  98|0x00000000a9400000, 0x00000000a9400000, 0x00000000a9500000|  0%| F|  |TAMS 0x00000000a9400000, 0x00000000a9400000| Untracked 
|  99|0x00000000a9500000, 0x00000000a9500000, 0x00000000a9600000|  0%| F|  |TAMS 0x00000000a9500000, 0x00000000a9500000| Untracked 
| 100|0x00000000a9600000, 0x00000000a9600000, 0x00000000a9700000|  0%| F|  |TAMS 0x00000000a9600000, 0x00000000a9600000| Untracked 
| 101|0x00000000a9700000, 0x00000000a9700000, 0x00000000a9800000|  0%| F|  |TAMS 0x00000000a9700000, 0x00000000a9700000| Untracked 
| 102|0x00000000a9800000, 0x00000000a9889f40, 0x00000000a9900000| 53%| S|CS|TAMS 0x00000000a9800000, 0x00000000a9800000| Complete 
| 103|0x00000000a9900000, 0x00000000a9900000, 0x00000000a9a00000|  0%| F|  |TAMS 0x00000000a9900000, 0x00000000a9900000| Untracked 
| 104|0x00000000a9a00000, 0x00000000a9b00000, 0x00000000a9b00000|100%| S|CS|TAMS 0x00000000a9a00000, 0x00000000a9a00000| Complete 
| 105|0x00000000a9b00000, 0x00000000a9b00000, 0x00000000a9c00000|  0%| F|  |TAMS 0x00000000a9b00000, 0x00000000a9b00000| Untracked 
| 106|0x00000000a9c00000, 0x00000000a9c00000, 0x00000000a9d00000|  0%| F|  |TAMS 0x00000000a9c00000, 0x00000000a9c00000| Untracked 
| 107|0x00000000a9d00000, 0x00000000a9d00000, 0x00000000a9e00000|  0%| F|  |TAMS 0x00000000a9d00000, 0x00000000a9d00000| Untracked 
| 108|0x00000000a9e00000, 0x00000000a9e00000, 0x00000000a9f00000|  0%| F|  |TAMS 0x00000000a9e00000, 0x00000000a9e00000| Untracked 
| 109|0x00000000a9f00000, 0x00000000a9f00000, 0x00000000aa000000|  0%| F|  |TAMS 0x00000000a9f00000, 0x00000000a9f00000| Untracked 
| 110|0x00000000aa000000, 0x00000000aa000000, 0x00000000aa100000|  0%| F|  |TAMS 0x00000000aa000000, 0x00000000aa000000| Untracked 
| 111|0x00000000aa100000, 0x00000000aa100000, 0x00000000aa200000|  0%| F|  |TAMS 0x00000000aa100000, 0x00000000aa100000| Untracked 
| 112|0x00000000aa200000, 0x00000000aa200000, 0x00000000aa300000|  0%| F|  |TAMS 0x00000000aa200000, 0x00000000aa200000| Untracked 
| 113|0x00000000aa300000, 0x00000000aa300000, 0x00000000aa400000|  0%| F|  |TAMS 0x00000000aa300000, 0x00000000aa300000| Untracked 
| 114|0x00000000aa400000, 0x00000000aa400000, 0x00000000aa500000|  0%| F|  |TAMS 0x00000000aa400000, 0x00000000aa400000| Untracked 
| 115|0x00000000aa500000, 0x00000000aa500000, 0x00000000aa600000|  0%| F|  |TAMS 0x00000000aa500000, 0x00000000aa500000| Untracked 
| 116|0x00000000aa600000, 0x00000000aa600000, 0x00000000aa700000|  0%| F|  |TAMS 0x00000000aa600000, 0x00000000aa600000| Untracked 
| 117|0x00000000aa700000, 0x00000000aa700000, 0x00000000aa800000|  0%| F|  |TAMS 0x00000000aa700000, 0x00000000aa700000| Untracked 
| 118|0x00000000aa800000, 0x00000000aa800000, 0x00000000aa900000|  0%| F|  |TAMS 0x00000000aa800000, 0x00000000aa800000| Untracked 
| 119|0x00000000aa900000, 0x00000000aa900000, 0x00000000aaa00000|  0%| F|  |TAMS 0x00000000aa900000, 0x00000000aa900000| Untracked 
| 120|0x00000000aaa00000, 0x00000000aaa00000, 0x00000000aab00000|  0%| F|  |TAMS 0x00000000aaa00000, 0x00000000aaa00000| Untracked 
| 121|0x00000000aab00000, 0x00000000aab00000, 0x00000000aac00000|  0%| F|  |TAMS 0x00000000aab00000, 0x00000000aab00000| Untracked 
| 122|0x00000000aac00000, 0x00000000aac00000, 0x00000000aad00000|  0%| F|  |TAMS 0x00000000aac00000, 0x00000000aac00000| Untracked 
| 123|0x00000000aad00000, 0x00000000aad00000, 0x00000000aae00000|  0%| F|  |TAMS 0x00000000aad00000, 0x00000000aad00000| Untracked 
| 124|0x00000000aae00000, 0x00000000aae00000, 0x00000000aaf00000|  0%| F|  |TAMS 0x00000000aae00000, 0x00000000aae00000| Untracked 
| 125|0x00000000aaf00000, 0x00000000aaf00000, 0x00000000ab000000|  0%| F|  |TAMS 0x00000000aaf00000, 0x00000000aaf00000| Untracked 
| 126|0x00000000ab000000, 0x00000000ab000000, 0x00000000ab100000|  0%| F|  |TAMS 0x00000000ab000000, 0x00000000ab000000| Untracked 
| 127|0x00000000ab100000, 0x00000000ab100000, 0x00000000ab200000|  0%| F|  |TAMS 0x00000000ab100000, 0x00000000ab100000| Untracked 
| 128|0x00000000ab200000, 0x00000000ab200000, 0x00000000ab300000|  0%| F|  |TAMS 0x00000000ab200000, 0x00000000ab200000| Untracked 
| 129|0x00000000ab300000, 0x00000000ab300000, 0x00000000ab400000|  0%| F|  |TAMS 0x00000000ab300000, 0x00000000ab300000| Untracked 
| 130|0x00000000ab400000, 0x00000000ab400000, 0x00000000ab500000|  0%| F|  |TAMS 0x00000000ab400000, 0x00000000ab400000| Untracked 
| 131|0x00000000ab500000, 0x00000000ab500000, 0x00000000ab600000|  0%| F|  |TAMS 0x00000000ab500000, 0x00000000ab500000| Untracked 
| 132|0x00000000ab600000, 0x00000000ab600000, 0x00000000ab700000|  0%| F|  |TAMS 0x00000000ab600000, 0x00000000ab600000| Untracked 
| 133|0x00000000ab700000, 0x00000000ab700000, 0x00000000ab800000|  0%| F|  |TAMS 0x00000000ab700000, 0x00000000ab700000| Untracked 
| 134|0x00000000ab800000, 0x00000000ab800000, 0x00000000ab900000|  0%| F|  |TAMS 0x00000000ab800000, 0x00000000ab800000| Untracked 
| 135|0x00000000ab900000, 0x00000000ab900000, 0x00000000aba00000|  0%| F|  |TAMS 0x00000000ab900000, 0x00000000ab900000| Untracked 
| 136|0x00000000aba00000, 0x00000000aba00000, 0x00000000abb00000|  0%| F|  |TAMS 0x00000000aba00000, 0x00000000aba00000| Untracked 
| 137|0x00000000abb00000, 0x00000000abb00000, 0x00000000abc00000|  0%| F|  |TAMS 0x00000000abb00000, 0x00000000abb00000| Untracked 
| 138|0x00000000abc00000, 0x00000000abc00000, 0x00000000abd00000|  0%| F|  |TAMS 0x00000000abc00000, 0x00000000abc00000| Untracked 
| 139|0x00000000abd00000, 0x00000000abd00000, 0x00000000abe00000|  0%| F|  |TAMS 0x00000000abd00000, 0x00000000abd00000| Untracked 
| 140|0x00000000abe00000, 0x00000000abe00000, 0x00000000abf00000|  0%| F|  |TAMS 0x00000000abe00000, 0x00000000abe00000| Untracked 
| 141|0x00000000abf00000, 0x00000000abf00000, 0x00000000ac000000|  0%| F|  |TAMS 0x00000000abf00000, 0x00000000abf00000| Untracked 
| 142|0x00000000ac000000, 0x00000000ac000000, 0x00000000ac100000|  0%| F|  |TAMS 0x00000000ac000000, 0x00000000ac000000| Untracked 
| 143|0x00000000ac100000, 0x00000000ac100000, 0x00000000ac200000|  0%| F|  |TAMS 0x00000000ac100000, 0x00000000ac100000| Untracked 
| 144|0x00000000ac200000, 0x00000000ac200000, 0x00000000ac300000|  0%| F|  |TAMS 0x00000000ac200000, 0x00000000ac200000| Untracked 
| 145|0x00000000ac300000, 0x00000000ac300000, 0x00000000ac400000|  0%| F|  |TAMS 0x00000000ac300000, 0x00000000ac300000| Untracked 
| 146|0x00000000ac400000, 0x00000000ac400000, 0x00000000ac500000|  0%| F|  |TAMS 0x00000000ac400000, 0x00000000ac400000| Untracked 
| 147|0x00000000ac500000, 0x00000000ac500000, 0x00000000ac600000|  0%| F|  |TAMS 0x00000000ac500000, 0x00000000ac500000| Untracked 
| 148|0x00000000ac600000, 0x00000000ac600000, 0x00000000ac700000|  0%| F|  |TAMS 0x00000000ac600000, 0x00000000ac600000| Untracked 
| 149|0x00000000ac700000, 0x00000000ac700000, 0x00000000ac800000|  0%| F|  |TAMS 0x00000000ac700000, 0x00000000ac700000| Untracked 
| 150|0x00000000ac800000, 0x00000000ac800000, 0x00000000ac900000|  0%| F|  |TAMS 0x00000000ac800000, 0x00000000ac800000| Untracked 
| 151|0x00000000ac900000, 0x00000000ac900000, 0x00000000aca00000|  0%| F|  |TAMS 0x00000000ac900000, 0x00000000ac900000| Untracked 
| 152|0x00000000aca00000, 0x00000000aca00000, 0x00000000acb00000|  0%| F|  |TAMS 0x00000000aca00000, 0x00000000aca00000| Untracked 
| 153|0x00000000acb00000, 0x00000000acb00000, 0x00000000acc00000|  0%| F|  |TAMS 0x00000000acb00000, 0x00000000acb00000| Untracked 
| 154|0x00000000acc00000, 0x00000000acc00000, 0x00000000acd00000|  0%| F|  |TAMS 0x00000000acc00000, 0x00000000acc00000| Untracked 
| 155|0x00000000acd00000, 0x00000000acd00000, 0x00000000ace00000|  0%| F|  |TAMS 0x00000000acd00000, 0x00000000acd00000| Untracked 
| 156|0x00000000ace00000, 0x00000000ace00000, 0x00000000acf00000|  0%| F|  |TAMS 0x00000000ace00000, 0x00000000ace00000| Untracked 
| 157|0x00000000acf00000, 0x00000000acf00000, 0x00000000ad000000|  0%| F|  |TAMS 0x00000000acf00000, 0x00000000acf00000| Untracked 
| 158|0x00000000ad000000, 0x00000000ad000000, 0x00000000ad100000|  0%| F|  |TAMS 0x00000000ad000000, 0x00000000ad000000| Untracked 
| 159|0x00000000ad100000, 0x00000000ad1909d8, 0x00000000ad200000| 56%| E|  |TAMS 0x00000000ad100000, 0x00000000ad100000| Complete 
| 160|0x00000000ad200000, 0x00000000ad300000, 0x00000000ad300000|100%| E|CS|TAMS 0x00000000ad200000, 0x00000000ad200000| Complete 
| 161|0x00000000ad300000, 0x00000000ad400000, 0x00000000ad400000|100%| E|CS|TAMS 0x00000000ad300000, 0x00000000ad300000| Complete 
| 162|0x00000000ad400000, 0x00000000ad500000, 0x00000000ad500000|100%| E|CS|TAMS 0x00000000ad400000, 0x00000000ad400000| Complete 
| 163|0x00000000ad500000, 0x00000000ad600000, 0x00000000ad600000|100%| E|CS|TAMS 0x00000000ad500000, 0x00000000ad500000| Complete 
| 164|0x00000000ad600000, 0x00000000ad700000, 0x00000000ad700000|100%| E|CS|TAMS 0x00000000ad600000, 0x00000000ad600000| Complete 
| 165|0x00000000ad700000, 0x00000000ad800000, 0x00000000ad800000|100%| E|CS|TAMS 0x00000000ad700000, 0x00000000ad700000| Complete 
| 166|0x00000000ad800000, 0x00000000ad900000, 0x00000000ad900000|100%| E|CS|TAMS 0x00000000ad800000, 0x00000000ad800000| Complete 
| 167|0x00000000ad900000, 0x00000000ada00000, 0x00000000ada00000|100%| E|CS|TAMS 0x00000000ad900000, 0x00000000ad900000| Complete 
| 168|0x00000000ada00000, 0x00000000adb00000, 0x00000000adb00000|100%| E|CS|TAMS 0x00000000ada00000, 0x00000000ada00000| Complete 
| 169|0x00000000adb00000, 0x00000000adc00000, 0x00000000adc00000|100%| E|CS|TAMS 0x00000000adb00000, 0x00000000adb00000| Complete 
| 170|0x00000000adc00000, 0x00000000add00000, 0x00000000add00000|100%| E|CS|TAMS 0x00000000adc00000, 0x00000000adc00000| Complete 
| 171|0x00000000add00000, 0x00000000ade00000, 0x00000000ade00000|100%| E|CS|TAMS 0x00000000add00000, 0x00000000add00000| Complete 
| 172|0x00000000ade00000, 0x00000000adf00000, 0x00000000adf00000|100%| E|CS|TAMS 0x00000000ade00000, 0x00000000ade00000| Complete 
| 173|0x00000000adf00000, 0x00000000ae000000, 0x00000000ae000000|100%| E|CS|TAMS 0x00000000adf00000, 0x00000000adf00000| Complete 
| 174|0x00000000ae000000, 0x00000000ae100000, 0x00000000ae100000|100%| E|CS|TAMS 0x00000000ae000000, 0x00000000ae000000| Complete 
| 175|0x00000000ae100000, 0x00000000ae200000, 0x00000000ae200000|100%| E|CS|TAMS 0x00000000ae100000, 0x00000000ae100000| Complete 
| 176|0x00000000ae200000, 0x00000000ae300000, 0x00000000ae300000|100%| E|CS|TAMS 0x00000000ae200000, 0x00000000ae200000| Complete 
| 177|0x00000000ae300000, 0x00000000ae400000, 0x00000000ae400000|100%| E|CS|TAMS 0x00000000ae300000, 0x00000000ae300000| Complete 
| 178|0x00000000ae400000, 0x00000000ae500000, 0x00000000ae500000|100%| E|CS|TAMS 0x00000000ae400000, 0x00000000ae400000| Complete 
| 179|0x00000000ae500000, 0x00000000ae600000, 0x00000000ae600000|100%| E|CS|TAMS 0x00000000ae500000, 0x00000000ae500000| Complete 
| 180|0x00000000ae600000, 0x00000000ae700000, 0x00000000ae700000|100%| E|CS|TAMS 0x00000000ae600000, 0x00000000ae600000| Complete 
| 181|0x00000000ae700000, 0x00000000ae800000, 0x00000000ae800000|100%| E|CS|TAMS 0x00000000ae700000, 0x00000000ae700000| Complete 
| 182|0x00000000ae800000, 0x00000000ae900000, 0x00000000ae900000|100%| E|CS|TAMS 0x00000000ae800000, 0x00000000ae800000| Complete 
| 183|0x00000000ae900000, 0x00000000aea00000, 0x00000000aea00000|100%| E|CS|TAMS 0x00000000ae900000, 0x00000000ae900000| Complete 
| 184|0x00000000aea00000, 0x00000000aeb00000, 0x00000000aeb00000|100%| E|CS|TAMS 0x00000000aea00000, 0x00000000aea00000| Complete 
| 185|0x00000000aeb00000, 0x00000000aec00000, 0x00000000aec00000|100%| E|CS|TAMS 0x00000000aeb00000, 0x00000000aeb00000| Complete 
| 186|0x00000000aec00000, 0x00000000aed00000, 0x00000000aed00000|100%| E|CS|TAMS 0x00000000aec00000, 0x00000000aec00000| Complete 
| 187|0x00000000aed00000, 0x00000000aee00000, 0x00000000aee00000|100%| E|CS|TAMS 0x00000000aed00000, 0x00000000aed00000| Complete 
| 188|0x00000000aee00000, 0x00000000aef00000, 0x00000000aef00000|100%| E|CS|TAMS 0x00000000aee00000, 0x00000000aee00000| Complete 
| 189|0x00000000aef00000, 0x00000000af000000, 0x00000000af000000|100%| E|CS|TAMS 0x00000000aef00000, 0x00000000aef00000| Complete 
| 190|0x00000000af000000, 0x00000000af100000, 0x00000000af100000|100%| E|CS|TAMS 0x00000000af000000, 0x00000000af000000| Complete 
| 191|0x00000000af100000, 0x00000000af200000, 0x00000000af200000|100%| E|CS|TAMS 0x00000000af100000, 0x00000000af100000| Complete 
| 192|0x00000000af200000, 0x00000000af300000, 0x00000000af300000|100%| E|CS|TAMS 0x00000000af200000, 0x00000000af200000| Complete 
| 193|0x00000000af300000, 0x00000000af400000, 0x00000000af400000|100%| E|CS|TAMS 0x00000000af300000, 0x00000000af300000| Complete 
| 194|0x00000000af400000, 0x00000000af500000, 0x00000000af500000|100%| E|CS|TAMS 0x00000000af400000, 0x00000000af400000| Complete 
| 195|0x00000000af500000, 0x00000000af600000, 0x00000000af600000|100%| E|CS|TAMS 0x00000000af500000, 0x00000000af500000| Complete 
| 196|0x00000000af600000, 0x00000000af700000, 0x00000000af700000|100%| E|CS|TAMS 0x00000000af600000, 0x00000000af600000| Complete 
| 197|0x00000000af700000, 0x00000000af800000, 0x00000000af800000|100%| E|CS|TAMS 0x00000000af700000, 0x00000000af700000| Complete 
| 198|0x00000000af800000, 0x00000000af900000, 0x00000000af900000|100%| E|CS|TAMS 0x00000000af800000, 0x00000000af800000| Complete 
| 199|0x00000000af900000, 0x00000000afa00000, 0x00000000afa00000|100%| E|CS|TAMS 0x00000000af900000, 0x00000000af900000| Complete 
| 200|0x00000000afa00000, 0x00000000afb00000, 0x00000000afb00000|100%| E|CS|TAMS 0x00000000afa00000, 0x00000000afa00000| Complete 
| 201|0x00000000afb00000, 0x00000000afc00000, 0x00000000afc00000|100%| E|CS|TAMS 0x00000000afb00000, 0x00000000afb00000| Complete 
| 202|0x00000000afc00000, 0x00000000afd00000, 0x00000000afd00000|100%| E|CS|TAMS 0x00000000afc00000, 0x00000000afc00000| Complete 
| 203|0x00000000afd00000, 0x00000000afe00000, 0x00000000afe00000|100%| E|CS|TAMS 0x00000000afd00000, 0x00000000afd00000| Complete 
| 204|0x00000000afe00000, 0x00000000aff00000, 0x00000000aff00000|100%| E|CS|TAMS 0x00000000afe00000, 0x00000000afe00000| Complete 
| 205|0x00000000aff00000, 0x00000000b0000000, 0x00000000b0000000|100%| E|CS|TAMS 0x00000000aff00000, 0x00000000aff00000| Complete 
| 206|0x00000000b0000000, 0x00000000b0100000, 0x00000000b0100000|100%| E|CS|TAMS 0x00000000b0000000, 0x00000000b0000000| Complete 
| 207|0x00000000b0100000, 0x00000000b0200000, 0x00000000b0200000|100%| E|CS|TAMS 0x00000000b0100000, 0x00000000b0100000| Complete 
| 208|0x00000000b0200000, 0x00000000b0300000, 0x00000000b0300000|100%| E|CS|TAMS 0x00000000b0200000, 0x00000000b0200000| Complete 
| 209|0x00000000b0300000, 0x00000000b0400000, 0x00000000b0400000|100%| E|CS|TAMS 0x00000000b0300000, 0x00000000b0300000| Complete 
| 210|0x00000000b0400000, 0x00000000b0500000, 0x00000000b0500000|100%| E|CS|TAMS 0x00000000b0400000, 0x00000000b0400000| Complete 
| 211|0x00000000b0500000, 0x00000000b0600000, 0x00000000b0600000|100%| E|CS|TAMS 0x00000000b0500000, 0x00000000b0500000| Complete 
| 212|0x00000000b0600000, 0x00000000b0700000, 0x00000000b0700000|100%| E|CS|TAMS 0x00000000b0600000, 0x00000000b0600000| Complete 
| 213|0x00000000b0700000, 0x00000000b0800000, 0x00000000b0800000|100%| E|CS|TAMS 0x00000000b0700000, 0x00000000b0700000| Complete 
| 214|0x00000000b0800000, 0x00000000b0900000, 0x00000000b0900000|100%| E|CS|TAMS 0x00000000b0800000, 0x00000000b0800000| Complete 
| 215|0x00000000b0900000, 0x00000000b0a00000, 0x00000000b0a00000|100%| E|CS|TAMS 0x00000000b0900000, 0x00000000b0900000| Complete 
| 216|0x00000000b0a00000, 0x00000000b0b00000, 0x00000000b0b00000|100%| E|CS|TAMS 0x00000000b0a00000, 0x00000000b0a00000| Complete 
| 217|0x00000000b0b00000, 0x00000000b0c00000, 0x00000000b0c00000|100%| E|CS|TAMS 0x00000000b0b00000, 0x00000000b0b00000| Complete 
| 218|0x00000000b0c00000, 0x00000000b0d00000, 0x00000000b0d00000|100%| E|CS|TAMS 0x00000000b0c00000, 0x00000000b0c00000| Complete 
| 219|0x00000000b0d00000, 0x00000000b0e00000, 0x00000000b0e00000|100%| E|CS|TAMS 0x00000000b0d00000, 0x00000000b0d00000| Complete 
| 220|0x00000000b0e00000, 0x00000000b0f00000, 0x00000000b0f00000|100%| E|CS|TAMS 0x00000000b0e00000, 0x00000000b0e00000| Complete 
| 221|0x00000000b0f00000, 0x00000000b1000000, 0x00000000b1000000|100%| E|CS|TAMS 0x00000000b0f00000, 0x00000000b0f00000| Complete 
| 222|0x00000000b1000000, 0x00000000b1100000, 0x00000000b1100000|100%| E|CS|TAMS 0x00000000b1000000, 0x00000000b1000000| Complete 
| 223|0x00000000b1100000, 0x00000000b1200000, 0x00000000b1200000|100%| E|CS|TAMS 0x00000000b1100000, 0x00000000b1100000| Complete 
| 224|0x00000000b1200000, 0x00000000b1300000, 0x00000000b1300000|100%| E|CS|TAMS 0x00000000b1200000, 0x00000000b1200000| Complete 
| 225|0x00000000b1300000, 0x00000000b1400000, 0x00000000b1400000|100%| E|CS|TAMS 0x00000000b1300000, 0x00000000b1300000| Complete 
| 226|0x00000000b1400000, 0x00000000b1500000, 0x00000000b1500000|100%| E|CS|TAMS 0x00000000b1400000, 0x00000000b1400000| Complete 
| 227|0x00000000b1500000, 0x00000000b1600000, 0x00000000b1600000|100%| E|CS|TAMS 0x00000000b1500000, 0x00000000b1500000| Complete 
| 228|0x00000000b1600000, 0x00000000b1700000, 0x00000000b1700000|100%| E|CS|TAMS 0x00000000b1600000, 0x00000000b1600000| Complete 
| 229|0x00000000b1700000, 0x00000000b1800000, 0x00000000b1800000|100%| E|CS|TAMS 0x00000000b1700000, 0x00000000b1700000| Complete 
| 230|0x00000000b1800000, 0x00000000b1900000, 0x00000000b1900000|100%| E|CS|TAMS 0x00000000b1800000, 0x00000000b1800000| Complete 
| 231|0x00000000b1900000, 0x00000000b1a00000, 0x00000000b1a00000|100%| E|CS|TAMS 0x00000000b1900000, 0x00000000b1900000| Complete 
| 232|0x00000000b1a00000, 0x00000000b1b00000, 0x00000000b1b00000|100%| E|CS|TAMS 0x00000000b1a00000, 0x00000000b1a00000| Complete 
| 233|0x00000000b1b00000, 0x00000000b1c00000, 0x00000000b1c00000|100%| E|CS|TAMS 0x00000000b1b00000, 0x00000000b1b00000| Complete 
| 234|0x00000000b1c00000, 0x00000000b1d00000, 0x00000000b1d00000|100%| E|CS|TAMS 0x00000000b1c00000, 0x00000000b1c00000| Complete 
| 235|0x00000000b1d00000, 0x00000000b1e00000, 0x00000000b1e00000|100%| E|CS|TAMS 0x00000000b1d00000, 0x00000000b1d00000| Complete 
| 236|0x00000000b1e00000, 0x00000000b1f00000, 0x00000000b1f00000|100%| E|CS|TAMS 0x00000000b1e00000, 0x00000000b1e00000| Complete 
| 237|0x00000000b1f00000, 0x00000000b2000000, 0x00000000b2000000|100%| E|CS|TAMS 0x00000000b1f00000, 0x00000000b1f00000| Complete 
| 238|0x00000000b2000000, 0x00000000b2100000, 0x00000000b2100000|100%| E|CS|TAMS 0x00000000b2000000, 0x00000000b2000000| Complete 
| 239|0x00000000b2100000, 0x00000000b2200000, 0x00000000b2200000|100%| E|CS|TAMS 0x00000000b2100000, 0x00000000b2100000| Complete 
| 240|0x00000000b2200000, 0x00000000b2300000, 0x00000000b2300000|100%| E|CS|TAMS 0x00000000b2200000, 0x00000000b2200000| Complete 
| 241|0x00000000b2300000, 0x00000000b2400000, 0x00000000b2400000|100%| E|CS|TAMS 0x00000000b2300000, 0x00000000b2300000| Complete 
| 242|0x00000000b2400000, 0x00000000b2500000, 0x00000000b2500000|100%| E|CS|TAMS 0x00000000b2400000, 0x00000000b2400000| Complete 
| 243|0x00000000b2500000, 0x00000000b2600000, 0x00000000b2600000|100%| E|CS|TAMS 0x00000000b2500000, 0x00000000b2500000| Complete 
| 244|0x00000000b2600000, 0x00000000b2700000, 0x00000000b2700000|100%| E|CS|TAMS 0x00000000b2600000, 0x00000000b2600000| Complete 
| 245|0x00000000b2700000, 0x00000000b2800000, 0x00000000b2800000|100%| E|CS|TAMS 0x00000000b2700000, 0x00000000b2700000| Complete 
| 246|0x00000000b2800000, 0x00000000b2900000, 0x00000000b2900000|100%| E|CS|TAMS 0x00000000b2800000, 0x00000000b2800000| Complete 
| 247|0x00000000b2900000, 0x00000000b2a00000, 0x00000000b2a00000|100%| E|CS|TAMS 0x00000000b2900000, 0x00000000b2900000| Complete 
| 248|0x00000000b2a00000, 0x00000000b2b00000, 0x00000000b2b00000|100%| E|CS|TAMS 0x00000000b2a00000, 0x00000000b2a00000| Complete 
| 249|0x00000000b2b00000, 0x00000000b2c00000, 0x00000000b2c00000|100%| E|CS|TAMS 0x00000000b2b00000, 0x00000000b2b00000| Complete 
| 250|0x00000000b2c00000, 0x00000000b2d00000, 0x00000000b2d00000|100%| E|CS|TAMS 0x00000000b2c00000, 0x00000000b2c00000| Complete 
| 251|0x00000000b2d00000, 0x00000000b2e00000, 0x00000000b2e00000|100%| E|CS|TAMS 0x00000000b2d00000, 0x00000000b2d00000| Complete 
| 252|0x00000000b2e00000, 0x00000000b2f00000, 0x00000000b2f00000|100%| E|CS|TAMS 0x00000000b2e00000, 0x00000000b2e00000| Complete 
| 253|0x00000000b2f00000, 0x00000000b3000000, 0x00000000b3000000|100%| E|CS|TAMS 0x00000000b2f00000, 0x00000000b2f00000| Complete 
| 254|0x00000000b3000000, 0x00000000b3100000, 0x00000000b3100000|100%| E|CS|TAMS 0x00000000b3000000, 0x00000000b3000000| Complete 
| 255|0x00000000b3100000, 0x00000000b3200000, 0x00000000b3200000|100%| E|CS|TAMS 0x00000000b3100000, 0x00000000b3100000| Complete 
| 256|0x00000000b3200000, 0x00000000b3300000, 0x00000000b3300000|100%| E|CS|TAMS 0x00000000b3200000, 0x00000000b3200000| Complete 
| 257|0x00000000b3300000, 0x00000000b3400000, 0x00000000b3400000|100%| E|CS|TAMS 0x00000000b3300000, 0x00000000b3300000| Complete 
| 258|0x00000000b3400000, 0x00000000b3500000, 0x00000000b3500000|100%| E|CS|TAMS 0x00000000b3400000, 0x00000000b3400000| Complete 
| 259|0x00000000b3500000, 0x00000000b3600000, 0x00000000b3600000|100%| E|CS|TAMS 0x00000000b3500000, 0x00000000b3500000| Complete 

Card table byte_map: [0x000001b7d1a60000,0x000001b7d1d50000] _byte_map_base: 0x000001b7d1547000

Marking Bits (Prev, Next): (CMBitMap*) 0x000001b7bf0fa3a0, (CMBitMap*) 0x000001b7bf0fa360
 Prev Bits: [0x000001b7d3780000, 0x000001b7d4eb8000)
 Next Bits: [0x000001b7d2040000, 0x000001b7d3778000)

Polling page: 0x000001b7bd0d0000

Metaspace:

Usage:
  Non-class:     71.44 MB used.
      Class:     10.60 MB used.
       Both:     82.04 MB used.

Virtual space:
  Non-class space:       80.00 MB reserved,      71.69 MB ( 90%) committed,  10 nodes.
      Class space:        1.00 GB reserved,      10.88 MB (  1%) committed,  1 nodes.
             Both:        1.08 GB reserved,      82.56 MB (  7%) committed. 

Chunk freelists:
   Non-Class:  3.75 MB
       Class:  1.01 MB
        Both:  4.76 MB

MaxMetaspaceSize: unlimited
CompressedClassSpaceSize: 1.00 GB
Initial GC threshold: 21.00 MB
Current GC threshold: 133.25 MB
CDS: off
MetaspaceReclaimPolicy: balanced
 - commit_granule_bytes: 65536.
 - commit_granule_words: 8192.
 - virtual_space_node_default_size: 1048576.
 - enlarge_chunks_in_place: 1.
 - new_chunks_are_fully_committed: 0.
 - uncommit_free_chunks: 1.
 - use_allocation_guard: 0.
 - handle_deallocations: 1.


Internal statistics:

num_allocs_failed_limit: 6.
num_arena_births: 844.
num_arena_deaths: 2.
num_vsnodes_births: 11.
num_vsnodes_deaths: 0.
num_space_committed: 1321.
num_space_uncommitted: 0.
num_chunks_returned_to_freelist: 8.
num_chunks_taken_from_freelist: 3599.
num_chunk_merges: 3.
num_chunk_splits: 2618.
num_chunks_enlarged: 2066.
num_purges: 2.
num_inconsistent_stats: 0.

CodeHeap 'non-profiled nmethods': size=120000Kb used=9270Kb max_used=9270Kb free=110729Kb
 bounds [0x000001b7ca240000, 0x000001b7cab50000, 0x000001b7d1770000]
CodeHeap 'profiled nmethods': size=120000Kb used=20538Kb max_used=23381Kb free=99461Kb
 bounds [0x000001b7c2d10000, 0x000001b7c43f0000, 0x000001b7ca240000]
CodeHeap 'non-nmethods': size=5760Kb used=1342Kb max_used=1403Kb free=4417Kb
 bounds [0x000001b7c2770000, 0x000001b7c29e0000, 0x000001b7c2d10000]
 total_blobs=11245 nmethods=10560 adapters=597
 compilation: enabled
              stopped_count=0, restarted_count=0
 full_count=0

Compilation events (20 events):
Event: 335.975 Thread 0x000001b7d7d0e3d0 nmethod 12913 0x000001b7cab43290 code [0x000001b7cab43540, 0x000001b7cab45860]
Event: 335.980 Thread 0x000001b7d7d0e3d0 12915   !   4       sun.nio.ch.NioSocketImpl::tryWrite (78 bytes)
Event: 336.061 Thread 0x000001b7d7d0e3d0 nmethod 12915 0x000001b7cab47690 code [0x000001b7cab47960, 0x000001b7cab48de8]
Event: 336.061 Thread 0x000001b7d7d0e3d0 12916       4       org.springframework.aop.support.AopUtils::getTargetClass (55 bytes)
Event: 336.064 Thread 0x000001b7d7d0e3d0 nmethod 12916 0x000001b7cab4a290 code [0x000001b7cab4a400, 0x000001b7cab4a4f8]
Event: 336.072 Thread 0x000001b7d7d0e3d0 12917       4       com.mysql.cj.protocol.a.MultiPacketReader::resetMessageSequence (10 bytes)
Event: 336.074 Thread 0x000001b7d7d0e3d0 nmethod 12917 0x000001b7cab4a610 code [0x000001b7cab4a7a0, 0x000001b7cab4a878]
Event: 336.074 Thread 0x000001b7d7d0e3d0 12918   !   4       org.apache.catalina.core.StandardContext::getLoader (38 bytes)
Event: 336.089 Thread 0x000001b7d7d0e3d0 nmethod 12918 0x000001b7cab4a990 code [0x000001b7cab4ab80, 0x000001b7cab4b1a0]
Event: 336.156 Thread 0x000001b7d7d171e0 12920       2       org.hibernate.internal.util.collections.StandardStack::init (22 bytes)
Event: 336.156 Thread 0x000001b7d7d0e3d0 12919       4       org.hibernate.internal.util.collections.StandardStack::push (45 bytes)
Event: 336.157 Thread 0x000001b7d7d171e0 nmethod 12920 0x000001b7c35b6790 code [0x000001b7c35b6940, 0x000001b7c35b6b28]
Event: 336.165 Thread 0x000001b7d7d0e3d0 nmethod 12919 0x000001b7cab4b790 code [0x000001b7cab4b920, 0x000001b7cab4bdd8]
Event: 336.165 Thread 0x000001b7d7d0e3d0 12921   !   4       sun.nio.ch.NioSocketImpl::implWrite (114 bytes)
Event: 336.171 Thread 0x000001b7d7d0e3d0 nmethod 12921 0x000001b7cab4c010 code [0x000001b7cab4c1c0, 0x000001b7cab4c678]
Event: 336.274 Thread 0x000001b7d7d0e3d0 12922       4       org.apache.tomcat.util.buf.CharChunk::startsWithIgnoreCase (83 bytes)
Event: 336.280 Thread 0x000001b7d7d0e3d0 nmethod 12922 0x000001b7cab4ca10 code [0x000001b7cab4cba0, 0x000001b7cab4ce68]
Event: 336.280 Thread 0x000001b7d7d0e3d0 12923       4       org.springframework.core.convert.support.GenericConversionService::convert (113 bytes)
Event: 336.292 Thread 0x000001b7d7d0e3d0 nmethod 12923 0x000001b7cab4d090 code [0x000001b7cab4d240, 0x000001b7cab4d678]
Event: 336.354 Thread 0x000001b7d7d0e3d0 12924   !   4       org.hibernate.sql.results.jdbc.internal.DeferredResultSetAccess::executeQuery (286 bytes)

GC Heap History (20 events):
Event: 328.718 GC heap before
{Heap before GC invocations=321 (full 0):
 garbage-first heap   total 266240K, used 201096K [0x00000000a3200000, 0x0000000100000000)
  region size 1024K, 156 young (159744K), 2 survivors (2048K)
 Metaspace       used 84009K, committed 84544K, reserved 1130496K
  class space    used 10854K, committed 11136K, reserved 1048576K
}
Event: 328.721 GC heap after
{Heap after GC invocations=322 (full 0):
 garbage-first heap   total 266240K, used 43910K [0x00000000a3200000, 0x0000000100000000)
  region size 1024K, 2 young (2048K), 2 survivors (2048K)
 Metaspace       used 84009K, committed 84544K, reserved 1130496K
  class space    used 10854K, committed 11136K, reserved 1048576K
}
Event: 330.444 GC heap before
{Heap before GC invocations=322 (full 0):
 garbage-first heap   total 266240K, used 201606K [0x00000000a3200000, 0x0000000100000000)
  region size 1024K, 156 young (159744K), 2 survivors (2048K)
 Metaspace       used 84009K, committed 84544K, reserved 1130496K
  class space    used 10854K, committed 11136K, reserved 1048576K
}
Event: 330.447 GC heap after
{Heap after GC invocations=323 (full 0):
 garbage-first heap   total 266240K, used 43208K [0x00000000a3200000, 0x0000000100000000)
  region size 1024K, 1 young (1024K), 1 survivors (1024K)
 Metaspace       used 84009K, committed 84544K, reserved 1130496K
  class space    used 10854K, committed 11136K, reserved 1048576K
}
Event: 331.309 GC heap before
{Heap before GC invocations=323 (full 0):
 garbage-first heap   total 266240K, used 201928K [0x00000000a3200000, 0x0000000100000000)
  region size 1024K, 156 young (159744K), 1 survivors (1024K)
 Metaspace       used 84009K, committed 84544K, reserved 1130496K
  class space    used 10854K, committed 11136K, reserved 1048576K
}
Event: 331.342 GC heap after
{Heap after GC invocations=324 (full 0):
 garbage-first heap   total 266240K, used 43240K [0x00000000a3200000, 0x0000000100000000)
  region size 1024K, 1 young (1024K), 1 survivors (1024K)
 Metaspace       used 84009K, committed 84544K, reserved 1130496K
  class space    used 10854K, committed 11136K, reserved 1048576K
}
Event: 332.113 GC heap before
{Heap before GC invocations=324 (full 0):
 garbage-first heap   total 266240K, used 201960K [0x00000000a3200000, 0x0000000100000000)
  region size 1024K, 156 young (159744K), 1 survivors (1024K)
 Metaspace       used 84009K, committed 84544K, reserved 1130496K
  class space    used 10854K, committed 11136K, reserved 1048576K
}
Event: 332.116 GC heap after
{Heap after GC invocations=325 (full 0):
 garbage-first heap   total 266240K, used 43678K [0x00000000a3200000, 0x0000000100000000)
  region size 1024K, 2 young (2048K), 2 survivors (2048K)
 Metaspace       used 84009K, committed 84544K, reserved 1130496K
  class space    used 10854K, committed 11136K, reserved 1048576K
}
Event: 332.761 GC heap before
{Heap before GC invocations=325 (full 0):
 garbage-first heap   total 266240K, used 201374K [0x00000000a3200000, 0x0000000100000000)
  region size 1024K, 156 young (159744K), 2 survivors (2048K)
 Metaspace       used 84009K, committed 84544K, reserved 1130496K
  class space    used 10854K, committed 11136K, reserved 1048576K
}
Event: 332.765 GC heap after
{Heap after GC invocations=326 (full 0):
 garbage-first heap   total 266240K, used 44048K [0x00000000a3200000, 0x0000000100000000)
  region size 1024K, 2 young (2048K), 2 survivors (2048K)
 Metaspace       used 84009K, committed 84544K, reserved 1130496K
  class space    used 10854K, committed 11136K, reserved 1048576K
}
Event: 333.627 GC heap before
{Heap before GC invocations=326 (full 0):
 garbage-first heap   total 266240K, used 201744K [0x00000000a3200000, 0x0000000100000000)
  region size 1024K, 156 young (159744K), 2 survivors (2048K)
 Metaspace       used 84009K, committed 84544K, reserved 1130496K
  class space    used 10854K, committed 11136K, reserved 1048576K
}
Event: 333.630 GC heap after
{Heap after GC invocations=327 (full 0):
 garbage-first heap   total 266240K, used 43867K [0x00000000a3200000, 0x0000000100000000)
  region size 1024K, 2 young (2048K), 2 survivors (2048K)
 Metaspace       used 84009K, committed 84544K, reserved 1130496K
  class space    used 10854K, committed 11136K, reserved 1048576K
}
Event: 334.403 GC heap before
{Heap before GC invocations=327 (full 0):
 garbage-first heap   total 266240K, used 201563K [0x00000000a3200000, 0x0000000100000000)
  region size 1024K, 156 young (159744K), 2 survivors (2048K)
 Metaspace       used 84009K, committed 84544K, reserved 1130496K
  class space    used 10854K, committed 11136K, reserved 1048576K
}
Event: 334.407 GC heap after
{Heap after GC invocations=328 (full 0):
 garbage-first heap   total 266240K, used 43977K [0x00000000a3200000, 0x0000000100000000)
  region size 1024K, 2 young (2048K), 2 survivors (2048K)
 Metaspace       used 84009K, committed 84544K, reserved 1130496K
  class space    used 10854K, committed 11136K, reserved 1048576K
}
Event: 335.042 GC heap before
{Heap before GC invocations=328 (full 0):
 garbage-first heap   total 266240K, used 201673K [0x00000000a3200000, 0x0000000100000000)
  region size 1024K, 156 young (159744K), 2 survivors (2048K)
 Metaspace       used 84009K, committed 84544K, reserved 1130496K
  class space    used 10854K, committed 11136K, reserved 1048576K
}
Event: 335.158 GC heap after
{Heap after GC invocations=329 (full 0):
 garbage-first heap   total 266240K, used 44384K [0x00000000a3200000, 0x0000000100000000)
  region size 1024K, 2 young (2048K), 2 survivors (2048K)
 Metaspace       used 84009K, committed 84544K, reserved 1130496K
  class space    used 10854K, committed 11136K, reserved 1048576K
}
Event: 335.819 GC heap before
{Heap before GC invocations=329 (full 0):
 garbage-first heap   total 266240K, used 202080K [0x00000000a3200000, 0x0000000100000000)
  region size 1024K, 156 young (159744K), 2 survivors (2048K)
 Metaspace       used 84009K, committed 84544K, reserved 1130496K
  class space    used 10854K, committed 11136K, reserved 1048576K
}
Event: 335.822 GC heap after
{Heap after GC invocations=330 (full 0):
 garbage-first heap   total 266240K, used 43820K [0x00000000a3200000, 0x0000000100000000)
  region size 1024K, 2 young (2048K), 2 survivors (2048K)
 Metaspace       used 84009K, committed 84544K, reserved 1130496K
  class space    used 10854K, committed 11136K, reserved 1048576K
}
Event: 336.514 GC heap before
{Heap before GC invocations=330 (full 0):
 garbage-first heap   total 266240K, used 201516K [0x00000000a3200000, 0x0000000100000000)
  region size 1024K, 156 young (159744K), 2 survivors (2048K)
 Metaspace       used 84009K, committed 84544K, reserved 1130496K
  class space    used 10854K, committed 11136K, reserved 1048576K
}
Event: 336.518 GC heap after
{Heap after GC invocations=331 (full 0):
 garbage-first heap   total 266240K, used 43920K [0x00000000a3200000, 0x0000000100000000)
  region size 1024K, 2 young (2048K), 2 survivors (2048K)
 Metaspace       used 84009K, committed 84544K, reserved 1130496K
  class space    used 10854K, committed 11136K, reserved 1048576K
}

Deoptimization events (20 events):
Event: 334.064 Thread 0x000001b7dc943f60 Uncommon trap: reason=array_check action=maybe_recompile pc=0x000001b7cab30770 method=org.hibernate.internal.util.collections.StandardStack.push(Ljava/lang/Object;)V @ 43 c2
Event: 334.064 Thread 0x000001b7dc943f60 DEOPT PACKING pc=0x000001b7cab30770 sp=0x00000017346fbb00
Event: 334.064 Thread 0x000001b7dd0f4010 DEOPT PACKING pc=0x000001b7cab30770 sp=0x00000017342fb670
Event: 334.064 Thread 0x000001b7db656700 Uncommon trap: trap_request=0xffffffd6 fr.pc=0x000001b7cab30770 relative=0x0000000000000350
Event: 334.064 Thread 0x000001b7db656700 Uncommon trap: reason=array_check action=maybe_recompile pc=0x000001b7cab30770 method=org.hibernate.internal.util.collections.StandardStack.push(Ljava/lang/Object;)V @ 43 c2
Event: 334.064 Thread 0x000001b7db656700 DEOPT PACKING pc=0x000001b7cab30770 sp=0x0000001734bfb740
Event: 334.064 Thread 0x000001b7dc943f60 DEOPT UNPACKING pc=0x000001b7c27c239d sp=0x00000017346fbac0 mode 2
Event: 334.065 Thread 0x000001b7db656700 DEOPT UNPACKING pc=0x000001b7c27c239d sp=0x0000001734bfb700 mode 2
Event: 334.063 Thread 0x000001b7dc9430f0 Uncommon trap: reason=array_check action=maybe_recompile pc=0x000001b7cab30770 method=org.hibernate.internal.util.collections.StandardStack.push(Ljava/lang/Object;)V @ 43 c2
Event: 334.063 Thread 0x000001b7db6523a0 Uncommon trap: trap_request=0xffffffd6 fr.pc=0x000001b7cab30770 relative=0x0000000000000350
Event: 334.065 Thread 0x000001b7dc9430f0 DEOPT PACKING pc=0x000001b7cab30770 sp=0x00000017347fbb30
Event: 334.063 Thread 0x000001b7dc9435c0 Uncommon trap: trap_request=0xffffffd6 fr.pc=0x000001b7cab30770 relative=0x0000000000000350
Event: 334.065 Thread 0x000001b7db6523a0 Uncommon trap: reason=array_check action=maybe_recompile pc=0x000001b7cab30770 method=org.hibernate.internal.util.collections.StandardStack.push(Ljava/lang/Object;)V @ 43 c2
Event: 334.065 Thread 0x000001b7dc9435c0 Uncommon trap: reason=array_check action=maybe_recompile pc=0x000001b7cab30770 method=org.hibernate.internal.util.collections.StandardStack.push(Ljava/lang/Object;)V @ 43 c2
Event: 334.065 Thread 0x000001b7db6523a0 DEOPT PACKING pc=0x000001b7cab30770 sp=0x0000001734afb520
Event: 334.065 Thread 0x000001b7dc9435c0 DEOPT PACKING pc=0x000001b7cab30770 sp=0x00000017344fb970
Event: 334.065 Thread 0x000001b7dc9435c0 DEOPT UNPACKING pc=0x000001b7c27c239d sp=0x00000017344fb930 mode 2
Event: 334.066 Thread 0x000001b7dd0f4010 DEOPT UNPACKING pc=0x000001b7c27c239d sp=0x00000017342fb630 mode 2
Event: 334.066 Thread 0x000001b7db6523a0 DEOPT UNPACKING pc=0x000001b7c27c239d sp=0x0000001734afb4e0 mode 2
Event: 334.066 Thread 0x000001b7dc9430f0 DEOPT UNPACKING pc=0x000001b7c27c239d sp=0x00000017347fbaf0 mode 2

Classes unloaded (1 events):
Event: 111.487 Thread 0x000001b7d7361a60 Unloading class 0x0000000100ad0400 'java/lang/invoke/LambdaForm$DMH+0x0000000100ad0400'

Classes redefined (0 events):
No events

Internal exceptions (20 events):
Event: 97.785 Thread 0x000001b7d8772960 Implicit null exception at 0x000001b7ca45a66c to 0x000001b7ca45a710
Event: 98.082 Thread 0x000001b7d8772960 Exception <a 'java/lang/reflect/InvocationTargetException'{0x00000000a6304160}> (0x00000000a6304160) 
thrown [e:\jenkins\tmp\workspace\build\src\src\hotspot\share\runtime\reflection.cpp, line 1121]
Event: 99.779 Thread 0x000001b7d8772960 Exception <a 'java/lang/reflect/InvocationTargetException'{0x00000000a67182d8}> (0x00000000a67182d8) 
thrown [e:\jenkins\tmp\workspace\build\src\src\hotspot\share\runtime\reflection.cpp, line 1121]
Event: 101.182 Thread 0x000001b7d8772960 Exception <a 'java/lang/reflect/InvocationTargetException'{0x00000000a76ab138}> (0x00000000a76ab138) 
thrown [e:\jenkins\tmp\workspace\build\src\src\hotspot\share\runtime\reflection.cpp, line 1121]
Event: 101.194 Thread 0x000001b7d8772960 Exception <a 'java/lang/reflect/InvocationTargetException'{0x00000000a76b5cb0}> (0x00000000a76b5cb0) 
thrown [e:\jenkins\tmp\workspace\build\src\src\hotspot\share\runtime\reflection.cpp, line 1121]
Event: 104.864 Thread 0x000001b7d8772960 Exception <a 'java/lang/IncompatibleClassChangeError'{0x00000000a63d52c8}: Found class java.lang.Object, but interface was expected> (0x00000000a63d52c8) 
thrown [e:\jenkins\tmp\workspace\build\src\src\hotspot\share\interpreter\linkResolver.cpp, line 833]
Event: 105.159 Thread 0x000001b7d8772960 Exception <a 'java/lang/NoSuchMethodError'{0x00000000a8f11260}: 'void java.lang.invoke.DirectMethodHandle$Holder.invokeVirtual(java.lang.Object, java.lang.Object, long)'> (0x00000000a8f11260) 
thrown [e:\jenkins\tmp\workspace\build\src\src\hotspot\share\interpreter\linkResolver.cpp, line 766]
Event: 105.524 Thread 0x000001b7d8772960 Exception <a 'java/lang/NoSuchMethodError'{0x00000000a7441350}: 'int java.lang.invoke.DirectMethodHandle$Holder.invokeStaticInit(java.lang.Object, java.lang.Object, java.lang.Object, java.lang.Object)'> (0x00000000a7441350) 
thrown [e:\jenkins\tmp\workspace\build\src\src\hotspot\share\interpreter\linkResolver.cpp, line 766]
Event: 105.825 Thread 0x000001b7d8772960 Exception <a 'java/lang/IncompatibleClassChangeError'{0x00000000a6b03b40}: Found class java.lang.Object, but interface was expected> (0x00000000a6b03b40) 
thrown [e:\jenkins\tmp\workspace\build\src\src\hotspot\share\interpreter\linkResolver.cpp, line 833]
Event: 106.151 Thread 0x000001b7d8772960 Exception <a 'sun/nio/fs/WindowsException'{0x00000000a6bd6f90}> (0x00000000a6bd6f90) 
thrown [e:\jenkins\tmp\workspace\build\src\src\hotspot\share\prims\jni.cpp, line 516]
Event: 106.439 Thread 0x000001b7d8772960 Implicit null exception at 0x000001b7ca38093a to 0x000001b7ca380b30
Event: 107.656 Thread 0x000001b7d8772960 Exception <a 'java/lang/NoSuchMethodError'{0x00000000a6323db0}: 'java.lang.Object java.lang.invoke.DirectMethodHandle$Holder.newInvokeSpecial(java.lang.Object, java.lang.Object, int, java.lang.Object, java.lang.Object)'> (0x00000000a6323db0) 
thrown [e:\jenkins\tmp\workspace\build\src\src\hotspot\share\interpreter\linkResolver.cpp, line 766]
Event: 107.687 Thread 0x000001b7d8772960 Exception <a 'java/lang/NoSuchMethodError'{0x00000000a632efb8}: 'java.lang.Object java.lang.invoke.DirectMethodHandle$Holder.invokeSpecial(java.lang.Object, java.lang.Object, int, java.lang.Object, int, java.lang.Object)'> (0x00000000a632efb8) 
thrown [e:\jenkins\tmp\workspace\build\src\src\hotspot\share\interpreter\linkResolver.cpp, line 766]
Event: 107.689 Thread 0x000001b7d8772960 Exception <a 'java/lang/NoSuchMethodError'{0x00000000a6336c68}: 'java.lang.Object java.lang.invoke.DirectMethodHandle$Holder.newInvokeSpecial(java.lang.Object, java.lang.Object, int, java.lang.Object, int)'> (0x00000000a6336c68) 
thrown [e:\jenkins\tmp\workspace\build\src\src\hotspot\share\interpreter\linkResolver.cpp, line 766]
Event: 107.690 Thread 0x000001b7d8772960 Exception <a 'java/lang/NoSuchMethodError'{0x00000000a633ad20}: 'java.lang.Object java.lang.invoke.DirectMethodHandle$Holder.invokeSpecial(java.lang.Object, java.lang.Object, java.lang.Object, int, java.lang.Object, int)'> (0x00000000a633ad20) 
thrown [e:\jenkins\tmp\workspace\build\src\src\hotspot\share\interpreter\linkResolver.cpp, line 766]
Event: 108.541 Thread 0x000001b7dc943f60 Exception <a 'java/lang/NoSuchMethodError'{0x00000000a8ff3398}: 'java.lang.Object java.lang.invoke.DirectMethodHandle$Holder.invokeSpecial(java.lang.Object, java.lang.Object, java.lang.Object, java.lang.Object, java.lang.Object, long)'> (0x00000000a8ff3398) 
thrown [e:\jenkins\tmp\workspace\build\src\src\hotspot\share\interpreter\linkResolver.cpp, line 766]
Event: 108.542 Thread 0x000001b7dc943f60 Exception <a 'java/lang/NoSuchMethodError'{0x00000000a8ff6d90}: 'java.lang.Object java.lang.invoke.Invokers$Holder.linkToTargetMethod(java.lang.Object, java.lang.Object, java.lang.Object, long, java.lang.Object)'> (0x00000000a8ff6d90) 
thrown [e:\jenkins\tmp\workspace\build\src\src\hotspot\share\interpreter\linkResolver.cpp, line 766]
Event: 109.747 Thread 0x000001b7dd0f4010 Exception <a 'java/lang/NoSuchMethodError'{0x00000000a63956b8}: 'void java.lang.invoke.DirectMethodHandle$Holder.invokeSpecialIFC(java.lang.Object, java.lang.Object, int, java.lang.Object, java.lang.Object, java.lang.Object, java.lang.Object)'> (0x00000000a63956b8) 
thrown [e:\jenkins\tmp\workspace\build\src\src\hotspot\share\interpreter\linkResolver.cpp, line 766]
Event: 109.747 Thread 0x000001b7dc942c20 Exception <a 'java/lang/NoSuchMethodError'{0x00000000a63b9c38}: 'void java.lang.invoke.DirectMethodHandle$Holder.invokeSpecialIFC(java.lang.Object, java.lang.Object, int, java.lang.Object, java.lang.Object, java.lang.Object, java.lang.Object)'> (0x00000000a63b9c38) 
thrown [e:\jenkins\tmp\workspace\build\src\src\hotspot\share\interpreter\linkResolver.cpp, line 766]
Event: 110.890 Thread 0x000001b7dc942c20 Exception <a 'java/lang/IncompatibleClassChangeError'{0x00000000a6b2b8d8}: Found class java.lang.Object, but interface was expected> (0x00000000a6b2b8d8) 
thrown [e:\jenkins\tmp\workspace\build\src\src\hotspot\share\interpreter\linkResolver.cpp, line 833]

VM Operations (20 events):
Event: 328.717 Executing VM operation: G1CollectForAllocation
Event: 328.721 Executing VM operation: G1CollectForAllocation done
Event: 330.444 Executing VM operation: G1CollectForAllocation
Event: 330.447 Executing VM operation: G1CollectForAllocation done
Event: 331.293 Executing VM operation: G1CollectForAllocation
Event: 331.343 Executing VM operation: G1CollectForAllocation done
Event: 332.113 Executing VM operation: G1CollectForAllocation
Event: 332.116 Executing VM operation: G1CollectForAllocation done
Event: 332.761 Executing VM operation: G1CollectForAllocation
Event: 332.766 Executing VM operation: G1CollectForAllocation done
Event: 333.627 Executing VM operation: G1CollectForAllocation
Event: 333.630 Executing VM operation: G1CollectForAllocation done
Event: 334.403 Executing VM operation: G1CollectForAllocation
Event: 334.407 Executing VM operation: G1CollectForAllocation done
Event: 335.012 Executing VM operation: G1CollectForAllocation
Event: 335.160 Executing VM operation: G1CollectForAllocation done
Event: 335.810 Executing VM operation: G1CollectForAllocation
Event: 335.824 Executing VM operation: G1CollectForAllocation done
Event: 336.508 Executing VM operation: G1CollectForAllocation
Event: 336.535 Executing VM operation: G1CollectForAllocation done

Events (20 events):
Event: 193.195 Thread 0x000001b7d73ee870 flushing nmethod 0x000001b7c3e48390
Event: 193.195 Thread 0x000001b7d73ee870 flushing nmethod 0x000001b7c3e48c10
Event: 193.195 Thread 0x000001b7d73ee870 flushing nmethod 0x000001b7c3e49710
Event: 193.195 Thread 0x000001b7d73ee870 flushing nmethod 0x000001b7c3e53f90
Event: 193.195 Thread 0x000001b7d73ee870 flushing nmethod 0x000001b7c3e7f190
Event: 193.195 Thread 0x000001b7d73ee870 flushing nmethod 0x000001b7c3e96a90
Event: 193.196 Thread 0x000001b7d73ee870 flushing nmethod 0x000001b7c3eb0f90
Event: 193.196 Thread 0x000001b7d73ee870 flushing nmethod 0x000001b7c3f20990
Event: 193.196 Thread 0x000001b7d73ee870 flushing nmethod 0x000001b7c3f3ac90
Event: 193.197 Thread 0x000001b7d73ee870 flushing nmethod 0x000001b7c3f6e710
Event: 193.198 Thread 0x000001b7d73ee870 flushing nmethod 0x000001b7c4067f10
Event: 193.198 Thread 0x000001b7d73ee870 flushing nmethod 0x000001b7c4107810
Event: 193.198 Thread 0x000001b7d73ee870 flushing nmethod 0x000001b7c4108e10
Event: 193.199 Thread 0x000001b7d73ee870 flushing nmethod 0x000001b7c415bc90
Event: 196.740 loading class sun/util/locale/LocaleExtensions
Event: 196.776 loading class sun/util/locale/LocaleExtensions done
Event: 209.427 loading class jdk/internal/misc/ScopedMemoryAccess$Scope$Handle
Event: 209.437 loading class jdk/internal/misc/ScopedMemoryAccess$Scope$Handle done
Event: 262.055 Thread 0x000001b7d73ee870 flushing nmethod 0x000001b7c373ad90
Event: 262.126 Thread 0x000001b7d73ee870 flushing nmethod 0x000001b7c3ebae90


Dynamic libraries:
0x00007ff7d6330000 - 0x00007ff7d633e000 	C:\Users\tashtiba\AppData\Local\Temp\Rar$EXa0.061\eclipse\plugins\org.eclipse.justj.openjdk.hotspot.jre.full.win32.x86_64_17.0.2.v20220201-1208\jre\bin\javaw.exe
0x00007ffd90130000 - 0x00007ffd90328000 	C:\WINDOWS\SYSTEM32\ntdll.dll
0x00007ffd8e670000 - 0x00007ffd8e72d000 	C:\WINDOWS\System32\KERNEL32.DLL
0x00007ffd8de40000 - 0x00007ffd8e136000 	C:\WINDOWS\System32\KERNELBASE.dll
0x00007ffd8d900000 - 0x00007ffd8da00000 	C:\WINDOWS\System32\ucrtbase.dll
0x00007ffd88de0000 - 0x00007ffd88df8000 	C:\Users\tashtiba\AppData\Local\Temp\Rar$EXa0.061\eclipse\plugins\org.eclipse.justj.openjdk.hotspot.jre.full.win32.x86_64_17.0.2.v20220201-1208\jre\bin\jli.dll
0x00007ffd8f7e0000 - 0x00007ffd8f97f000 	C:\WINDOWS\System32\USER32.dll
0x00007ffd8e140000 - 0x00007ffd8e162000 	C:\WINDOWS\System32\win32u.dll
0x00007ffd8e860000 - 0x00007ffd8e88b000 	C:\WINDOWS\System32\GDI32.dll
0x00007ffd8da00000 - 0x00007ffd8db17000 	C:\WINDOWS\System32\gdi32full.dll
0x00007ffd8d860000 - 0x00007ffd8d8fd000 	C:\WINDOWS\System32\msvcp_win.dll
0x00007ffd87ed0000 - 0x00007ffd87ee9000 	C:\Users\tashtiba\AppData\Local\Temp\Rar$EXa0.061\eclipse\plugins\org.eclipse.justj.openjdk.hotspot.jre.full.win32.x86_64_17.0.2.v20220201-1208\jre\bin\VCRUNTIME140.dll
0x00007ffd7f4c0000 - 0x00007ffd7f75a000 	C:\WINDOWS\WinSxS\amd64_microsoft.windows.common-controls_6595b64144ccf1df_6.0.19041.4355_none_60b8b9eb71f62e16\COMCTL32.dll
0x00007ffd8f740000 - 0x00007ffd8f7de000 	C:\WINDOWS\System32\msvcrt.dll
0x00007ffd8f320000 - 0x00007ffd8f34f000 	C:\WINDOWS\System32\IMM32.DLL
0x00007ffd88e80000 - 0x00007ffd88e8c000 	C:\Users\tashtiba\AppData\Local\Temp\Rar$EXa0.061\eclipse\plugins\org.eclipse.justj.openjdk.hotspot.jre.full.win32.x86_64_17.0.2.v20220201-1208\jre\bin\vcruntime140_1.dll
0x00007ffd79600000 - 0x00007ffd79691000 	C:\Users\tashtiba\AppData\Local\Temp\Rar$EXa0.061\eclipse\plugins\org.eclipse.justj.openjdk.hotspot.jre.full.win32.x86_64_17.0.2.v20220201-1208\jre\bin\msvcp140.dll
0x00007ffd40d20000 - 0x00007ffd41967000 	C:\Users\tashtiba\AppData\Local\Temp\Rar$EXa0.061\eclipse\plugins\org.eclipse.justj.openjdk.hotspot.jre.full.win32.x86_64_17.0.2.v20220201-1208\jre\bin\server\jvm.dll
0x00007ffd8ef40000 - 0x00007ffd8eff0000 	C:\WINDOWS\System32\ADVAPI32.dll
0x00007ffd8e310000 - 0x00007ffd8e3b0000 	C:\WINDOWS\System32\sechost.dll
0x00007ffd8e170000 - 0x00007ffd8e293000 	C:\WINDOWS\System32\RPCRT4.dll
0x00007ffd8dc00000 - 0x00007ffd8dc27000 	C:\WINDOWS\System32\bcrypt.dll
0x00007ffd8e660000 - 0x00007ffd8e668000 	C:\WINDOWS\System32\PSAPI.DLL
0x00007ffd443f0000 - 0x00007ffd443f9000 	C:\WINDOWS\SYSTEM32\WSOCK32.dll
0x00007ffd8e410000 - 0x00007ffd8e47b000 	C:\WINDOWS\System32\WS2_32.dll
0x00007ffd81c40000 - 0x00007ffd81c67000 	C:\WINDOWS\SYSTEM32\WINMM.dll
0x00007ffd81220000 - 0x00007ffd8122a000 	C:\WINDOWS\SYSTEM32\VERSION.dll
0x00007ffd8b670000 - 0x00007ffd8b682000 	C:\WINDOWS\SYSTEM32\kernel.appcore.dll
0x00007ffd443e0000 - 0x00007ffd443ea000 	C:\Users\tashtiba\AppData\Local\Temp\Rar$EXa0.061\eclipse\plugins\org.eclipse.justj.openjdk.hotspot.jre.full.win32.x86_64_17.0.2.v20220201-1208\jre\bin\jimage.dll
0x00007ffd7b530000 - 0x00007ffd7b714000 	C:\WINDOWS\SYSTEM32\DBGHELP.DLL
0x00007ffd7b4f0000 - 0x00007ffd7b524000 	C:\WINDOWS\SYSTEM32\dbgcore.DLL
0x00007ffd8db70000 - 0x00007ffd8dbf2000 	C:\WINDOWS\System32\bcryptPrimitives.dll
0x00007ffd43330000 - 0x00007ffd43355000 	C:\Users\tashtiba\AppData\Local\Temp\Rar$EXa0.061\eclipse\plugins\org.eclipse.justj.openjdk.hotspot.jre.full.win32.x86_64_17.0.2.v20220201-1208\jre\bin\java.dll
0x00007ffd43310000 - 0x00007ffd43328000 	C:\Users\tashtiba\AppData\Local\Temp\Rar$EXa0.061\eclipse\plugins\org.eclipse.justj.openjdk.hotspot.jre.full.win32.x86_64_17.0.2.v20220201-1208\jre\bin\zip.dll
0x00007ffd8f980000 - 0x00007ffd900ec000 	C:\WINDOWS\System32\SHELL32.dll
0x00007ffd8b870000 - 0x00007ffd8c00d000 	C:\WINDOWS\SYSTEM32\windows.storage.dll
0x00007ffd8f350000 - 0x00007ffd8f6a3000 	C:\WINDOWS\System32\combase.dll
0x00007ffd8d210000 - 0x00007ffd8d23e000 	C:\WINDOWS\SYSTEM32\Wldp.dll
0x00007ffd8e590000 - 0x00007ffd8e65d000 	C:\WINDOWS\System32\OLEAUT32.dll
0x00007ffd8ee90000 - 0x00007ffd8ef3d000 	C:\WINDOWS\System32\SHCORE.dll
0x00007ffd8e480000 - 0x00007ffd8e4d5000 	C:\WINDOWS\System32\shlwapi.dll
0x00007ffd8d720000 - 0x00007ffd8d744000 	C:\WINDOWS\SYSTEM32\profapi.dll
0x00007ffd43240000 - 0x00007ffd43259000 	C:\Users\tashtiba\AppData\Local\Temp\Rar$EXa0.061\eclipse\plugins\org.eclipse.justj.openjdk.hotspot.jre.full.win32.x86_64_17.0.2.v20220201-1208\jre\bin\net.dll
0x00007ffd85860000 - 0x00007ffd8596a000 	C:\WINDOWS\SYSTEM32\WINHTTP.dll
0x00007ffd8cf70000 - 0x00007ffd8cfda000 	C:\WINDOWS\system32\mswsock.dll
0x00007ffd42070000 - 0x00007ffd42085000 	C:\Users\tashtiba\AppData\Local\Temp\Rar$EXa0.061\eclipse\plugins\org.eclipse.justj.openjdk.hotspot.jre.full.win32.x86_64_17.0.2.v20220201-1208\jre\bin\nio.dll
0x00007ffd8ae50000 - 0x00007ffd8ae59000 	C:\Users\tashtiba\AppData\Local\Temp\Rar$EXa0.061\eclipse\plugins\org.eclipse.justj.openjdk.hotspot.jre.full.win32.x86_64_17.0.2.v20220201-1208\jre\bin\management.dll
0x00007ffd83aa0000 - 0x00007ffd83aab000 	C:\Users\tashtiba\AppData\Local\Temp\Rar$EXa0.061\eclipse\plugins\org.eclipse.justj.openjdk.hotspot.jre.full.win32.x86_64_17.0.2.v20220201-1208\jre\bin\management_ext.dll
0x00007ffd83a90000 - 0x00007ffd83a9e000 	C:\Users\tashtiba\AppData\Local\Temp\Rar$EXa0.061\eclipse\plugins\org.eclipse.justj.openjdk.hotspot.jre.full.win32.x86_64_17.0.2.v20220201-1208\jre\bin\sunmscapi.dll
0x00007ffd8dc30000 - 0x00007ffd8dd8e000 	C:\WINDOWS\System32\CRYPT32.dll
0x00007ffd8d280000 - 0x00007ffd8d2a9000 	C:\WINDOWS\SYSTEM32\ncrypt.dll
0x00007ffd8d240000 - 0x00007ffd8d27b000 	C:\WINDOWS\SYSTEM32\NTASN1.dll
0x00007ffd8d160000 - 0x00007ffd8d178000 	C:\WINDOWS\SYSTEM32\CRYPTSP.dll
0x00007ffd8c820000 - 0x00007ffd8c854000 	C:\WINDOWS\system32\rsaenh.dll
0x00007ffd8d6d0000 - 0x00007ffd8d6fe000 	C:\WINDOWS\SYSTEM32\USERENV.dll
0x00007ffd8d180000 - 0x00007ffd8d18c000 	C:\WINDOWS\SYSTEM32\CRYPTBASE.dll
0x00007ffd8cc00000 - 0x00007ffd8cc3b000 	C:\WINDOWS\SYSTEM32\IPHLPAPI.DLL
0x00007ffd8e850000 - 0x00007ffd8e858000 	C:\WINDOWS\System32\NSI.dll
0x00007ffd86cc0000 - 0x00007ffd86cd7000 	C:\WINDOWS\SYSTEM32\dhcpcsvc6.DLL
0x00007ffd86c00000 - 0x00007ffd86c1d000 	C:\WINDOWS\SYSTEM32\dhcpcsvc.DLL
0x00007ffd8cc50000 - 0x00007ffd8cd1a000 	C:\WINDOWS\SYSTEM32\DNSAPI.dll
0x00007ffd40600000 - 0x00007ffd40610000 	C:\Users\tashtiba\AppData\Local\Temp\Rar$EXa0.061\eclipse\plugins\org.eclipse.justj.openjdk.hotspot.jre.full.win32.x86_64_17.0.2.v20220201-1208\jre\bin\verify.dll
0x00007ffd835f0000 - 0x00007ffd835fa000 	C:\Windows\System32\rasadhlp.dll
0x00007ffd83510000 - 0x00007ffd83590000 	C:\WINDOWS\System32\fwpuclnt.dll
0x00007ffd87ec0000 - 0x00007ffd87ec7000 	C:\WINDOWS\system32\wshunix.dll

dbghelp: loaded successfully - version: 4.0.5 - missing functions: none
symbol engine: initialized successfully - sym options: 0x614 - pdb path: .;C:\Users\tashtiba\AppData\Local\Temp\Rar$EXa0.061\eclipse\plugins\org.eclipse.justj.openjdk.hotspot.jre.full.win32.x86_64_17.0.2.v20220201-1208\jre\bin;C:\WINDOWS\SYSTEM32;C:\WINDOWS\WinSxS\amd64_microsoft.windows.common-controls_6595b64144ccf1df_6.0.19041.4355_none_60b8b9eb71f62e16;C:\Users\tashtiba\AppData\Local\Temp\Rar$EXa0.061\eclipse\plugins\org.eclipse.justj.openjdk.hotspot.jre.full.win32.x86_64_17.0.2.v20220201-1208\jre\bin\server

VM Arguments:
jvm_args: -Dfile.encoding=UTF-8 -XX:+ShowCodeDetailsInExceptionMessages 
java_command: com.rahma.AvEchelon.AvEchelonApplication
java_class_path (initial): C:\Users\tashtiba\Desktop\test\AvEchelon\target\classes;C:\Users\tashtiba\.m2\repository\org\springframework\boot\spring-boot-starter-data-jpa\3.3.0\spring-boot-starter-data-jpa-3.3.0.jar;C:\Users\tashtiba\.m2\repository\org\springframework\boot\spring-boot-starter-aop\3.3.0\spring-boot-starter-aop-3.3.0.jar;C:\Users\tashtiba\.m2\repository\org\springframework\spring-aop\6.1.8\spring-aop-6.1.8.jar;C:\Users\tashtiba\.m2\repository\org\aspectj\aspectjweaver\1.9.22\aspectjweaver-1.9.22.jar;C:\Users\tashtiba\.m2\repository\org\hibernate\orm\hibernate-core\6.5.2.Final\hibernate-core-6.5.2.Final.jar;C:\Users\tashtiba\.m2\repository\jakarta\persistence\jakarta.persistence-api\3.1.0\jakarta.persistence-api-3.1.0.jar;C:\Users\tashtiba\.m2\repository\jakarta\transaction\jakarta.transaction-api\2.0.1\jakarta.transaction-api-2.0.1.jar;C:\Users\tashtiba\.m2\repository\org\jboss\logging\jboss-logging\3.5.3.Final\jboss-logging-3.5.3.Final.jar;C:\Users\tashtiba\.m2\repository\org\hibernate\common\hibernate-commons-annotations\6.0.6.Final\hibernate-commons-annotations-6.0.6.Final.jar;C:\Users\tashtiba\.m2\repository\io\smallrye\jandex\3.1.2\jandex-3.1.2.jar;C:\Users\tashtiba\.m2\repository\com\fasterxml\classmate\1.7.0\classmate-1.7.0.jar;C:\Users\tashtiba\.m2\repository\net\bytebuddy\byte-buddy\1.14.16\byte-buddy-1.14.16.jar;C:\Users\tashtiba\.m2\repository\org\glassfish\jaxb\jaxb-runtime\4.0.5\jaxb-runtime-4.0.5.jar;C:\Users\tashtiba\.m2\repository\org\glassfish\jaxb\jaxb-core\4.0.5\jaxb-core-4.0.5.jar;C:\Users\tashtiba\.m2\repository\org\eclipse\angus\angus-activation\2.0.2\angus-activation-2.0.2.jar;C:\Users\tashtiba\.m2\repository\org\glassfish\jaxb\txw2\4.0.5\txw2-4.0.5.jar;C:\Users\tashtiba\.m2\repository\com\sun\istack\istack-commons-runtime\4.1.2\istack-commons-runtime-4.1.2.jar;C:\Users\tashtiba\.m2\repository\jakarta\inject\jakarta.inject-api\2.0.1\jakarta.inject-api-2.0.1.jar;C:\Users\tashtiba\.m2\repository\org\antlr\antlr4-runtime\4.13.0\an
Launcher Type: SUN_STANDARD

[Global flags]
     intx CICompilerCount                          = 3                                         {product} {ergonomic}
     uint ConcGCThreads                            = 1                                         {product} {ergonomic}
     uint G1ConcRefinementThreads                  = 4                                         {product} {ergonomic}
   size_t G1HeapRegionSize                         = 1048576                                   {product} {ergonomic}
    uintx GCDrainStackTargetSize                   = 64                                        {product} {ergonomic}
   size_t InitialHeapSize                          = 98566144                                  {product} {ergonomic}
   size_t MarkStackSize                            = 4194304                                   {product} {ergonomic}
   size_t MaxHeapSize                              = 1558183936                                {product} {ergonomic}
   size_t MaxNewSize                               = 934281216                                 {product} {ergonomic}
   size_t MinHeapDeltaBytes                        = 1048576                                   {product} {ergonomic}
   size_t MinHeapSize                              = 8388608                                   {product} {ergonomic}
    uintx NonNMethodCodeHeapSize                   = 5832780                                {pd product} {ergonomic}
    uintx NonProfiledCodeHeapSize                  = 122912730                              {pd product} {ergonomic}
    uintx ProfiledCodeHeapSize                     = 122912730                              {pd product} {ergonomic}
    uintx ReservedCodeCacheSize                    = 251658240                              {pd product} {ergonomic}
     bool SegmentedCodeCache                       = true                                      {product} {ergonomic}
     bool ShowCodeDetailsInExceptionMessages       = true                                   {manageable} {command line}
   size_t SoftMaxHeapSize                          = 1558183936                             {manageable} {ergonomic}
     bool UseCompressedClassPointers               = true                           {product lp64_product} {ergonomic}
     bool UseCompressedOops                        = true                           {product lp64_product} {ergonomic}
     bool UseG1GC                                  = true                                      {product} {ergonomic}
     bool UseLargePagesIndividualAllocation        = false                                  {pd product} {ergonomic}

Logging:
Log output configuration:
 #0: stdout all=warning uptime,level,tags
 #1: stderr all=off uptime,level,tags

Environment Variables:
PATH=C:/Users/tashtiba/AppData/Local/Temp/Rar$EXa0.061/eclipse//plugins/org.eclipse.justj.openjdk.hotspot.jre.full.win32.x86_64_17.0.2.v20220201-1208/jre/bin/server;C:/Users/tashtiba/AppData/Local/Temp/Rar$EXa0.061/eclipse//plugins/org.eclipse.justj.openjdk.hotspot.jre.full.win32.x86_64_17.0.2.v20220201-1208/jre/bin;C:\Program Files\Common Files\Oracle\Java\javapath;C:\Python312\Scripts\;C:\Python312\;C:\Program Files (x86)\Common Files\Oracle\Java\javapath;C:\Program Files (x86)\VMware\VMware Workstation\bin\;C:\WINDOWS\system32;C:\WINDOWS;C:\WINDOWS\System32\Wbem;C:\WINDOWS\System32\WindowsPowerShell\v1.0\;C:\WINDOWS\System32\OpenSSH\;C:\Program Files\Microsoft VS Code\bin;C:\Program Files\Java\jdk1.8.0_202;C:\ProgramData\chocolatey\bin;E:\Git\cmd;C:\Program Files\nodejs;C:\Program Files\nodejs\;C:\Users\tashtiba\AppData\Local\Microsoft\WindowsApps;C:\Program Files\nodejs;C:\Users\tashtiba\AppData\Local\Android\Sdk\platform-tools;C:\Users\tashtiba\AppData\Roaming\npm;C:\Program Files\JetBrains\IntelliJ IDEA 2024.1.2\bin;;C:\Users\tashtiba\AppData\Local\Temp\Rar$EXa0.061\eclipse;
USERNAME=tashtiba
OS=Windows_NT
PROCESSOR_IDENTIFIER=Intel64 Family 6 Model 37 Stepping 2, GenuineIntel



---------------  S Y S T E M  ---------------

OS:
 Windows 10 , 64 bit Build 19041 (10.0.19041.3636)
OS uptime: 0 days 3:41 hours

CPU: total 4 (initial active 4) (2 cores per cpu, 2 threads per core) family 6 model 37 stepping 2 microcode 0x11, cx8, cmov, fxsr, ht, mmx, sse, sse2, sse3, ssse3, sse4.1, sse4.2, popcnt, tsc, tscinvbit, clflush

Memory: 4k page, system-wide physical 5941M (219M free)
TotalPageFile size 24373M (AvailPageFile size 1M)
current process WorkingSet (physical memory assigned to process): 353M, peak: 353M
current process commit charge ("private bytes"): 509M, peak: 511M

vm_info: OpenJDK 64-Bit Server VM (17.0.2+8) for windows-amd64 JRE (17.0.2+8), built on Jan 20 2022 04:52:34 by "" with MS VC++ 16.7 (VS2019)

END.
