#
# There is insufficient memory for the Java Runtime Environment to continue.
# Native memory allocation (malloc) failed to allocate 1081536 bytes for Chunk::new
# Possible reasons:
#   The system is out of physical RAM or swap space
#   The process is running with CompressedOops enabled, and the Java Heap may be blocking the growth of the native heap
# Possible solutions:
#   Reduce memory load on the system
#   Increase physical memory or swap space
#   Check if swap backing store is full
#   Decrease Java heap size (-Xmx/-Xms)
#   Decrease number of Java threads
#   Decrease Java thread stack sizes (-Xss)
#   Set larger code cache with -XX:ReservedCodeCacheSize=
#   JVM is running with Unscaled Compressed Oops mode in which the Java heap is
#     placed in the first 4GB address space. The Java Heap base address is the
#     maximum limit for the native heap growth. Please use -XX:HeapBaseMinAddress
#     to set the Java Heap base and to place the Java Heap above 4GB virtual address.
# This output file may be truncated or incomplete.
#
#  Out of Memory Error (arena.cpp:189), pid=12992, tid=3124
#
# JRE version: OpenJDK Runtime Environment Temurin-17.0.2+8 (17.0.2+8) (build 17.0.2+8)
# Java VM: OpenJDK 64-Bit Server VM Temurin-17.0.2+8 (17.0.2+8, mixed mode, tiered, compressed oops, compressed class ptrs, g1 gc, windows-amd64)
# No core dump will be written. Minidumps are not enabled by default on client versions of Windows
#

---------------  S U M M A R Y ------------

Command Line: -Dfile.encoding=UTF-8 -XX:+ShowCodeDetailsInExceptionMessages com.rahma.AvEchelon.AvEchelonApplication

Host: Intel(R) Core(TM) i5 CPU       M 430  @ 2.27GHz, 4 cores, 5G,  Windows 10 , 64 bit Build 19041 (10.0.19041.3636)
Time: Sat Jun 29 20:09:49 2024 Romance Daylight Time elapsed time: 729.215472 seconds (0d 0h 12m 9s)

---------------  T H R E A D  ---------------

Current thread (0x0000023cdd6ef2f0):  JavaThread "C2 CompilerThread0" daemon [_thread_in_native, id=3124, stack(0x00000085a8800000,0x00000085a8900000)]


Current CompileTask:
C2: 729215 14510       4       com.fasterxml.jackson.databind.ser.std.StringSerializer::serialize (9 bytes)

Stack: [0x00000085a8800000,0x00000085a8900000]
Native frames: (J=compiled Java code, j=interpreted, Vv=VM code, C=native code)
V  [jvm.dll+0x67564a]
V  [jvm.dll+0x82fc04]
V  [jvm.dll+0x8313ae]
V  [jvm.dll+0x831a13]
V  [jvm.dll+0x245235]
V  [jvm.dll+0xabd7b]
V  [jvm.dll+0xac30c]
V  [jvm.dll+0x3631f7]
V  [jvm.dll+0x32d891]
V  [jvm.dll+0x32cd3a]
V  [jvm.dll+0x2180d1]
V  [jvm.dll+0x2174f1]
V  [jvm.dll+0x1a3a8d]
V  [jvm.dll+0x226ef8]
V  [jvm.dll+0x22503c]
V  [jvm.dll+0x7e596b]
V  [jvm.dll+0x7dff2a]
V  [jvm.dll+0x6744d5]
C  [ucrtbase.dll+0x21bb2]
C  [KERNEL32.DLL+0x17344]
C  [ntdll.dll+0x4cc91]


---------------  P R O C E S S  ---------------

Threads class SMR info:
_java_thread_list=0x0000023cde8a1f70, length=39, elements={
0x0000023cdd6a1070, 0x0000023cdd6a4040, 0x0000023cdd6c5780, 0x0000023cdd6ea560,
0x0000023cdd6ece30, 0x0000023cdd6ee700, 0x0000023cdd6ef2f0, 0x0000023cdd72e8e0,
0x0000023cde1502c0, 0x0000023cde268bf0, 0x0000023cde27e090, 0x0000023ce1f3c3d0,
0x0000023ce00e0800, 0x0000023ce1d5cd30, 0x0000023ce1d5bec0, 0x0000023ce1d5ab80,
0x0000023ce1d5b050, 0x0000023ce1d5c390, 0x0000023ce1d5d200, 0x0000023ce1d5b520,
0x0000023ce1d5c860, 0x0000023ce1d59d10, 0x0000023ce1d5b9f0, 0x0000023ce1d59840,
0x0000023ce1d5a1e0, 0x0000023ce1d5a6b0, 0x0000023ce1050030, 0x0000023ce10521e0,
0x0000023ce1052b80, 0x0000023ce10509d0, 0x0000023ce10526b0, 0x0000023ce1050500,
0x0000023ce1055200, 0x0000023ce1056540, 0x0000023ce104fb60, 0x0000023cdfb21bb0,
0x0000023cdfb1eb90, 0x0000023cdfb203a0, 0x0000023cdfb1f530
}

Java Threads: ( => current thread )
  0x0000023cdd6a1070 JavaThread "Reference Handler" daemon [_thread_blocked, id=2456, stack(0x00000085a8200000,0x00000085a8300000)]
  0x0000023cdd6a4040 JavaThread "Finalizer" daemon [_thread_blocked, id=6060, stack(0x00000085a8300000,0x00000085a8400000)]
  0x0000023cdd6c5780 JavaThread "Signal Dispatcher" daemon [_thread_blocked, id=12924, stack(0x00000085a8400000,0x00000085a8500000)]
  0x0000023cdd6ea560 JavaThread "Attach Listener" daemon [_thread_blocked, id=7564, stack(0x00000085a8500000,0x00000085a8600000)]
  0x0000023cdd6ece30 JavaThread "Service Thread" daemon [_thread_blocked, id=11056, stack(0x00000085a8600000,0x00000085a8700000)]
  0x0000023cdd6ee700 JavaThread "Monitor Deflation Thread" daemon [_thread_blocked, id=5920, stack(0x00000085a8700000,0x00000085a8800000)]
=>0x0000023cdd6ef2f0 JavaThread "C2 CompilerThread0" daemon [_thread_in_native, id=3124, stack(0x00000085a8800000,0x00000085a8900000)]
  0x0000023cdd72e8e0 JavaThread "C1 CompilerThread0" daemon [_thread_blocked, id=6528, stack(0x00000085a8900000,0x00000085a8a00000)]
  0x0000023cde1502c0 JavaThread "Sweeper thread" daemon [_thread_blocked, id=10168, stack(0x00000085a8a00000,0x00000085a8b00000)]
  0x0000023cde268bf0 JavaThread "Notification Thread" daemon [_thread_blocked, id=3676, stack(0x00000085a8b00000,0x00000085a8c00000)]
  0x0000023cde27e090 JavaThread "Common-Cleaner" daemon [_thread_blocked, id=10528, stack(0x00000085a8d00000,0x00000085a8e00000)]
  0x0000023ce1f3c3d0 JavaThread "Catalina-utility-1" [_thread_blocked, id=1856, stack(0x00000085a9400000,0x00000085a9500000)]
  0x0000023ce00e0800 JavaThread "Catalina-utility-2" [_thread_blocked, id=10972, stack(0x00000085a9500000,0x00000085a9600000)]
  0x0000023ce1d5cd30 JavaThread "http-nio-8281-exec-1" daemon [_thread_in_native, id=2204, stack(0x00000085a9600000,0x00000085a9700000)]
  0x0000023ce1d5bec0 JavaThread "http-nio-8281-exec-2" daemon [_thread_blocked, id=3612, stack(0x00000085a9700000,0x00000085a9800000)]
  0x0000023ce1d5ab80 JavaThread "http-nio-8281-exec-3" daemon [_thread_blocked, id=5304, stack(0x00000085a9800000,0x00000085a9900000)]
  0x0000023ce1d5b050 JavaThread "http-nio-8281-exec-4" daemon [_thread_blocked, id=13272, stack(0x00000085a9900000,0x00000085a9a00000)]
  0x0000023ce1d5c390 JavaThread "http-nio-8281-exec-5" daemon [_thread_in_native, id=5960, stack(0x00000085a9a00000,0x00000085a9b00000)]
  0x0000023ce1d5d200 JavaThread "http-nio-8281-exec-6" daemon [_thread_in_native, id=768, stack(0x00000085a9b00000,0x00000085a9c00000)]
  0x0000023ce1d5b520 JavaThread "http-nio-8281-exec-7" daemon [_thread_in_native, id=11392, stack(0x00000085a9c00000,0x00000085a9d00000)]
  0x0000023ce1d5c860 JavaThread "http-nio-8281-exec-8" daemon [_thread_in_native, id=12128, stack(0x00000085a9d00000,0x00000085a9e00000)]
  0x0000023ce1d59d10 JavaThread "http-nio-8281-exec-9" daemon [_thread_blocked, id=380, stack(0x00000085a9e00000,0x00000085a9f00000)]
  0x0000023ce1d5b9f0 JavaThread "http-nio-8281-exec-10" daemon [_thread_blocked, id=9820, stack(0x00000085a9f00000,0x00000085aa000000)]
  0x0000023ce1d59840 JavaThread "container-0" [_thread_blocked, id=1152, stack(0x00000085aa000000,0x00000085aa100000)]
  0x0000023ce1d5a1e0 JavaThread "mysql-cj-abandoned-connection-cleanup" daemon [_thread_blocked, id=4896, stack(0x00000085aa100000,0x00000085aa200000)]
  0x0000023ce1d5a6b0 JavaThread "HikariPool-1 housekeeper" daemon [_thread_blocked, id=2424, stack(0x00000085a8e00000,0x00000085a8f00000)]
  0x0000023ce1050030 JavaThread "File Watcher" daemon [_thread_blocked, id=7112, stack(0x00000085aa300000,0x00000085aa400000)]
  0x0000023ce10521e0 JavaThread "Live Reload Server" daemon [_thread_in_native, id=9136, stack(0x00000085aa600000,0x00000085aa700000)]
  0x0000023ce1052b80 JavaThread "http-nio-8281-Poller" daemon [_thread_in_native, id=10192, stack(0x00000085aa500000,0x00000085aa600000)]
  0x0000023ce10509d0 JavaThread "http-nio-8281-Acceptor" daemon [_thread_in_native, id=4740, stack(0x00000085aa700000,0x00000085aa800000)]
  0x0000023ce10526b0 JavaThread "DestroyJavaVM" [_thread_blocked, id=10964, stack(0x00000085a7b00000,0x00000085a7c00000)]
  0x0000023ce1050500 JavaThread "http-nio-8281-exec-11" daemon [_thread_blocked, id=5076, stack(0x00000085a7900000,0x00000085a7a00000)]
  0x0000023ce1055200 JavaThread "http-nio-8281-exec-12" daemon [_thread_blocked, id=8956, stack(0x00000085a7a00000,0x00000085a7b00000)]
  0x0000023ce1056540 JavaThread "http-nio-8281-exec-13" daemon [_thread_blocked, id=2592, stack(0x00000085aa400000,0x00000085aa500000)]
  0x0000023ce104fb60 JavaThread "http-nio-8281-exec-14" daemon [_thread_blocked, id=6320, stack(0x00000085aa800000,0x00000085aa900000)]
  0x0000023cdfb21bb0 JavaThread "http-nio-8281-exec-15" daemon [_thread_blocked, id=10828, stack(0x00000085aa900000,0x00000085aaa00000)]
  0x0000023cdfb1eb90 JavaThread "http-nio-8281-exec-16" daemon [_thread_in_native, id=7616, stack(0x00000085aaa00000,0x00000085aab00000)]
  0x0000023cdfb203a0 JavaThread "http-nio-8281-exec-17" daemon [_thread_blocked, id=4892, stack(0x00000085aab00000,0x00000085aac00000)]
  0x0000023cdfb1f530 JavaThread "http-nio-8281-exec-18" daemon [_thread_blocked, id=10400, stack(0x00000085a9200000,0x00000085a9300000)]

Other Threads:
  0x0000023cdd699f20 VMThread "VM Thread" [stack: 0x00000085a8100000,0x00000085a8200000] [id=12956]
  0x0000023cde2698e0 WatcherThread [stack: 0x00000085a8c00000,0x00000085a8d00000] [id=6764]
  0x0000023cc34faf20 GCTaskThread "GC Thread#0" [stack: 0x00000085a7c00000,0x00000085a7d00000] [id=4076]
  0x0000023cdfb5cff0 GCTaskThread "GC Thread#1" [stack: 0x00000085a8f00000,0x00000085a9000000] [id=2176]
  0x0000023cdfd17c50 GCTaskThread "GC Thread#2" [stack: 0x00000085a9000000,0x00000085a9100000] [id=12368]
  0x0000023cde42e740 GCTaskThread "GC Thread#3" [stack: 0x00000085a9100000,0x00000085a9200000] [id=2408]
  0x0000023cc35075d0 ConcurrentGCThread "G1 Main Marker" [stack: 0x00000085a7d00000,0x00000085a7e00000] [id=11788]
  0x0000023cc3507d90 ConcurrentGCThread "G1 Conc#0" [stack: 0x00000085a7e00000,0x00000085a7f00000] [id=13232]
  0x0000023cc356a180 ConcurrentGCThread "G1 Refine#0" [stack: 0x00000085a7f00000,0x00000085a8000000] [id=6024]
  0x0000023cc356b0f0 ConcurrentGCThread "G1 Service" [stack: 0x00000085a8000000,0x00000085a8100000] [id=9020]

Threads with active compile tasks:
C2 CompilerThread0   729278 14510       4       com.fasterxml.jackson.databind.ser.std.StringSerializer::serialize (9 bytes)

VM state: not at safepoint (normal execution)

VM Mutex/Monitor currently owned by a thread: None

Heap address: 0x00000000a3200000, size: 1486 MB, Compressed Oops mode: 32-bit

CDS archive(s) not mapped
Compressed class space mapped at: 0x0000000100000000-0x0000000140000000, reserved size: 1073741824
Narrow klass base: 0x0000000000000000, Narrow klass shift: 3, Narrow klass range: 0x140000000

GC Precious Log:
 CPUs: 4 total, 4 available
 Memory: 5941M
 Large Page Support: Disabled
 NUMA Support: Disabled
 Compressed Oops: Enabled (32-bit)
 Heap Region Size: 1M
 Heap Min Capacity: 8M
 Heap Initial Capacity: 94M
 Heap Max Capacity: 1486M
 Pre-touch: Disabled
 Parallel Workers: 4
 Concurrent Workers: 1
 Concurrent Refinement Workers: 4
 Periodic GC: Disabled

Heap:
 garbage-first heap   total 133120K, used 56776K [0x00000000a3200000, 0x0000000100000000)
  region size 1024K, 16 young (16384K), 2 survivors (2048K)
 Metaspace       used 85845K, committed 86528K, reserved 1130496K
  class space    used 10991K, committed 11328K, reserved 1048576K

Heap Regions: E=young(eden), S=young(survivor), O=old, HS=humongous(starts), HC=humongous(continues), CS=collection set, F=free, OA=open archive, CA=closed archive, TAMS=top-at-mark-start (previous, next)
|   0|0x00000000a3200000, 0x00000000a3300000, 0x00000000a3300000|100%|HS|  |TAMS 0x00000000a3300000, 0x00000000a3200000| Complete 
|   1|0x00000000a3300000, 0x00000000a3400000, 0x00000000a3400000|100%| O|  |TAMS 0x00000000a3400000, 0x00000000a3300000| Untracked 
|   2|0x00000000a3400000, 0x00000000a3500000, 0x00000000a3500000|100%| O|  |TAMS 0x00000000a3500000, 0x00000000a3400000| Untracked 
|   3|0x00000000a3500000, 0x00000000a3600000, 0x00000000a3600000|100%| O|  |TAMS 0x00000000a3600000, 0x00000000a3500000| Untracked 
|   4|0x00000000a3600000, 0x00000000a3700000, 0x00000000a3700000|100%| O|  |TAMS 0x00000000a3700000, 0x00000000a3600000| Untracked 
|   5|0x00000000a3700000, 0x00000000a3800000, 0x00000000a3800000|100%| O|  |TAMS 0x00000000a3800000, 0x00000000a3700000| Untracked 
|   6|0x00000000a3800000, 0x00000000a3900000, 0x00000000a3900000|100%| O|  |TAMS 0x00000000a3900000, 0x00000000a3800000| Untracked 
|   7|0x00000000a3900000, 0x00000000a3a00000, 0x00000000a3a00000|100%| O|  |TAMS 0x00000000a3a00000, 0x00000000a3900000| Untracked 
|   8|0x00000000a3a00000, 0x00000000a3b00000, 0x00000000a3b00000|100%| O|  |TAMS 0x00000000a3b00000, 0x00000000a3a00000| Untracked 
|   9|0x00000000a3b00000, 0x00000000a3c00000, 0x00000000a3c00000|100%| O|  |TAMS 0x00000000a3c00000, 0x00000000a3b00000| Untracked 
|  10|0x00000000a3c00000, 0x00000000a3d00000, 0x00000000a3d00000|100%| O|  |TAMS 0x00000000a3c00000, 0x00000000a3c00000| Untracked 
|  11|0x00000000a3d00000, 0x00000000a3e00000, 0x00000000a3e00000|100%| O|  |TAMS 0x00000000a3e00000, 0x00000000a3d00000| Untracked 
|  12|0x00000000a3e00000, 0x00000000a3f00000, 0x00000000a3f00000|100%| O|  |TAMS 0x00000000a3e58800, 0x00000000a3e00000| Untracked 
|  13|0x00000000a3f00000, 0x00000000a4000000, 0x00000000a4000000|100%| O|  |TAMS 0x00000000a4000000, 0x00000000a3f00000| Untracked 
|  14|0x00000000a4000000, 0x00000000a4100000, 0x00000000a4100000|100%| O|  |TAMS 0x00000000a4100000, 0x00000000a4000000| Untracked 
|  15|0x00000000a4100000, 0x00000000a4200000, 0x00000000a4200000|100%| O|  |TAMS 0x00000000a4200000, 0x00000000a4100000| Untracked 
|  16|0x00000000a4200000, 0x00000000a4300000, 0x00000000a4300000|100%| O|  |TAMS 0x00000000a4300000, 0x00000000a4200000| Untracked 
|  17|0x00000000a4300000, 0x00000000a4400000, 0x00000000a4400000|100%| O|  |TAMS 0x00000000a4400000, 0x00000000a4300000| Untracked 
|  18|0x00000000a4400000, 0x00000000a4500000, 0x00000000a4500000|100%| O|  |TAMS 0x00000000a4500000, 0x00000000a4400000| Untracked 
|  19|0x00000000a4500000, 0x00000000a4600000, 0x00000000a4600000|100%| O|  |TAMS 0x00000000a4600000, 0x00000000a4500000| Untracked 
|  20|0x00000000a4600000, 0x00000000a4700000, 0x00000000a4700000|100%| O|  |TAMS 0x00000000a4700000, 0x00000000a4600000| Untracked 
|  21|0x00000000a4700000, 0x00000000a4800000, 0x00000000a4800000|100%| O|  |TAMS 0x00000000a4800000, 0x00000000a4700000| Untracked 
|  22|0x00000000a4800000, 0x00000000a4900000, 0x00000000a4900000|100%| O|  |TAMS 0x00000000a4900000, 0x00000000a4800000| Untracked 
|  23|0x00000000a4900000, 0x00000000a4a00000, 0x00000000a4a00000|100%| O|  |TAMS 0x00000000a4a00000, 0x00000000a4900000| Untracked 
|  24|0x00000000a4a00000, 0x00000000a4b00000, 0x00000000a4b00000|100%| O|  |TAMS 0x00000000a4b00000, 0x00000000a4a00000| Untracked 
|  25|0x00000000a4b00000, 0x00000000a4c00000, 0x00000000a4c00000|100%| O|  |TAMS 0x00000000a4c00000, 0x00000000a4b00000| Untracked 
|  26|0x00000000a4c00000, 0x00000000a4d00000, 0x00000000a4d00000|100%| O|  |TAMS 0x00000000a4d00000, 0x00000000a4c00000| Untracked 
|  27|0x00000000a4d00000, 0x00000000a4e00000, 0x00000000a4e00000|100%| O|  |TAMS 0x00000000a4e00000, 0x00000000a4d00000| Untracked 
|  28|0x00000000a4e00000, 0x00000000a4f00000, 0x00000000a4f00000|100%| O|  |TAMS 0x00000000a4f00000, 0x00000000a4e00000| Untracked 
|  29|0x00000000a4f00000, 0x00000000a5000000, 0x00000000a5000000|100%| O|  |TAMS 0x00000000a5000000, 0x00000000a4f00000| Untracked 
|  30|0x00000000a5000000, 0x00000000a5100000, 0x00000000a5100000|100%| O|  |TAMS 0x00000000a5100000, 0x00000000a5000000| Untracked 
|  31|0x00000000a5100000, 0x00000000a5200000, 0x00000000a5200000|100%| O|  |TAMS 0x00000000a5200000, 0x00000000a5100000| Untracked 
|  32|0x00000000a5200000, 0x00000000a5300000, 0x00000000a5300000|100%| O|  |TAMS 0x00000000a5300000, 0x00000000a5200000| Untracked 
|  33|0x00000000a5300000, 0x00000000a5400000, 0x00000000a5400000|100%| O|  |TAMS 0x00000000a5300000, 0x00000000a5300000| Untracked 
|  34|0x00000000a5400000, 0x00000000a5500000, 0x00000000a5500000|100%| O|  |TAMS 0x00000000a5500000, 0x00000000a5400000| Untracked 
|  35|0x00000000a5500000, 0x00000000a5600000, 0x00000000a5600000|100%| O|  |TAMS 0x00000000a5600000, 0x00000000a5500000| Untracked 
|  36|0x00000000a5600000, 0x00000000a5700000, 0x00000000a5700000|100%| O|  |TAMS 0x00000000a5700000, 0x00000000a5600000| Untracked 
|  37|0x00000000a5700000, 0x00000000a5800000, 0x00000000a5800000|100%| O|  |TAMS 0x00000000a5700000, 0x00000000a5700000| Untracked 
|  38|0x00000000a5800000, 0x00000000a5900000, 0x00000000a5900000|100%| O|  |TAMS 0x00000000a5800000, 0x00000000a5800000| Untracked 
|  39|0x00000000a5900000, 0x00000000a5a00000, 0x00000000a5a00000|100%| O|  |TAMS 0x00000000a5900000, 0x00000000a5900000| Untracked 
|  40|0x00000000a5a00000, 0x00000000a5a72200, 0x00000000a5b00000| 44%| O|  |TAMS 0x00000000a5a00000, 0x00000000a5a00000| Untracked 
|  41|0x00000000a5b00000, 0x00000000a5b00000, 0x00000000a5c00000|  0%| F|  |TAMS 0x00000000a5b00000, 0x00000000a5b00000| Untracked 
|  42|0x00000000a5c00000, 0x00000000a5c00000, 0x00000000a5d00000|  0%| F|  |TAMS 0x00000000a5c00000, 0x00000000a5c00000| Untracked 
|  43|0x00000000a5d00000, 0x00000000a5d00000, 0x00000000a5e00000|  0%| F|  |TAMS 0x00000000a5d00000, 0x00000000a5d00000| Untracked 
|  44|0x00000000a5e00000, 0x00000000a5e00000, 0x00000000a5f00000|  0%| F|  |TAMS 0x00000000a5e00000, 0x00000000a5e00000| Untracked 
|  45|0x00000000a5f00000, 0x00000000a5f00000, 0x00000000a6000000|  0%| F|  |TAMS 0x00000000a5f00000, 0x00000000a5f00000| Untracked 
|  46|0x00000000a6000000, 0x00000000a6000000, 0x00000000a6100000|  0%| F|  |TAMS 0x00000000a6000000, 0x00000000a6000000| Untracked 
|  47|0x00000000a6100000, 0x00000000a6100000, 0x00000000a6200000|  0%| F|  |TAMS 0x00000000a6100000, 0x00000000a6100000| Untracked 
|  48|0x00000000a6200000, 0x00000000a6200000, 0x00000000a6300000|  0%| F|  |TAMS 0x00000000a6200000, 0x00000000a6200000| Untracked 
|  49|0x00000000a6300000, 0x00000000a6300000, 0x00000000a6400000|  0%| F|  |TAMS 0x00000000a6300000, 0x00000000a6300000| Untracked 
|  50|0x00000000a6400000, 0x00000000a6400000, 0x00000000a6500000|  0%| F|  |TAMS 0x00000000a6400000, 0x00000000a6400000| Untracked 
|  51|0x00000000a6500000, 0x00000000a6500000, 0x00000000a6600000|  0%| F|  |TAMS 0x00000000a6500000, 0x00000000a6500000| Untracked 
|  52|0x00000000a6600000, 0x00000000a6600000, 0x00000000a6700000|  0%| F|  |TAMS 0x00000000a6600000, 0x00000000a6600000| Untracked 
|  53|0x00000000a6700000, 0x00000000a6700000, 0x00000000a6800000|  0%| F|  |TAMS 0x00000000a6700000, 0x00000000a6700000| Untracked 
|  54|0x00000000a6800000, 0x00000000a6800000, 0x00000000a6900000|  0%| F|  |TAMS 0x00000000a6800000, 0x00000000a6800000| Untracked 
|  55|0x00000000a6900000, 0x00000000a6900000, 0x00000000a6a00000|  0%| F|  |TAMS 0x00000000a6900000, 0x00000000a6900000| Untracked 
|  56|0x00000000a6a00000, 0x00000000a6a00000, 0x00000000a6b00000|  0%| F|  |TAMS 0x00000000a6a00000, 0x00000000a6a00000| Untracked 
|  57|0x00000000a6b00000, 0x00000000a6c00000, 0x00000000a6c00000|100%| S|CS|TAMS 0x00000000a6b00000, 0x00000000a6b00000| Complete 
|  58|0x00000000a6c00000, 0x00000000a6d00000, 0x00000000a6d00000|100%| S|CS|TAMS 0x00000000a6c00000, 0x00000000a6c00000| Complete 
|  59|0x00000000a6d00000, 0x00000000a6d00000, 0x00000000a6e00000|  0%| F|  |TAMS 0x00000000a6d00000, 0x00000000a6d00000| Untracked 
|  60|0x00000000a6e00000, 0x00000000a6e00000, 0x00000000a6f00000|  0%| F|  |TAMS 0x00000000a6e00000, 0x00000000a6e00000| Untracked 
|  61|0x00000000a6f00000, 0x00000000a6f00000, 0x00000000a7000000|  0%| F|  |TAMS 0x00000000a6f00000, 0x00000000a6f00000| Untracked 
|  62|0x00000000a7000000, 0x00000000a7000000, 0x00000000a7100000|  0%| F|  |TAMS 0x00000000a7000000, 0x00000000a7000000| Untracked 
|  63|0x00000000a7100000, 0x00000000a7100000, 0x00000000a7200000|  0%| F|  |TAMS 0x00000000a7100000, 0x00000000a7100000| Untracked 
|  64|0x00000000a7200000, 0x00000000a7200000, 0x00000000a7300000|  0%| F|  |TAMS 0x00000000a7200000, 0x00000000a7200000| Untracked 
|  65|0x00000000a7300000, 0x00000000a7300000, 0x00000000a7400000|  0%| F|  |TAMS 0x00000000a7300000, 0x00000000a7300000| Untracked 
|  66|0x00000000a7400000, 0x00000000a7400000, 0x00000000a7500000|  0%| F|  |TAMS 0x00000000a7400000, 0x00000000a7400000| Untracked 
|  67|0x00000000a7500000, 0x00000000a7500000, 0x00000000a7600000|  0%| F|  |TAMS 0x00000000a7500000, 0x00000000a7500000| Untracked 
|  68|0x00000000a7600000, 0x00000000a7600000, 0x00000000a7700000|  0%| F|  |TAMS 0x00000000a7600000, 0x00000000a7600000| Untracked 
|  69|0x00000000a7700000, 0x00000000a7700000, 0x00000000a7800000|  0%| F|  |TAMS 0x00000000a7700000, 0x00000000a7700000| Untracked 
|  70|0x00000000a7800000, 0x00000000a7800000, 0x00000000a7900000|  0%| F|  |TAMS 0x00000000a7800000, 0x00000000a7800000| Untracked 
|  71|0x00000000a7900000, 0x00000000a7900000, 0x00000000a7a00000|  0%| F|  |TAMS 0x00000000a7900000, 0x00000000a7900000| Untracked 
|  72|0x00000000a7a00000, 0x00000000a7a00000, 0x00000000a7b00000|  0%| F|  |TAMS 0x00000000a7a00000, 0x00000000a7a00000| Untracked 
|  73|0x00000000a7b00000, 0x00000000a7b00000, 0x00000000a7c00000|  0%| F|  |TAMS 0x00000000a7b00000, 0x00000000a7b00000| Untracked 
|  74|0x00000000a7c00000, 0x00000000a7c00000, 0x00000000a7d00000|  0%| F|  |TAMS 0x00000000a7c00000, 0x00000000a7c00000| Untracked 
|  75|0x00000000a7d00000, 0x00000000a7d00000, 0x00000000a7e00000|  0%| F|  |TAMS 0x00000000a7d00000, 0x00000000a7d00000| Untracked 
|  76|0x00000000a7e00000, 0x00000000a7e00000, 0x00000000a7f00000|  0%| F|  |TAMS 0x00000000a7e00000, 0x00000000a7e00000| Untracked 
|  77|0x00000000a7f00000, 0x00000000a7f00000, 0x00000000a8000000|  0%| F|  |TAMS 0x00000000a7f00000, 0x00000000a7f00000| Untracked 
|  78|0x00000000a8000000, 0x00000000a8000000, 0x00000000a8100000|  0%| F|  |TAMS 0x00000000a8000000, 0x00000000a8000000| Untracked 
|  79|0x00000000a8100000, 0x00000000a8100000, 0x00000000a8200000|  0%| F|  |TAMS 0x00000000a8100000, 0x00000000a8100000| Untracked 
|  80|0x00000000a8200000, 0x00000000a8200000, 0x00000000a8300000|  0%| F|  |TAMS 0x00000000a8200000, 0x00000000a8200000| Untracked 
|  81|0x00000000a8300000, 0x00000000a8300000, 0x00000000a8400000|  0%| F|  |TAMS 0x00000000a8300000, 0x00000000a8300000| Untracked 
|  82|0x00000000a8400000, 0x00000000a8400000, 0x00000000a8500000|  0%| F|  |TAMS 0x00000000a8400000, 0x00000000a8400000| Untracked 
|  83|0x00000000a8500000, 0x00000000a8500000, 0x00000000a8600000|  0%| F|  |TAMS 0x00000000a8500000, 0x00000000a8500000| Untracked 
|  84|0x00000000a8600000, 0x00000000a8600000, 0x00000000a8700000|  0%| F|  |TAMS 0x00000000a8600000, 0x00000000a8600000| Untracked 
|  85|0x00000000a8700000, 0x00000000a8700000, 0x00000000a8800000|  0%| F|  |TAMS 0x00000000a8700000, 0x00000000a8700000| Untracked 
|  86|0x00000000a8800000, 0x00000000a8800000, 0x00000000a8900000|  0%| F|  |TAMS 0x00000000a8800000, 0x00000000a8800000| Untracked 
|  87|0x00000000a8900000, 0x00000000a8900000, 0x00000000a8a00000|  0%| F|  |TAMS 0x00000000a8900000, 0x00000000a8900000| Untracked 
|  88|0x00000000a8a00000, 0x00000000a8a00000, 0x00000000a8b00000|  0%| F|  |TAMS 0x00000000a8a00000, 0x00000000a8a00000| Untracked 
|  89|0x00000000a8b00000, 0x00000000a8b00000, 0x00000000a8c00000|  0%| F|  |TAMS 0x00000000a8b00000, 0x00000000a8b00000| Untracked 
|  90|0x00000000a8c00000, 0x00000000a8c00000, 0x00000000a8d00000|  0%| F|  |TAMS 0x00000000a8c00000, 0x00000000a8c00000| Untracked 
|  91|0x00000000a8d00000, 0x00000000a8d00000, 0x00000000a8e00000|  0%| F|  |TAMS 0x00000000a8d00000, 0x00000000a8d00000| Untracked 
|  92|0x00000000a8e00000, 0x00000000a8e00000, 0x00000000a8f00000|  0%| F|  |TAMS 0x00000000a8e00000, 0x00000000a8e00000| Untracked 
|  93|0x00000000a8f00000, 0x00000000a8f00000, 0x00000000a9000000|  0%| F|  |TAMS 0x00000000a8f00000, 0x00000000a8f00000| Untracked 
|  94|0x00000000a9000000, 0x00000000a9000000, 0x00000000a9100000|  0%| F|  |TAMS 0x00000000a9000000, 0x00000000a9000000| Untracked 
|  95|0x00000000a9100000, 0x00000000a9100000, 0x00000000a9200000|  0%| F|  |TAMS 0x00000000a9100000, 0x00000000a9100000| Untracked 
|  96|0x00000000a9200000, 0x00000000a9200000, 0x00000000a9300000|  0%| F|  |TAMS 0x00000000a9200000, 0x00000000a9200000| Untracked 
|  97|0x00000000a9300000, 0x00000000a9300000, 0x00000000a9400000|  0%| F|  |TAMS 0x00000000a9300000, 0x00000000a9300000| Untracked 
|  98|0x00000000a9400000, 0x00000000a9400000, 0x00000000a9500000|  0%| F|  |TAMS 0x00000000a9400000, 0x00000000a9400000| Untracked 
|  99|0x00000000a9500000, 0x00000000a9500000, 0x00000000a9600000|  0%| F|  |TAMS 0x00000000a9500000, 0x00000000a9500000| Untracked 
| 100|0x00000000a9600000, 0x00000000a9600000, 0x00000000a9700000|  0%| F|  |TAMS 0x00000000a9600000, 0x00000000a9600000| Untracked 
| 101|0x00000000a9700000, 0x00000000a9700000, 0x00000000a9800000|  0%| F|  |TAMS 0x00000000a9700000, 0x00000000a9700000| Untracked 
| 102|0x00000000a9800000, 0x00000000a9800000, 0x00000000a9900000|  0%| F|  |TAMS 0x00000000a9800000, 0x00000000a9800000| Untracked 
| 103|0x00000000a9900000, 0x00000000a9900000, 0x00000000a9a00000|  0%| F|  |TAMS 0x00000000a9900000, 0x00000000a9900000| Untracked 
| 104|0x00000000a9a00000, 0x00000000a9a00000, 0x00000000a9b00000|  0%| F|  |TAMS 0x00000000a9a00000, 0x00000000a9a00000| Untracked 
| 105|0x00000000a9b00000, 0x00000000a9b00000, 0x00000000a9c00000|  0%| F|  |TAMS 0x00000000a9b00000, 0x00000000a9b00000| Untracked 
| 106|0x00000000a9c00000, 0x00000000a9c00000, 0x00000000a9d00000|  0%| F|  |TAMS 0x00000000a9c00000, 0x00000000a9c00000| Untracked 
| 107|0x00000000a9d00000, 0x00000000a9d00000, 0x00000000a9e00000|  0%| F|  |TAMS 0x00000000a9d00000, 0x00000000a9d00000| Untracked 
| 108|0x00000000a9e00000, 0x00000000a9e00000, 0x00000000a9f00000|  0%| F|  |TAMS 0x00000000a9e00000, 0x00000000a9e00000| Untracked 
| 109|0x00000000a9f00000, 0x00000000a9f00000, 0x00000000aa000000|  0%| F|  |TAMS 0x00000000a9f00000, 0x00000000a9f00000| Untracked 
| 110|0x00000000aa000000, 0x00000000aa000000, 0x00000000aa100000|  0%| F|  |TAMS 0x00000000aa000000, 0x00000000aa000000| Untracked 
| 111|0x00000000aa100000, 0x00000000aa100000, 0x00000000aa200000|  0%| F|  |TAMS 0x00000000aa100000, 0x00000000aa100000| Untracked 
| 112|0x00000000aa200000, 0x00000000aa200000, 0x00000000aa300000|  0%| F|  |TAMS 0x00000000aa200000, 0x00000000aa200000| Untracked 
| 113|0x00000000aa300000, 0x00000000aa300000, 0x00000000aa400000|  0%| F|  |TAMS 0x00000000aa300000, 0x00000000aa300000| Untracked 
| 114|0x00000000aa400000, 0x00000000aa400000, 0x00000000aa500000|  0%| F|  |TAMS 0x00000000aa400000, 0x00000000aa400000| Untracked 
| 115|0x00000000aa500000, 0x00000000aa551bf8, 0x00000000aa600000| 32%| E|  |TAMS 0x00000000aa500000, 0x00000000aa500000| Complete 
| 116|0x00000000aa600000, 0x00000000aa700000, 0x00000000aa700000|100%| E|CS|TAMS 0x00000000aa600000, 0x00000000aa600000| Complete 
| 117|0x00000000aa700000, 0x00000000aa800000, 0x00000000aa800000|100%| E|CS|TAMS 0x00000000aa700000, 0x00000000aa700000| Complete 
| 118|0x00000000aa800000, 0x00000000aa900000, 0x00000000aa900000|100%| E|CS|TAMS 0x00000000aa800000, 0x00000000aa800000| Complete 
| 119|0x00000000aa900000, 0x00000000aaa00000, 0x00000000aaa00000|100%| E|CS|TAMS 0x00000000aa900000, 0x00000000aa900000| Complete 
| 120|0x00000000aaa00000, 0x00000000aab00000, 0x00000000aab00000|100%| E|CS|TAMS 0x00000000aaa00000, 0x00000000aaa00000| Complete 
| 121|0x00000000aab00000, 0x00000000aac00000, 0x00000000aac00000|100%| E|CS|TAMS 0x00000000aab00000, 0x00000000aab00000| Complete 
| 122|0x00000000aac00000, 0x00000000aad00000, 0x00000000aad00000|100%| E|CS|TAMS 0x00000000aac00000, 0x00000000aac00000| Complete 
| 123|0x00000000aad00000, 0x00000000aae00000, 0x00000000aae00000|100%| E|CS|TAMS 0x00000000aad00000, 0x00000000aad00000| Complete 
| 124|0x00000000aae00000, 0x00000000aaf00000, 0x00000000aaf00000|100%| E|CS|TAMS 0x00000000aae00000, 0x00000000aae00000| Complete 
| 125|0x00000000aaf00000, 0x00000000ab000000, 0x00000000ab000000|100%| E|CS|TAMS 0x00000000aaf00000, 0x00000000aaf00000| Complete 
| 126|0x00000000ab000000, 0x00000000ab100000, 0x00000000ab100000|100%| E|CS|TAMS 0x00000000ab000000, 0x00000000ab000000| Complete 
| 127|0x00000000ab100000, 0x00000000ab200000, 0x00000000ab200000|100%| E|CS|TAMS 0x00000000ab100000, 0x00000000ab100000| Complete 
| 128|0x00000000ab200000, 0x00000000ab300000, 0x00000000ab300000|100%| E|CS|TAMS 0x00000000ab200000, 0x00000000ab200000| Complete 
| 129|0x00000000ab300000, 0x00000000ab400000, 0x00000000ab400000|100%| E|CS|TAMS 0x00000000ab300000, 0x00000000ab300000| Complete 

Card table byte_map: [0x0000023cd7c50000,0x0000023cd7f40000] _byte_map_base: 0x0000023cd7737000

Marking Bits (Prev, Next): (CMBitMap*) 0x0000023cc34fb2e0, (CMBitMap*) 0x0000023cc34fb320
 Prev Bits: [0x0000023cd8230000, 0x0000023cd9968000)
 Next Bits: [0x0000023cd9970000, 0x0000023cdb0a8000)

Polling page: 0x0000023cc3290000

Metaspace:

Usage:
  Non-class:     73.10 MB used.
      Class:     10.73 MB used.
       Both:     83.83 MB used.

Virtual space:
  Non-class space:       80.00 MB reserved,      73.44 MB ( 92%) committed,  10 nodes.
      Class space:        1.00 GB reserved,      11.06 MB (  1%) committed,  1 nodes.
             Both:        1.08 GB reserved,      84.50 MB (  8%) committed. 

Chunk freelists:
   Non-Class:  2.14 MB
       Class:  864.00 KB
        Both:  2.98 MB

MaxMetaspaceSize: unlimited
CompressedClassSpaceSize: 1.00 GB
Initial GC threshold: 21.00 MB
Current GC threshold: 138.25 MB
CDS: off
MetaspaceReclaimPolicy: balanced
 - commit_granule_bytes: 65536.
 - commit_granule_words: 8192.
 - virtual_space_node_default_size: 1048576.
 - enlarge_chunks_in_place: 1.
 - new_chunks_are_fully_committed: 0.
 - uncommit_free_chunks: 1.
 - use_allocation_guard: 0.
 - handle_deallocations: 1.


Internal statistics:

num_allocs_failed_limit: 6.
num_arena_births: 992.
num_arena_deaths: 0.
num_vsnodes_births: 11.
num_vsnodes_deaths: 0.
num_space_committed: 1352.
num_space_uncommitted: 0.
num_chunks_returned_to_freelist: 6.
num_chunks_taken_from_freelist: 3893.
num_chunk_merges: 6.
num_chunk_splits: 2759.
num_chunks_enlarged: 2105.
num_purges: 0.
num_inconsistent_stats: 0.

CodeHeap 'non-profiled nmethods': size=120000Kb used=12366Kb max_used=12366Kb free=107634Kb
 bounds [0x0000023ccfe10000, 0x0000023cd0a30000, 0x0000023cd7340000]
CodeHeap 'profiled nmethods': size=120000Kb used=17778Kb max_used=22543Kb free=102221Kb
 bounds [0x0000023cc88e0000, 0x0000023cc9ef0000, 0x0000023ccfe10000]
CodeHeap 'non-nmethods': size=5760Kb used=1348Kb max_used=1421Kb free=4411Kb
 bounds [0x0000023cc8340000, 0x0000023cc85b0000, 0x0000023cc88e0000]
 total_blobs=12041 nmethods=11354 adapters=599
 compilation: enabled
              stopped_count=0, restarted_count=0
 full_count=0

Compilation events (20 events):
Event: 728.859 Thread 0x0000023cdd6ef2f0 nmethod 14484 0x0000023cd0a1b190 code [0x0000023cd0a1b400, 0x0000023cd0a1d168]
Event: 728.860 Thread 0x0000023cdd6ef2f0 14500       4       org.springframework.core.MethodParameter::getDeclaringClass (8 bytes)
Event: 728.861 Thread 0x0000023cdd6ef2f0 nmethod 14500 0x0000023cd0a1e290 code [0x0000023cd0a1e420, 0x0000023cd0a1e4d8]
Event: 728.873 Thread 0x0000023cdd6ef2f0 14506       4       org.springframework.web.servlet.DispatcherServlet::getHandlerAdapter (65 bytes)
Event: 728.879 Thread 0x0000023cdd6ef2f0 nmethod 14506 0x0000023cd0a1e590 code [0x0000023cd0a1e720, 0x0000023cd0a1e8f8]
Event: 728.885 Thread 0x0000023cdd6ef2f0 14507       4       org.springframework.http.converter.json.AbstractJackson2HttpMessageConverter::getJavaType (13 bytes)
Event: 728.897 Thread 0x0000023cdd72e8e0 14509       3       org.springframework.web.util.WebUtils::getSessionId (29 bytes)
Event: 728.897 Thread 0x0000023cdd72e8e0 nmethod 14509 0x0000023cc8eb1090 code [0x0000023cc8eb1280, 0x0000023cc8eb16c8]
Event: 728.957 Thread 0x0000023cdd72e8e0 14511       3       java.lang.invoke.Invokers$Holder::linkToTargetMethod (9 bytes)
Event: 728.957 Thread 0x0000023cdd72e8e0 nmethod 14511 0x0000023cc91b7510 code [0x0000023cc91b76c0, 0x0000023cc91b7958]
Event: 728.965 Thread 0x0000023cdd72e8e0 14512       3       org.apache.catalina.core.ApplicationFilterFactory::matchDispatcher (103 bytes)
Event: 728.966 Thread 0x0000023cdd72e8e0 nmethod 14512 0x0000023cc8bfa110 code [0x0000023cc8bfa320, 0x0000023cc8bfaab8]
Event: 728.966 Thread 0x0000023cdd72e8e0 14513       3       org.springframework.http.server.RequestPath::parse (10 bytes)
Event: 728.967 Thread 0x0000023cdd72e8e0 nmethod 14513 0x0000023cc90d0f10 code [0x0000023cc90d10c0, 0x0000023cc90d1248]
Event: 729.032 Thread 0x0000023cdd72e8e0 14514       3       java.lang.invoke.LambdaForm$MH/0x000000010048d000::invoke (78 bytes)
Event: 729.033 Thread 0x0000023cdd72e8e0 nmethod 14514 0x0000023cc9909090 code [0x0000023cc99092a0, 0x0000023cc9909aa8]
Event: 729.086 Thread 0x0000023cdd6ef2f0 nmethod 14507 0x0000023cd0a1ec10 code [0x0000023cd0a1efa0, 0x0000023cd0a21da8]
Event: 729.086 Thread 0x0000023cdd6ef2f0 14510       4       com.fasterxml.jackson.databind.ser.std.StringSerializer::serialize (9 bytes)
Event: 729.126 Thread 0x0000023cdd72e8e0 14516   !   3       org.apache.coyote.http11.Http11Processor::prepareResponse (919 bytes)
Event: 729.146 Thread 0x0000023cdd72e8e0 nmethod 14516 0x0000023cc96a4d10 code [0x0000023cc96a5700, 0x0000023cc96ab6b8]

GC Heap History (20 events):
Event: 724.343 GC heap before
{Heap before GC invocations=724 (full 0):
 garbage-first heap   total 133120K, used 113657K [0x00000000a3200000, 0x0000000100000000)
  region size 1024K, 71 young (72704K), 2 survivors (2048K)
 Metaspace       used 85642K, committed 86272K, reserved 1130496K
  class space    used 10966K, committed 11264K, reserved 1048576K
}
Event: 724.349 GC heap after
{Heap after GC invocations=725 (full 0):
 garbage-first heap   total 133120K, used 44039K [0x00000000a3200000, 0x0000000100000000)
  region size 1024K, 3 young (3072K), 3 survivors (3072K)
 Metaspace       used 85642K, committed 86272K, reserved 1130496K
  class space    used 10966K, committed 11264K, reserved 1048576K
}
Event: 724.942 GC heap before
{Heap before GC invocations=725 (full 0):
 garbage-first heap   total 133120K, used 113671K [0x00000000a3200000, 0x0000000100000000)
  region size 1024K, 71 young (72704K), 3 survivors (3072K)
 Metaspace       used 85642K, committed 86272K, reserved 1130496K
  class space    used 10966K, committed 11264K, reserved 1048576K
}
Event: 724.945 GC heap after
{Heap after GC invocations=726 (full 0):
 garbage-first heap   total 133120K, used 42859K [0x00000000a3200000, 0x0000000100000000)
  region size 1024K, 2 young (2048K), 2 survivors (2048K)
 Metaspace       used 85642K, committed 86272K, reserved 1130496K
  class space    used 10966K, committed 11264K, reserved 1048576K
}
Event: 725.404 GC heap before
{Heap before GC invocations=726 (full 0):
 garbage-first heap   total 133120K, used 113515K [0x00000000a3200000, 0x0000000100000000)
  region size 1024K, 71 young (72704K), 2 survivors (2048K)
 Metaspace       used 85642K, committed 86272K, reserved 1130496K
  class space    used 10966K, committed 11264K, reserved 1048576K
}
Event: 725.407 GC heap after
{Heap after GC invocations=727 (full 0):
 garbage-first heap   total 133120K, used 42385K [0x00000000a3200000, 0x0000000100000000)
  region size 1024K, 1 young (1024K), 1 survivors (1024K)
 Metaspace       used 85642K, committed 86272K, reserved 1130496K
  class space    used 10966K, committed 11264K, reserved 1048576K
}
Event: 725.887 GC heap before
{Heap before GC invocations=727 (full 0):
 garbage-first heap   total 133120K, used 115089K [0x00000000a3200000, 0x0000000100000000)
  region size 1024K, 72 young (73728K), 1 survivors (1024K)
 Metaspace       used 85642K, committed 86272K, reserved 1130496K
  class space    used 10966K, committed 11264K, reserved 1048576K
}
Event: 725.891 GC heap after
{Heap after GC invocations=728 (full 0):
 garbage-first heap   total 133120K, used 43216K [0x00000000a3200000, 0x0000000100000000)
  region size 1024K, 2 young (2048K), 2 survivors (2048K)
 Metaspace       used 85642K, committed 86272K, reserved 1130496K
  class space    used 10966K, committed 11264K, reserved 1048576K
}
Event: 726.330 GC heap before
{Heap before GC invocations=728 (full 0):
 garbage-first heap   total 133120K, used 113872K [0x00000000a3200000, 0x0000000100000000)
  region size 1024K, 71 young (72704K), 2 survivors (2048K)
 Metaspace       used 85642K, committed 86272K, reserved 1130496K
  class space    used 10966K, committed 11264K, reserved 1048576K
}
Event: 726.333 GC heap after
{Heap after GC invocations=729 (full 0):
 garbage-first heap   total 133120K, used 43039K [0x00000000a3200000, 0x0000000100000000)
  region size 1024K, 2 young (2048K), 2 survivors (2048K)
 Metaspace       used 85642K, committed 86272K, reserved 1130496K
  class space    used 10966K, committed 11264K, reserved 1048576K
}
Event: 726.805 GC heap before
{Heap before GC invocations=729 (full 0):
 garbage-first heap   total 133120K, used 114719K [0x00000000a3200000, 0x0000000100000000)
  region size 1024K, 72 young (73728K), 2 survivors (2048K)
 Metaspace       used 85642K, committed 86272K, reserved 1130496K
  class space    used 10966K, committed 11264K, reserved 1048576K
}
Event: 726.810 GC heap after
{Heap after GC invocations=730 (full 0):
 garbage-first heap   total 133120K, used 43760K [0x00000000a3200000, 0x0000000100000000)
  region size 1024K, 3 young (3072K), 3 survivors (3072K)
 Metaspace       used 85642K, committed 86272K, reserved 1130496K
  class space    used 10966K, committed 11264K, reserved 1048576K
}
Event: 727.240 GC heap before
{Heap before GC invocations=730 (full 0):
 garbage-first heap   total 133120K, used 113392K [0x00000000a3200000, 0x0000000100000000)
  region size 1024K, 71 young (72704K), 3 survivors (3072K)
 Metaspace       used 85642K, committed 86272K, reserved 1130496K
  class space    used 10966K, committed 11264K, reserved 1048576K
}
Event: 727.243 GC heap after
{Heap after GC invocations=731 (full 0):
 garbage-first heap   total 133120K, used 42810K [0x00000000a3200000, 0x0000000100000000)
  region size 1024K, 2 young (2048K), 2 survivors (2048K)
 Metaspace       used 85642K, committed 86272K, reserved 1130496K
  class space    used 10966K, committed 11264K, reserved 1048576K
}
Event: 727.875 GC heap before
{Heap before GC invocations=731 (full 0):
 garbage-first heap   total 133120K, used 113466K [0x00000000a3200000, 0x0000000100000000)
  region size 1024K, 71 young (72704K), 2 survivors (2048K)
 Metaspace       used 85832K, committed 86464K, reserved 1130496K
  class space    used 10991K, committed 11328K, reserved 1048576K
}
Event: 727.882 GC heap after
{Heap after GC invocations=732 (full 0):
 garbage-first heap   total 133120K, used 43612K [0x00000000a3200000, 0x0000000100000000)
  region size 1024K, 3 young (3072K), 3 survivors (3072K)
 Metaspace       used 85832K, committed 86464K, reserved 1130496K
  class space    used 10991K, committed 11328K, reserved 1048576K
}
Event: 728.436 GC heap before
{Heap before GC invocations=732 (full 0):
 garbage-first heap   total 133120K, used 113244K [0x00000000a3200000, 0x0000000100000000)
  region size 1024K, 71 young (72704K), 3 survivors (3072K)
 Metaspace       used 85841K, committed 86528K, reserved 1130496K
  class space    used 10991K, committed 11328K, reserved 1048576K
}
Event: 728.440 GC heap after
{Heap after GC invocations=733 (full 0):
 garbage-first heap   total 133120K, used 43385K [0x00000000a3200000, 0x0000000100000000)
  region size 1024K, 2 young (2048K), 2 survivors (2048K)
 Metaspace       used 85841K, committed 86528K, reserved 1130496K
  class space    used 10991K, committed 11328K, reserved 1048576K
}
Event: 729.138 GC heap before
{Heap before GC invocations=733 (full 0):
 garbage-first heap   total 133120K, used 114041K [0x00000000a3200000, 0x0000000100000000)
  region size 1024K, 71 young (72704K), 2 survivors (2048K)
 Metaspace       used 85845K, committed 86528K, reserved 1130496K
  class space    used 10991K, committed 11328K, reserved 1048576K
}
Event: 729.143 GC heap after
{Heap after GC invocations=734 (full 0):
 garbage-first heap   total 133120K, used 43464K [0x00000000a3200000, 0x0000000100000000)
  region size 1024K, 2 young (2048K), 2 survivors (2048K)
 Metaspace       used 85845K, committed 86528K, reserved 1130496K
  class space    used 10991K, committed 11328K, reserved 1048576K
}

Deoptimization events (20 events):
Event: 728.796 Thread 0x0000023ce1055200 Uncommon trap: trap_request=0xffffffde fr.pc=0x0000023cd08c3788 relative=0x0000000000000408
Event: 728.796 Thread 0x0000023ce1055200 Uncommon trap: reason=class_check action=maybe_recompile pc=0x0000023cd08c3788 method=com.fasterxml.jackson.databind.ObjectWriter$Prefetch.forRootType(Lcom/fasterxml/jackson/databind/ObjectWriter;Lcom/fasterxml/jackson/databind/JavaType;)Lcom/fasterxml/ja
Event: 728.796 Thread 0x0000023ce1055200 DEOPT PACKING pc=0x0000023cd08c3788 sp=0x00000085a7afd4b0
Event: 728.796 Thread 0x0000023ce1055200 DEOPT UNPACKING pc=0x0000023cc839239d sp=0x00000085a7afd3e0 mode 2
Event: 728.796 Thread 0x0000023ce1055200 Uncommon trap: trap_request=0xffffffde fr.pc=0x0000023cd08c1fc4 relative=0x0000000000000124
Event: 728.796 Thread 0x0000023ce1055200 Uncommon trap: reason=class_check action=maybe_recompile pc=0x0000023cd08c1fc4 method=com.fasterxml.jackson.databind.util.TypeKey.typedHash(Lcom/fasterxml/jackson/databind/JavaType;)I @ 1 c2
Event: 728.796 Thread 0x0000023ce1055200 DEOPT PACKING pc=0x0000023cd08c1fc4 sp=0x00000085a7afd390
Event: 728.796 Thread 0x0000023ce1055200 DEOPT UNPACKING pc=0x0000023cc839239d sp=0x00000085a7afd278 mode 2
Event: 728.796 Thread 0x0000023ce1055200 Uncommon trap: trap_request=0xffffffde fr.pc=0x0000023cd095084c relative=0x000000000000078c
Event: 728.796 Thread 0x0000023ce1055200 Uncommon trap: reason=class_check action=maybe_recompile pc=0x0000023cd095084c method=com.fasterxml.jackson.databind.ser.DefaultSerializerProvider._serialize(Lcom/fasterxml/jackson/core/JsonGenerator;Ljava/lang/Object;Lcom/fasterxml/jackson/databind/JsonS
Event: 728.796 Thread 0x0000023ce1055200 DEOPT PACKING pc=0x0000023cd095084c sp=0x00000085a7afd470
Event: 728.796 Thread 0x0000023ce1055200 DEOPT UNPACKING pc=0x0000023cc839239d sp=0x00000085a7afd2c8 mode 2
Event: 728.797 Thread 0x0000023ce1055200 Uncommon trap: trap_request=0xffffffde fr.pc=0x0000023cd09145ac relative=0x000000000000120c
Event: 728.797 Thread 0x0000023ce1055200 Uncommon trap: reason=class_check action=maybe_recompile pc=0x0000023cd09145ac method=org.springframework.web.servlet.FrameworkServlet.publishRequestHandledEvent(Ljakarta/servlet/http/HttpServletRequest;Ljakarta/servlet/http/HttpServletResponse;JLjava/lan
Event: 728.797 Thread 0x0000023ce1055200 DEOPT PACKING pc=0x0000023cd09145ac sp=0x00000085a7afdd80
Event: 728.797 Thread 0x0000023ce1055200 DEOPT UNPACKING pc=0x0000023cc839239d sp=0x00000085a7afdd80 mode 2
Event: 728.849 Thread 0x0000023cdfb1f530 DEOPT PACKING pc=0x0000023cc9b8ad62 sp=0x00000085a92fde10
Event: 728.849 Thread 0x0000023cdfb1f530 DEOPT UNPACKING pc=0x0000023cc8392b24 sp=0x00000085a92fd360 mode 0
Event: 728.926 Thread 0x0000023cdfb1eb90 DEOPT PACKING pc=0x0000023cc989c690 sp=0x00000085aaafd070
Event: 728.926 Thread 0x0000023cdfb1eb90 DEOPT UNPACKING pc=0x0000023cc8392b24 sp=0x00000085aaafc618 mode 0

Classes unloaded (0 events):
No events

Classes redefined (0 events):
No events

Internal exceptions (20 events):
Event: 287.707 Thread 0x0000023cdfb21bb0 Exception <a 'java/io/IOException'{0x00000000a8188958}> (0x00000000a8188958) 
thrown [e:\jenkins\tmp\workspace\build\src\src\hotspot\share\prims\jni.cpp, line 516]
Event: 287.724 Thread 0x0000023ce1d5b520 Exception <a 'java/io/IOException'{0x00000000a7f82108}> (0x00000000a7f82108) 
thrown [e:\jenkins\tmp\workspace\build\src\src\hotspot\share\prims\jni.cpp, line 516]
Event: 287.737 Thread 0x0000023ce1055200 Exception <a 'java/io/IOException'{0x00000000a7ff5a48}> (0x00000000a7ff5a48) 
thrown [e:\jenkins\tmp\workspace\build\src\src\hotspot\share\prims\jni.cpp, line 516]
Event: 287.853 Thread 0x0000023ce1d5ab80 Exception <a 'java/io/IOException'{0x00000000a7763b00}> (0x00000000a7763b00) 
thrown [e:\jenkins\tmp\workspace\build\src\src\hotspot\share\prims\jni.cpp, line 516]
Event: 287.957 Thread 0x0000023cdfb1eb90 Exception <a 'java/io/IOException'{0x00000000a7611ee0}> (0x00000000a7611ee0) 
thrown [e:\jenkins\tmp\workspace\build\src\src\hotspot\share\prims\jni.cpp, line 516]
Event: 287.969 Thread 0x0000023ce1d5bec0 Exception <a 'java/io/IOException'{0x00000000a6fd9518}> (0x00000000a6fd9518) 
thrown [e:\jenkins\tmp\workspace\build\src\src\hotspot\share\prims\jni.cpp, line 516]
Event: 288.006 Thread 0x0000023ce1d5d200 Exception <a 'java/io/IOException'{0x00000000ab296370}> (0x00000000ab296370) 
thrown [e:\jenkins\tmp\workspace\build\src\src\hotspot\share\prims\jni.cpp, line 516]
Event: 288.008 Thread 0x0000023ce1d5c860 Exception <a 'java/io/IOException'{0x00000000ab2e8cd0}> (0x00000000ab2e8cd0) 
thrown [e:\jenkins\tmp\workspace\build\src\src\hotspot\share\prims\jni.cpp, line 516]
Event: 288.023 Thread 0x0000023cdfb203a0 Exception <a 'java/io/IOException'{0x00000000ab1149d8}> (0x00000000ab1149d8) 
thrown [e:\jenkins\tmp\workspace\build\src\src\hotspot\share\prims\jni.cpp, line 516]
Event: 288.025 Thread 0x0000023ce1d5b050 Exception <a 'java/io/IOException'{0x00000000ab13bb30}> (0x00000000ab13bb30) 
thrown [e:\jenkins\tmp\workspace\build\src\src\hotspot\share\prims\jni.cpp, line 516]
Event: 288.026 Thread 0x0000023ce1d59d10 Exception <a 'java/io/IOException'{0x00000000ab12f408}> (0x00000000ab12f408) 
thrown [e:\jenkins\tmp\workspace\build\src\src\hotspot\share\prims\jni.cpp, line 516]
Event: 288.031 Thread 0x0000023cdfb1f530 Exception <a 'java/io/IOException'{0x00000000ab151790}> (0x00000000ab151790) 
thrown [e:\jenkins\tmp\workspace\build\src\src\hotspot\share\prims\jni.cpp, line 516]
Event: 288.033 Thread 0x0000023ce1d5c390 Exception <a 'java/io/IOException'{0x00000000ab1629a8}> (0x00000000ab1629a8) 
thrown [e:\jenkins\tmp\workspace\build\src\src\hotspot\share\prims\jni.cpp, line 516]
Event: 288.035 Thread 0x0000023ce1d5b9f0 Exception <a 'java/io/IOException'{0x00000000ab176e40}> (0x00000000ab176e40) 
thrown [e:\jenkins\tmp\workspace\build\src\src\hotspot\share\prims\jni.cpp, line 516]
Event: 525.243 Thread 0x0000023cdfb1eb90 Exception <a 'sun/net/ConnectionResetException'{0x00000000aa389b20}: Connection reset> (0x00000000aa389b20) 
thrown [e:\jenkins\tmp\workspace\build\src\src\hotspot\share\prims\jni.cpp, line 535]
Event: 727.487 Thread 0x0000023ce1d5c390 Implicit null exception at 0x0000023cd05d6144 to 0x0000023cd05d6e24
Event: 727.615 Thread 0x0000023ce1d59d10 Implicit null exception at 0x0000023cd0087694 to 0x0000023cd0088a6c
Event: 727.616 Thread 0x0000023ce1d59d10 Implicit null exception at 0x0000023cd086fd2b to 0x0000023cd08701a0
Event: 727.668 Thread 0x0000023ce1d5c390 Implicit null exception at 0x0000023ccff2c40a to 0x0000023ccff2cf10
Event: 727.682 Thread 0x0000023ce1d59d10 Implicit null exception at 0x0000023cd0867d75 to 0x0000023cd086904c

VM Operations (20 events):
Event: 724.941 Executing VM operation: G1CollectForAllocation
Event: 724.945 Executing VM operation: G1CollectForAllocation done
Event: 725.404 Executing VM operation: G1CollectForAllocation
Event: 725.407 Executing VM operation: G1CollectForAllocation done
Event: 725.887 Executing VM operation: G1CollectForAllocation
Event: 725.891 Executing VM operation: G1CollectForAllocation done
Event: 726.329 Executing VM operation: G1CollectForAllocation
Event: 726.333 Executing VM operation: G1CollectForAllocation done
Event: 726.788 Executing VM operation: G1CollectForAllocation
Event: 726.811 Executing VM operation: G1CollectForAllocation done
Event: 727.240 Executing VM operation: G1CollectForAllocation
Event: 727.243 Executing VM operation: G1CollectForAllocation done
Event: 727.681 Executing VM operation: HandshakeAllThreads
Event: 727.696 Executing VM operation: HandshakeAllThreads done
Event: 727.875 Executing VM operation: G1CollectForAllocation
Event: 727.882 Executing VM operation: G1CollectForAllocation done
Event: 728.436 Executing VM operation: G1CollectForAllocation
Event: 728.440 Executing VM operation: G1CollectForAllocation done
Event: 729.138 Executing VM operation: G1CollectForAllocation
Event: 729.143 Executing VM operation: G1CollectForAllocation done

Events (20 events):
Event: 727.635 loading class jdk/internal/reflect/GeneratedMethodAccessor116 done
Event: 727.639 loading class jdk/internal/reflect/GeneratedMethodAccessor116
Event: 727.639 loading class jdk/internal/reflect/GeneratedMethodAccessor116 done
Event: 727.640 loading class jdk/internal/reflect/GeneratedMethodAccessor116
Event: 727.640 loading class jdk/internal/reflect/GeneratedMethodAccessor116 done
Event: 727.641 loading class jdk/internal/reflect/GeneratedMethodAccessor116
Event: 727.641 loading class jdk/internal/reflect/GeneratedMethodAccessor116 done
Event: 727.729 Thread 0x0000023cde1502c0 flushing nmethod 0x0000023cc9d99090
Event: 727.729 Thread 0x0000023cde1502c0 flushing nmethod 0x0000023cc9da7f90
Event: 727.729 Thread 0x0000023cde1502c0 flushing nmethod 0x0000023cc9ddef10
Event: 727.729 Thread 0x0000023cde1502c0 flushing nmethod 0x0000023cc9df7f10
Event: 727.729 Thread 0x0000023cde1502c0 flushing nmethod 0x0000023cc9dfe810
Event: 728.301 loading class jdk/internal/reflect/GeneratedMethodAccessor116
Event: 728.301 loading class jdk/internal/reflect/GeneratedMethodAccessor116 done
Event: 728.303 loading class jdk/internal/reflect/GeneratedMethodAccessor116
Event: 728.303 loading class jdk/internal/reflect/GeneratedMethodAccessor116 done
Event: 728.780 loading class jdk/internal/reflect/GeneratedMethodAccessor116
Event: 728.780 loading class jdk/internal/reflect/GeneratedMethodAccessor116 done
Event: 728.782 loading class jdk/internal/reflect/GeneratedMethodAccessor116
Event: 728.782 loading class jdk/internal/reflect/GeneratedMethodAccessor116 done


Dynamic libraries:
0x00007ff7be120000 - 0x00007ff7be12e000 	C:\Users\tashtiba\AppData\Local\Temp\Rar$EXa0.061\eclipse\plugins\org.eclipse.justj.openjdk.hotspot.jre.full.win32.x86_64_17.0.2.v20220201-1208\jre\bin\javaw.exe
0x00007ffc4aa70000 - 0x00007ffc4ac68000 	C:\WINDOWS\SYSTEM32\ntdll.dll
0x00007ffc49030000 - 0x00007ffc490ed000 	C:\WINDOWS\System32\KERNEL32.DLL
0x00007ffc48130000 - 0x00007ffc48426000 	C:\WINDOWS\System32\KERNELBASE.dll
0x00007ffc487f0000 - 0x00007ffc488f0000 	C:\WINDOWS\System32\ucrtbase.dll
0x00007ffc446f0000 - 0x00007ffc44708000 	C:\Users\tashtiba\AppData\Local\Temp\Rar$EXa0.061\eclipse\plugins\org.eclipse.justj.openjdk.hotspot.jre.full.win32.x86_64_17.0.2.v20220201-1208\jre\bin\jli.dll
0x00007ffc39b80000 - 0x00007ffc39b99000 	C:\Users\tashtiba\AppData\Local\Temp\Rar$EXa0.061\eclipse\plugins\org.eclipse.justj.openjdk.hotspot.jre.full.win32.x86_64_17.0.2.v20220201-1208\jre\bin\VCRUNTIME140.dll
0x00007ffc4a420000 - 0x00007ffc4a5bf000 	C:\WINDOWS\System32\USER32.dll
0x00007ffc39f30000 - 0x00007ffc3a1ca000 	C:\WINDOWS\WinSxS\amd64_microsoft.windows.common-controls_6595b64144ccf1df_6.0.19041.4355_none_60b8b9eb71f62e16\COMCTL32.dll
0x00007ffc486a0000 - 0x00007ffc486c2000 	C:\WINDOWS\System32\win32u.dll
0x00007ffc492a0000 - 0x00007ffc4933e000 	C:\WINDOWS\System32\msvcrt.dll
0x00007ffc4a5c0000 - 0x00007ffc4a5eb000 	C:\WINDOWS\System32\GDI32.dll
0x00007ffc48990000 - 0x00007ffc48aa7000 	C:\WINDOWS\System32\gdi32full.dll
0x00007ffc488f0000 - 0x00007ffc4898d000 	C:\WINDOWS\System32\msvcp_win.dll
0x00007ffc49a90000 - 0x00007ffc49abf000 	C:\WINDOWS\System32\IMM32.DLL
0x00007ffc44ef0000 - 0x00007ffc44efc000 	C:\Users\tashtiba\AppData\Local\Temp\Rar$EXa0.061\eclipse\plugins\org.eclipse.justj.openjdk.hotspot.jre.full.win32.x86_64_17.0.2.v20220201-1208\jre\bin\vcruntime140_1.dll
0x00007ffc298a0000 - 0x00007ffc29931000 	C:\Users\tashtiba\AppData\Local\Temp\Rar$EXa0.061\eclipse\plugins\org.eclipse.justj.openjdk.hotspot.jre.full.win32.x86_64_17.0.2.v20220201-1208\jre\bin\msvcp140.dll
0x00007ffbf86d0000 - 0x00007ffbf9317000 	C:\Users\tashtiba\AppData\Local\Temp\Rar$EXa0.061\eclipse\plugins\org.eclipse.justj.openjdk.hotspot.jre.full.win32.x86_64_17.0.2.v20220201-1208\jre\bin\server\jvm.dll
0x00007ffc4a830000 - 0x00007ffc4a8e0000 	C:\WINDOWS\System32\ADVAPI32.dll
0x00007ffc4a990000 - 0x00007ffc4aa30000 	C:\WINDOWS\System32\sechost.dll
0x00007ffc497c0000 - 0x00007ffc498e3000 	C:\WINDOWS\System32\RPCRT4.dll
0x00007ffc48430000 - 0x00007ffc48457000 	C:\WINDOWS\System32\bcrypt.dll
0x00007ffc49340000 - 0x00007ffc49348000 	C:\WINDOWS\System32\PSAPI.DLL
0x00007ffc41d10000 - 0x00007ffc41d19000 	C:\WINDOWS\SYSTEM32\WSOCK32.dll
0x00007ffc48e90000 - 0x00007ffc48efb000 	C:\WINDOWS\System32\WS2_32.dll
0x00007ffc3c0a0000 - 0x00007ffc3c0aa000 	C:\WINDOWS\SYSTEM32\VERSION.dll
0x00007ffc3c4c0000 - 0x00007ffc3c4e7000 	C:\WINDOWS\SYSTEM32\WINMM.dll
0x00007ffc45fb0000 - 0x00007ffc45fc2000 	C:\WINDOWS\SYSTEM32\kernel.appcore.dll
0x00007ffc36120000 - 0x00007ffc3612a000 	C:\Users\tashtiba\AppData\Local\Temp\Rar$EXa0.061\eclipse\plugins\org.eclipse.justj.openjdk.hotspot.jre.full.win32.x86_64_17.0.2.v20220201-1208\jre\bin\jimage.dll
0x00007ffc35e60000 - 0x00007ffc36044000 	C:\WINDOWS\SYSTEM32\DBGHELP.DLL
0x00007ffc35e20000 - 0x00007ffc35e54000 	C:\WINDOWS\SYSTEM32\dbgcore.DLL
0x00007ffc485c0000 - 0x00007ffc48642000 	C:\WINDOWS\System32\bcryptPrimitives.dll
0x00007ffc355e0000 - 0x00007ffc35605000 	C:\Users\tashtiba\AppData\Local\Temp\Rar$EXa0.061\eclipse\plugins\org.eclipse.justj.openjdk.hotspot.jre.full.win32.x86_64_17.0.2.v20220201-1208\jre\bin\java.dll
0x00007ffc3e230000 - 0x00007ffc3e248000 	C:\Users\tashtiba\AppData\Local\Temp\Rar$EXa0.061\eclipse\plugins\org.eclipse.justj.openjdk.hotspot.jre.full.win32.x86_64_17.0.2.v20220201-1208\jre\bin\zip.dll
0x00007ffc49b80000 - 0x00007ffc4a2ec000 	C:\WINDOWS\System32\SHELL32.dll
0x00007ffc461b0000 - 0x00007ffc4694d000 	C:\WINDOWS\SYSTEM32\windows.storage.dll
0x00007ffc48b30000 - 0x00007ffc48e83000 	C:\WINDOWS\System32\combase.dll
0x00007ffc47b50000 - 0x00007ffc47b7e000 	C:\WINDOWS\SYSTEM32\Wldp.dll
0x00007ffc4a700000 - 0x00007ffc4a7cd000 	C:\WINDOWS\System32\OLEAUT32.dll
0x00007ffc4a5f0000 - 0x00007ffc4a69d000 	C:\WINDOWS\System32\SHCORE.dll
0x00007ffc498f0000 - 0x00007ffc49945000 	C:\WINDOWS\System32\shlwapi.dll
0x00007ffc48060000 - 0x00007ffc48084000 	C:\WINDOWS\SYSTEM32\profapi.dll
0x00007ffc3e210000 - 0x00007ffc3e229000 	C:\Users\tashtiba\AppData\Local\Temp\Rar$EXa0.061\eclipse\plugins\org.eclipse.justj.openjdk.hotspot.jre.full.win32.x86_64_17.0.2.v20220201-1208\jre\bin\net.dll
0x00007ffc401d0000 - 0x00007ffc402da000 	C:\WINDOWS\SYSTEM32\WINHTTP.dll
0x00007ffc478b0000 - 0x00007ffc4791a000 	C:\WINDOWS\system32\mswsock.dll
0x00007ffc3e1f0000 - 0x00007ffc3e205000 	C:\Users\tashtiba\AppData\Local\Temp\Rar$EXa0.061\eclipse\plugins\org.eclipse.justj.openjdk.hotspot.jre.full.win32.x86_64_17.0.2.v20220201-1208\jre\bin\nio.dll
0x00007ffc423b0000 - 0x00007ffc423b9000 	C:\Users\tashtiba\AppData\Local\Temp\Rar$EXa0.061\eclipse\plugins\org.eclipse.justj.openjdk.hotspot.jre.full.win32.x86_64_17.0.2.v20220201-1208\jre\bin\management.dll
0x00007ffc422d0000 - 0x00007ffc422db000 	C:\Users\tashtiba\AppData\Local\Temp\Rar$EXa0.061\eclipse\plugins\org.eclipse.justj.openjdk.hotspot.jre.full.win32.x86_64_17.0.2.v20220201-1208\jre\bin\management_ext.dll
0x00007ffc451f0000 - 0x00007ffc451fe000 	C:\Users\tashtiba\AppData\Local\Temp\Rar$EXa0.061\eclipse\plugins\org.eclipse.justj.openjdk.hotspot.jre.full.win32.x86_64_17.0.2.v20220201-1208\jre\bin\sunmscapi.dll
0x00007ffc48460000 - 0x00007ffc485be000 	C:\WINDOWS\System32\CRYPT32.dll
0x00007ffc47bc0000 - 0x00007ffc47be9000 	C:\WINDOWS\SYSTEM32\ncrypt.dll
0x00007ffc47b80000 - 0x00007ffc47bbb000 	C:\WINDOWS\SYSTEM32\NTASN1.dll
0x00007ffc47ab0000 - 0x00007ffc47ac8000 	C:\WINDOWS\SYSTEM32\CRYPTSP.dll
0x00007ffc47160000 - 0x00007ffc47194000 	C:\WINDOWS\system32\rsaenh.dll
0x00007ffc48010000 - 0x00007ffc4803e000 	C:\WINDOWS\SYSTEM32\USERENV.dll
0x00007ffc47aa0000 - 0x00007ffc47aac000 	C:\WINDOWS\SYSTEM32\CRYPTBASE.dll
0x00007ffc47540000 - 0x00007ffc4757b000 	C:\WINDOWS\SYSTEM32\IPHLPAPI.DLL
0x00007ffc49ac0000 - 0x00007ffc49ac8000 	C:\WINDOWS\System32\NSI.dll
0x00007ffc417c0000 - 0x00007ffc417d7000 	C:\WINDOWS\SYSTEM32\dhcpcsvc6.DLL
0x00007ffc416d0000 - 0x00007ffc416ed000 	C:\WINDOWS\SYSTEM32\dhcpcsvc.DLL
0x00007ffc47590000 - 0x00007ffc4765a000 	C:\WINDOWS\SYSTEM32\DNSAPI.dll
0x00007ffc3e1e0000 - 0x00007ffc3e1f0000 	C:\Users\tashtiba\AppData\Local\Temp\Rar$EXa0.061\eclipse\plugins\org.eclipse.justj.openjdk.hotspot.jre.full.win32.x86_64_17.0.2.v20220201-1208\jre\bin\verify.dll
0x00007ffc40790000 - 0x00007ffc4079a000 	C:\Windows\System32\rasadhlp.dll
0x00007ffc3de40000 - 0x00007ffc3dec0000 	C:\WINDOWS\System32\fwpuclnt.dll
0x00007ffc44690000 - 0x00007ffc44697000 	C:\WINDOWS\system32\wshunix.dll

dbghelp: loaded successfully - version: 4.0.5 - missing functions: none
symbol engine: initialized successfully - sym options: 0x614 - pdb path: .;C:\Users\tashtiba\AppData\Local\Temp\Rar$EXa0.061\eclipse\plugins\org.eclipse.justj.openjdk.hotspot.jre.full.win32.x86_64_17.0.2.v20220201-1208\jre\bin;C:\WINDOWS\SYSTEM32;C:\WINDOWS\WinSxS\amd64_microsoft.windows.common-controls_6595b64144ccf1df_6.0.19041.4355_none_60b8b9eb71f62e16;C:\Users\tashtiba\AppData\Local\Temp\Rar$EXa0.061\eclipse\plugins\org.eclipse.justj.openjdk.hotspot.jre.full.win32.x86_64_17.0.2.v20220201-1208\jre\bin\server

VM Arguments:
jvm_args: -Dfile.encoding=UTF-8 -XX:+ShowCodeDetailsInExceptionMessages 
java_command: com.rahma.AvEchelon.AvEchelonApplication
java_class_path (initial): C:\Users\tashtiba\Desktop\test\AvEchelon\target\classes;C:\Users\tashtiba\.m2\repository\org\springframework\boot\spring-boot-starter-data-jpa\3.3.0\spring-boot-starter-data-jpa-3.3.0.jar;C:\Users\tashtiba\.m2\repository\org\springframework\boot\spring-boot-starter-aop\3.3.0\spring-boot-starter-aop-3.3.0.jar;C:\Users\tashtiba\.m2\repository\org\springframework\spring-aop\6.1.8\spring-aop-6.1.8.jar;C:\Users\tashtiba\.m2\repository\org\aspectj\aspectjweaver\1.9.22\aspectjweaver-1.9.22.jar;C:\Users\tashtiba\.m2\repository\org\hibernate\orm\hibernate-core\6.5.2.Final\hibernate-core-6.5.2.Final.jar;C:\Users\tashtiba\.m2\repository\jakarta\persistence\jakarta.persistence-api\3.1.0\jakarta.persistence-api-3.1.0.jar;C:\Users\tashtiba\.m2\repository\jakarta\transaction\jakarta.transaction-api\2.0.1\jakarta.transaction-api-2.0.1.jar;C:\Users\tashtiba\.m2\repository\org\jboss\logging\jboss-logging\3.5.3.Final\jboss-logging-3.5.3.Final.jar;C:\Users\tashtiba\.m2\repository\org\hibernate\common\hibernate-commons-annotations\6.0.6.Final\hibernate-commons-annotations-6.0.6.Final.jar;C:\Users\tashtiba\.m2\repository\io\smallrye\jandex\3.1.2\jandex-3.1.2.jar;C:\Users\tashtiba\.m2\repository\com\fasterxml\classmate\1.7.0\classmate-1.7.0.jar;C:\Users\tashtiba\.m2\repository\net\bytebuddy\byte-buddy\1.14.16\byte-buddy-1.14.16.jar;C:\Users\tashtiba\.m2\repository\org\glassfish\jaxb\jaxb-runtime\4.0.5\jaxb-runtime-4.0.5.jar;C:\Users\tashtiba\.m2\repository\org\glassfish\jaxb\jaxb-core\4.0.5\jaxb-core-4.0.5.jar;C:\Users\tashtiba\.m2\repository\org\eclipse\angus\angus-activation\2.0.2\angus-activation-2.0.2.jar;C:\Users\tashtiba\.m2\repository\org\glassfish\jaxb\txw2\4.0.5\txw2-4.0.5.jar;C:\Users\tashtiba\.m2\repository\com\sun\istack\istack-commons-runtime\4.1.2\istack-commons-runtime-4.1.2.jar;C:\Users\tashtiba\.m2\repository\jakarta\inject\jakarta.inject-api\2.0.1\jakarta.inject-api-2.0.1.jar;C:\Users\tashtiba\.m2\repository\org\antlr\antlr4-runtime\4.13.0\an
Launcher Type: SUN_STANDARD

[Global flags]
     intx CICompilerCount                          = 3                                         {product} {ergonomic}
     uint ConcGCThreads                            = 1                                         {product} {ergonomic}
     uint G1ConcRefinementThreads                  = 4                                         {product} {ergonomic}
   size_t G1HeapRegionSize                         = 1048576                                   {product} {ergonomic}
    uintx GCDrainStackTargetSize                   = 64                                        {product} {ergonomic}
   size_t InitialHeapSize                          = 98566144                                  {product} {ergonomic}
   size_t MarkStackSize                            = 4194304                                   {product} {ergonomic}
   size_t MaxHeapSize                              = 1558183936                                {product} {ergonomic}
   size_t MaxNewSize                               = 934281216                                 {product} {ergonomic}
   size_t MinHeapDeltaBytes                        = 1048576                                   {product} {ergonomic}
   size_t MinHeapSize                              = 8388608                                   {product} {ergonomic}
    uintx NonNMethodCodeHeapSize                   = 5832780                                {pd product} {ergonomic}
    uintx NonProfiledCodeHeapSize                  = 122912730                              {pd product} {ergonomic}
    uintx ProfiledCodeHeapSize                     = 122912730                              {pd product} {ergonomic}
    uintx ReservedCodeCacheSize                    = 251658240                              {pd product} {ergonomic}
     bool SegmentedCodeCache                       = true                                      {product} {ergonomic}
     bool ShowCodeDetailsInExceptionMessages       = true                                   {manageable} {command line}
   size_t SoftMaxHeapSize                          = 1558183936                             {manageable} {ergonomic}
     bool UseCompressedClassPointers               = true                           {product lp64_product} {ergonomic}
     bool UseCompressedOops                        = true                           {product lp64_product} {ergonomic}
     bool UseG1GC                                  = true                                      {product} {ergonomic}
     bool UseLargePagesIndividualAllocation        = false                                  {pd product} {ergonomic}

Logging:
Log output configuration:
 #0: stdout all=warning uptime,level,tags
 #1: stderr all=off uptime,level,tags

Environment Variables:
PATH=C:/Users/tashtiba/AppData/Local/Temp/Rar$EXa0.061/eclipse//plugins/org.eclipse.justj.openjdk.hotspot.jre.full.win32.x86_64_17.0.2.v20220201-1208/jre/bin/server;C:/Users/tashtiba/AppData/Local/Temp/Rar$EXa0.061/eclipse//plugins/org.eclipse.justj.openjdk.hotspot.jre.full.win32.x86_64_17.0.2.v20220201-1208/jre/bin;C:\Program Files\Common Files\Oracle\Java\javapath;C:\Python312\Scripts\;C:\Python312\;C:\Program Files (x86)\Common Files\Oracle\Java\javapath;C:\Program Files (x86)\VMware\VMware Workstation\bin\;C:\WINDOWS\system32;C:\WINDOWS;C:\WINDOWS\System32\Wbem;C:\WINDOWS\System32\WindowsPowerShell\v1.0\;C:\WINDOWS\System32\OpenSSH\;C:\Program Files\Microsoft VS Code\bin;C:\Program Files\Java\jdk1.8.0_202;C:\ProgramData\chocolatey\bin;E:\Git\cmd;C:\Program Files\nodejs;C:\Program Files\nodejs\;C:\Users\tashtiba\AppData\Local\Microsoft\WindowsApps;C:\Program Files\nodejs;C:\Users\tashtiba\AppData\Local\Android\Sdk\platform-tools;C:\Users\tashtiba\AppData\Roaming\npm;C:\Program Files\JetBrains\IntelliJ IDEA 2024.1.2\bin;;C:\Users\tashtiba\AppData\Local\Temp\Rar$EXa0.061\eclipse;
USERNAME=tashtiba
OS=Windows_NT
PROCESSOR_IDENTIFIER=Intel64 Family 6 Model 37 Stepping 2, GenuineIntel



---------------  S Y S T E M  ---------------

OS:
 Windows 10 , 64 bit Build 19041 (10.0.19041.3636)
OS uptime: 0 days 1:56 hours

CPU: total 4 (initial active 4) (2 cores per cpu, 2 threads per core) family 6 model 37 stepping 2 microcode 0x11, cx8, cmov, fxsr, ht, mmx, sse, sse2, sse3, ssse3, sse4.1, sse4.2, popcnt, tsc, tscinvbit, clflush

Memory: 4k page, system-wide physical 5941M (639M free)
TotalPageFile size 24373M (AvailPageFile size 5M)
current process WorkingSet (physical memory assigned to process): 283M, peak: 368M
current process commit charge ("private bytes"): 390M, peak: 392M

vm_info: OpenJDK 64-Bit Server VM (17.0.2+8) for windows-amd64 JRE (17.0.2+8), built on Jan 20 2022 04:52:34 by "" with MS VC++ 16.7 (VS2019)

END.
