#
# There is insufficient memory for the Java Runtime Environment to continue.
# Native memory allocation (malloc) failed to allocate 1702256 bytes for Chunk::new
# Possible reasons:
#   The system is out of physical RAM or swap space
#   The process is running with CompressedOops enabled, and the Java Heap may be blocking the growth of the native heap
# Possible solutions:
#   Reduce memory load on the system
#   Increase physical memory or swap space
#   Check if swap backing store is full
#   Decrease Java heap size (-Xmx/-Xms)
#   Decrease number of Java threads
#   Decrease Java thread stack sizes (-Xss)
#   Set larger code cache with -XX:ReservedCodeCacheSize=
#   JVM is running with Unscaled Compressed Oops mode in which the Java heap is
#     placed in the first 4GB address space. The Java Heap base address is the
#     maximum limit for the native heap growth. Please use -XX:HeapBaseMinAddress
#     to set the Java Heap base and to place the Java Heap above 4GB virtual address.
# This output file may be truncated or incomplete.
#
#  Out of Memory Error (arena.cpp:189), pid=11372, tid=2860
#
# JRE version: OpenJDK Runtime Environment Temurin-17.0.2+8 (17.0.2+8) (build 17.0.2+8)
# Java VM: OpenJDK 64-Bit Server VM Temurin-17.0.2+8 (17.0.2+8, mixed mode, tiered, compressed oops, compressed class ptrs, g1 gc, windows-amd64)
# No core dump will be written. Minidumps are not enabled by default on client versions of Windows
#

---------------  S U M M A R Y ------------

Command Line: -Dfile.encoding=UTF-8 -XX:+ShowCodeDetailsInExceptionMessages com.rahma.AvEchelon.AvEchelonApplication

Host: Intel(R) Core(TM) i5 CPU       M 430  @ 2.27GHz, 4 cores, 5G,  Windows 10 , 64 bit Build 19041 (10.0.19041.3636)
Time: Sat Jun 29 21:21:45 2024 Romance Daylight Time elapsed time: 343.396538 seconds (0d 0h 5m 43s)

---------------  T H R E A D  ---------------

Current thread (0x000001912ba68370):  JavaThread "C2 CompilerThread0" daemon [_thread_in_native, id=2860, stack(0x0000007dea500000,0x0000007dea600000)]


Current CompileTask:
C2: 343396 14297       4       org.springframework.web.servlet.DispatcherServlet::getHandler (58 bytes)

Stack: [0x0000007dea500000,0x0000007dea600000]
Native frames: (J=compiled Java code, j=interpreted, Vv=VM code, C=native code)
V  [jvm.dll+0x67564a]
V  [jvm.dll+0x82fc04]
V  [jvm.dll+0x8313ae]
V  [jvm.dll+0x831a13]
V  [jvm.dll+0x245235]
V  [jvm.dll+0xabd7b]
V  [jvm.dll+0xac30c]
V  [jvm.dll+0x3631a2]
V  [jvm.dll+0x32d891]
V  [jvm.dll+0x32cd3a]
V  [jvm.dll+0x2180d1]
V  [jvm.dll+0x2174f1]
V  [jvm.dll+0x1a3a8d]
V  [jvm.dll+0x226ef8]
V  [jvm.dll+0x22503c]
V  [jvm.dll+0x7e596b]
V  [jvm.dll+0x7dff2a]
V  [jvm.dll+0x6744d5]
C  [ucrtbase.dll+0x21bb2]
C  [KERNEL32.DLL+0x17344]
C  [ntdll.dll+0x4cc91]


---------------  P R O C E S S  ---------------

Threads class SMR info:
_java_thread_list=0x000001912cb33a20, length=31, elements={
0x000001912ba5c250, 0x000001912ba22780, 0x000001912ba483b0, 0x000001912ba48f60,
0x000001912ba49a10, 0x000001912ba4a3c0, 0x000001912ba68370, 0x000001912baaea40,
0x000001912c441980, 0x000001912c546550, 0x000001912c5639f0, 0x000001912cad0510,
0x000001912cad1380, 0x000001912cad26c0, 0x000001912cad2b90, 0x000001912cacf6a0,
0x000001912e0dcc60, 0x000001912e0d9770, 0x000001912e0db920, 0x000001912e0da5e0,
0x000001912e0daab0, 0x000001912e0dd130, 0x000001912e0d9c40, 0x000001912e0da110,
0x000001912e0db450, 0x000001912e0daf80, 0x00000191318e8570, 0x00000191318e2a00,
0x00000191318e5550, 0x00000191318e46e0, 0x00000191318e63c0
}

Java Threads: ( => current thread )
  0x000001912ba5c250 JavaThread "Reference Handler" daemon [_thread_blocked, id=11332, stack(0x0000007de9f00000,0x0000007dea000000)]
  0x000001912ba22780 JavaThread "Finalizer" daemon [_thread_blocked, id=4124, stack(0x0000007dea000000,0x0000007dea100000)]
  0x000001912ba483b0 JavaThread "Signal Dispatcher" daemon [_thread_blocked, id=8516, stack(0x0000007dea100000,0x0000007dea200000)]
  0x000001912ba48f60 JavaThread "Attach Listener" daemon [_thread_blocked, id=8652, stack(0x0000007dea200000,0x0000007dea300000)]
  0x000001912ba49a10 JavaThread "Service Thread" daemon [_thread_blocked, id=11268, stack(0x0000007dea300000,0x0000007dea400000)]
  0x000001912ba4a3c0 JavaThread "Monitor Deflation Thread" daemon [_thread_blocked, id=9080, stack(0x0000007dea400000,0x0000007dea500000)]
=>0x000001912ba68370 JavaThread "C2 CompilerThread0" daemon [_thread_in_native, id=2860, stack(0x0000007dea500000,0x0000007dea600000)]
  0x000001912baaea40 JavaThread "C1 CompilerThread0" daemon [_thread_blocked, id=4728, stack(0x0000007dea600000,0x0000007dea700000)]
  0x000001912c441980 JavaThread "Sweeper thread" daemon [_thread_blocked, id=3352, stack(0x0000007dea700000,0x0000007dea800000)]
  0x000001912c546550 JavaThread "Notification Thread" daemon [_thread_blocked, id=516, stack(0x0000007dea800000,0x0000007dea900000)]
  0x000001912c5639f0 JavaThread "Common-Cleaner" daemon [_thread_blocked, id=6204, stack(0x0000007deaa00000,0x0000007deab00000)]
  0x000001912cad0510 JavaThread "Catalina-utility-1" [_thread_blocked, id=5488, stack(0x0000007deb100000,0x0000007deb200000)]
  0x000001912cad1380 JavaThread "Catalina-utility-2" [_thread_blocked, id=10864, stack(0x0000007deb200000,0x0000007deb300000)]
  0x000001912cad26c0 JavaThread "http-nio-8281-exec-1" daemon [_thread_in_native, id=11668, stack(0x0000007deb300000,0x0000007deb400000)]
  0x000001912cad2b90 JavaThread "http-nio-8281-exec-2" daemon [_thread_in_native, id=11696, stack(0x0000007deb400000,0x0000007deb500000)]
  0x000001912cacf6a0 JavaThread "http-nio-8281-exec-3" daemon [_thread_blocked, id=11688, stack(0x0000007deb500000,0x0000007deb600000)]
  0x000001912e0dcc60 JavaThread "http-nio-8281-exec-4" daemon [_thread_in_native, id=1908, stack(0x0000007deb600000,0x0000007deb700000)]
  0x000001912e0d9770 JavaThread "http-nio-8281-exec-5" daemon [_thread_blocked, id=1436, stack(0x0000007deb700000,0x0000007deb800000)]
  0x000001912e0db920 JavaThread "http-nio-8281-exec-6" daemon [_thread_blocked, id=5520, stack(0x0000007deb800000,0x0000007deb900000)]
  0x000001912e0da5e0 JavaThread "http-nio-8281-exec-7" daemon [_thread_blocked, id=10632, stack(0x0000007deb900000,0x0000007deba00000)]
  0x000001912e0daab0 JavaThread "http-nio-8281-exec-8" daemon [_thread_blocked, id=4836, stack(0x0000007deba00000,0x0000007debb00000)]
  0x000001912e0dd130 JavaThread "http-nio-8281-exec-9" daemon [_thread_blocked, id=1328, stack(0x0000007debb00000,0x0000007debc00000)]
  0x000001912e0d9c40 JavaThread "http-nio-8281-exec-10" daemon [_thread_in_native, id=4364, stack(0x0000007debc00000,0x0000007debd00000)]
  0x000001912e0da110 JavaThread "container-0" [_thread_blocked, id=4552, stack(0x0000007debd00000,0x0000007debe00000)]
  0x000001912e0db450 JavaThread "mysql-cj-abandoned-connection-cleanup" daemon [_thread_blocked, id=1340, stack(0x0000007debe00000,0x0000007debf00000)]
  0x000001912e0daf80 JavaThread "HikariPool-1 housekeeper" daemon [_thread_blocked, id=11204, stack(0x0000007deab00000,0x0000007deac00000)]
  0x00000191318e8570 JavaThread "File Watcher" daemon [_thread_blocked, id=1096, stack(0x0000007dec000000,0x0000007dec100000)]
  0x00000191318e2a00 JavaThread "Live Reload Server" daemon [_thread_in_native, id=7744, stack(0x0000007dec300000,0x0000007dec400000)]
  0x00000191318e5550 JavaThread "http-nio-8281-Poller" daemon [_thread_in_native, id=11864, stack(0x0000007dec200000,0x0000007dec300000)]
  0x00000191318e46e0 JavaThread "http-nio-8281-Acceptor" daemon [_thread_in_native, id=11860, stack(0x0000007dec400000,0x0000007dec500000)]
  0x00000191318e63c0 JavaThread "DestroyJavaVM" [_thread_blocked, id=4872, stack(0x0000007de9800000,0x0000007de9900000)]

Other Threads:
  0x000001912b9fc310 VMThread "VM Thread" [stack: 0x0000007de9e00000,0x0000007de9f00000] [id=2084]
  0x000001912c54aa30 WatcherThread [stack: 0x0000007dea900000,0x0000007deaa00000] [id=10340]
  0x000001911184bc40 GCTaskThread "GC Thread#0" [stack: 0x0000007de9900000,0x0000007de9a00000] [id=5508]
  0x000001912e38a840 GCTaskThread "GC Thread#1" [stack: 0x0000007deac00000,0x0000007dead00000] [id=12056]
  0x000001912de41740 GCTaskThread "GC Thread#2" [stack: 0x0000007dead00000,0x0000007deae00000] [id=2068]
  0x000001912cc35000 GCTaskThread "GC Thread#3" [stack: 0x0000007deae00000,0x0000007deaf00000] [id=6408]
  0x00000191118583e0 ConcurrentGCThread "G1 Main Marker" [stack: 0x0000007de9a00000,0x0000007de9b00000] [id=6028]
  0x0000019111858c90 ConcurrentGCThread "G1 Conc#0" [stack: 0x0000007de9b00000,0x0000007de9c00000] [id=10344]
  0x00000191118ba6b0 ConcurrentGCThread "G1 Refine#0" [stack: 0x0000007de9c00000,0x0000007de9d00000] [id=4144]
  0x00000191118baf70 ConcurrentGCThread "G1 Service" [stack: 0x0000007de9d00000,0x0000007de9e00000] [id=10648]

Threads with active compile tasks:
C2 CompilerThread0   343452 14297       4       org.springframework.web.servlet.DispatcherServlet::getHandler (58 bytes)
C1 CompilerThread0   343453 14319   !   2       org.springframework.web.accept.HeaderContentNegotiationStrategy::resolveMediaTypes (71 bytes)

VM state: not at safepoint (normal execution)

VM Mutex/Monitor currently owned by a thread:  ([mutex/lock_event])
[0x000001911180d630] CodeCache_lock - owner thread: 0x000001912baaea40
[0x000001911180f890] Compile_lock - owner thread: 0x0000000000000000

Heap address: 0x00000000a3200000, size: 1486 MB, Compressed Oops mode: 32-bit

CDS archive(s) not mapped
Compressed class space mapped at: 0x0000000100000000-0x0000000140000000, reserved size: 1073741824
Narrow klass base: 0x0000000000000000, Narrow klass shift: 3, Narrow klass range: 0x140000000

GC Precious Log:
 CPUs: 4 total, 4 available
 Memory: 5941M
 Large Page Support: Disabled
 NUMA Support: Disabled
 Compressed Oops: Enabled (32-bit)
 Heap Region Size: 1M
 Heap Min Capacity: 8M
 Heap Initial Capacity: 94M
 Heap Max Capacity: 1486M
 Pre-touch: Disabled
 Parallel Workers: 4
 Concurrent Workers: 1
 Concurrent Refinement Workers: 4
 Periodic GC: Disabled

Heap:
 garbage-first heap   total 222208K, used 69595K [0x00000000a3200000, 0x0000000100000000)
  region size 1024K, 30 young (30720K), 1 survivors (1024K)
 Metaspace       used 85896K, committed 86592K, reserved 1130496K
  class space    used 10992K, committed 11328K, reserved 1048576K

Heap Regions: E=young(eden), S=young(survivor), O=old, HS=humongous(starts), HC=humongous(continues), CS=collection set, F=free, OA=open archive, CA=closed archive, TAMS=top-at-mark-start (previous, next)
|   0|0x00000000a3200000, 0x00000000a3300000, 0x00000000a3300000|100%|HS|  |TAMS 0x00000000a3300000, 0x00000000a3200000| Complete 
|   1|0x00000000a3300000, 0x00000000a3400000, 0x00000000a3400000|100%| O|  |TAMS 0x00000000a3400000, 0x00000000a3300000| Untracked 
|   2|0x00000000a3400000, 0x00000000a3500000, 0x00000000a3500000|100%| O|  |TAMS 0x00000000a3500000, 0x00000000a3400000| Untracked 
|   3|0x00000000a3500000, 0x00000000a3600000, 0x00000000a3600000|100%| O|  |TAMS 0x00000000a3600000, 0x00000000a3500000| Untracked 
|   4|0x00000000a3600000, 0x00000000a3700000, 0x00000000a3700000|100%| O|  |TAMS 0x00000000a3700000, 0x00000000a3600000| Untracked 
|   5|0x00000000a3700000, 0x00000000a3800000, 0x00000000a3800000|100%| O|  |TAMS 0x00000000a3800000, 0x00000000a3700000| Untracked 
|   6|0x00000000a3800000, 0x00000000a3900000, 0x00000000a3900000|100%| O|  |TAMS 0x00000000a3900000, 0x00000000a3800000| Untracked 
|   7|0x00000000a3900000, 0x00000000a3a00000, 0x00000000a3a00000|100%| O|  |TAMS 0x00000000a3a00000, 0x00000000a3900000| Untracked 
|   8|0x00000000a3a00000, 0x00000000a3b00000, 0x00000000a3b00000|100%| O|  |TAMS 0x00000000a3b00000, 0x00000000a3a00000| Untracked 
|   9|0x00000000a3b00000, 0x00000000a3c00000, 0x00000000a3c00000|100%| O|  |TAMS 0x00000000a3c00000, 0x00000000a3b00000| Untracked 
|  10|0x00000000a3c00000, 0x00000000a3d00000, 0x00000000a3d00000|100%| O|  |TAMS 0x00000000a3d00000, 0x00000000a3c00000| Untracked 
|  11|0x00000000a3d00000, 0x00000000a3e00000, 0x00000000a3e00000|100%| O|  |TAMS 0x00000000a3e00000, 0x00000000a3d00000| Untracked 
|  12|0x00000000a3e00000, 0x00000000a3f00000, 0x00000000a3f00000|100%| O|  |TAMS 0x00000000a3e00000, 0x00000000a3e00000| Untracked 
|  13|0x00000000a3f00000, 0x00000000a4000000, 0x00000000a4000000|100%| O|  |TAMS 0x00000000a3f00000, 0x00000000a3f00000| Untracked 
|  14|0x00000000a4000000, 0x00000000a4100000, 0x00000000a4100000|100%| O|  |TAMS 0x00000000a4100000, 0x00000000a4000000| Untracked 
|  15|0x00000000a4100000, 0x00000000a4200000, 0x00000000a4200000|100%| O|  |TAMS 0x00000000a4200000, 0x00000000a4100000| Untracked 
|  16|0x00000000a4200000, 0x00000000a4300000, 0x00000000a4300000|100%| O|  |TAMS 0x00000000a4300000, 0x00000000a4200000| Untracked 
|  17|0x00000000a4300000, 0x00000000a4400000, 0x00000000a4400000|100%| O|  |TAMS 0x00000000a4400000, 0x00000000a4300000| Untracked 
|  18|0x00000000a4400000, 0x00000000a4500000, 0x00000000a4500000|100%| O|  |TAMS 0x00000000a4500000, 0x00000000a4400000| Untracked 
|  19|0x00000000a4500000, 0x00000000a4600000, 0x00000000a4600000|100%| O|  |TAMS 0x00000000a4600000, 0x00000000a4500000| Untracked 
|  20|0x00000000a4600000, 0x00000000a4700000, 0x00000000a4700000|100%| O|  |TAMS 0x00000000a4700000, 0x00000000a4600000| Untracked 
|  21|0x00000000a4700000, 0x00000000a4800000, 0x00000000a4800000|100%| O|  |TAMS 0x00000000a4800000, 0x00000000a4700000| Untracked 
|  22|0x00000000a4800000, 0x00000000a4900000, 0x00000000a4900000|100%| O|  |TAMS 0x00000000a4900000, 0x00000000a4800000| Untracked 
|  23|0x00000000a4900000, 0x00000000a4a00000, 0x00000000a4a00000|100%| O|  |TAMS 0x00000000a4a00000, 0x00000000a4900000| Untracked 
|  24|0x00000000a4a00000, 0x00000000a4b00000, 0x00000000a4b00000|100%| O|  |TAMS 0x00000000a4b00000, 0x00000000a4a00000| Untracked 
|  25|0x00000000a4b00000, 0x00000000a4c00000, 0x00000000a4c00000|100%| O|  |TAMS 0x00000000a4c00000, 0x00000000a4b00000| Untracked 
|  26|0x00000000a4c00000, 0x00000000a4d00000, 0x00000000a4d00000|100%| O|  |TAMS 0x00000000a4d00000, 0x00000000a4c00000| Untracked 
|  27|0x00000000a4d00000, 0x00000000a4e00000, 0x00000000a4e00000|100%| O|  |TAMS 0x00000000a4e00000, 0x00000000a4d00000| Untracked 
|  28|0x00000000a4e00000, 0x00000000a4f00000, 0x00000000a4f00000|100%| O|  |TAMS 0x00000000a4f00000, 0x00000000a4e00000| Untracked 
|  29|0x00000000a4f00000, 0x00000000a5000000, 0x00000000a5000000|100%| O|  |TAMS 0x00000000a5000000, 0x00000000a4f00000| Untracked 
|  30|0x00000000a5000000, 0x00000000a5100000, 0x00000000a5100000|100%| O|  |TAMS 0x00000000a50b0000, 0x00000000a5000000| Untracked 
|  31|0x00000000a5100000, 0x00000000a5200000, 0x00000000a5200000|100%| O|  |TAMS 0x00000000a5100000, 0x00000000a5100000| Untracked 
|  32|0x00000000a5200000, 0x00000000a5300000, 0x00000000a5300000|100%| O|  |TAMS 0x00000000a5200000, 0x00000000a5200000| Untracked 
|  33|0x00000000a5300000, 0x00000000a5400000, 0x00000000a5400000|100%| O|  |TAMS 0x00000000a5300000, 0x00000000a5300000| Untracked 
|  34|0x00000000a5400000, 0x00000000a5500000, 0x00000000a5500000|100%| O|  |TAMS 0x00000000a5400000, 0x00000000a5400000| Untracked 
|  35|0x00000000a5500000, 0x00000000a5600000, 0x00000000a5600000|100%| O|  |TAMS 0x00000000a5500000, 0x00000000a5500000| Untracked 
|  36|0x00000000a5600000, 0x00000000a5700000, 0x00000000a5700000|100%| O|  |TAMS 0x00000000a5600000, 0x00000000a5600000| Untracked 
|  37|0x00000000a5700000, 0x00000000a5800000, 0x00000000a5800000|100%| O|  |TAMS 0x00000000a5700000, 0x00000000a5700000| Untracked 
|  38|0x00000000a5800000, 0x00000000a5900000, 0x00000000a5900000|100%| O|  |TAMS 0x00000000a5800000, 0x00000000a5800000| Untracked 
|  39|0x00000000a5900000, 0x00000000a5998600, 0x00000000a5a00000| 59%| O|  |TAMS 0x00000000a5900000, 0x00000000a5900000| Untracked 
|  40|0x00000000a5a00000, 0x00000000a5a00000, 0x00000000a5b00000|  0%| F|  |TAMS 0x00000000a5a00000, 0x00000000a5a00000| Untracked 
|  41|0x00000000a5b00000, 0x00000000a5b00000, 0x00000000a5c00000|  0%| F|  |TAMS 0x00000000a5b00000, 0x00000000a5b00000| Untracked 
|  42|0x00000000a5c00000, 0x00000000a5c00000, 0x00000000a5d00000|  0%| F|  |TAMS 0x00000000a5c00000, 0x00000000a5c00000| Untracked 
|  43|0x00000000a5d00000, 0x00000000a5d00000, 0x00000000a5e00000|  0%| F|  |TAMS 0x00000000a5d00000, 0x00000000a5d00000| Untracked 
|  44|0x00000000a5e00000, 0x00000000a5e00000, 0x00000000a5f00000|  0%| F|  |TAMS 0x00000000a5e00000, 0x00000000a5e00000| Untracked 
|  45|0x00000000a5f00000, 0x00000000a5f00000, 0x00000000a6000000|  0%| F|  |TAMS 0x00000000a5f00000, 0x00000000a5f00000| Untracked 
|  46|0x00000000a6000000, 0x00000000a6000000, 0x00000000a6100000|  0%| F|  |TAMS 0x00000000a6000000, 0x00000000a6000000| Untracked 
|  47|0x00000000a6100000, 0x00000000a6100000, 0x00000000a6200000|  0%| F|  |TAMS 0x00000000a6100000, 0x00000000a6100000| Untracked 
|  48|0x00000000a6200000, 0x00000000a6200000, 0x00000000a6300000|  0%| F|  |TAMS 0x00000000a6200000, 0x00000000a6200000| Untracked 
|  49|0x00000000a6300000, 0x00000000a6300000, 0x00000000a6400000|  0%| F|  |TAMS 0x00000000a6300000, 0x00000000a6300000| Untracked 
|  50|0x00000000a6400000, 0x00000000a6400000, 0x00000000a6500000|  0%| F|  |TAMS 0x00000000a6400000, 0x00000000a6400000| Untracked 
|  51|0x00000000a6500000, 0x00000000a6500000, 0x00000000a6600000|  0%| F|  |TAMS 0x00000000a6500000, 0x00000000a6500000| Untracked 
|  52|0x00000000a6600000, 0x00000000a6600000, 0x00000000a6700000|  0%| F|  |TAMS 0x00000000a6600000, 0x00000000a6600000| Untracked 
|  53|0x00000000a6700000, 0x00000000a6700000, 0x00000000a6800000|  0%| F|  |TAMS 0x00000000a6700000, 0x00000000a6700000| Untracked 
|  54|0x00000000a6800000, 0x00000000a6800000, 0x00000000a6900000|  0%| F|  |TAMS 0x00000000a6800000, 0x00000000a6800000| Untracked 
|  55|0x00000000a6900000, 0x00000000a6900000, 0x00000000a6a00000|  0%| F|  |TAMS 0x00000000a6900000, 0x00000000a6900000| Untracked 
|  56|0x00000000a6a00000, 0x00000000a6a00000, 0x00000000a6b00000|  0%| F|  |TAMS 0x00000000a6a00000, 0x00000000a6a00000| Untracked 
|  57|0x00000000a6b00000, 0x00000000a6b00000, 0x00000000a6c00000|  0%| F|  |TAMS 0x00000000a6b00000, 0x00000000a6b00000| Untracked 
|  58|0x00000000a6c00000, 0x00000000a6c00000, 0x00000000a6d00000|  0%| F|  |TAMS 0x00000000a6c00000, 0x00000000a6c00000| Untracked 
|  59|0x00000000a6d00000, 0x00000000a6d00000, 0x00000000a6e00000|  0%| F|  |TAMS 0x00000000a6d00000, 0x00000000a6d00000| Untracked 
|  60|0x00000000a6e00000, 0x00000000a6e00000, 0x00000000a6f00000|  0%| F|  |TAMS 0x00000000a6e00000, 0x00000000a6e00000| Untracked 
|  61|0x00000000a6f00000, 0x00000000a6f00000, 0x00000000a7000000|  0%| F|  |TAMS 0x00000000a6f00000, 0x00000000a6f00000| Untracked 
|  62|0x00000000a7000000, 0x00000000a7000000, 0x00000000a7100000|  0%| F|  |TAMS 0x00000000a7000000, 0x00000000a7000000| Untracked 
|  63|0x00000000a7100000, 0x00000000a7100000, 0x00000000a7200000|  0%| F|  |TAMS 0x00000000a7100000, 0x00000000a7100000| Untracked 
|  64|0x00000000a7200000, 0x00000000a7200000, 0x00000000a7300000|  0%| F|  |TAMS 0x00000000a7200000, 0x00000000a7200000| Untracked 
|  65|0x00000000a7300000, 0x00000000a7300000, 0x00000000a7400000|  0%| F|  |TAMS 0x00000000a7300000, 0x00000000a7300000| Untracked 
|  66|0x00000000a7400000, 0x00000000a7400000, 0x00000000a7500000|  0%| F|  |TAMS 0x00000000a7400000, 0x00000000a7400000| Untracked 
|  67|0x00000000a7500000, 0x00000000a7500000, 0x00000000a7600000|  0%| F|  |TAMS 0x00000000a7500000, 0x00000000a7500000| Untracked 
|  68|0x00000000a7600000, 0x00000000a7600000, 0x00000000a7700000|  0%| F|  |TAMS 0x00000000a7600000, 0x00000000a7600000| Untracked 
|  69|0x00000000a7700000, 0x00000000a7700000, 0x00000000a7800000|  0%| F|  |TAMS 0x00000000a7700000, 0x00000000a7700000| Untracked 
|  70|0x00000000a7800000, 0x00000000a7800000, 0x00000000a7900000|  0%| F|  |TAMS 0x00000000a7800000, 0x00000000a7800000| Untracked 
|  71|0x00000000a7900000, 0x00000000a7900000, 0x00000000a7a00000|  0%| F|  |TAMS 0x00000000a7900000, 0x00000000a7900000| Untracked 
|  72|0x00000000a7a00000, 0x00000000a7a00000, 0x00000000a7b00000|  0%| F|  |TAMS 0x00000000a7a00000, 0x00000000a7a00000| Untracked 
|  73|0x00000000a7b00000, 0x00000000a7b00000, 0x00000000a7c00000|  0%| F|  |TAMS 0x00000000a7b00000, 0x00000000a7b00000| Untracked 
|  74|0x00000000a7c00000, 0x00000000a7c00000, 0x00000000a7d00000|  0%| F|  |TAMS 0x00000000a7c00000, 0x00000000a7c00000| Untracked 
|  75|0x00000000a7d00000, 0x00000000a7d00000, 0x00000000a7e00000|  0%| F|  |TAMS 0x00000000a7d00000, 0x00000000a7d00000| Untracked 
|  76|0x00000000a7e00000, 0x00000000a7e00000, 0x00000000a7f00000|  0%| F|  |TAMS 0x00000000a7e00000, 0x00000000a7e00000| Untracked 
|  77|0x00000000a7f00000, 0x00000000a7f00000, 0x00000000a8000000|  0%| F|  |TAMS 0x00000000a7f00000, 0x00000000a7f00000| Untracked 
|  78|0x00000000a8000000, 0x00000000a8000000, 0x00000000a8100000|  0%| F|  |TAMS 0x00000000a8000000, 0x00000000a8000000| Untracked 
|  79|0x00000000a8100000, 0x00000000a8100000, 0x00000000a8200000|  0%| F|  |TAMS 0x00000000a8100000, 0x00000000a8100000| Untracked 
|  80|0x00000000a8200000, 0x00000000a8200000, 0x00000000a8300000|  0%| F|  |TAMS 0x00000000a8200000, 0x00000000a8200000| Untracked 
|  81|0x00000000a8300000, 0x00000000a8300000, 0x00000000a8400000|  0%| F|  |TAMS 0x00000000a8300000, 0x00000000a8300000| Untracked 
|  82|0x00000000a8400000, 0x00000000a8400000, 0x00000000a8500000|  0%| F|  |TAMS 0x00000000a8400000, 0x00000000a8400000| Untracked 
|  83|0x00000000a8500000, 0x00000000a8500000, 0x00000000a8600000|  0%| F|  |TAMS 0x00000000a8500000, 0x00000000a8500000| Untracked 
|  84|0x00000000a8600000, 0x00000000a8600000, 0x00000000a8700000|  0%| F|  |TAMS 0x00000000a8600000, 0x00000000a8600000| Untracked 
|  85|0x00000000a8700000, 0x00000000a8700000, 0x00000000a8800000|  0%| F|  |TAMS 0x00000000a8700000, 0x00000000a8700000| Untracked 
|  86|0x00000000a8800000, 0x00000000a8800000, 0x00000000a8900000|  0%| F|  |TAMS 0x00000000a8800000, 0x00000000a8800000| Untracked 
|  87|0x00000000a8900000, 0x00000000a895e7c0, 0x00000000a8a00000| 36%| S|CS|TAMS 0x00000000a8900000, 0x00000000a8900000| Complete 
|  88|0x00000000a8a00000, 0x00000000a8a00000, 0x00000000a8b00000|  0%| F|  |TAMS 0x00000000a8a00000, 0x00000000a8a00000| Untracked 
|  89|0x00000000a8b00000, 0x00000000a8b00000, 0x00000000a8c00000|  0%| F|  |TAMS 0x00000000a8b00000, 0x00000000a8b00000| Untracked 
|  90|0x00000000a8c00000, 0x00000000a8c00000, 0x00000000a8d00000|  0%| F|  |TAMS 0x00000000a8c00000, 0x00000000a8c00000| Untracked 
|  91|0x00000000a8d00000, 0x00000000a8d00000, 0x00000000a8e00000|  0%| F|  |TAMS 0x00000000a8d00000, 0x00000000a8d00000| Untracked 
|  92|0x00000000a8e00000, 0x00000000a8e00000, 0x00000000a8f00000|  0%| F|  |TAMS 0x00000000a8e00000, 0x00000000a8e00000| Untracked 
|  93|0x00000000a8f00000, 0x00000000a8f00000, 0x00000000a9000000|  0%| F|  |TAMS 0x00000000a8f00000, 0x00000000a8f00000| Untracked 
|  94|0x00000000a9000000, 0x00000000a9000000, 0x00000000a9100000|  0%| F|  |TAMS 0x00000000a9000000, 0x00000000a9000000| Untracked 
|  95|0x00000000a9100000, 0x00000000a9100000, 0x00000000a9200000|  0%| F|  |TAMS 0x00000000a9100000, 0x00000000a9100000| Untracked 
|  96|0x00000000a9200000, 0x00000000a9200000, 0x00000000a9300000|  0%| F|  |TAMS 0x00000000a9200000, 0x00000000a9200000| Untracked 
|  97|0x00000000a9300000, 0x00000000a9300000, 0x00000000a9400000|  0%| F|  |TAMS 0x00000000a9300000, 0x00000000a9300000| Untracked 
|  98|0x00000000a9400000, 0x00000000a9400000, 0x00000000a9500000|  0%| F|  |TAMS 0x00000000a9400000, 0x00000000a9400000| Untracked 
|  99|0x00000000a9500000, 0x00000000a9500000, 0x00000000a9600000|  0%| F|  |TAMS 0x00000000a9500000, 0x00000000a9500000| Untracked 
| 100|0x00000000a9600000, 0x00000000a9600000, 0x00000000a9700000|  0%| F|  |TAMS 0x00000000a9600000, 0x00000000a9600000| Untracked 
| 101|0x00000000a9700000, 0x00000000a9700000, 0x00000000a9800000|  0%| F|  |TAMS 0x00000000a9700000, 0x00000000a9700000| Untracked 
| 102|0x00000000a9800000, 0x00000000a9800000, 0x00000000a9900000|  0%| F|  |TAMS 0x00000000a9800000, 0x00000000a9800000| Untracked 
| 103|0x00000000a9900000, 0x00000000a9900000, 0x00000000a9a00000|  0%| F|  |TAMS 0x00000000a9900000, 0x00000000a9900000| Untracked 
| 104|0x00000000a9a00000, 0x00000000a9a00000, 0x00000000a9b00000|  0%| F|  |TAMS 0x00000000a9a00000, 0x00000000a9a00000| Untracked 
| 105|0x00000000a9b00000, 0x00000000a9b00000, 0x00000000a9c00000|  0%| F|  |TAMS 0x00000000a9b00000, 0x00000000a9b00000| Untracked 
| 106|0x00000000a9c00000, 0x00000000a9c00000, 0x00000000a9d00000|  0%| F|  |TAMS 0x00000000a9c00000, 0x00000000a9c00000| Untracked 
| 107|0x00000000a9d00000, 0x00000000a9d00000, 0x00000000a9e00000|  0%| F|  |TAMS 0x00000000a9d00000, 0x00000000a9d00000| Untracked 
| 108|0x00000000a9e00000, 0x00000000a9e00000, 0x00000000a9f00000|  0%| F|  |TAMS 0x00000000a9e00000, 0x00000000a9e00000| Untracked 
| 109|0x00000000a9f00000, 0x00000000a9f00000, 0x00000000aa000000|  0%| F|  |TAMS 0x00000000a9f00000, 0x00000000a9f00000| Untracked 
| 110|0x00000000aa000000, 0x00000000aa000000, 0x00000000aa100000|  0%| F|  |TAMS 0x00000000aa000000, 0x00000000aa000000| Untracked 
| 111|0x00000000aa100000, 0x00000000aa100000, 0x00000000aa200000|  0%| F|  |TAMS 0x00000000aa100000, 0x00000000aa100000| Untracked 
| 112|0x00000000aa200000, 0x00000000aa200000, 0x00000000aa300000|  0%| F|  |TAMS 0x00000000aa200000, 0x00000000aa200000| Untracked 
| 113|0x00000000aa300000, 0x00000000aa300000, 0x00000000aa400000|  0%| F|  |TAMS 0x00000000aa300000, 0x00000000aa300000| Untracked 
| 114|0x00000000aa400000, 0x00000000aa400000, 0x00000000aa500000|  0%| F|  |TAMS 0x00000000aa400000, 0x00000000aa400000| Untracked 
| 115|0x00000000aa500000, 0x00000000aa500000, 0x00000000aa600000|  0%| F|  |TAMS 0x00000000aa500000, 0x00000000aa500000| Untracked 
| 116|0x00000000aa600000, 0x00000000aa600000, 0x00000000aa700000|  0%| F|  |TAMS 0x00000000aa600000, 0x00000000aa600000| Untracked 
| 117|0x00000000aa700000, 0x00000000aa700000, 0x00000000aa800000|  0%| F|  |TAMS 0x00000000aa700000, 0x00000000aa700000| Untracked 
| 118|0x00000000aa800000, 0x00000000aa800000, 0x00000000aa900000|  0%| F|  |TAMS 0x00000000aa800000, 0x00000000aa800000| Untracked 
| 119|0x00000000aa900000, 0x00000000aa900000, 0x00000000aaa00000|  0%| F|  |TAMS 0x00000000aa900000, 0x00000000aa900000| Untracked 
| 120|0x00000000aaa00000, 0x00000000aaa00000, 0x00000000aab00000|  0%| F|  |TAMS 0x00000000aaa00000, 0x00000000aaa00000| Untracked 
| 121|0x00000000aab00000, 0x00000000aab00000, 0x00000000aac00000|  0%| F|  |TAMS 0x00000000aab00000, 0x00000000aab00000| Untracked 
| 122|0x00000000aac00000, 0x00000000aac00000, 0x00000000aad00000|  0%| F|  |TAMS 0x00000000aac00000, 0x00000000aac00000| Untracked 
| 123|0x00000000aad00000, 0x00000000aad00000, 0x00000000aae00000|  0%| F|  |TAMS 0x00000000aad00000, 0x00000000aad00000| Untracked 
| 124|0x00000000aae00000, 0x00000000aae00000, 0x00000000aaf00000|  0%| F|  |TAMS 0x00000000aae00000, 0x00000000aae00000| Untracked 
| 125|0x00000000aaf00000, 0x00000000aaf00000, 0x00000000ab000000|  0%| F|  |TAMS 0x00000000aaf00000, 0x00000000aaf00000| Untracked 
| 126|0x00000000ab000000, 0x00000000ab000000, 0x00000000ab100000|  0%| F|  |TAMS 0x00000000ab000000, 0x00000000ab000000| Untracked 
| 127|0x00000000ab100000, 0x00000000ab100000, 0x00000000ab200000|  0%| F|  |TAMS 0x00000000ab100000, 0x00000000ab100000| Untracked 
| 128|0x00000000ab200000, 0x00000000ab200000, 0x00000000ab300000|  0%| F|  |TAMS 0x00000000ab200000, 0x00000000ab200000| Untracked 
| 129|0x00000000ab300000, 0x00000000ab300000, 0x00000000ab400000|  0%| F|  |TAMS 0x00000000ab300000, 0x00000000ab300000| Untracked 
| 130|0x00000000ab400000, 0x00000000ab400000, 0x00000000ab500000|  0%| F|  |TAMS 0x00000000ab400000, 0x00000000ab400000| Untracked 
| 131|0x00000000ab500000, 0x00000000ab500000, 0x00000000ab600000|  0%| F|  |TAMS 0x00000000ab500000, 0x00000000ab500000| Untracked 
| 132|0x00000000ab600000, 0x00000000ab600000, 0x00000000ab700000|  0%| F|  |TAMS 0x00000000ab600000, 0x00000000ab600000| Untracked 
| 133|0x00000000ab700000, 0x00000000ab700000, 0x00000000ab800000|  0%| F|  |TAMS 0x00000000ab700000, 0x00000000ab700000| Untracked 
| 134|0x00000000ab800000, 0x00000000ab800000, 0x00000000ab900000|  0%| F|  |TAMS 0x00000000ab800000, 0x00000000ab800000| Untracked 
| 135|0x00000000ab900000, 0x00000000ab900000, 0x00000000aba00000|  0%| F|  |TAMS 0x00000000ab900000, 0x00000000ab900000| Untracked 
| 136|0x00000000aba00000, 0x00000000aba00000, 0x00000000abb00000|  0%| F|  |TAMS 0x00000000aba00000, 0x00000000aba00000| Untracked 
| 137|0x00000000abb00000, 0x00000000abb00000, 0x00000000abc00000|  0%| F|  |TAMS 0x00000000abb00000, 0x00000000abb00000| Untracked 
| 138|0x00000000abc00000, 0x00000000abc00000, 0x00000000abd00000|  0%| F|  |TAMS 0x00000000abc00000, 0x00000000abc00000| Untracked 
| 139|0x00000000abd00000, 0x00000000abd00000, 0x00000000abe00000|  0%| F|  |TAMS 0x00000000abd00000, 0x00000000abd00000| Untracked 
| 140|0x00000000abe00000, 0x00000000abe00000, 0x00000000abf00000|  0%| F|  |TAMS 0x00000000abe00000, 0x00000000abe00000| Untracked 
| 141|0x00000000abf00000, 0x00000000abf00000, 0x00000000ac000000|  0%| F|  |TAMS 0x00000000abf00000, 0x00000000abf00000| Untracked 
| 142|0x00000000ac000000, 0x00000000ac000000, 0x00000000ac100000|  0%| F|  |TAMS 0x00000000ac000000, 0x00000000ac000000| Untracked 
| 143|0x00000000ac100000, 0x00000000ac100000, 0x00000000ac200000|  0%| F|  |TAMS 0x00000000ac100000, 0x00000000ac100000| Untracked 
| 144|0x00000000ac200000, 0x00000000ac200000, 0x00000000ac300000|  0%| F|  |TAMS 0x00000000ac200000, 0x00000000ac200000| Untracked 
| 145|0x00000000ac300000, 0x00000000ac300000, 0x00000000ac400000|  0%| F|  |TAMS 0x00000000ac300000, 0x00000000ac300000| Untracked 
| 146|0x00000000ac400000, 0x00000000ac400000, 0x00000000ac500000|  0%| F|  |TAMS 0x00000000ac400000, 0x00000000ac400000| Untracked 
| 147|0x00000000ac500000, 0x00000000ac500000, 0x00000000ac600000|  0%| F|  |TAMS 0x00000000ac500000, 0x00000000ac500000| Untracked 
| 148|0x00000000ac600000, 0x00000000ac600000, 0x00000000ac700000|  0%| F|  |TAMS 0x00000000ac600000, 0x00000000ac600000| Untracked 
| 149|0x00000000ac700000, 0x00000000ac700000, 0x00000000ac800000|  0%| F|  |TAMS 0x00000000ac700000, 0x00000000ac700000| Untracked 
| 150|0x00000000ac800000, 0x00000000ac800000, 0x00000000ac900000|  0%| F|  |TAMS 0x00000000ac800000, 0x00000000ac800000| Untracked 
| 151|0x00000000ac900000, 0x00000000ac900000, 0x00000000aca00000|  0%| F|  |TAMS 0x00000000ac900000, 0x00000000ac900000| Untracked 
| 152|0x00000000aca00000, 0x00000000aca00000, 0x00000000acb00000|  0%| F|  |TAMS 0x00000000aca00000, 0x00000000aca00000| Untracked 
| 153|0x00000000acb00000, 0x00000000acb00000, 0x00000000acc00000|  0%| F|  |TAMS 0x00000000acb00000, 0x00000000acb00000| Untracked 
| 154|0x00000000acc00000, 0x00000000acc00000, 0x00000000acd00000|  0%| F|  |TAMS 0x00000000acc00000, 0x00000000acc00000| Untracked 
| 155|0x00000000acd00000, 0x00000000acd00000, 0x00000000ace00000|  0%| F|  |TAMS 0x00000000acd00000, 0x00000000acd00000| Untracked 
| 156|0x00000000ace00000, 0x00000000ace00000, 0x00000000acf00000|  0%| F|  |TAMS 0x00000000ace00000, 0x00000000ace00000| Untracked 
| 157|0x00000000acf00000, 0x00000000acf00000, 0x00000000ad000000|  0%| F|  |TAMS 0x00000000acf00000, 0x00000000acf00000| Untracked 
| 158|0x00000000ad000000, 0x00000000ad000000, 0x00000000ad100000|  0%| F|  |TAMS 0x00000000ad000000, 0x00000000ad000000| Untracked 
| 159|0x00000000ad100000, 0x00000000ad100000, 0x00000000ad200000|  0%| F|  |TAMS 0x00000000ad100000, 0x00000000ad100000| Untracked 
| 160|0x00000000ad200000, 0x00000000ad200000, 0x00000000ad300000|  0%| F|  |TAMS 0x00000000ad200000, 0x00000000ad200000| Untracked 
| 161|0x00000000ad300000, 0x00000000ad300000, 0x00000000ad400000|  0%| F|  |TAMS 0x00000000ad300000, 0x00000000ad300000| Untracked 
| 162|0x00000000ad400000, 0x00000000ad400000, 0x00000000ad500000|  0%| F|  |TAMS 0x00000000ad400000, 0x00000000ad400000| Untracked 
| 163|0x00000000ad500000, 0x00000000ad500000, 0x00000000ad600000|  0%| F|  |TAMS 0x00000000ad500000, 0x00000000ad500000| Untracked 
| 164|0x00000000ad600000, 0x00000000ad600000, 0x00000000ad700000|  0%| F|  |TAMS 0x00000000ad600000, 0x00000000ad600000| Untracked 
| 165|0x00000000ad700000, 0x00000000ad700000, 0x00000000ad800000|  0%| F|  |TAMS 0x00000000ad700000, 0x00000000ad700000| Untracked 
| 166|0x00000000ad800000, 0x00000000ad800000, 0x00000000ad900000|  0%| F|  |TAMS 0x00000000ad800000, 0x00000000ad800000| Untracked 
| 167|0x00000000ad900000, 0x00000000ad900000, 0x00000000ada00000|  0%| F|  |TAMS 0x00000000ad900000, 0x00000000ad900000| Untracked 
| 168|0x00000000ada00000, 0x00000000ada00000, 0x00000000adb00000|  0%| F|  |TAMS 0x00000000ada00000, 0x00000000ada00000| Untracked 
| 169|0x00000000adb00000, 0x00000000adb00000, 0x00000000adc00000|  0%| F|  |TAMS 0x00000000adb00000, 0x00000000adb00000| Untracked 
| 170|0x00000000adc00000, 0x00000000adc00000, 0x00000000add00000|  0%| F|  |TAMS 0x00000000adc00000, 0x00000000adc00000| Untracked 
| 171|0x00000000add00000, 0x00000000add00000, 0x00000000ade00000|  0%| F|  |TAMS 0x00000000add00000, 0x00000000add00000| Untracked 
| 172|0x00000000ade00000, 0x00000000ade00000, 0x00000000adf00000|  0%| F|  |TAMS 0x00000000ade00000, 0x00000000ade00000| Untracked 
| 173|0x00000000adf00000, 0x00000000adf00000, 0x00000000ae000000|  0%| F|  |TAMS 0x00000000adf00000, 0x00000000adf00000| Untracked 
| 174|0x00000000ae000000, 0x00000000ae000000, 0x00000000ae100000|  0%| F|  |TAMS 0x00000000ae000000, 0x00000000ae000000| Untracked 
| 175|0x00000000ae100000, 0x00000000ae100000, 0x00000000ae200000|  0%| F|  |TAMS 0x00000000ae100000, 0x00000000ae100000| Untracked 
| 176|0x00000000ae200000, 0x00000000ae200000, 0x00000000ae300000|  0%| F|  |TAMS 0x00000000ae200000, 0x00000000ae200000| Untracked 
| 177|0x00000000ae300000, 0x00000000ae300000, 0x00000000ae400000|  0%| F|  |TAMS 0x00000000ae300000, 0x00000000ae300000| Untracked 
| 178|0x00000000ae400000, 0x00000000ae400000, 0x00000000ae500000|  0%| F|  |TAMS 0x00000000ae400000, 0x00000000ae400000| Untracked 
| 179|0x00000000ae500000, 0x00000000ae500000, 0x00000000ae600000|  0%| F|  |TAMS 0x00000000ae500000, 0x00000000ae500000| Untracked 
| 180|0x00000000ae600000, 0x00000000ae600000, 0x00000000ae700000|  0%| F|  |TAMS 0x00000000ae600000, 0x00000000ae600000| Untracked 
| 181|0x00000000ae700000, 0x00000000ae700000, 0x00000000ae800000|  0%| F|  |TAMS 0x00000000ae700000, 0x00000000ae700000| Untracked 
| 182|0x00000000ae800000, 0x00000000ae800000, 0x00000000ae900000|  0%| F|  |TAMS 0x00000000ae800000, 0x00000000ae800000| Untracked 
| 183|0x00000000ae900000, 0x00000000ae900000, 0x00000000aea00000|  0%| F|  |TAMS 0x00000000ae900000, 0x00000000ae900000| Untracked 
| 184|0x00000000aea00000, 0x00000000aea00000, 0x00000000aeb00000|  0%| F|  |TAMS 0x00000000aea00000, 0x00000000aea00000| Untracked 
| 185|0x00000000aeb00000, 0x00000000aeb00000, 0x00000000aec00000|  0%| F|  |TAMS 0x00000000aeb00000, 0x00000000aeb00000| Untracked 
| 186|0x00000000aec00000, 0x00000000aec44d28, 0x00000000aed00000| 26%| E|  |TAMS 0x00000000aec00000, 0x00000000aec00000| Complete 
| 187|0x00000000aed00000, 0x00000000aee00000, 0x00000000aee00000|100%| E|CS|TAMS 0x00000000aed00000, 0x00000000aed00000| Complete 
| 188|0x00000000aee00000, 0x00000000aef00000, 0x00000000aef00000|100%| E|CS|TAMS 0x00000000aee00000, 0x00000000aee00000| Complete 
| 189|0x00000000aef00000, 0x00000000af000000, 0x00000000af000000|100%| E|CS|TAMS 0x00000000aef00000, 0x00000000aef00000| Complete 
| 190|0x00000000af000000, 0x00000000af100000, 0x00000000af100000|100%| E|CS|TAMS 0x00000000af000000, 0x00000000af000000| Complete 
| 191|0x00000000af100000, 0x00000000af200000, 0x00000000af200000|100%| E|CS|TAMS 0x00000000af100000, 0x00000000af100000| Complete 
| 192|0x00000000af200000, 0x00000000af300000, 0x00000000af300000|100%| E|CS|TAMS 0x00000000af200000, 0x00000000af200000| Complete 
| 193|0x00000000af300000, 0x00000000af400000, 0x00000000af400000|100%| E|CS|TAMS 0x00000000af300000, 0x00000000af300000| Complete 
| 194|0x00000000af400000, 0x00000000af500000, 0x00000000af500000|100%| E|CS|TAMS 0x00000000af400000, 0x00000000af400000| Complete 
| 195|0x00000000af500000, 0x00000000af600000, 0x00000000af600000|100%| E|CS|TAMS 0x00000000af500000, 0x00000000af500000| Complete 
| 196|0x00000000af600000, 0x00000000af700000, 0x00000000af700000|100%| E|CS|TAMS 0x00000000af600000, 0x00000000af600000| Complete 
| 197|0x00000000af700000, 0x00000000af800000, 0x00000000af800000|100%| E|CS|TAMS 0x00000000af700000, 0x00000000af700000| Complete 
| 198|0x00000000af800000, 0x00000000af900000, 0x00000000af900000|100%| E|CS|TAMS 0x00000000af800000, 0x00000000af800000| Complete 
| 199|0x00000000af900000, 0x00000000afa00000, 0x00000000afa00000|100%| E|CS|TAMS 0x00000000af900000, 0x00000000af900000| Complete 
| 200|0x00000000afa00000, 0x00000000afb00000, 0x00000000afb00000|100%| E|CS|TAMS 0x00000000afa00000, 0x00000000afa00000| Complete 
| 201|0x00000000afb00000, 0x00000000afc00000, 0x00000000afc00000|100%| E|CS|TAMS 0x00000000afb00000, 0x00000000afb00000| Complete 
| 202|0x00000000afc00000, 0x00000000afd00000, 0x00000000afd00000|100%| E|CS|TAMS 0x00000000afc00000, 0x00000000afc00000| Complete 
| 203|0x00000000afd00000, 0x00000000afe00000, 0x00000000afe00000|100%| E|CS|TAMS 0x00000000afd00000, 0x00000000afd00000| Complete 
| 204|0x00000000afe00000, 0x00000000aff00000, 0x00000000aff00000|100%| E|CS|TAMS 0x00000000afe00000, 0x00000000afe00000| Complete 
| 205|0x00000000aff00000, 0x00000000b0000000, 0x00000000b0000000|100%| E|CS|TAMS 0x00000000aff00000, 0x00000000aff00000| Complete 
| 206|0x00000000b0000000, 0x00000000b0100000, 0x00000000b0100000|100%| E|CS|TAMS 0x00000000b0000000, 0x00000000b0000000| Complete 
| 207|0x00000000b0100000, 0x00000000b0200000, 0x00000000b0200000|100%| E|CS|TAMS 0x00000000b0100000, 0x00000000b0100000| Complete 
| 208|0x00000000b0200000, 0x00000000b0300000, 0x00000000b0300000|100%| E|CS|TAMS 0x00000000b0200000, 0x00000000b0200000| Complete 
| 209|0x00000000b0300000, 0x00000000b0400000, 0x00000000b0400000|100%| E|CS|TAMS 0x00000000b0300000, 0x00000000b0300000| Complete 
| 210|0x00000000b0400000, 0x00000000b0500000, 0x00000000b0500000|100%| E|CS|TAMS 0x00000000b0400000, 0x00000000b0400000| Complete 
| 211|0x00000000b0500000, 0x00000000b0600000, 0x00000000b0600000|100%| E|CS|TAMS 0x00000000b0500000, 0x00000000b0500000| Complete 
| 212|0x00000000b0600000, 0x00000000b0700000, 0x00000000b0700000|100%| E|CS|TAMS 0x00000000b0600000, 0x00000000b0600000| Complete 
| 213|0x00000000b0700000, 0x00000000b0800000, 0x00000000b0800000|100%| E|CS|TAMS 0x00000000b0700000, 0x00000000b0700000| Complete 
| 214|0x00000000b0800000, 0x00000000b0900000, 0x00000000b0900000|100%| E|CS|TAMS 0x00000000b0800000, 0x00000000b0800000| Complete 
| 215|0x00000000b0900000, 0x00000000b0a00000, 0x00000000b0a00000|100%| E|CS|TAMS 0x00000000b0900000, 0x00000000b0900000| Complete 
| 216|0x00000000b0a00000, 0x00000000b0b00000, 0x00000000b0b00000|100%| E|CS|TAMS 0x00000000b0a00000, 0x00000000b0a00000| Complete 

Card table byte_map: [0x0000019125fc0000,0x00000191262b0000] _byte_map_base: 0x0000019125aa7000

Marking Bits (Prev, Next): (CMBitMap*) 0x000001911184c0f0, (CMBitMap*) 0x000001911184c130
 Prev Bits: [0x00000191265a0000, 0x0000019127cd8000)
 Next Bits: [0x0000019127ce0000, 0x0000019129418000)

Polling page: 0x00000191118e0000

Metaspace:

Usage:
  Non-class:     73.15 MB used.
      Class:     10.73 MB used.
       Both:     83.88 MB used.

Virtual space:
  Non-class space:       80.00 MB reserved,      73.50 MB ( 92%) committed,  10 nodes.
      Class space:        1.00 GB reserved,      11.06 MB (  1%) committed,  1 nodes.
             Both:        1.08 GB reserved,      84.56 MB (  8%) committed. 

Chunk freelists:
   Non-Class:  2.56 MB
       Class:  864.00 KB
        Both:  3.40 MB

MaxMetaspaceSize: unlimited
CompressedClassSpaceSize: 1.00 GB
Initial GC threshold: 21.00 MB
Current GC threshold: 119.69 MB
CDS: off
MetaspaceReclaimPolicy: balanced
 - commit_granule_bytes: 65536.
 - commit_granule_words: 8192.
 - virtual_space_node_default_size: 1048576.
 - enlarge_chunks_in_place: 1.
 - new_chunks_are_fully_committed: 0.
 - uncommit_free_chunks: 1.
 - use_allocation_guard: 0.
 - handle_deallocations: 1.


Internal statistics:

num_allocs_failed_limit: 6.
num_arena_births: 994.
num_arena_deaths: 0.
num_vsnodes_births: 11.
num_vsnodes_deaths: 0.
num_space_committed: 1353.
num_space_uncommitted: 0.
num_chunks_returned_to_freelist: 6.
num_chunks_taken_from_freelist: 3902.
num_chunk_merges: 6.
num_chunk_splits: 2741.
num_chunks_enlarged: 2103.
num_purges: 0.
num_inconsistent_stats: 0.

CodeHeap 'non-profiled nmethods': size=120000Kb used=12244Kb max_used=12244Kb free=107755Kb
 bounds [0x000001911e180000, 0x000001911ed80000, 0x00000191256b0000]
CodeHeap 'profiled nmethods': size=120000Kb used=17997Kb max_used=22829Kb free=102002Kb
 bounds [0x0000019116c50000, 0x00000191182a0000, 0x000001911e180000]
CodeHeap 'non-nmethods': size=5760Kb used=1349Kb max_used=1431Kb free=4410Kb
 bounds [0x00000191166b0000, 0x0000019116920000, 0x0000019116c50000]
 total_blobs=11970 nmethods=11283 adapters=599
 compilation: enabled
              stopped_count=0, restarted_count=0
 full_count=0

Compilation events (20 events):
Event: 343.050 Thread 0x000001912baaea40 14303   !   3       org.apache.catalina.core.StandardContext::unbind (92 bytes)
Event: 343.052 Thread 0x000001912baaea40 nmethod 14303 0x00000191178f3d90 code [0x00000191178f4060, 0x00000191178f5238]
Event: 343.057 Thread 0x000001912baaea40 14304   !   3       org.hibernate.resource.jdbc.internal.LogicalConnectionManagedImpl::releaseConnection (104 bytes)
Event: 343.058 Thread 0x000001912baaea40 nmethod 14304 0x0000019116e62910 code [0x0000019116e62b60, 0x0000019116e63458]
Event: 343.068 Thread 0x000001912baaea40 14305       2       org.apache.catalina.core.StandardContext$1::bind (1 bytes)
Event: 343.068 Thread 0x000001912baaea40 nmethod 14305 0x000001911708c990 code [0x000001911708cb20, 0x000001911708cc18]
Event: 343.068 Thread 0x000001912baaea40 14306       3       org.apache.catalina.core.ApplicationMapping::getHttpServletMapping (346 bytes)
Event: 343.072 Thread 0x000001912baaea40 nmethod 14306 0x00000191178da990 code [0x00000191178dade0, 0x00000191178dd088]
Event: 343.091 Thread 0x000001912baaea40 14307   !   3       org.springframework.web.filter.RequestContextFilter::doFilterInternal (107 bytes)
Event: 343.095 Thread 0x000001912baaea40 nmethod 14307 0x0000019117a7eb90 code [0x0000019117a7f040, 0x0000019117a81748]
Event: 343.232 Thread 0x000001912baaea40 14308   !   3       org.apache.catalina.connector.CoyoteAdapter::service (893 bytes)
Event: 343.252 Thread 0x000001912baaea40 nmethod 14308 0x0000019117b6f490 code [0x0000019117b70000, 0x0000019117b78618]
Event: 343.252 Thread 0x000001912baaea40 14310   !   3       org.apache.catalina.core.StandardContext::bind (168 bytes)
Event: 343.256 Thread 0x000001912baaea40 nmethod 14310 0x00000191178a2f90 code [0x00000191178a3380, 0x00000191178a5558]
Event: 343.256 Thread 0x000001912baaea40 14309       2       org.springframework.web.servlet.handler.AbstractHandlerMethodMapping::lookupHandlerMethod (335 bytes)
Event: 343.260 Thread 0x000001912baaea40 nmethod 14309 0x0000019116fda090 code [0x0000019116fda3e0, 0x0000019116fdb198]
Event: 343.312 Thread 0x000001912baaea40 14311       3       org.springframework.web.servlet.handler.WebRequestHandlerInterceptorAdapter::afterCompletion (21 bytes)
Event: 343.313 Thread 0x000001912baaea40 nmethod 14311 0x00000191170da890 code [0x00000191170daa60, 0x00000191170dae38]
Event: 343.335 Thread 0x000001912baaea40 14312       3       org.springframework.web.context.request.async.StandardServletAsyncWebRequest::<init> (87 bytes)
Event: 343.337 Thread 0x000001912baaea40 nmethod 14312 0x0000019116effa90 code [0x0000019116effd60, 0x0000019116f00f58]

GC Heap History (20 events):
Event: 329.837 GC heap before
{Heap before GC invocations=274 (full 0):
 garbage-first heap   total 222208K, used 173242K [0x00000000a3200000, 0x0000000100000000)
  region size 1024K, 130 young (133120K), 1 survivors (1024K)
 Metaspace       used 85670K, committed 86400K, reserved 1130496K
  class space    used 10966K, committed 11328K, reserved 1048576K
}
Event: 329.839 GC heap after
{Heap after GC invocations=275 (full 0):
 garbage-first heap   total 222208K, used 40894K [0x00000000a3200000, 0x0000000100000000)
  region size 1024K, 1 young (1024K), 1 survivors (1024K)
 Metaspace       used 85670K, committed 86400K, reserved 1130496K
  class space    used 10966K, committed 11328K, reserved 1048576K
}
Event: 331.701 GC heap before
{Heap before GC invocations=275 (full 0):
 garbage-first heap   total 222208K, used 172990K [0x00000000a3200000, 0x0000000100000000)
  region size 1024K, 130 young (133120K), 1 survivors (1024K)
 Metaspace       used 85670K, committed 86400K, reserved 1130496K
  class space    used 10966K, committed 11328K, reserved 1048576K
}
Event: 331.704 GC heap after
{Heap after GC invocations=276 (full 0):
 garbage-first heap   total 222208K, used 41140K [0x00000000a3200000, 0x0000000100000000)
  region size 1024K, 1 young (1024K), 1 survivors (1024K)
 Metaspace       used 85670K, committed 86400K, reserved 1130496K
  class space    used 10966K, committed 11328K, reserved 1048576K
}
Event: 332.644 GC heap before
{Heap before GC invocations=276 (full 0):
 garbage-first heap   total 222208K, used 173236K [0x00000000a3200000, 0x0000000100000000)
  region size 1024K, 130 young (133120K), 1 survivors (1024K)
 Metaspace       used 85670K, committed 86400K, reserved 1130496K
  class space    used 10966K, committed 11328K, reserved 1048576K
}
Event: 332.650 GC heap after
{Heap after GC invocations=277 (full 0):
 garbage-first heap   total 222208K, used 42265K [0x00000000a3200000, 0x0000000100000000)
  region size 1024K, 2 young (2048K), 2 survivors (2048K)
 Metaspace       used 85670K, committed 86400K, reserved 1130496K
  class space    used 10966K, committed 11328K, reserved 1048576K
}
Event: 334.186 GC heap before
{Heap before GC invocations=277 (full 0):
 garbage-first heap   total 222208K, used 173337K [0x00000000a3200000, 0x0000000100000000)
  region size 1024K, 130 young (133120K), 2 survivors (2048K)
 Metaspace       used 85670K, committed 86400K, reserved 1130496K
  class space    used 10966K, committed 11328K, reserved 1048576K
}
Event: 334.191 GC heap after
{Heap after GC invocations=278 (full 0):
 garbage-first heap   total 222208K, used 42478K [0x00000000a3200000, 0x0000000100000000)
  region size 1024K, 2 young (2048K), 2 survivors (2048K)
 Metaspace       used 85670K, committed 86400K, reserved 1130496K
  class space    used 10966K, committed 11328K, reserved 1048576K
}
Event: 335.602 GC heap before
{Heap before GC invocations=278 (full 0):
 garbage-first heap   total 222208K, used 172526K [0x00000000a3200000, 0x0000000100000000)
  region size 1024K, 130 young (133120K), 2 survivors (2048K)
 Metaspace       used 85670K, committed 86400K, reserved 1130496K
  class space    used 10966K, committed 11328K, reserved 1048576K
}
Event: 335.606 GC heap after
{Heap after GC invocations=279 (full 0):
 garbage-first heap   total 222208K, used 41971K [0x00000000a3200000, 0x0000000100000000)
  region size 1024K, 2 young (2048K), 2 survivors (2048K)
 Metaspace       used 85670K, committed 86400K, reserved 1130496K
  class space    used 10966K, committed 11328K, reserved 1048576K
}
Event: 336.987 GC heap before
{Heap before GC invocations=279 (full 0):
 garbage-first heap   total 222208K, used 173043K [0x00000000a3200000, 0x0000000100000000)
  region size 1024K, 130 young (133120K), 2 survivors (2048K)
 Metaspace       used 85670K, committed 86400K, reserved 1130496K
  class space    used 10966K, committed 11328K, reserved 1048576K
}
Event: 336.990 GC heap after
{Heap after GC invocations=280 (full 0):
 garbage-first heap   total 222208K, used 41396K [0x00000000a3200000, 0x0000000100000000)
  region size 1024K, 1 young (1024K), 1 survivors (1024K)
 Metaspace       used 85670K, committed 86400K, reserved 1130496K
  class space    used 10966K, committed 11328K, reserved 1048576K
}
Event: 338.043 GC heap before
{Heap before GC invocations=280 (full 0):
 garbage-first heap   total 222208K, used 173492K [0x00000000a3200000, 0x0000000100000000)
  region size 1024K, 130 young (133120K), 1 survivors (1024K)
 Metaspace       used 85670K, committed 86400K, reserved 1130496K
  class space    used 10966K, committed 11328K, reserved 1048576K
}
Event: 338.047 GC heap after
{Heap after GC invocations=281 (full 0):
 garbage-first heap   total 222208K, used 42420K [0x00000000a3200000, 0x0000000100000000)
  region size 1024K, 2 young (2048K), 2 survivors (2048K)
 Metaspace       used 85670K, committed 86400K, reserved 1130496K
  class space    used 10966K, committed 11328K, reserved 1048576K
}
Event: 339.373 GC heap before
{Heap before GC invocations=281 (full 0):
 garbage-first heap   total 222208K, used 173492K [0x00000000a3200000, 0x0000000100000000)
  region size 1024K, 130 young (133120K), 2 survivors (2048K)
 Metaspace       used 85670K, committed 86400K, reserved 1130496K
  class space    used 10966K, committed 11328K, reserved 1048576K
}
Event: 339.376 GC heap after
{Heap after GC invocations=282 (full 0):
 garbage-first heap   total 222208K, used 41409K [0x00000000a3200000, 0x0000000100000000)
  region size 1024K, 1 young (1024K), 1 survivors (1024K)
 Metaspace       used 85670K, committed 86400K, reserved 1130496K
  class space    used 10966K, committed 11328K, reserved 1048576K
}
Event: 340.969 GC heap before
{Heap before GC invocations=282 (full 0):
 garbage-first heap   total 222208K, used 173505K [0x00000000a3200000, 0x0000000100000000)
  region size 1024K, 130 young (133120K), 1 survivors (1024K)
 Metaspace       used 85856K, committed 86528K, reserved 1130496K
  class space    used 10991K, committed 11328K, reserved 1048576K
}
Event: 340.974 GC heap after
{Heap after GC invocations=283 (full 0):
 garbage-first heap   total 222208K, used 41302K [0x00000000a3200000, 0x0000000100000000)
  region size 1024K, 1 young (1024K), 1 survivors (1024K)
 Metaspace       used 85856K, committed 86528K, reserved 1130496K
  class space    used 10991K, committed 11328K, reserved 1048576K
}
Event: 343.080 GC heap before
{Heap before GC invocations=283 (full 0):
 garbage-first heap   total 222208K, used 173398K [0x00000000a3200000, 0x0000000100000000)
  region size 1024K, 130 young (133120K), 1 survivors (1024K)
 Metaspace       used 85896K, committed 86592K, reserved 1130496K
  class space    used 10992K, committed 11328K, reserved 1048576K
}
Event: 343.082 GC heap after
{Heap after GC invocations=284 (full 0):
 garbage-first heap   total 222208K, used 40923K [0x00000000a3200000, 0x0000000100000000)
  region size 1024K, 1 young (1024K), 1 survivors (1024K)
 Metaspace       used 85896K, committed 86592K, reserved 1130496K
  class space    used 10992K, committed 11328K, reserved 1048576K
}

Deoptimization events (20 events):
Event: 341.762 Thread 0x000001912e0d9770 Uncommon trap: trap_request=0xffffffde fr.pc=0x000001911eb7a994 relative=0x0000000000003934
Event: 341.762 Thread 0x000001912e0d9770 Uncommon trap: reason=class_check action=maybe_recompile pc=0x000001911eb7a994 method=org.springframework.web.servlet.mvc.method.annotation.AbstractMessageConverterMethodProcessor.writeWithMessageConverters(Ljava/lang/Object;Lorg/springframework/core/Meth
Event: 341.762 Thread 0x000001912e0d9770 DEOPT PACKING pc=0x000001911eb7a994 sp=0x0000007deb7fd480
Event: 341.762 Thread 0x000001912e0d9770 DEOPT UNPACKING pc=0x000001911670239d sp=0x0000007deb7fd4a0 mode 2
Event: 341.762 Thread 0x000001912e0d9770 Uncommon trap: trap_request=0xffffffde fr.pc=0x000001911e74fa04 relative=0x0000000000001724
Event: 341.762 Thread 0x000001912e0d9770 Uncommon trap: reason=class_check action=maybe_recompile pc=0x000001911e74fa04 method=org.springframework.web.servlet.mvc.method.annotation.AbstractMessageConverterMethodProcessor.getProducibleMediaTypes(Ljakarta/servlet/http/HttpServletRequest;Ljava/lang
Event: 341.762 Thread 0x000001912e0d9770 DEOPT PACKING pc=0x000001911e74fa04 sp=0x0000007deb7fd3f0
Event: 341.762 Thread 0x000001912e0d9770 DEOPT UNPACKING pc=0x000001911670239d sp=0x0000007deb7fd400 mode 2
Event: 341.762 Thread 0x000001912e0d9770 Uncommon trap: trap_request=0xffffffde fr.pc=0x000001911eca88f4 relative=0x0000000000002d54
Event: 341.762 Thread 0x000001912e0d9770 Uncommon trap: reason=class_check action=maybe_recompile pc=0x000001911eca88f4 method=org.springframework.http.converter.json.AbstractJackson2HttpMessageConverter.writeInternal(Ljava/lang/Object;Ljava/lang/reflect/Type;Lorg/springframework/http/HttpOutput
Event: 341.763 Thread 0x000001912e0d9770 DEOPT PACKING pc=0x000001911eca88f4 sp=0x0000007deb7fd330
Event: 341.763 Thread 0x000001912e0d9770 DEOPT UNPACKING pc=0x000001911670239d sp=0x0000007deb7fd300 mode 2
Event: 341.763 Thread 0x000001912e0d9770 Uncommon trap: trap_request=0xffffffde fr.pc=0x000001911ec34328 relative=0x0000000000000428
Event: 341.763 Thread 0x000001912e0d9770 Uncommon trap: reason=class_check action=maybe_recompile pc=0x000001911ec34328 method=com.fasterxml.jackson.databind.ObjectWriter$Prefetch.forRootType(Lcom/fasterxml/jackson/databind/ObjectWriter;Lcom/fasterxml/jackson/databind/JavaType;)Lcom/fasterxml/ja
Event: 341.763 Thread 0x000001912e0d9770 DEOPT PACKING pc=0x000001911ec34328 sp=0x0000007deb7fd2a0
Event: 341.763 Thread 0x000001912e0d9770 DEOPT UNPACKING pc=0x000001911670239d sp=0x0000007deb7fd1f0 mode 2
Event: 341.764 Thread 0x000001912e0d9770 Uncommon trap: trap_request=0xffffffde fr.pc=0x000001911ec7c504 relative=0x00000000000014a4
Event: 341.764 Thread 0x000001912e0d9770 Uncommon trap: reason=class_check action=maybe_recompile pc=0x000001911ec7c504 method=org.springframework.web.servlet.FrameworkServlet.publishRequestHandledEvent(Ljakarta/servlet/http/HttpServletRequest;Ljakarta/servlet/http/HttpServletResponse;JLjava/lan
Event: 341.764 Thread 0x000001912e0d9770 DEOPT PACKING pc=0x000001911ec7c504 sp=0x0000007deb7fda90
Event: 341.765 Thread 0x000001912e0d9770 DEOPT UNPACKING pc=0x000001911670239d sp=0x0000007deb7fda90 mode 2

Classes unloaded (0 events):
No events

Classes redefined (0 events):
No events

Internal exceptions (20 events):
Event: 343.220 Thread 0x000001912e0db920 Exception <a 'java/io/IOException'{0x00000000b0096820}> (0x00000000b0096820) 
thrown [e:\jenkins\tmp\workspace\build\src\src\hotspot\share\prims\jni.cpp, line 516]
Event: 343.222 Thread 0x000001912e0db920 Exception <a 'java/io/IOException'{0x00000000b009da50}> (0x00000000b009da50) 
thrown [e:\jenkins\tmp\workspace\build\src\src\hotspot\share\prims\jni.cpp, line 516]
Event: 343.224 Thread 0x000001912cad26c0 Exception <a 'java/io/IOException'{0x00000000aff85be0}> (0x00000000aff85be0) 
thrown [e:\jenkins\tmp\workspace\build\src\src\hotspot\share\prims\jni.cpp, line 516]
Event: 343.227 Thread 0x000001912cad26c0 Exception <a 'java/io/IOException'{0x00000000aff8d068}> (0x00000000aff8d068) 
thrown [e:\jenkins\tmp\workspace\build\src\src\hotspot\share\prims\jni.cpp, line 516]
Event: 343.228 Thread 0x000001912e0db920 Exception <a 'java/io/IOException'{0x00000000b00a6a60}> (0x00000000b00a6a60) 
thrown [e:\jenkins\tmp\workspace\build\src\src\hotspot\share\prims\jni.cpp, line 516]
Event: 343.231 Thread 0x000001912e0daab0 Exception <a 'java/io/IOException'{0x00000000affd8640}> (0x00000000affd8640) 
thrown [e:\jenkins\tmp\workspace\build\src\src\hotspot\share\prims\jni.cpp, line 516]
Event: 343.233 Thread 0x000001912e0d9c40 Exception <a 'java/io/IOException'{0x00000000afe0b0c0}> (0x00000000afe0b0c0) 
thrown [e:\jenkins\tmp\workspace\build\src\src\hotspot\share\prims\jni.cpp, line 516]
Event: 343.243 Thread 0x000001912cacf6a0 Exception <a 'java/io/IOException'{0x00000000afe4df70}> (0x00000000afe4df70) 
thrown [e:\jenkins\tmp\workspace\build\src\src\hotspot\share\prims\jni.cpp, line 516]
Event: 343.249 Thread 0x000001912e0dd130 Exception <a 'java/io/IOException'{0x00000000afe8d878}> (0x00000000afe8d878) 
thrown [e:\jenkins\tmp\workspace\build\src\src\hotspot\share\prims\jni.cpp, line 516]
Event: 343.261 Thread 0x000001912cad26c0 Exception <a 'java/io/IOException'{0x00000000aff96078}> (0x00000000aff96078) 
thrown [e:\jenkins\tmp\workspace\build\src\src\hotspot\share\prims\jni.cpp, line 516]
Event: 343.302 Thread 0x000001912e0d9c40 Exception <a 'java/io/IOException'{0x00000000afb2ff08}> (0x00000000afb2ff08) 
thrown [e:\jenkins\tmp\workspace\build\src\src\hotspot\share\prims\jni.cpp, line 516]
Event: 343.305 Thread 0x000001912e0dd130 Exception <a 'java/io/IOException'{0x00000000afbc7f30}> (0x00000000afbc7f30) 
thrown [e:\jenkins\tmp\workspace\build\src\src\hotspot\share\prims\jni.cpp, line 516]
Event: 343.307 Thread 0x000001912e0dd130 Exception <a 'java/io/IOException'{0x00000000afbce248}> (0x00000000afbce248) 
thrown [e:\jenkins\tmp\workspace\build\src\src\hotspot\share\prims\jni.cpp, line 516]
Event: 343.310 Thread 0x000001912e0dd130 Exception <a 'java/io/IOException'{0x00000000afbd9808}> (0x00000000afbd9808) 
thrown [e:\jenkins\tmp\workspace\build\src\src\hotspot\share\prims\jni.cpp, line 516]
Event: 343.312 Thread 0x000001912e0dd130 Exception <a 'java/io/IOException'{0x00000000afbe0a38}> (0x00000000afbe0a38) 
thrown [e:\jenkins\tmp\workspace\build\src\src\hotspot\share\prims\jni.cpp, line 516]
Event: 343.314 Thread 0x000001912e0dd130 Exception <a 'java/io/IOException'{0x00000000afbe9a48}> (0x00000000afbe9a48) 
thrown [e:\jenkins\tmp\workspace\build\src\src\hotspot\share\prims\jni.cpp, line 516]
Event: 343.331 Thread 0x000001912e0daab0 Exception <a 'java/io/IOException'{0x00000000af9c79e0}> (0x00000000af9c79e0) 
thrown [e:\jenkins\tmp\workspace\build\src\src\hotspot\share\prims\jni.cpp, line 516]
Event: 343.338 Thread 0x000001912cacf6a0 Exception <a 'java/io/IOException'{0x00000000af707730}> (0x00000000af707730) 
thrown [e:\jenkins\tmp\workspace\build\src\src\hotspot\share\prims\jni.cpp, line 516]
Event: 343.338 Thread 0x000001912e0da5e0 Exception <a 'java/io/IOException'{0x00000000b040e4f8}> (0x00000000b040e4f8) 
thrown [e:\jenkins\tmp\workspace\build\src\src\hotspot\share\prims\jni.cpp, line 516]
Event: 343.344 Thread 0x000001912cacf6a0 Exception <a 'java/io/IOException'{0x00000000af70da48}> (0x00000000af70da48) 
thrown [e:\jenkins\tmp\workspace\build\src\src\hotspot\share\prims\jni.cpp, line 516]

VM Operations (20 events):
Event: 334.186 Executing VM operation: G1CollectForAllocation
Event: 334.191 Executing VM operation: G1CollectForAllocation done
Event: 335.602 Executing VM operation: G1CollectForAllocation
Event: 335.606 Executing VM operation: G1CollectForAllocation done
Event: 336.986 Executing VM operation: G1CollectForAllocation
Event: 336.990 Executing VM operation: G1CollectForAllocation done
Event: 338.043 Executing VM operation: G1CollectForAllocation
Event: 338.047 Executing VM operation: G1CollectForAllocation done
Event: 339.373 Executing VM operation: G1CollectForAllocation
Event: 339.376 Executing VM operation: G1CollectForAllocation done
Event: 340.388 Executing VM operation: Cleanup
Event: 340.388 Executing VM operation: Cleanup done
Event: 340.969 Executing VM operation: G1CollectForAllocation
Event: 340.974 Executing VM operation: G1CollectForAllocation done
Event: 341.762 Executing VM operation: HandshakeAllThreads
Event: 341.764 Executing VM operation: HandshakeAllThreads done
Event: 342.766 Executing VM operation: Cleanup
Event: 342.767 Executing VM operation: Cleanup done
Event: 343.080 Executing VM operation: G1CollectForAllocation
Event: 343.082 Executing VM operation: G1CollectForAllocation done

Events (20 events):
Event: 341.578 loading class jdk/internal/reflect/GeneratedMethodAccessor115 done
Event: 341.580 loading class jdk/internal/reflect/GeneratedMethodAccessor115
Event: 341.580 loading class jdk/internal/reflect/GeneratedMethodAccessor115 done
Event: 341.710 loading class jdk/internal/reflect/GeneratedMethodAccessor115
Event: 341.710 loading class jdk/internal/reflect/GeneratedMethodAccessor115 done
Event: 341.712 loading class jdk/internal/reflect/GeneratedMethodAccessor115
Event: 341.712 loading class jdk/internal/reflect/GeneratedMethodAccessor115 done
Event: 341.751 loading class jdk/internal/reflect/GeneratedMethodAccessor115
Event: 341.751 loading class jdk/internal/reflect/GeneratedMethodAccessor115 done
Event: 341.753 loading class jdk/internal/reflect/GeneratedMethodAccessor115
Event: 341.753 loading class jdk/internal/reflect/GeneratedMethodAccessor115 done
Event: 341.756 loading class jdk/internal/reflect/GeneratedMethodAccessor115
Event: 341.756 loading class jdk/internal/reflect/GeneratedMethodAccessor115 done
Event: 341.758 loading class jdk/internal/reflect/GeneratedMethodAccessor115
Event: 341.758 loading class jdk/internal/reflect/GeneratedMethodAccessor115 done
Event: 341.796 Thread 0x000001912c441980 flushing nmethod 0x00000191181df890
Event: 341.796 Thread 0x000001912c441980 flushing nmethod 0x0000019118205f10
Event: 341.796 Thread 0x000001912c441980 flushing nmethod 0x000001911821a610
Event: 341.796 Thread 0x000001912c441980 flushing nmethod 0x000001911822a210
Event: 341.878 Thread 0x0000019134929010 Thread exited: 0x0000019134929010


Dynamic libraries:
0x00007ff6f7ab0000 - 0x00007ff6f7abe000 	C:\Users\tashtiba\AppData\Local\Temp\Rar$EXa0.061\eclipse\plugins\org.eclipse.justj.openjdk.hotspot.jre.full.win32.x86_64_17.0.2.v20220201-1208\jre\bin\javaw.exe
0x00007ff838970000 - 0x00007ff838b68000 	C:\WINDOWS\SYSTEM32\ntdll.dll
0x00007ff837920000 - 0x00007ff8379dd000 	C:\WINDOWS\System32\KERNEL32.DLL
0x00007ff836490000 - 0x00007ff836786000 	C:\WINDOWS\System32\KERNELBASE.dll
0x00007ff836790000 - 0x00007ff836890000 	C:\WINDOWS\System32\ucrtbase.dll
0x00007ff8302b0000 - 0x00007ff8302c8000 	C:\Users\tashtiba\AppData\Local\Temp\Rar$EXa0.061\eclipse\plugins\org.eclipse.justj.openjdk.hotspot.jre.full.win32.x86_64_17.0.2.v20220201-1208\jre\bin\jli.dll
0x00007ff830290000 - 0x00007ff8302a9000 	C:\Users\tashtiba\AppData\Local\Temp\Rar$EXa0.061\eclipse\plugins\org.eclipse.justj.openjdk.hotspot.jre.full.win32.x86_64_17.0.2.v20220201-1208\jre\bin\VCRUNTIME140.dll
0x00007ff837ea0000 - 0x00007ff83803f000 	C:\WINDOWS\System32\USER32.dll
0x00007ff8363a0000 - 0x00007ff8363c2000 	C:\WINDOWS\System32\win32u.dll
0x00007ff837e50000 - 0x00007ff837e7b000 	C:\WINDOWS\System32\GDI32.dll
0x00007ff836280000 - 0x00007ff836397000 	C:\WINDOWS\System32\gdi32full.dll
0x00007ff8361e0000 - 0x00007ff83627d000 	C:\WINDOWS\System32\msvcp_win.dll
0x00007ff827970000 - 0x00007ff827c0a000 	C:\WINDOWS\WinSxS\amd64_microsoft.windows.common-controls_6595b64144ccf1df_6.0.19041.4355_none_60b8b9eb71f62e16\COMCTL32.dll
0x00007ff8383a0000 - 0x00007ff83843e000 	C:\WINDOWS\System32\msvcrt.dll
0x00007ff836a10000 - 0x00007ff836a3f000 	C:\WINDOWS\System32\IMM32.DLL
0x00007ff830280000 - 0x00007ff83028c000 	C:\Users\tashtiba\AppData\Local\Temp\Rar$EXa0.061\eclipse\plugins\org.eclipse.justj.openjdk.hotspot.jre.full.win32.x86_64_17.0.2.v20220201-1208\jre\bin\vcruntime140_1.dll
0x00007ff8301e0000 - 0x00007ff830271000 	C:\Users\tashtiba\AppData\Local\Temp\Rar$EXa0.061\eclipse\plugins\org.eclipse.justj.openjdk.hotspot.jre.full.win32.x86_64_17.0.2.v20220201-1208\jre\bin\msvcp140.dll
0x00007ff811d30000 - 0x00007ff812977000 	C:\Users\tashtiba\AppData\Local\Temp\Rar$EXa0.061\eclipse\plugins\org.eclipse.justj.openjdk.hotspot.jre.full.win32.x86_64_17.0.2.v20220201-1208\jre\bin\server\jvm.dll
0x00007ff838630000 - 0x00007ff8386e0000 	C:\WINDOWS\System32\ADVAPI32.dll
0x00007ff838750000 - 0x00007ff8387f0000 	C:\WINDOWS\System32\sechost.dll
0x00007ff8377f0000 - 0x00007ff837913000 	C:\WINDOWS\System32\RPCRT4.dll
0x00007ff8363d0000 - 0x00007ff8363f7000 	C:\WINDOWS\System32\bcrypt.dll
0x00007ff8384f0000 - 0x00007ff8384f8000 	C:\WINDOWS\System32\PSAPI.DLL
0x00007ff832730000 - 0x00007ff832739000 	C:\WINDOWS\SYSTEM32\WSOCK32.dll
0x00007ff8386e0000 - 0x00007ff83874b000 	C:\WINDOWS\System32\WS2_32.dll
0x00007ff82a6d0000 - 0x00007ff82a6f7000 	C:\WINDOWS\SYSTEM32\WINMM.dll
0x00007ff82a490000 - 0x00007ff82a49a000 	C:\WINDOWS\SYSTEM32\VERSION.dll
0x00007ff833eb0000 - 0x00007ff833ec2000 	C:\WINDOWS\SYSTEM32\kernel.appcore.dll
0x00007ff8301d0000 - 0x00007ff8301da000 	C:\Users\tashtiba\AppData\Local\Temp\Rar$EXa0.061\eclipse\plugins\org.eclipse.justj.openjdk.hotspot.jre.full.win32.x86_64_17.0.2.v20220201-1208\jre\bin\jimage.dll
0x00007ff823d30000 - 0x00007ff823f14000 	C:\WINDOWS\SYSTEM32\DBGHELP.DLL
0x00007ff823cf0000 - 0x00007ff823d24000 	C:\WINDOWS\SYSTEM32\dbgcore.DLL
0x00007ff836400000 - 0x00007ff836482000 	C:\WINDOWS\System32\bcryptPrimitives.dll
0x00007ff8301a0000 - 0x00007ff8301c5000 	C:\Users\tashtiba\AppData\Local\Temp\Rar$EXa0.061\eclipse\plugins\org.eclipse.justj.openjdk.hotspot.jre.full.win32.x86_64_17.0.2.v20220201-1208\jre\bin\java.dll
0x00007ff830180000 - 0x00007ff830198000 	C:\Users\tashtiba\AppData\Local\Temp\Rar$EXa0.061\eclipse\plugins\org.eclipse.justj.openjdk.hotspot.jre.full.win32.x86_64_17.0.2.v20220201-1208\jre\bin\zip.dll
0x00007ff837080000 - 0x00007ff8377ec000 	C:\WINDOWS\System32\SHELL32.dll
0x00007ff8340b0000 - 0x00007ff83484d000 	C:\WINDOWS\SYSTEM32\windows.storage.dll
0x00007ff838040000 - 0x00007ff838393000 	C:\WINDOWS\System32\combase.dll
0x00007ff835a50000 - 0x00007ff835a7e000 	C:\WINDOWS\SYSTEM32\Wldp.dll
0x00007ff836ae0000 - 0x00007ff836bad000 	C:\WINDOWS\System32\OLEAUT32.dll
0x00007ff838800000 - 0x00007ff8388ad000 	C:\WINDOWS\System32\SHCORE.dll
0x00007ff8369b0000 - 0x00007ff836a05000 	C:\WINDOWS\System32\shlwapi.dll
0x00007ff835f60000 - 0x00007ff835f84000 	C:\WINDOWS\SYSTEM32\profapi.dll
0x00007ff830160000 - 0x00007ff830179000 	C:\Users\tashtiba\AppData\Local\Temp\Rar$EXa0.061\eclipse\plugins\org.eclipse.justj.openjdk.hotspot.jre.full.win32.x86_64_17.0.2.v20220201-1208\jre\bin\net.dll
0x00007ff82e020000 - 0x00007ff82e12a000 	C:\WINDOWS\SYSTEM32\WINHTTP.dll
0x00007ff8357b0000 - 0x00007ff83581a000 	C:\WINDOWS\system32\mswsock.dll
0x00007ff830140000 - 0x00007ff830155000 	C:\Users\tashtiba\AppData\Local\Temp\Rar$EXa0.061\eclipse\plugins\org.eclipse.justj.openjdk.hotspot.jre.full.win32.x86_64_17.0.2.v20220201-1208\jre\bin\nio.dll
0x00007ff830130000 - 0x00007ff830139000 	C:\Users\tashtiba\AppData\Local\Temp\Rar$EXa0.061\eclipse\plugins\org.eclipse.justj.openjdk.hotspot.jre.full.win32.x86_64_17.0.2.v20220201-1208\jre\bin\management.dll
0x00007ff830120000 - 0x00007ff83012b000 	C:\Users\tashtiba\AppData\Local\Temp\Rar$EXa0.061\eclipse\plugins\org.eclipse.justj.openjdk.hotspot.jre.full.win32.x86_64_17.0.2.v20220201-1208\jre\bin\management_ext.dll
0x00007ff830110000 - 0x00007ff83011e000 	C:\Users\tashtiba\AppData\Local\Temp\Rar$EXa0.061\eclipse\plugins\org.eclipse.justj.openjdk.hotspot.jre.full.win32.x86_64_17.0.2.v20220201-1208\jre\bin\sunmscapi.dll
0x00007ff836080000 - 0x00007ff8361de000 	C:\WINDOWS\System32\CRYPT32.dll
0x00007ff835ac0000 - 0x00007ff835ae9000 	C:\WINDOWS\SYSTEM32\ncrypt.dll
0x00007ff835a80000 - 0x00007ff835abb000 	C:\WINDOWS\SYSTEM32\NTASN1.dll
0x00007ff8359a0000 - 0x00007ff8359b8000 	C:\WINDOWS\SYSTEM32\CRYPTSP.dll
0x00007ff835060000 - 0x00007ff835094000 	C:\WINDOWS\system32\rsaenh.dll
0x00007ff835f10000 - 0x00007ff835f3e000 	C:\WINDOWS\SYSTEM32\USERENV.dll
0x00007ff8359c0000 - 0x00007ff8359cc000 	C:\WINDOWS\SYSTEM32\CRYPTBASE.dll
0x00007ff835440000 - 0x00007ff83547b000 	C:\WINDOWS\SYSTEM32\IPHLPAPI.DLL
0x00007ff8387f0000 - 0x00007ff8387f8000 	C:\WINDOWS\System32\NSI.dll
0x00007ff82eb00000 - 0x00007ff82eb17000 	C:\WINDOWS\SYSTEM32\dhcpcsvc6.DLL
0x00007ff82f500000 - 0x00007ff82f51d000 	C:\WINDOWS\SYSTEM32\dhcpcsvc.DLL
0x00007ff835490000 - 0x00007ff83555a000 	C:\WINDOWS\SYSTEM32\DNSAPI.dll
0x00007ff830100000 - 0x00007ff830110000 	C:\Users\tashtiba\AppData\Local\Temp\Rar$EXa0.061\eclipse\plugins\org.eclipse.justj.openjdk.hotspot.jre.full.win32.x86_64_17.0.2.v20220201-1208\jre\bin\verify.dll
0x00007ff82b610000 - 0x00007ff82b61a000 	C:\Windows\System32\rasadhlp.dll
0x00007ff82b8b0000 - 0x00007ff82b930000 	C:\WINDOWS\System32\fwpuclnt.dll
0x00007ff830370000 - 0x00007ff830377000 	C:\WINDOWS\system32\wshunix.dll

dbghelp: loaded successfully - version: 4.0.5 - missing functions: none
symbol engine: initialized successfully - sym options: 0x614 - pdb path: .;C:\Users\tashtiba\AppData\Local\Temp\Rar$EXa0.061\eclipse\plugins\org.eclipse.justj.openjdk.hotspot.jre.full.win32.x86_64_17.0.2.v20220201-1208\jre\bin;C:\WINDOWS\SYSTEM32;C:\WINDOWS\WinSxS\amd64_microsoft.windows.common-controls_6595b64144ccf1df_6.0.19041.4355_none_60b8b9eb71f62e16;C:\Users\tashtiba\AppData\Local\Temp\Rar$EXa0.061\eclipse\plugins\org.eclipse.justj.openjdk.hotspot.jre.full.win32.x86_64_17.0.2.v20220201-1208\jre\bin\server

VM Arguments:
jvm_args: -Dfile.encoding=UTF-8 -XX:+ShowCodeDetailsInExceptionMessages 
java_command: com.rahma.AvEchelon.AvEchelonApplication
java_class_path (initial): C:\Users\tashtiba\Desktop\test\AvEchelon\target\classes;C:\Users\tashtiba\.m2\repository\org\springframework\boot\spring-boot-starter-data-jpa\3.3.0\spring-boot-starter-data-jpa-3.3.0.jar;C:\Users\tashtiba\.m2\repository\org\springframework\boot\spring-boot-starter-aop\3.3.0\spring-boot-starter-aop-3.3.0.jar;C:\Users\tashtiba\.m2\repository\org\springframework\spring-aop\6.1.8\spring-aop-6.1.8.jar;C:\Users\tashtiba\.m2\repository\org\aspectj\aspectjweaver\1.9.22\aspectjweaver-1.9.22.jar;C:\Users\tashtiba\.m2\repository\org\hibernate\orm\hibernate-core\6.5.2.Final\hibernate-core-6.5.2.Final.jar;C:\Users\tashtiba\.m2\repository\jakarta\persistence\jakarta.persistence-api\3.1.0\jakarta.persistence-api-3.1.0.jar;C:\Users\tashtiba\.m2\repository\jakarta\transaction\jakarta.transaction-api\2.0.1\jakarta.transaction-api-2.0.1.jar;C:\Users\tashtiba\.m2\repository\org\jboss\logging\jboss-logging\3.5.3.Final\jboss-logging-3.5.3.Final.jar;C:\Users\tashtiba\.m2\repository\org\hibernate\common\hibernate-commons-annotations\6.0.6.Final\hibernate-commons-annotations-6.0.6.Final.jar;C:\Users\tashtiba\.m2\repository\io\smallrye\jandex\3.1.2\jandex-3.1.2.jar;C:\Users\tashtiba\.m2\repository\com\fasterxml\classmate\1.7.0\classmate-1.7.0.jar;C:\Users\tashtiba\.m2\repository\net\bytebuddy\byte-buddy\1.14.16\byte-buddy-1.14.16.jar;C:\Users\tashtiba\.m2\repository\org\glassfish\jaxb\jaxb-runtime\4.0.5\jaxb-runtime-4.0.5.jar;C:\Users\tashtiba\.m2\repository\org\glassfish\jaxb\jaxb-core\4.0.5\jaxb-core-4.0.5.jar;C:\Users\tashtiba\.m2\repository\org\eclipse\angus\angus-activation\2.0.2\angus-activation-2.0.2.jar;C:\Users\tashtiba\.m2\repository\org\glassfish\jaxb\txw2\4.0.5\txw2-4.0.5.jar;C:\Users\tashtiba\.m2\repository\com\sun\istack\istack-commons-runtime\4.1.2\istack-commons-runtime-4.1.2.jar;C:\Users\tashtiba\.m2\repository\jakarta\inject\jakarta.inject-api\2.0.1\jakarta.inject-api-2.0.1.jar;C:\Users\tashtiba\.m2\repository\org\antlr\antlr4-runtime\4.13.0\an
Launcher Type: SUN_STANDARD

[Global flags]
     intx CICompilerCount                          = 3                                         {product} {ergonomic}
     uint ConcGCThreads                            = 1                                         {product} {ergonomic}
     uint G1ConcRefinementThreads                  = 4                                         {product} {ergonomic}
   size_t G1HeapRegionSize                         = 1048576                                   {product} {ergonomic}
    uintx GCDrainStackTargetSize                   = 64                                        {product} {ergonomic}
   size_t InitialHeapSize                          = 98566144                                  {product} {ergonomic}
   size_t MarkStackSize                            = 4194304                                   {product} {ergonomic}
   size_t MaxHeapSize                              = 1558183936                                {product} {ergonomic}
   size_t MaxNewSize                               = 934281216                                 {product} {ergonomic}
   size_t MinHeapDeltaBytes                        = 1048576                                   {product} {ergonomic}
   size_t MinHeapSize                              = 8388608                                   {product} {ergonomic}
    uintx NonNMethodCodeHeapSize                   = 5832780                                {pd product} {ergonomic}
    uintx NonProfiledCodeHeapSize                  = 122912730                              {pd product} {ergonomic}
    uintx ProfiledCodeHeapSize                     = 122912730                              {pd product} {ergonomic}
    uintx ReservedCodeCacheSize                    = 251658240                              {pd product} {ergonomic}
     bool SegmentedCodeCache                       = true                                      {product} {ergonomic}
     bool ShowCodeDetailsInExceptionMessages       = true                                   {manageable} {command line}
   size_t SoftMaxHeapSize                          = 1558183936                             {manageable} {ergonomic}
     bool UseCompressedClassPointers               = true                           {product lp64_product} {ergonomic}
     bool UseCompressedOops                        = true                           {product lp64_product} {ergonomic}
     bool UseG1GC                                  = true                                      {product} {ergonomic}
     bool UseLargePagesIndividualAllocation        = false                                  {pd product} {ergonomic}

Logging:
Log output configuration:
 #0: stdout all=warning uptime,level,tags
 #1: stderr all=off uptime,level,tags

Environment Variables:
PATH=C:/Users/tashtiba/AppData/Local/Temp/Rar$EXa0.795/eclipse//plugins/org.eclipse.justj.openjdk.hotspot.jre.full.win32.x86_64_17.0.2.v20220201-1208/jre/bin/server;C:/Users/tashtiba/AppData/Local/Temp/Rar$EXa0.795/eclipse//plugins/org.eclipse.justj.openjdk.hotspot.jre.full.win32.x86_64_17.0.2.v20220201-1208/jre/bin;C:\Program Files\Common Files\Oracle\Java\javapath;C:\Python312\Scripts\;C:\Python312\;C:\Program Files (x86)\Common Files\Oracle\Java\javapath;C:\WINDOWS\system32;C:\WINDOWS;C:\WINDOWS\System32\Wbem;C:\WINDOWS\System32\WindowsPowerShell\v1.0\;C:\WINDOWS\System32\OpenSSH\;C:\Program Files\Java\jdk1.8.0_202;C:\ProgramData\chocolatey\bin;E:\Git\cmd;C:\Program Files\nodejs;C:\Program Files\nodejs\;C:\Users\tashtiba\AppData\Local\Microsoft\WindowsApps;C:\Program Files\nodejs;C:\Users\tashtiba\AppData\Local\Android\Sdk\platform-tools;C:\Users\tashtiba\AppData\Roaming\npm;C:\Program Files\JetBrains\IntelliJ IDEA 2024.1.2\bin;;C:\Users\tashtiba\AppData\Local\Programs\Microsoft VS Code\bin;C:\Users\tashtiba\AppData\Local\Temp\Rar$EXa0.795\eclipse;
USERNAME=tashtiba
OS=Windows_NT
PROCESSOR_IDENTIFIER=Intel64 Family 6 Model 37 Stepping 2, GenuineIntel



---------------  S Y S T E M  ---------------

OS:
 Windows 10 , 64 bit Build 19041 (10.0.19041.3636)
OS uptime: 0 days 0:10 hours

CPU: total 4 (initial active 4) (2 cores per cpu, 2 threads per core) family 6 model 37 stepping 2 microcode 0x11, cx8, cmov, fxsr, ht, mmx, sse, sse2, sse3, ssse3, sse4.1, sse4.2, popcnt, tsc, tscinvbit, clflush

Memory: 4k page, system-wide physical 5941M (420M free)
TotalPageFile size 24373M (AvailPageFile size 0M)
current process WorkingSet (physical memory assigned to process): 389M, peak: 392M
current process commit charge ("private bytes"): 477M, peak: 479M

vm_info: OpenJDK 64-Bit Server VM (17.0.2+8) for windows-amd64 JRE (17.0.2+8), built on Jan 20 2022 04:52:34 by "" with MS VC++ 16.7 (VS2019)

END.
