#
# There is insufficient memory for the Java Runtime Environment to continue.
# Native memory allocation (malloc) failed to allocate 2097152 bytes for AllocateHeap
# Possible reasons:
#   The system is out of physical RAM or swap space
#   The process is running with CompressedOops enabled, and the Java Heap may be blocking the growth of the native heap
# Possible solutions:
#   Reduce memory load on the system
#   Increase physical memory or swap space
#   Check if swap backing store is full
#   Decrease Java heap size (-Xmx/-Xms)
#   Decrease number of Java threads
#   Decrease Java thread stack sizes (-Xss)
#   Set larger code cache with -XX:ReservedCodeCacheSize=
#   JVM is running with Unscaled Compressed Oops mode in which the Java heap is
#     placed in the first 4GB address space. The Java Heap base address is the
#     maximum limit for the native heap growth. Please use -XX:HeapBaseMinAddress
#     to set the Java Heap base and to place the Java Heap above 4GB virtual address.
# This output file may be truncated or incomplete.
#
#  Out of Memory Error (allocation.cpp:44), pid=13480, tid=6168
#
# JRE version: OpenJDK Runtime Environment Temurin-17.0.2+8 (17.0.2+8) (build 17.0.2+8)
# Java VM: OpenJDK 64-Bit Server VM Temurin-17.0.2+8 (17.0.2+8, mixed mode, tiered, compressed oops, compressed class ptrs, g1 gc, windows-amd64)
# No core dump will be written. Minidumps are not enabled by default on client versions of Windows
#

---------------  S U M M A R Y ------------

Command Line: -Dfile.encoding=UTF-8 -XX:+ShowCodeDetailsInExceptionMessages com.rahma.AvEchelon.AvEchelonApplication

Host: Intel(R) Core(TM) i5 CPU       M 430  @ 2.27GHz, 4 cores, 5G,  Windows 10 , 64 bit Build 19041 (10.0.19041.3636)
Time: Sun Jun 30 15:30:02 2024 Romance Daylight Time elapsed time: 1642.434227 seconds (0d 0h 27m 22s)

---------------  T H R E A D  ---------------

Current thread (0x00000224ff549410):  VMThread "VM Thread" [stack: 0x00000085ddb00000,0x00000085ddc00000] [id=6168]

Stack: [0x00000085ddb00000,0x00000085ddc00000]
Native frames: (J=compiled Java code, j=interpreted, Vv=VM code, C=native code)
V  [jvm.dll+0x67564a]
V  [jvm.dll+0x82fc04]
V  [jvm.dll+0x8313ae]
V  [jvm.dll+0x831a13]
V  [jvm.dll+0x245235]
V  [jvm.dll+0xa6393]
V  [jvm.dll+0x2f52c1]
V  [jvm.dll+0x2f0f70]
V  [jvm.dll+0x2d96c7]
V  [jvm.dll+0x31c6b7]
V  [jvm.dll+0x835ebb]
V  [jvm.dll+0x836bf4]
V  [jvm.dll+0x83710c]
V  [jvm.dll+0x8374e4]
V  [jvm.dll+0x8375b0]
V  [jvm.dll+0x7dff2a]
V  [jvm.dll+0x6744d5]
C  [ucrtbase.dll+0x21bb2]
C  [KERNEL32.DLL+0x17344]
C  [ntdll.dll+0x4cc91]

VM_Operation (0x00000085dd3ff300): G1CollectFull, mode: safepoint, requested by thread 0x00000224997daed0


---------------  P R O C E S S  ---------------

Threads class SMR info:
_java_thread_list=0x0000022493bfeb60, length=17, elements={
0x00000224ff590ce0, 0x00000224ff5938f0, 0x00000224ff5b5780, 0x00000224ff5da5b0,
0x00000224ff5dce80, 0x00000224ff5dd740, 0x0000022493102840, 0x0000022493103920,
0x0000022493116230, 0x0000022493280bd0, 0x0000022493299200, 0x000002249480a290,
0x0000022495745e30, 0x0000022495747b10, 0x0000022495744620, 0x0000022495744af0,
0x00000224997daed0
}

Java Threads: ( => current thread )
  0x00000224ff590ce0 JavaThread "Reference Handler" daemon [_thread_blocked, id=228, stack(0x00000085ddc00000,0x00000085ddd00000)]
  0x00000224ff5938f0 JavaThread "Finalizer" daemon [_thread_blocked, id=12908, stack(0x00000085ddd00000,0x00000085dde00000)]
  0x00000224ff5b5780 JavaThread "Signal Dispatcher" daemon [_thread_blocked, id=3804, stack(0x00000085ddf00000,0x00000085de000000)]
  0x00000224ff5da5b0 JavaThread "Attach Listener" daemon [_thread_blocked, id=4252, stack(0x00000085de000000,0x00000085de100000)]
  0x00000224ff5dce80 JavaThread "Service Thread" daemon [_thread_blocked, id=2728, stack(0x00000085de100000,0x00000085de200000)]
  0x00000224ff5dd740 JavaThread "Monitor Deflation Thread" daemon [_thread_blocked, id=12300, stack(0x00000085de200000,0x00000085de300000)]
  0x0000022493102840 JavaThread "C2 CompilerThread0" daemon [_thread_blocked, id=11204, stack(0x00000085de300000,0x00000085de400000)]
  0x0000022493103920 JavaThread "C1 CompilerThread0" daemon [_thread_blocked, id=11664, stack(0x00000085de400000,0x00000085de500000)]
  0x0000022493116230 JavaThread "Sweeper thread" daemon [_thread_blocked, id=13556, stack(0x00000085de500000,0x00000085de600000)]
  0x0000022493280bd0 JavaThread "Notification Thread" daemon [_thread_blocked, id=12144, stack(0x00000085de600000,0x00000085de700000)]
  0x0000022493299200 JavaThread "Common-Cleaner" daemon [_thread_blocked, id=13912, stack(0x00000085de800000,0x00000085de900000)]
  0x000002249480a290 JavaThread "mysql-cj-abandoned-connection-cleanup" daemon [_thread_blocked, id=1188, stack(0x00000085dfc00000,0x00000085dfd00000)]
  0x0000022495745e30 JavaThread "Live Reload Server" daemon [_thread_in_native, id=12136, stack(0x00000085e0100000,0x00000085e0200000)]
  0x0000022495747b10 JavaThread "DestroyJavaVM" [_thread_blocked, id=8596, stack(0x00000085dd500000,0x00000085dd600000)]
  0x0000022495744620 JavaThread "Catalina-utility-1" [_thread_blocked, id=11324, stack(0x00000085dd400000,0x00000085dd500000)]
  0x0000022495744af0 JavaThread "Catalina-utility-2" [_thread_blocked, id=7580, stack(0x00000085df700000,0x00000085df800000)]
  0x00000224997daed0 JavaThread "Thread-7" [_thread_blocked, id=14324, stack(0x00000085dd300000,0x00000085dd400000)]

Other Threads:
=>0x00000224ff549410 VMThread "VM Thread" [stack: 0x00000085ddb00000,0x00000085ddc00000] [id=6168]
  0x0000022493139450 WatcherThread [stack: 0x00000085de700000,0x00000085de800000] [id=6668]
  0x00000224f9a5ac60 GCTaskThread "GC Thread#0" [stack: 0x00000085dd600000,0x00000085dd700000] [id=14320]
  0x0000022494d23d70 GCTaskThread "GC Thread#1" [stack: 0x00000085dea00000,0x00000085deb00000] [id=10696]
  0x0000022493c60bb0 GCTaskThread "GC Thread#2" [stack: 0x00000085deb00000,0x00000085dec00000] [id=14024]
  0x0000022494f8ea70 GCTaskThread "GC Thread#3" [stack: 0x00000085dec00000,0x00000085ded00000] [id=7892]
  0x00000224f9a67ab0 ConcurrentGCThread "G1 Main Marker" [stack: 0x00000085dd700000,0x00000085dd800000] [id=13772]
  0x00000224f9a68270 ConcurrentGCThread "G1 Conc#0" [stack: 0x00000085dd800000,0x00000085dd900000] [id=11864]
  0x00000224f9aca660 ConcurrentGCThread "G1 Refine#0" [stack: 0x00000085dd900000,0x00000085dda00000] [id=11144]
  0x00000224f9acae30 ConcurrentGCThread "G1 Service" [stack: 0x00000085dda00000,0x00000085ddb00000] [id=10648]

Threads with active compile tasks:
C2 CompilerThread0  1642499 16659       4       java.util.concurrent.CopyOnWriteArrayList::iterator (13 bytes)

VM state: at safepoint (normal execution)

VM Mutex/Monitor currently owned by a thread:  ([mutex/lock_event])
[0x00000224f9a1dec0] Threads_lock - owner thread: 0x00000224ff549410
[0x00000224f9a1e2b0] Heap_lock - owner thread: 0x00000224997daed0

Heap address: 0x00000000a3200000, size: 1486 MB, Compressed Oops mode: 32-bit

CDS archive(s) not mapped
Compressed class space mapped at: 0x0000000100000000-0x0000000140000000, reserved size: 1073741824
Narrow klass base: 0x0000000000000000, Narrow klass shift: 3, Narrow klass range: 0x140000000

GC Precious Log:
 CPUs: 4 total, 4 available
 Memory: 5941M
 Large Page Support: Disabled
 NUMA Support: Disabled
 Compressed Oops: Enabled (32-bit)
 Heap Region Size: 1M
 Heap Min Capacity: 8M
 Heap Initial Capacity: 94M
 Heap Max Capacity: 1486M
 Pre-touch: Disabled
 Parallel Workers: 4
 Concurrent Workers: 1
 Concurrent Refinement Workers: 4
 Periodic GC: Disabled

Heap:
 garbage-first heap   total 109568K, used 42616K [0x00000000a3200000, 0x0000000100000000)
  region size 1024K, 3 young (3072K), 1 survivors (1024K)
 Metaspace       used 88086K, committed 88896K, reserved 1130496K
  class space    used 11138K, committed 11520K, reserved 1048576K

Heap Regions: E=young(eden), S=young(survivor), O=old, HS=humongous(starts), HC=humongous(continues), CS=collection set, F=free, OA=open archive, CA=closed archive, TAMS=top-at-mark-start (previous, next)
|   0|0x00000000a3200000, 0x00000000a3300000, 0x00000000a3300000|100%|HS|  |TAMS 0x00000000a3300000, 0x00000000a3200000| Untracked 
|   1|0x00000000a3300000, 0x00000000a3400000, 0x00000000a3400000|100%| O|  |TAMS 0x00000000a3400000, 0x00000000a3300000| Untracked 
|   2|0x00000000a3400000, 0x00000000a3500000, 0x00000000a3500000|100%| O|  |TAMS 0x00000000a3500000, 0x00000000a3400000| Untracked 
|   3|0x00000000a3500000, 0x00000000a35ffff0, 0x00000000a3600000| 99%| O|  |TAMS 0x00000000a3500000, 0x00000000a3500000| Untracked 
|   4|0x00000000a3600000, 0x00000000a36ffe28, 0x00000000a3700000| 99%| O|  |TAMS 0x00000000a3600000, 0x00000000a3600000| Untracked 
|   5|0x00000000a3700000, 0x00000000a3800000, 0x00000000a3800000|100%| O|  |TAMS 0x00000000a3700000, 0x00000000a3700000| Untracked 
|   6|0x00000000a3800000, 0x00000000a38ffff8, 0x00000000a3900000| 99%| O|  |TAMS 0x00000000a3800000, 0x00000000a3800000| Untracked 
|   7|0x00000000a3900000, 0x00000000a39ffff8, 0x00000000a3a00000| 99%| O|  |TAMS 0x00000000a3900000, 0x00000000a3900000| Untracked 
|   8|0x00000000a3a00000, 0x00000000a3afffe8, 0x00000000a3b00000| 99%| O|  |TAMS 0x00000000a3a00000, 0x00000000a3a00000| Untracked 
|   9|0x00000000a3b00000, 0x00000000a3bffff8, 0x00000000a3c00000| 99%| O|  |TAMS 0x00000000a3b00000, 0x00000000a3b00000| Untracked 
|  10|0x00000000a3c00000, 0x00000000a3cfffd0, 0x00000000a3d00000| 99%| O|  |TAMS 0x00000000a3c00000, 0x00000000a3c00000| Untracked 
|  11|0x00000000a3d00000, 0x00000000a3dffff8, 0x00000000a3e00000| 99%| O|  |TAMS 0x00000000a3d00000, 0x00000000a3d00000| Untracked 
|  12|0x00000000a3e00000, 0x00000000a3effff8, 0x00000000a3f00000| 99%| O|  |TAMS 0x00000000a3e00000, 0x00000000a3e00000| Untracked 
|  13|0x00000000a3f00000, 0x00000000a3ff4b08, 0x00000000a4000000| 95%| O|  |TAMS 0x00000000a3f00000, 0x00000000a3f00000| Untracked 
|  14|0x00000000a4000000, 0x00000000a40fffd0, 0x00000000a4100000| 99%| O|  |TAMS 0x00000000a4000000, 0x00000000a4000000| Untracked 
|  15|0x00000000a4100000, 0x00000000a41ffff0, 0x00000000a4200000| 99%| O|  |TAMS 0x00000000a4100000, 0x00000000a4100000| Untracked 
|  16|0x00000000a4200000, 0x00000000a42fffd8, 0x00000000a4300000| 99%| O|  |TAMS 0x00000000a4200000, 0x00000000a4200000| Untracked 
|  17|0x00000000a4300000, 0x00000000a43ffff0, 0x00000000a4400000| 99%| O|  |TAMS 0x00000000a4300000, 0x00000000a4300000| Untracked 
|  18|0x00000000a4400000, 0x00000000a44fffc0, 0x00000000a4500000| 99%| O|  |TAMS 0x00000000a4400000, 0x00000000a4400000| Untracked 
|  19|0x00000000a4500000, 0x00000000a45ffff0, 0x00000000a4600000| 99%| O|  |TAMS 0x00000000a4500000, 0x00000000a4500000| Untracked 
|  20|0x00000000a4600000, 0x00000000a4700000, 0x00000000a4700000|100%| O|  |TAMS 0x00000000a4600000, 0x00000000a4600000| Untracked 
|  21|0x00000000a4700000, 0x00000000a47fff30, 0x00000000a4800000| 99%| O|  |TAMS 0x00000000a4700000, 0x00000000a4700000| Untracked 
|  22|0x00000000a4800000, 0x00000000a48e5088, 0x00000000a4900000| 89%| O|  |TAMS 0x00000000a4800000, 0x00000000a4800000| Untracked 
|  23|0x00000000a4900000, 0x00000000a49fd660, 0x00000000a4a00000| 98%| O|  |TAMS 0x00000000a4900000, 0x00000000a4900000| Untracked 
|  24|0x00000000a4a00000, 0x00000000a4b00000, 0x00000000a4b00000|100%| O|  |TAMS 0x00000000a4a00000, 0x00000000a4a00000| Untracked 
|  25|0x00000000a4b00000, 0x00000000a4bffff8, 0x00000000a4c00000| 99%| O|  |TAMS 0x00000000a4b00000, 0x00000000a4b00000| Untracked 
|  26|0x00000000a4c00000, 0x00000000a4d00000, 0x00000000a4d00000|100%| O|  |TAMS 0x00000000a4c00000, 0x00000000a4c00000| Untracked 
|  27|0x00000000a4d00000, 0x00000000a4e00000, 0x00000000a4e00000|100%| O|  |TAMS 0x00000000a4d00000, 0x00000000a4d00000| Untracked 
|  28|0x00000000a4e00000, 0x00000000a4efffd8, 0x00000000a4f00000| 99%| O|  |TAMS 0x00000000a4e00000, 0x00000000a4e00000| Untracked 
|  29|0x00000000a4f00000, 0x00000000a4f56530, 0x00000000a5000000| 33%| O|  |TAMS 0x00000000a4f00000, 0x00000000a4f00000| Untracked 
|  30|0x00000000a5000000, 0x00000000a5100000, 0x00000000a5100000|100%| O|  |TAMS 0x00000000a5000000, 0x00000000a5000000| Untracked 
|  31|0x00000000a5100000, 0x00000000a5200000, 0x00000000a5200000|100%| O|  |TAMS 0x00000000a5100000, 0x00000000a5100000| Untracked 
|  32|0x00000000a5200000, 0x00000000a5300000, 0x00000000a5300000|100%| O|  |TAMS 0x00000000a5300000, 0x00000000a5200000| Untracked 
|  33|0x00000000a5300000, 0x00000000a5400000, 0x00000000a5400000|100%| O|  |TAMS 0x00000000a5400000, 0x00000000a5300000| Untracked 
|  34|0x00000000a5400000, 0x00000000a5415fc0, 0x00000000a5500000|  8%| O|  |TAMS 0x00000000a5400000, 0x00000000a5400000| Untracked 
|  35|0x00000000a5500000, 0x00000000a5600000, 0x00000000a5600000|100%| O|  |TAMS 0x00000000a5500000, 0x00000000a5500000| Untracked 
|  36|0x00000000a5600000, 0x00000000a5700000, 0x00000000a5700000|100%| O|  |TAMS 0x00000000a5600000, 0x00000000a5600000| Untracked 
|  37|0x00000000a5700000, 0x00000000a5800000, 0x00000000a5800000|100%| O|  |TAMS 0x00000000a5700000, 0x00000000a5700000| Untracked 
|  38|0x00000000a5800000, 0x00000000a5900000, 0x00000000a5900000|100%| O|  |TAMS 0x00000000a5800000, 0x00000000a5800000| Untracked 
|  39|0x00000000a5900000, 0x00000000a5a00000, 0x00000000a5a00000|100%| O|  |TAMS 0x00000000a5900000, 0x00000000a5900000| Untracked 
|  40|0x00000000a5a00000, 0x00000000a5b00000, 0x00000000a5b00000|100%| O|  |TAMS 0x00000000a5a00000, 0x00000000a5a00000| Untracked 
|  41|0x00000000a5b00000, 0x00000000a5c00000, 0x00000000a5c00000|100%| O|  |TAMS 0x00000000a5b00000, 0x00000000a5b00000| Untracked 
|  42|0x00000000a5c00000, 0x00000000a5c53a00, 0x00000000a5d00000| 32%| O|  |TAMS 0x00000000a5c00000, 0x00000000a5c00000| Untracked 
|  43|0x00000000a5d00000, 0x00000000a5d00000, 0x00000000a5e00000|  0%| F|  |TAMS 0x00000000a5d00000, 0x00000000a5d00000| Untracked 
|  44|0x00000000a5e00000, 0x00000000a5e00000, 0x00000000a5f00000|  0%| F|  |TAMS 0x00000000a5e00000, 0x00000000a5e00000| Untracked 
|  45|0x00000000a5f00000, 0x00000000a5f00000, 0x00000000a6000000|  0%| F|  |TAMS 0x00000000a5f00000, 0x00000000a5f00000| Untracked 
|  46|0x00000000a6000000, 0x00000000a6000000, 0x00000000a6100000|  0%| F|  |TAMS 0x00000000a6000000, 0x00000000a6000000| Untracked 
|  47|0x00000000a6100000, 0x00000000a6100000, 0x00000000a6200000|  0%| F|  |TAMS 0x00000000a6100000, 0x00000000a6100000| Untracked 
|  48|0x00000000a6200000, 0x00000000a6200000, 0x00000000a6300000|  0%| F|  |TAMS 0x00000000a6200000, 0x00000000a6200000| Untracked 
|  49|0x00000000a6300000, 0x00000000a6300000, 0x00000000a6400000|  0%| F|  |TAMS 0x00000000a6300000, 0x00000000a6300000| Untracked 
|  50|0x00000000a6400000, 0x00000000a6400000, 0x00000000a6500000|  0%| F|  |TAMS 0x00000000a6400000, 0x00000000a6400000| Untracked 
|  51|0x00000000a6500000, 0x00000000a6500000, 0x00000000a6600000|  0%| F|  |TAMS 0x00000000a6500000, 0x00000000a6500000| Untracked 
|  52|0x00000000a6600000, 0x00000000a6600000, 0x00000000a6700000|  0%| F|  |TAMS 0x00000000a6600000, 0x00000000a6600000| Untracked 
|  53|0x00000000a6700000, 0x00000000a6700000, 0x00000000a6800000|  0%| F|  |TAMS 0x00000000a6700000, 0x00000000a6700000| Untracked 
|  54|0x00000000a6800000, 0x00000000a6807348, 0x00000000a6900000|  2%| S|CS|TAMS 0x00000000a6800000, 0x00000000a6800000| Complete 
|  55|0x00000000a6900000, 0x00000000a6900000, 0x00000000a6a00000|  0%| F|  |TAMS 0x00000000a6900000, 0x00000000a6900000| Untracked 
|  56|0x00000000a6a00000, 0x00000000a6a00000, 0x00000000a6b00000|  0%| F|  |TAMS 0x00000000a6a00000, 0x00000000a6a00000| Untracked 
|  57|0x00000000a6b00000, 0x00000000a6b00000, 0x00000000a6c00000|  0%| F|  |TAMS 0x00000000a6b00000, 0x00000000a6b00000| Untracked 
|  58|0x00000000a6c00000, 0x00000000a6c00000, 0x00000000a6d00000|  0%| F|  |TAMS 0x00000000a6c00000, 0x00000000a6c00000| Untracked 
|  59|0x00000000a6d00000, 0x00000000a6d00000, 0x00000000a6e00000|  0%| F|  |TAMS 0x00000000a6d00000, 0x00000000a6d00000| Untracked 
|  60|0x00000000a6e00000, 0x00000000a6e00000, 0x00000000a6f00000|  0%| F|  |TAMS 0x00000000a6e00000, 0x00000000a6e00000| Untracked 
|  61|0x00000000a6f00000, 0x00000000a6f00000, 0x00000000a7000000|  0%| F|  |TAMS 0x00000000a6f00000, 0x00000000a6f00000| Untracked 
|  62|0x00000000a7000000, 0x00000000a7000000, 0x00000000a7100000|  0%| F|  |TAMS 0x00000000a7000000, 0x00000000a7000000| Untracked 
|  63|0x00000000a7100000, 0x00000000a7100000, 0x00000000a7200000|  0%| F|  |TAMS 0x00000000a7100000, 0x00000000a7100000| Untracked 
|  64|0x00000000a7200000, 0x00000000a7200000, 0x00000000a7300000|  0%| F|  |TAMS 0x00000000a7200000, 0x00000000a7200000| Untracked 
|  65|0x00000000a7300000, 0x00000000a7300000, 0x00000000a7400000|  0%| F|  |TAMS 0x00000000a7300000, 0x00000000a7300000| Untracked 
|  66|0x00000000a7400000, 0x00000000a7400000, 0x00000000a7500000|  0%| F|  |TAMS 0x00000000a7400000, 0x00000000a7400000| Untracked 
|  67|0x00000000a7500000, 0x00000000a7500000, 0x00000000a7600000|  0%| F|  |TAMS 0x00000000a7500000, 0x00000000a7500000| Untracked 
|  68|0x00000000a7600000, 0x00000000a7600000, 0x00000000a7700000|  0%| F|  |TAMS 0x00000000a7600000, 0x00000000a7600000| Untracked 
|  69|0x00000000a7700000, 0x00000000a7700000, 0x00000000a7800000|  0%| F|  |TAMS 0x00000000a7700000, 0x00000000a7700000| Untracked 
|  70|0x00000000a7800000, 0x00000000a7800000, 0x00000000a7900000|  0%| F|  |TAMS 0x00000000a7800000, 0x00000000a7800000| Untracked 
|  71|0x00000000a7900000, 0x00000000a7900000, 0x00000000a7a00000|  0%| F|  |TAMS 0x00000000a7900000, 0x00000000a7900000| Untracked 
|  72|0x00000000a7a00000, 0x00000000a7a00000, 0x00000000a7b00000|  0%| F|  |TAMS 0x00000000a7a00000, 0x00000000a7a00000| Untracked 
|  73|0x00000000a7b00000, 0x00000000a7b00000, 0x00000000a7c00000|  0%| F|  |TAMS 0x00000000a7b00000, 0x00000000a7b00000| Untracked 
|  74|0x00000000a7c00000, 0x00000000a7c00000, 0x00000000a7d00000|  0%| F|  |TAMS 0x00000000a7c00000, 0x00000000a7c00000| Untracked 
|  75|0x00000000a7d00000, 0x00000000a7d00000, 0x00000000a7e00000|  0%| F|  |TAMS 0x00000000a7d00000, 0x00000000a7d00000| Untracked 
|  76|0x00000000a7e00000, 0x00000000a7e00000, 0x00000000a7f00000|  0%| F|  |TAMS 0x00000000a7e00000, 0x00000000a7e00000| Untracked 
|  77|0x00000000a7f00000, 0x00000000a7f00000, 0x00000000a8000000|  0%| F|  |TAMS 0x00000000a7f00000, 0x00000000a7f00000| Untracked 
|  78|0x00000000a8000000, 0x00000000a8000000, 0x00000000a8100000|  0%| F|  |TAMS 0x00000000a8000000, 0x00000000a8000000| Untracked 
|  79|0x00000000a8100000, 0x00000000a8100000, 0x00000000a8200000|  0%| F|  |TAMS 0x00000000a8100000, 0x00000000a8100000| Untracked 
|  80|0x00000000a8200000, 0x00000000a8200000, 0x00000000a8300000|  0%| F|  |TAMS 0x00000000a8200000, 0x00000000a8200000| Untracked 
|  81|0x00000000a8300000, 0x00000000a8300000, 0x00000000a8400000|  0%| F|  |TAMS 0x00000000a8300000, 0x00000000a8300000| Untracked 
|  82|0x00000000a8400000, 0x00000000a8400000, 0x00000000a8500000|  0%| F|  |TAMS 0x00000000a8400000, 0x00000000a8400000| Untracked 
|  83|0x00000000a8500000, 0x00000000a8500000, 0x00000000a8600000|  0%| F|  |TAMS 0x00000000a8500000, 0x00000000a8500000| Untracked 
|  84|0x00000000a8600000, 0x00000000a8600000, 0x00000000a8700000|  0%| F|  |TAMS 0x00000000a8600000, 0x00000000a8600000| Untracked 
|  85|0x00000000a8700000, 0x00000000a8700000, 0x00000000a8800000|  0%| F|  |TAMS 0x00000000a8700000, 0x00000000a8700000| Untracked 
|  86|0x00000000a8800000, 0x00000000a8800000, 0x00000000a8900000|  0%| F|  |TAMS 0x00000000a8800000, 0x00000000a8800000| Untracked 
|  87|0x00000000a8900000, 0x00000000a8900000, 0x00000000a8a00000|  0%| F|  |TAMS 0x00000000a8900000, 0x00000000a8900000| Untracked 
|  88|0x00000000a8a00000, 0x00000000a8a00000, 0x00000000a8b00000|  0%| F|  |TAMS 0x00000000a8a00000, 0x00000000a8a00000| Untracked 
|  89|0x00000000a8b00000, 0x00000000a8b00000, 0x00000000a8c00000|  0%| F|  |TAMS 0x00000000a8b00000, 0x00000000a8b00000| Untracked 
|  90|0x00000000a8c00000, 0x00000000a8c00000, 0x00000000a8d00000|  0%| F|  |TAMS 0x00000000a8c00000, 0x00000000a8c00000| Untracked 
|  91|0x00000000a8d00000, 0x00000000a8d00000, 0x00000000a8e00000|  0%| F|  |TAMS 0x00000000a8d00000, 0x00000000a8d00000| Untracked 
|  92|0x00000000a8e00000, 0x00000000a8e00000, 0x00000000a8f00000|  0%| F|  |TAMS 0x00000000a8e00000, 0x00000000a8e00000| Untracked 
|  93|0x00000000a8f00000, 0x00000000a8f00000, 0x00000000a9000000|  0%| F|  |TAMS 0x00000000a8f00000, 0x00000000a8f00000| Untracked 
|  94|0x00000000a9000000, 0x00000000a9000000, 0x00000000a9100000|  0%| F|  |TAMS 0x00000000a9000000, 0x00000000a9000000| Untracked 
|  95|0x00000000a9100000, 0x00000000a9100000, 0x00000000a9200000|  0%| F|  |TAMS 0x00000000a9100000, 0x00000000a9100000| Untracked 
|  96|0x00000000a9200000, 0x00000000a9200000, 0x00000000a9300000|  0%| F|  |TAMS 0x00000000a9200000, 0x00000000a9200000| Untracked 
|  97|0x00000000a9300000, 0x00000000a9300000, 0x00000000a9400000|  0%| F|  |TAMS 0x00000000a9300000, 0x00000000a9300000| Untracked 
|  98|0x00000000a9400000, 0x00000000a9400000, 0x00000000a9500000|  0%| F|  |TAMS 0x00000000a9400000, 0x00000000a9400000| Untracked 
|  99|0x00000000a9500000, 0x00000000a9500000, 0x00000000a9600000|  0%| F|  |TAMS 0x00000000a9500000, 0x00000000a9500000| Untracked 
| 100|0x00000000a9600000, 0x00000000a9600000, 0x00000000a9700000|  0%| F|  |TAMS 0x00000000a9600000, 0x00000000a9600000| Untracked 
| 101|0x00000000a9700000, 0x00000000a9700000, 0x00000000a9800000|  0%| F|  |TAMS 0x00000000a9700000, 0x00000000a9700000| Untracked 
| 102|0x00000000a9800000, 0x00000000a9800000, 0x00000000a9900000|  0%| F|  |TAMS 0x00000000a9800000, 0x00000000a9800000| Untracked 
| 103|0x00000000a9900000, 0x00000000a9900000, 0x00000000a9a00000|  0%| F|  |TAMS 0x00000000a9900000, 0x00000000a9900000| Untracked 
| 104|0x00000000a9a00000, 0x00000000a9a00000, 0x00000000a9b00000|  0%| F|  |TAMS 0x00000000a9a00000, 0x00000000a9a00000| Untracked 
| 105|0x00000000a9b00000, 0x00000000a9b21250, 0x00000000a9c00000| 12%| E|  |TAMS 0x00000000a9b00000, 0x00000000a9b00000| Complete 
| 106|0x00000000a9c00000, 0x00000000a9d00000, 0x00000000a9d00000|100%| E|CS|TAMS 0x00000000a9c00000, 0x00000000a9c00000| Complete 

Card table byte_map: [0x00000224fd3c0000,0x00000224fd6b0000] _byte_map_base: 0x00000224fcea7000

Marking Bits (Prev, Next): (CMBitMap*) 0x00000224f9a5b060, (CMBitMap*) 0x00000224f9a5b020
 Prev Bits: [0x000002248f000000, 0x0000022490738000)
 Next Bits: [0x00000224fd9a0000, 0x00000224ff0d8000)

Polling page: 0x00000224f7a00000

Metaspace:

Usage:
  Non-class:     75.14 MB used.
      Class:     10.88 MB used.
       Both:     86.02 MB used.

Virtual space:
  Non-class space:       80.00 MB reserved,      75.56 MB ( 94%) committed,  10 nodes.
      Class space:        1.00 GB reserved,      11.25 MB (  1%) committed,  1 nodes.
             Both:        1.08 GB reserved,      86.81 MB (  8%) committed. 

Chunk freelists:
   Non-Class:  226.00 KB
       Class:  658.00 KB
        Both:  884.00 KB

MaxMetaspaceSize: unlimited
CompressedClassSpaceSize: 1.00 GB
Initial GC threshold: 21.00 MB
Current GC threshold: 137.31 MB
CDS: off
MetaspaceReclaimPolicy: balanced
 - commit_granule_bytes: 65536.
 - commit_granule_words: 8192.
 - virtual_space_node_default_size: 1048576.
 - enlarge_chunks_in_place: 1.
 - new_chunks_are_fully_committed: 0.
 - uncommit_free_chunks: 1.
 - use_allocation_guard: 0.
 - handle_deallocations: 1.


Internal statistics:

num_allocs_failed_limit: 6.
num_arena_births: 1254.
num_arena_deaths: 0.
num_vsnodes_births: 11.
num_vsnodes_deaths: 0.
num_space_committed: 1389.
num_space_uncommitted: 0.
num_chunks_returned_to_freelist: 6.
num_chunks_taken_from_freelist: 4330.
num_chunk_merges: 6.
num_chunk_splits: 2972.
num_chunks_enlarged: 2154.
num_purges: 2.
num_inconsistent_stats: 0.

CodeHeap 'non-profiled nmethods': size=120000Kb used=14290Kb max_used=14290Kb free=105709Kb
 bounds [0x0000022487ad0000, 0x00000224888d0000, 0x000002248f000000]
CodeHeap 'profiled nmethods': size=120000Kb used=22326Kb max_used=26374Kb free=97673Kb
 bounds [0x00000224805a0000, 0x0000022481f70000, 0x0000022487ad0000]
CodeHeap 'non-nmethods': size=5760Kb used=1352Kb max_used=1423Kb free=4407Kb
 bounds [0x0000022480000000, 0x0000022480270000, 0x00000224805a0000]
 total_blobs=13770 nmethods=13083 adapters=599
 compilation: enabled
              stopped_count=0, restarted_count=0
 full_count=0

Compilation events (20 events):
Event: 1596.218 Thread 0x0000022493103920 nmethod 16650 0x000002248195d990 code [0x000002248195db60, 0x000002248195de38]
Event: 1596.646 Thread 0x0000022493103920 16651       3       java.net.Inet6Address::getHostAddress (8 bytes)
Event: 1596.646 Thread 0x0000022493103920 nmethod 16651 0x0000022481863810 code [0x00000224818639c0, 0x0000022481863b28]
Event: 1596.646 Thread 0x0000022493103920 16653       3       java.net.Inet6Address::numericToTextFormat (75 bytes)
Event: 1596.648 Thread 0x0000022493103920 nmethod 16653 0x00000224816c1f10 code [0x00000224816c2160, 0x00000224816c2898]
Event: 1596.648 Thread 0x0000022493103920 16652       3       java.net.Inet6Address$Inet6AddressHolder::getHostAddress (84 bytes)
Event: 1596.651 Thread 0x0000022493103920 nmethod 16652 0x00000224812ef710 code [0x00000224812efa00, 0x00000224812f0648]
Event: 1611.910 Thread 0x0000022493103920 16654 % !   3       org.apache.tomcat.util.threads.ThreadPoolExecutor::runWorker @ 21 (187 bytes)
Event: 1611.914 Thread 0x0000022493103920 nmethod 16654% 0x0000022481135810 code [0x0000022481135b80, 0x0000022481137258]
Event: 1619.018 Thread 0x0000022493103920 16655   !   3       org.apache.tomcat.util.threads.ThreadPoolExecutor::runWorker (187 bytes)
Event: 1619.022 Thread 0x0000022493103920 nmethod 16655 0x0000022480b8c790 code [0x0000022480b8cae0, 0x0000022480b8df18]
Event: 1626.579 Thread 0x0000022493102840 16656       4       java.util.HashMap$KeySet::iterator (12 bytes)
Event: 1626.590 Thread 0x0000022493102840 nmethod 16656 0x00000224888c3e10 code [0x00000224888c3fa0, 0x00000224888c4238]
Event: 1642.073 Thread 0x0000022493103920 16657       1       org.springframework.boot.devtools.filewatch.FileSnapshot::getFile (5 bytes)
Event: 1642.074 Thread 0x0000022493103920 nmethod 16657 0x00000224888c4410 code [0x00000224888c45a0, 0x00000224888c4678]
Event: 1642.419 Thread 0x0000022493103920 16658       1       java.util.concurrent.locks.ReentrantReadWriteLock::writeLock (5 bytes)
Event: 1642.420 Thread 0x0000022493103920 nmethod 16658 0x00000224888c4710 code [0x00000224888c48a0, 0x00000224888c4978]
Event: 1642.422 Thread 0x0000022493102840 16659       4       java.util.concurrent.CopyOnWriteArrayList::iterator (13 bytes)
Event: 1642.422 Thread 0x0000022493103920 16660       3       org.apache.tomcat.util.threads.ThreadPoolExecutor::runStateAtLeast (11 bytes)
Event: 1642.424 Thread 0x0000022493103920 nmethod 16660 0x000002248123f990 code [0x000002248123fb20, 0x000002248123fc78]

GC Heap History (20 events):
Event: 1610.176 GC heap before
{Heap before GC invocations=169 (full 1):
 garbage-first heap   total 109568K, used 93832K [0x00000000a3200000, 0x0000000100000000)
  region size 1024K, 52 young (53248K), 1 survivors (1024K)
 Metaspace       used 88080K, committed 88896K, reserved 1130496K
  class space    used 11138K, committed 11520K, reserved 1048576K
}
Event: 1610.190 GC heap after
{Heap after GC invocations=170 (full 1):
 garbage-first heap   total 109568K, used 41604K [0x00000000a3200000, 0x0000000100000000)
  region size 1024K, 1 young (1024K), 1 survivors (1024K)
 Metaspace       used 88080K, committed 88896K, reserved 1130496K
  class space    used 11138K, committed 11520K, reserved 1048576K
}
Event: 1613.463 GC heap before
{Heap before GC invocations=170 (full 1):
 garbage-first heap   total 109568K, used 93828K [0x00000000a3200000, 0x0000000100000000)
  region size 1024K, 52 young (53248K), 1 survivors (1024K)
 Metaspace       used 88083K, committed 88896K, reserved 1130496K
  class space    used 11138K, committed 11520K, reserved 1048576K
}
Event: 1613.465 GC heap after
{Heap after GC invocations=171 (full 1):
 garbage-first heap   total 109568K, used 41602K [0x00000000a3200000, 0x0000000100000000)
  region size 1024K, 1 young (1024K), 1 survivors (1024K)
 Metaspace       used 88083K, committed 88896K, reserved 1130496K
  class space    used 11138K, committed 11520K, reserved 1048576K
}
Event: 1616.897 GC heap before
{Heap before GC invocations=171 (full 1):
 garbage-first heap   total 109568K, used 93826K [0x00000000a3200000, 0x0000000100000000)
  region size 1024K, 52 young (53248K), 1 survivors (1024K)
 Metaspace       used 88083K, committed 88896K, reserved 1130496K
  class space    used 11138K, committed 11520K, reserved 1048576K
}
Event: 1616.899 GC heap after
{Heap after GC invocations=172 (full 1):
 garbage-first heap   total 109568K, used 41596K [0x00000000a3200000, 0x0000000100000000)
  region size 1024K, 1 young (1024K), 1 survivors (1024K)
 Metaspace       used 88083K, committed 88896K, reserved 1130496K
  class space    used 11138K, committed 11520K, reserved 1048576K
}
Event: 1620.152 GC heap before
{Heap before GC invocations=172 (full 1):
 garbage-first heap   total 109568K, used 93820K [0x00000000a3200000, 0x0000000100000000)
  region size 1024K, 52 young (53248K), 1 survivors (1024K)
 Metaspace       used 88083K, committed 88896K, reserved 1130496K
  class space    used 11138K, committed 11520K, reserved 1048576K
}
Event: 1620.153 GC heap after
{Heap after GC invocations=173 (full 1):
 garbage-first heap   total 109568K, used 41592K [0x00000000a3200000, 0x0000000100000000)
  region size 1024K, 1 young (1024K), 1 survivors (1024K)
 Metaspace       used 88083K, committed 88896K, reserved 1130496K
  class space    used 11138K, committed 11520K, reserved 1048576K
}
Event: 1623.604 GC heap before
{Heap before GC invocations=173 (full 1):
 garbage-first heap   total 109568K, used 93816K [0x00000000a3200000, 0x0000000100000000)
  region size 1024K, 52 young (53248K), 1 survivors (1024K)
 Metaspace       used 88083K, committed 88896K, reserved 1130496K
  class space    used 11138K, committed 11520K, reserved 1048576K
}
Event: 1623.605 GC heap after
{Heap after GC invocations=174 (full 1):
 garbage-first heap   total 109568K, used 41608K [0x00000000a3200000, 0x0000000100000000)
  region size 1024K, 1 young (1024K), 1 survivors (1024K)
 Metaspace       used 88083K, committed 88896K, reserved 1130496K
  class space    used 11138K, committed 11520K, reserved 1048576K
}
Event: 1627.159 GC heap before
{Heap before GC invocations=174 (full 1):
 garbage-first heap   total 109568K, used 93832K [0x00000000a3200000, 0x0000000100000000)
  region size 1024K, 52 young (53248K), 1 survivors (1024K)
 Metaspace       used 88083K, committed 88896K, reserved 1130496K
  class space    used 11138K, committed 11520K, reserved 1048576K
}
Event: 1627.160 GC heap after
{Heap after GC invocations=175 (full 1):
 garbage-first heap   total 109568K, used 41593K [0x00000000a3200000, 0x0000000100000000)
  region size 1024K, 1 young (1024K), 1 survivors (1024K)
 Metaspace       used 88083K, committed 88896K, reserved 1130496K
  class space    used 11138K, committed 11520K, reserved 1048576K
}
Event: 1630.817 GC heap before
{Heap before GC invocations=175 (full 1):
 garbage-first heap   total 109568K, used 93817K [0x00000000a3200000, 0x0000000100000000)
  region size 1024K, 52 young (53248K), 1 survivors (1024K)
 Metaspace       used 88083K, committed 88896K, reserved 1130496K
  class space    used 11138K, committed 11520K, reserved 1048576K
}
Event: 1630.819 GC heap after
{Heap after GC invocations=176 (full 1):
 garbage-first heap   total 109568K, used 41611K [0x00000000a3200000, 0x0000000100000000)
  region size 1024K, 1 young (1024K), 1 survivors (1024K)
 Metaspace       used 88083K, committed 88896K, reserved 1130496K
  class space    used 11138K, committed 11520K, reserved 1048576K
}
Event: 1634.568 GC heap before
{Heap before GC invocations=176 (full 1):
 garbage-first heap   total 109568K, used 93835K [0x00000000a3200000, 0x0000000100000000)
  region size 1024K, 52 young (53248K), 1 survivors (1024K)
 Metaspace       used 88083K, committed 88896K, reserved 1130496K
  class space    used 11138K, committed 11520K, reserved 1048576K
}
Event: 1634.569 GC heap after
{Heap after GC invocations=177 (full 1):
 garbage-first heap   total 109568K, used 41603K [0x00000000a3200000, 0x0000000100000000)
  region size 1024K, 1 young (1024K), 1 survivors (1024K)
 Metaspace       used 88083K, committed 88896K, reserved 1130496K
  class space    used 11138K, committed 11520K, reserved 1048576K
}
Event: 1637.735 GC heap before
{Heap before GC invocations=177 (full 1):
 garbage-first heap   total 109568K, used 93827K [0x00000000a3200000, 0x0000000100000000)
  region size 1024K, 52 young (53248K), 1 survivors (1024K)
 Metaspace       used 88083K, committed 88896K, reserved 1130496K
  class space    used 11138K, committed 11520K, reserved 1048576K
}
Event: 1637.737 GC heap after
{Heap after GC invocations=178 (full 1):
 garbage-first heap   total 109568K, used 41593K [0x00000000a3200000, 0x0000000100000000)
  region size 1024K, 1 young (1024K), 1 survivors (1024K)
 Metaspace       used 88083K, committed 88896K, reserved 1130496K
  class space    used 11138K, committed 11520K, reserved 1048576K
}
Event: 1642.351 GC heap before
{Heap before GC invocations=178 (full 1):
 garbage-first heap   total 109568K, used 93817K [0x00000000a3200000, 0x0000000100000000)
  region size 1024K, 52 young (53248K), 1 survivors (1024K)
 Metaspace       used 88083K, committed 88896K, reserved 1130496K
  class space    used 11138K, committed 11520K, reserved 1048576K
}
Event: 1642.356 GC heap after
{Heap after GC invocations=179 (full 1):
 garbage-first heap   total 109568K, used 41592K [0x00000000a3200000, 0x0000000100000000)
  region size 1024K, 1 young (1024K), 1 survivors (1024K)
 Metaspace       used 88083K, committed 88896K, reserved 1130496K
  class space    used 11138K, committed 11520K, reserved 1048576K
}

Deoptimization events (20 events):
Event: 1642.421 Thread 0x00000224997db870 Uncommon trap: trap_request=0xffffff45 fr.pc=0x00000224888b2b98 relative=0x0000000000000298
Event: 1642.421 Thread 0x00000224957432e0 Uncommon trap: trap_request=0xffffff45 fr.pc=0x00000224888b2b98 relative=0x0000000000000298
Event: 1642.421 Thread 0x00000224997ded60 Uncommon trap: reason=unstable_if action=reinterpret pc=0x00000224888b2b98 method=org.apache.tomcat.util.threads.ThreadPoolExecutor.runStateAtLeast(II)Z @ 2 c2
Event: 1642.421 Thread 0x0000022495741600 Uncommon trap: reason=unstable_if action=reinterpret pc=0x00000224888b2b98 method=org.apache.tomcat.util.threads.ThreadPoolExecutor.runStateAtLeast(II)Z @ 2 c2
Event: 1642.421 Thread 0x00000224997db870 Uncommon trap: reason=unstable_if action=reinterpret pc=0x00000224888b2b98 method=org.apache.tomcat.util.threads.ThreadPoolExecutor.runStateAtLeast(II)Z @ 2 c2
Event: 1642.421 Thread 0x00000224957432e0 Uncommon trap: reason=unstable_if action=reinterpret pc=0x00000224888b2b98 method=org.apache.tomcat.util.threads.ThreadPoolExecutor.runStateAtLeast(II)Z @ 2 c2
Event: 1642.422 Thread 0x00000224997dc210 DEOPT PACKING pc=0x00000224888b2b98 sp=0x00000085de9feeb0
Event: 1642.422 Thread 0x00000224997dc210 DEOPT UNPACKING pc=0x000002248005239d sp=0x00000085de9fedd0 mode 2
Event: 1642.422 Thread 0x0000022495744fc0 DEOPT PACKING pc=0x00000224888b2b98 sp=0x00000085df2ff2b0
Event: 1642.422 Thread 0x0000022495744fc0 DEOPT UNPACKING pc=0x000002248005239d sp=0x00000085df2ff1d8 mode 2
Event: 1642.422 Thread 0x0000022495743c80 DEOPT PACKING pc=0x00000224888b2b98 sp=0x00000085df6fee80
Event: 1642.422 Thread 0x0000022495743c80 DEOPT UNPACKING pc=0x000002248005239d sp=0x00000085df6feda8 mode 2
Event: 1642.422 Thread 0x00000224997ded60 DEOPT PACKING pc=0x00000224888b2b98 sp=0x00000085ddefefe0
Event: 1642.422 Thread 0x00000224997ded60 DEOPT UNPACKING pc=0x000002248005239d sp=0x00000085ddefef08 mode 2
Event: 1642.422 Thread 0x0000022495741600 DEOPT PACKING pc=0x00000224888b2b98 sp=0x00000085df0feeb0
Event: 1642.422 Thread 0x0000022495741600 DEOPT UNPACKING pc=0x000002248005239d sp=0x00000085df0fedd0 mode 2
Event: 1642.422 Thread 0x00000224997db870 DEOPT PACKING pc=0x00000224888b2b98 sp=0x00000085dfbff2f0
Event: 1642.422 Thread 0x00000224997db870 DEOPT UNPACKING pc=0x000002248005239d sp=0x00000085dfbff218 mode 2
Event: 1642.422 Thread 0x00000224957432e0 DEOPT PACKING pc=0x00000224888b2b98 sp=0x00000085df5ff020
Event: 1642.422 Thread 0x00000224957432e0 DEOPT UNPACKING pc=0x000002248005239d sp=0x00000085df5fef40 mode 2

Classes unloaded (0 events):
No events

Classes redefined (0 events):
No events

Internal exceptions (20 events):
Event: 479.131 Thread 0x00000224957432e0 Implicit null exception at 0x0000022487f7acf0 to 0x0000022487f7bc28
Event: 479.132 Thread 0x00000224957432e0 Implicit null exception at 0x0000022487f7d330 to 0x0000022487f7d3b4
Event: 500.775 Thread 0x0000022495742e10 Implicit null exception at 0x0000022488548d39 to 0x000002248854c640
Event: 522.748 Thread 0x0000022495745490 Implicit null exception at 0x000002248851f6e6 to 0x0000022488523da4
Event: 522.912 Thread 0x00000224997dd080 Implicit null exception at 0x00000224885a285c to 0x00000224885a33c8
Event: 646.255 Thread 0x0000022495743c80 Exception <a 'java/lang/reflect/InvocationTargetException'{0x00000000a841e2c0}> (0x00000000a841e2c0) 
thrown [e:\jenkins\tmp\workspace\build\src\src\hotspot\share\runtime\reflection.cpp, line 1121]
Event: 646.266 Thread 0x00000224997ded60 Implicit null exception at 0x000002248858ce92 to 0x000002248858d608
Event: 662.747 Thread 0x0000022495746300 Exception <a 'java/lang/reflect/InvocationTargetException'{0x00000000a849e9e0}> (0x00000000a849e9e0) 
thrown [e:\jenkins\tmp\workspace\build\src\src\hotspot\share\runtime\reflection.cpp, line 1121]
Event: 839.917 Thread 0x0000022495746300 Exception <a 'java/io/IOException'{0x00000000a9249fe8}> (0x00000000a9249fe8) 
thrown [e:\jenkins\tmp\workspace\build\src\src\hotspot\share\prims\jni.cpp, line 516]
Event: 841.967 Thread 0x00000224997de3c0 Exception <a 'java/io/IOException'{0x00000000a900fdc8}> (0x00000000a900fdc8) 
thrown [e:\jenkins\tmp\workspace\build\src\src\hotspot\share\prims\jni.cpp, line 516]
Event: 847.300 Thread 0x0000022495745490 Exception <a 'java/io/IOException'{0x00000000a8a39340}> (0x00000000a8a39340) 
thrown [e:\jenkins\tmp\workspace\build\src\src\hotspot\share\prims\jni.cpp, line 516]
Event: 852.348 Thread 0x00000224997dd080 Exception <a 'java/lang/reflect/InvocationTargetException'{0x00000000a8b8fa28}> (0x00000000a8b8fa28) 
thrown [e:\jenkins\tmp\workspace\build\src\src\hotspot\share\runtime\reflection.cpp, line 1121]
Event: 977.042 Thread 0x00000224957437b0 Exception <a 'sun/net/ConnectionResetException'{0x00000000a8ec1428}: Connection reset> (0x00000000a8ec1428) 
thrown [e:\jenkins\tmp\workspace\build\src\src\hotspot\share\prims\jni.cpp, line 535]
Event: 1139.319 Thread 0x00000224957432e0 Exception <a 'sun/net/ConnectionResetException'{0x00000000a7c01d20}: Connection reset> (0x00000000a7c01d20) 
thrown [e:\jenkins\tmp\workspace\build\src\src\hotspot\share\prims\jni.cpp, line 535]
Event: 1458.304 Thread 0x00000224997ded60 Exception <a 'java/lang/reflect/InvocationTargetException'{0x00000000a7c2e938}> (0x00000000a7c2e938) 
thrown [e:\jenkins\tmp\workspace\build\src\src\hotspot\share\runtime\reflection.cpp, line 1121]
Event: 1538.859 Thread 0x0000022495741600 Exception <a 'java/net/SocketException'{0x00000000a8f32190}: Connection reset by peer: shutdown> (0x00000000a8f32190) 
thrown [e:\jenkins\tmp\workspace\build\src\src\hotspot\share\prims\jni.cpp, line 535]
Event: 1539.680 Thread 0x00000224957432e0 Exception <a 'java/io/IOException'{0x00000000a8074870}> (0x00000000a8074870) 
thrown [e:\jenkins\tmp\workspace\build\src\src\hotspot\share\prims\jni.cpp, line 516]
Event: 1558.014 Thread 0x0000022495741600 Exception <a 'java/lang/reflect/InvocationTargetException'{0x00000000a76ab008}> (0x00000000a76ab008) 
thrown [e:\jenkins\tmp\workspace\build\src\src\hotspot\share\runtime\reflection.cpp, line 1121]
Event: 1642.342 Thread 0x00000224997daed0 Implicit null exception at 0x000002248822e347 to 0x000002248822ee88
Event: 1642.422 Thread 0x0000022495746ca0 Exception <a 'java/lang/InterruptedException'{0x00000000a9b00840}: sleep interrupted> (0x00000000a9b00840) 
thrown [e:\jenkins\tmp\workspace\build\src\src\hotspot\share\prims\jvm.cpp, line 3067]

VM Operations (20 events):
Event: 1620.153 Executing VM operation: G1CollectForAllocation done
Event: 1623.604 Executing VM operation: G1CollectForAllocation
Event: 1623.605 Executing VM operation: G1CollectForAllocation done
Event: 1627.159 Executing VM operation: G1CollectForAllocation
Event: 1627.160 Executing VM operation: G1CollectForAllocation done
Event: 1628.168 Executing VM operation: Cleanup
Event: 1628.168 Executing VM operation: Cleanup done
Event: 1630.817 Executing VM operation: G1CollectForAllocation
Event: 1630.819 Executing VM operation: G1CollectForAllocation done
Event: 1634.568 Executing VM operation: G1CollectForAllocation
Event: 1634.569 Executing VM operation: G1CollectForAllocation done
Event: 1637.735 Executing VM operation: G1CollectForAllocation
Event: 1637.737 Executing VM operation: G1CollectForAllocation done
Event: 1642.313 Executing VM operation: HandshakeAllThreads
Event: 1642.324 Executing VM operation: HandshakeAllThreads done
Event: 1642.324 Executing VM operation: Cleanup
Event: 1642.324 Executing VM operation: Cleanup done
Event: 1642.351 Executing VM operation: G1CollectForAllocation
Event: 1642.357 Executing VM operation: G1CollectForAllocation done
Event: 1642.424 Executing VM operation: G1CollectFull

Events (20 events):
Event: 1558.097 Thread 0x000002249961e700 Thread added: 0x000002249961e700
Event: 1563.265 Thread 0x000002249961e700 Thread exited: 0x000002249961e700
Event: 1642.165 Thread 0x00000224997daed0 Thread added: 0x00000224997daed0
Event: 1642.166 Thread 0x000002249480b5d0 Thread exited: 0x000002249480b5d0
Event: 1642.292 Thread 0x000002249480b100 Thread exited: 0x000002249480b100
Event: 1642.295 Thread 0x000002249480a760 Thread exited: 0x000002249480a760
Event: 1642.349 Thread 0x00000224997db3a0 Thread added: 0x00000224997db3a0
Event: 1642.358 Thread 0x0000022495745960 Thread exited: 0x0000022495745960
Event: 1642.365 Thread 0x00000224997db3a0 Thread exited: 0x00000224997db3a0
Event: 1642.421 Thread 0x00000224997de3c0 Thread exited: 0x00000224997de3c0
Event: 1642.421 Thread 0x00000224957437b0 Thread exited: 0x00000224957437b0
Event: 1642.421 Thread 0x0000022495746300 Thread exited: 0x0000022495746300
Event: 1642.422 Thread 0x0000022495746ca0 Thread exited: 0x0000022495746ca0
Event: 1642.422 Thread 0x0000022495744fc0 Thread exited: 0x0000022495744fc0
Event: 1642.422 Thread 0x0000022495743c80 Thread exited: 0x0000022495743c80
Event: 1642.422 Thread 0x00000224997ded60 Thread exited: 0x00000224997ded60
Event: 1642.423 Thread 0x0000022495741600 Thread exited: 0x0000022495741600
Event: 1642.423 Thread 0x00000224997db870 Thread exited: 0x00000224997db870
Event: 1642.423 Thread 0x00000224997dc210 Thread exited: 0x00000224997dc210
Event: 1642.423 Thread 0x00000224957432e0 Thread exited: 0x00000224957432e0


Dynamic libraries:
0x00007ff7c4ae0000 - 0x00007ff7c4aee000 	C:\Users\tashtiba\AppData\Local\Temp\Rar$EXa0.061\eclipse\plugins\org.eclipse.justj.openjdk.hotspot.jre.full.win32.x86_64_17.0.2.v20220201-1208\jre\bin\javaw.exe
0x00007ff8262d0000 - 0x00007ff8264c8000 	C:\WINDOWS\SYSTEM32\ntdll.dll
0x00007ff824a00000 - 0x00007ff824abd000 	C:\WINDOWS\System32\KERNEL32.DLL
0x00007ff823cd0000 - 0x00007ff823fc6000 	C:\WINDOWS\System32\KERNELBASE.dll
0x00007ff824080000 - 0x00007ff824180000 	C:\WINDOWS\System32\ucrtbase.dll
0x00007ff81f810000 - 0x00007ff81f828000 	C:\Users\tashtiba\AppData\Local\Temp\Rar$EXa0.061\eclipse\plugins\org.eclipse.justj.openjdk.hotspot.jre.full.win32.x86_64_17.0.2.v20220201-1208\jre\bin\jli.dll
0x00007ff825b90000 - 0x00007ff825d2f000 	C:\WINDOWS\System32\USER32.dll
0x00007ff823ae0000 - 0x00007ff823b02000 	C:\WINDOWS\System32\win32u.dll
0x00007ff824fc0000 - 0x00007ff824feb000 	C:\WINDOWS\System32\GDI32.dll
0x00007ff823b10000 - 0x00007ff823c27000 	C:\WINDOWS\System32\gdi32full.dll
0x00007ff823c30000 - 0x00007ff823ccd000 	C:\WINDOWS\System32\msvcp_win.dll
0x00007ff81f7f0000 - 0x00007ff81f809000 	C:\Users\tashtiba\AppData\Local\Temp\Rar$EXa0.061\eclipse\plugins\org.eclipse.justj.openjdk.hotspot.jre.full.win32.x86_64_17.0.2.v20220201-1208\jre\bin\VCRUNTIME140.dll
0x00007ff815090000 - 0x00007ff81532a000 	C:\WINDOWS\WinSxS\amd64_microsoft.windows.common-controls_6595b64144ccf1df_6.0.19041.4355_none_60b8b9eb71f62e16\COMCTL32.dll
0x00007ff824960000 - 0x00007ff8249fe000 	C:\WINDOWS\System32\msvcrt.dll
0x00007ff824930000 - 0x00007ff82495f000 	C:\WINDOWS\System32\IMM32.DLL
0x00007ff81e5c0000 - 0x00007ff81e5cc000 	C:\Users\tashtiba\AppData\Local\Temp\Rar$EXa0.061\eclipse\plugins\org.eclipse.justj.openjdk.hotspot.jre.full.win32.x86_64_17.0.2.v20220201-1208\jre\bin\vcruntime140_1.dll
0x00007ff811ea0000 - 0x00007ff811f31000 	C:\Users\tashtiba\AppData\Local\Temp\Rar$EXa0.061\eclipse\plugins\org.eclipse.justj.openjdk.hotspot.jre.full.win32.x86_64_17.0.2.v20220201-1208\jre\bin\msvcp140.dll
0x00007ffffaa60000 - 0x00007ffffb6a7000 	C:\Users\tashtiba\AppData\Local\Temp\Rar$EXa0.061\eclipse\plugins\org.eclipse.justj.openjdk.hotspot.jre.full.win32.x86_64_17.0.2.v20220201-1208\jre\bin\server\jvm.dll
0x00007ff825ae0000 - 0x00007ff825b90000 	C:\WINDOWS\System32\ADVAPI32.dll
0x00007ff825a40000 - 0x00007ff825ae0000 	C:\WINDOWS\System32\sechost.dll
0x00007ff824ff0000 - 0x00007ff825113000 	C:\WINDOWS\System32\RPCRT4.dll
0x00007ff824180000 - 0x00007ff8241a7000 	C:\WINDOWS\System32\bcrypt.dll
0x00007ff824d30000 - 0x00007ff824d38000 	C:\WINDOWS\System32\PSAPI.DLL
0x00007ff81f7e0000 - 0x00007ff81f7e9000 	C:\WINDOWS\SYSTEM32\WSOCK32.dll
0x00007ff824d40000 - 0x00007ff824dab000 	C:\WINDOWS\System32\WS2_32.dll
0x00007ff817710000 - 0x00007ff817737000 	C:\WINDOWS\SYSTEM32\WINMM.dll
0x00007ff816ef0000 - 0x00007ff816efa000 	C:\WINDOWS\SYSTEM32\VERSION.dll
0x00007ff821810000 - 0x00007ff821822000 	C:\WINDOWS\SYSTEM32\kernel.appcore.dll
0x00007ff81e500000 - 0x00007ff81e50a000 	C:\Users\tashtiba\AppData\Local\Temp\Rar$EXa0.061\eclipse\plugins\org.eclipse.justj.openjdk.hotspot.jre.full.win32.x86_64_17.0.2.v20220201-1208\jre\bin\jimage.dll
0x00007ff811570000 - 0x00007ff811754000 	C:\WINDOWS\SYSTEM32\DBGHELP.DLL
0x00007ff811530000 - 0x00007ff811564000 	C:\WINDOWS\SYSTEM32\dbgcore.DLL
0x00007ff823a00000 - 0x00007ff823a82000 	C:\WINDOWS\System32\bcryptPrimitives.dll
0x00007ff81d4b0000 - 0x00007ff81d4d5000 	C:\Users\tashtiba\AppData\Local\Temp\Rar$EXa0.061\eclipse\plugins\org.eclipse.justj.openjdk.hotspot.jre.full.win32.x86_64_17.0.2.v20220201-1208\jre\bin\java.dll
0x00007ff81d500000 - 0x00007ff81d518000 	C:\Users\tashtiba\AppData\Local\Temp\Rar$EXa0.061\eclipse\plugins\org.eclipse.justj.openjdk.hotspot.jre.full.win32.x86_64_17.0.2.v20220201-1208\jre\bin\zip.dll
0x00007ff825120000 - 0x00007ff82588c000 	C:\WINDOWS\System32\SHELL32.dll
0x00007ff821a10000 - 0x00007ff8221ad000 	C:\WINDOWS\SYSTEM32\windows.storage.dll
0x00007ff824520000 - 0x00007ff824873000 	C:\WINDOWS\System32\combase.dll
0x00007ff8233b0000 - 0x00007ff8233de000 	C:\WINDOWS\SYSTEM32\Wldp.dll
0x00007ff824450000 - 0x00007ff82451d000 	C:\WINDOWS\System32\OLEAUT32.dll
0x00007ff824880000 - 0x00007ff82492d000 	C:\WINDOWS\System32\SHCORE.dll
0x00007ff825890000 - 0x00007ff8258e5000 	C:\WINDOWS\System32\shlwapi.dll
0x00007ff8238c0000 - 0x00007ff8238e4000 	C:\WINDOWS\SYSTEM32\profapi.dll
0x00007ff81d490000 - 0x00007ff81d4a9000 	C:\Users\tashtiba\AppData\Local\Temp\Rar$EXa0.061\eclipse\plugins\org.eclipse.justj.openjdk.hotspot.jre.full.win32.x86_64_17.0.2.v20220201-1208\jre\bin\net.dll
0x00007ff81b9f0000 - 0x00007ff81bafa000 	C:\WINDOWS\SYSTEM32\WINHTTP.dll
0x00007ff823110000 - 0x00007ff82317a000 	C:\WINDOWS\system32\mswsock.dll
0x00007ff81d470000 - 0x00007ff81d485000 	C:\Users\tashtiba\AppData\Local\Temp\Rar$EXa0.061\eclipse\plugins\org.eclipse.justj.openjdk.hotspot.jre.full.win32.x86_64_17.0.2.v20220201-1208\jre\bin\nio.dll
0x00007ff81e4a0000 - 0x00007ff81e4a9000 	C:\Users\tashtiba\AppData\Local\Temp\Rar$EXa0.061\eclipse\plugins\org.eclipse.justj.openjdk.hotspot.jre.full.win32.x86_64_17.0.2.v20220201-1208\jre\bin\management.dll
0x00007ff81da70000 - 0x00007ff81da7b000 	C:\Users\tashtiba\AppData\Local\Temp\Rar$EXa0.061\eclipse\plugins\org.eclipse.justj.openjdk.hotspot.jre.full.win32.x86_64_17.0.2.v20220201-1208\jre\bin\management_ext.dll
0x00007ff81d3e0000 - 0x00007ff81d3ee000 	C:\Users\tashtiba\AppData\Local\Temp\Rar$EXa0.061\eclipse\plugins\org.eclipse.justj.openjdk.hotspot.jre.full.win32.x86_64_17.0.2.v20220201-1208\jre\bin\sunmscapi.dll
0x00007ff8241b0000 - 0x00007ff82430e000 	C:\WINDOWS\System32\CRYPT32.dll
0x00007ff823420000 - 0x00007ff823449000 	C:\WINDOWS\SYSTEM32\ncrypt.dll
0x00007ff8233e0000 - 0x00007ff82341b000 	C:\WINDOWS\SYSTEM32\NTASN1.dll
0x00007ff823300000 - 0x00007ff823318000 	C:\WINDOWS\SYSTEM32\CRYPTSP.dll
0x00007ff8229c0000 - 0x00007ff8229f4000 	C:\WINDOWS\system32\rsaenh.dll
0x00007ff823870000 - 0x00007ff82389e000 	C:\WINDOWS\SYSTEM32\USERENV.dll
0x00007ff823320000 - 0x00007ff82332c000 	C:\WINDOWS\SYSTEM32\CRYPTBASE.dll
0x00007ff822da0000 - 0x00007ff822ddb000 	C:\WINDOWS\SYSTEM32\IPHLPAPI.DLL
0x00007ff824310000 - 0x00007ff824318000 	C:\WINDOWS\System32\NSI.dll
0x00007ff81c590000 - 0x00007ff81c5a7000 	C:\WINDOWS\SYSTEM32\dhcpcsvc6.DLL
0x00007ff81cff0000 - 0x00007ff81d00d000 	C:\WINDOWS\SYSTEM32\dhcpcsvc.DLL
0x00007ff822df0000 - 0x00007ff822eba000 	C:\WINDOWS\SYSTEM32\DNSAPI.dll
0x00007ff81d380000 - 0x00007ff81d390000 	C:\Users\tashtiba\AppData\Local\Temp\Rar$EXa0.061\eclipse\plugins\org.eclipse.justj.openjdk.hotspot.jre.full.win32.x86_64_17.0.2.v20220201-1208\jre\bin\verify.dll
0x00007ff8191d0000 - 0x00007ff8191da000 	C:\Windows\System32\rasadhlp.dll
0x00007ff819210000 - 0x00007ff819290000 	C:\WINDOWS\System32\fwpuclnt.dll
0x00007ff81d340000 - 0x00007ff81d347000 	C:\WINDOWS\system32\wshunix.dll

dbghelp: loaded successfully - version: 4.0.5 - missing functions: none
symbol engine: initialized successfully - sym options: 0x614 - pdb path: .;C:\Users\tashtiba\AppData\Local\Temp\Rar$EXa0.061\eclipse\plugins\org.eclipse.justj.openjdk.hotspot.jre.full.win32.x86_64_17.0.2.v20220201-1208\jre\bin;C:\WINDOWS\SYSTEM32;C:\WINDOWS\WinSxS\amd64_microsoft.windows.common-controls_6595b64144ccf1df_6.0.19041.4355_none_60b8b9eb71f62e16;C:\Users\tashtiba\AppData\Local\Temp\Rar$EXa0.061\eclipse\plugins\org.eclipse.justj.openjdk.hotspot.jre.full.win32.x86_64_17.0.2.v20220201-1208\jre\bin\server

VM Arguments:
jvm_args: -Dfile.encoding=UTF-8 -XX:+ShowCodeDetailsInExceptionMessages 
java_command: com.rahma.AvEchelon.AvEchelonApplication
java_class_path (initial): C:\Users\tashtiba\Desktop\test\AvEchelon\target\classes;C:\Users\tashtiba\.m2\repository\org\springframework\boot\spring-boot-starter-data-jpa\3.3.0\spring-boot-starter-data-jpa-3.3.0.jar;C:\Users\tashtiba\.m2\repository\org\springframework\boot\spring-boot-starter-aop\3.3.0\spring-boot-starter-aop-3.3.0.jar;C:\Users\tashtiba\.m2\repository\org\springframework\spring-aop\6.1.8\spring-aop-6.1.8.jar;C:\Users\tashtiba\.m2\repository\org\aspectj\aspectjweaver\1.9.22\aspectjweaver-1.9.22.jar;C:\Users\tashtiba\.m2\repository\org\hibernate\orm\hibernate-core\6.5.2.Final\hibernate-core-6.5.2.Final.jar;C:\Users\tashtiba\.m2\repository\jakarta\persistence\jakarta.persistence-api\3.1.0\jakarta.persistence-api-3.1.0.jar;C:\Users\tashtiba\.m2\repository\jakarta\transaction\jakarta.transaction-api\2.0.1\jakarta.transaction-api-2.0.1.jar;C:\Users\tashtiba\.m2\repository\org\jboss\logging\jboss-logging\3.5.3.Final\jboss-logging-3.5.3.Final.jar;C:\Users\tashtiba\.m2\repository\org\hibernate\common\hibernate-commons-annotations\6.0.6.Final\hibernate-commons-annotations-6.0.6.Final.jar;C:\Users\tashtiba\.m2\repository\io\smallrye\jandex\3.1.2\jandex-3.1.2.jar;C:\Users\tashtiba\.m2\repository\com\fasterxml\classmate\1.7.0\classmate-1.7.0.jar;C:\Users\tashtiba\.m2\repository\net\bytebuddy\byte-buddy\1.14.16\byte-buddy-1.14.16.jar;C:\Users\tashtiba\.m2\repository\org\glassfish\jaxb\jaxb-runtime\4.0.5\jaxb-runtime-4.0.5.jar;C:\Users\tashtiba\.m2\repository\org\glassfish\jaxb\jaxb-core\4.0.5\jaxb-core-4.0.5.jar;C:\Users\tashtiba\.m2\repository\org\eclipse\angus\angus-activation\2.0.2\angus-activation-2.0.2.jar;C:\Users\tashtiba\.m2\repository\org\glassfish\jaxb\txw2\4.0.5\txw2-4.0.5.jar;C:\Users\tashtiba\.m2\repository\com\sun\istack\istack-commons-runtime\4.1.2\istack-commons-runtime-4.1.2.jar;C:\Users\tashtiba\.m2\repository\jakarta\inject\jakarta.inject-api\2.0.1\jakarta.inject-api-2.0.1.jar;C:\Users\tashtiba\.m2\repository\org\antlr\antlr4-runtime\4.13.0\an
Launcher Type: SUN_STANDARD

[Global flags]
     intx CICompilerCount                          = 3                                         {product} {ergonomic}
     uint ConcGCThreads                            = 1                                         {product} {ergonomic}
     uint G1ConcRefinementThreads                  = 4                                         {product} {ergonomic}
   size_t G1HeapRegionSize                         = 1048576                                   {product} {ergonomic}
    uintx GCDrainStackTargetSize                   = 64                                        {product} {ergonomic}
   size_t InitialHeapSize                          = 98566144                                  {product} {ergonomic}
   size_t MarkStackSize                            = 4194304                                   {product} {ergonomic}
   size_t MaxHeapSize                              = 1558183936                                {product} {ergonomic}
   size_t MaxNewSize                               = 934281216                                 {product} {ergonomic}
   size_t MinHeapDeltaBytes                        = 1048576                                   {product} {ergonomic}
   size_t MinHeapSize                              = 8388608                                   {product} {ergonomic}
    uintx NonNMethodCodeHeapSize                   = 5832780                                {pd product} {ergonomic}
    uintx NonProfiledCodeHeapSize                  = 122912730                              {pd product} {ergonomic}
    uintx ProfiledCodeHeapSize                     = 122912730                              {pd product} {ergonomic}
    uintx ReservedCodeCacheSize                    = 251658240                              {pd product} {ergonomic}
     bool SegmentedCodeCache                       = true                                      {product} {ergonomic}
     bool ShowCodeDetailsInExceptionMessages       = true                                   {manageable} {command line}
   size_t SoftMaxHeapSize                          = 1558183936                             {manageable} {ergonomic}
     bool UseCompressedClassPointers               = true                           {product lp64_product} {ergonomic}
     bool UseCompressedOops                        = true                           {product lp64_product} {ergonomic}
     bool UseG1GC                                  = true                                      {product} {ergonomic}
     bool UseLargePagesIndividualAllocation        = false                                  {pd product} {ergonomic}

Logging:
Log output configuration:
 #0: stdout all=warning uptime,level,tags
 #1: stderr all=off uptime,level,tags

Environment Variables:
PATH=C:/Users/tashtiba/AppData/Local/Temp/Rar$EXa0.795/eclipse//plugins/org.eclipse.justj.openjdk.hotspot.jre.full.win32.x86_64_17.0.2.v20220201-1208/jre/bin/server;C:/Users/tashtiba/AppData/Local/Temp/Rar$EXa0.795/eclipse//plugins/org.eclipse.justj.openjdk.hotspot.jre.full.win32.x86_64_17.0.2.v20220201-1208/jre/bin;C:\Program Files\Common Files\Oracle\Java\javapath;C:\Python312\Scripts\;C:\Python312\;C:\Program Files (x86)\Common Files\Oracle\Java\javapath;C:\WINDOWS\system32;C:\WINDOWS;C:\WINDOWS\System32\Wbem;C:\WINDOWS\System32\WindowsPowerShell\v1.0\;C:\WINDOWS\System32\OpenSSH\;C:\Program Files\Java\jdk1.8.0_202;C:\ProgramData\chocolatey\bin;E:\Git\cmd;C:\Program Files\nodejs;C:\Program Files\nodejs\;C:\Users\tashtiba\AppData\Local\Microsoft\WindowsApps;C:\Program Files\nodejs;C:\Users\tashtiba\AppData\Local\Android\Sdk\platform-tools;C:\Users\tashtiba\AppData\Roaming\npm;C:\Program Files\JetBrains\IntelliJ IDEA 2024.1.2\bin;;C:\Users\tashtiba\AppData\Local\Programs\Microsoft VS Code\bin;C:\Users\tashtiba\AppData\Local\Temp\Rar$EXa0.795\eclipse;
USERNAME=tashtiba
OS=Windows_NT
PROCESSOR_IDENTIFIER=Intel64 Family 6 Model 37 Stepping 2, GenuineIntel



---------------  S Y S T E M  ---------------

OS:
 Windows 10 , 64 bit Build 19041 (10.0.19041.3636)
OS uptime: 0 days 3:35 hours

CPU: total 4 (initial active 4) (2 cores per cpu, 2 threads per core) family 6 model 37 stepping 2 microcode 0x11, cx8, cmov, fxsr, ht, mmx, sse, sse2, sse3, ssse3, sse4.1, sse4.2, popcnt, tsc, tscinvbit, clflush

Memory: 4k page, system-wide physical 5941M (1111M free)
TotalPageFile size 24373M (AvailPageFile size 6M)
current process WorkingSet (physical memory assigned to process): 187M, peak: 342M
current process commit charge ("private bytes"): 371M, peak: 383M

vm_info: OpenJDK 64-Bit Server VM (17.0.2+8) for windows-amd64 JRE (17.0.2+8), built on Jan 20 2022 04:52:34 by "" with MS VC++ 16.7 (VS2019)

END.
